

1598944889.427662601  Node Startup
1598944889.667434365 INFO /camera/driver [/tmp/binarydeb/ros-melodic-roscpp-1.14.7/src/libros/service.cpp:123(service::waitForService)] [topics: /rosout] waitForService: Service [/camera/camera_nodelet_manager/load_nodelet] is now available.
1598944889.731518551 INFO /camera/camera_nodelet_manager [/home/zxcar/ws_ros/src/ros_astra_camera/src/astra_device_manager.cpp:116(AstraDeviceListener::onDeviceConnected)] [topics: /rosout] Device "2bc5/0403@1/10" found.
1598944889.670069305 INFO /camera/rgb_rectify_color [/tmp/binarydeb/ros-melodic-nodelet-1.9.16/src/nodelet.cpp:202(loadNodelet)] [topics: /rosout] /camera/image_rect -> /camera/rgb/image_rect_color
1598944889.738234685 INFO /camera/depth_rectify_depth [/tmp/binarydeb/ros-melodic-nodelet-1.9.16/src/nodelet.cpp:202(loadNodelet)] [topics: /rosout] /camera/image_rect -> /camera/depth/image_rect_raw
1598944889.797509669 INFO /camera/depth_metric_rect [/tmp/binarydeb/ros-melodic-nodelet-1.9.16/src/nodelet.cpp:196(loadNodelet)] [topics: /rosout] Loading nodelet /camera/depth_metric_rect of type depth_image_proc/convert_metric to manager camera_nodelet_manager with the following remappings:
1598944890.041555292 INFO /camera/camera_rgb [/home/zxcar/ws_ros/src/ros_astra_camera/src/libuvc_camera/camera_driver.cpp:494(CameraDriver::OpenCamera)] [topics: /rosout, /camera/camera_rgb/parameter_descriptions, /camera/camera_rgb/parameter_updates, /camera/rgb/image_raw, /camera/rgb/camera_info] Opening camera with vendor=0x2bc5, product=0x502, serial="", index=0
1598944889.855397749 INFO /camera/depth_points [/tmp/binarydeb/ros-melodic-nodelet-1.9.16/src/nodelet.cpp:202(loadNodelet)] [topics: /rosout] /camera/points -> /camera/depth/points
1598944889.822435717 INFO /camera/depth_metric [/tmp/binarydeb/ros-melodic-nodelet-1.9.16/src/nodelet.cpp:202(loadNodelet)] [topics: /rosout] /camera/image_raw -> /camera/depth/image_raw
1598944890.029267598 INFO /camera/points_xyzrgb_hw_registered [/tmp/binarydeb/ros-melodic-nodelet-1.9.16/src/nodelet.cpp:202(loadNodelet)] [topics: /rosout] /camera/rgb/camera_info -> /camera/rgb/camera_info
1598944889.941256144 INFO /camera/depth_registered_rectify_depth [/tmp/binarydeb/ros-melodic-nodelet-1.9.16/src/nodelet.cpp:202(loadNodelet)] [topics: /rosout] /camera/image_rect -> /camera/depth_registered/hw_registered/image_rect_raw
1598944890.027238038 INFO /camera/depth_registered_hw_metric_rect [/tmp/binarydeb/ros-melodic-nodelet-1.9.16/src/nodelet.cpp:196(loadNodelet)] [topics: /rosout] Loading nodelet /camera/depth_registered_hw_metric_rect of type depth_image_proc/convert_metric to manager camera_nodelet_manager with the following remappings:
1598944890.080244160 INFO /camera_base_link [/tmp/binarydeb/ros-melodic-tf2-ros-0.6.5/src/static_transform_broadcaster_program.cpp:142(main)] [topics: /rosout, /tf_static] Spinning until killed publishing /camera_link to /camera_depth_frame
1598944890.178737598 INFO /camera_base_link1 [/tmp/binarydeb/ros-melodic-tf2-ros-0.6.5/src/static_transform_broadcaster_program.cpp:142(main)] [topics: /rosout, /tf_static] Spinning until killed publishing /camera_link to /camera_rgb_frame
1598944890.176441875 INFO /camera/depth_registered_metric [/tmp/binarydeb/ros-melodic-nodelet-1.9.16/src/nodelet.cpp:202(loadNodelet)] [topics: /rosout] /camera/image_raw -> /camera/depth_registered/image_raw
1598944890.191813539 INFO /camera_base_link2 [/tmp/binarydeb/ros-melodic-tf2-ros-0.6.5/src/static_transform_broadcaster_program.cpp:142(main)] [topics: /rosout, /tf_static] Spinning until killed publishing /camera_depth_frame to /camera_depth_optical_frame
1598944890.198781076 INFO /camera_base_link3 [/tmp/binarydeb/ros-melodic-tf2-ros-0.6.5/src/static_transform_broadcaster_program.cpp:142(main)] [topics: /rosout, /tf_static] Spinning until killed publishing /camera_rgb_frame to /camera_rgb_optical_frame
1598944890.645256588 WARN /camera/camera_rgb [/home/zxcar/ws_ros/src/ros_astra_camera/src/libuvc_camera/camera_driver.cpp:216(CameraDriver::ReconfigureCallback)] [topics: /rosout, /camera/camera_rgb/parameter_descriptions, /camera/camera_rgb/parameter_updates, /camera/rgb/image_raw, /camera/rgb/camera_info] Unable to set exposure_absolute to 1
1598944890.645832690 WARN /camera/camera_rgb [/home/zxcar/ws_ros/src/ros_astra_camera/src/libuvc_camera/camera_driver.cpp:217(CameraDriver::ReconfigureCallback)] [topics: /rosout, /camera/camera_rgb/parameter_descriptions, /camera/camera_rgb/parameter_updates, /camera/rgb/image_raw, /camera/rgb/camera_info] Unable to set auto_focus to 1
1598944890.646472253 WARN /camera/camera_rgb [/home/zxcar/ws_ros/src/ros_astra_camera/src/libuvc_camera/camera_driver.cpp:218(CameraDriver::ReconfigureCallback)] [topics: /rosout, /camera/camera_rgb/parameter_descriptions, /camera/camera_rgb/parameter_updates, /camera/rgb/image_raw, /camera/rgb/camera_info] Unable to set focus_absolute to 0
1598944890.647071207 WARN /camera/camera_rgb [/home/zxcar/ws_ros/src/ros_astra_camera/src/libuvc_camera/camera_driver.cpp:221(CameraDriver::ReconfigureCallback)] [topics: /rosout, /camera/camera_rgb/parameter_descriptions, /camera/camera_rgb/parameter_updates, /camera/rgb/image_raw, /camera/rgb/camera_info] Unable to set iris_absolute to 0
1598944890.648054247 WARN /camera/camera_rgb [/home/zxcar/ws_ros/src/ros_astra_camera/src/libuvc_camera/camera_driver.cpp:228(CameraDriver::ReconfigureCallback)] [topics: /rosout, /camera/camera_rgb/parameter_descriptions, /camera/camera_rgb/parameter_updates, /camera/rgb/image_raw, /camera/rgb/camera_info] Unable to set pantilt to 0, 0
1598944890.873072419 INFO /camera/camera_rgb [/tmp/binarydeb/ros-melodic-camera-info-manager-1.11.13/src/camera_info_manager.cpp:227(CameraInfoManager::loadCalibration)] [topics: /rosout, /camera/camera_rgb/parameter_descriptions, /camera/camera_rgb/parameter_updates, /camera/rgb/image_raw, /camera/rgb/camera_info] using default calibration URL
1598944890.873189084 INFO /camera/camera_rgb [/tmp/binarydeb/ros-melodic-camera-info-manager-1.11.13/src/camera_info_manager.cpp:220(CameraInfoManager::loadCalibration)] [topics: /rosout, /camera/camera_rgb/parameter_descriptions, /camera/camera_rgb/parameter_updates, /camera/rgb/image_raw, /camera/rgb/camera_info] camera calibration URL: file:///home/zxcar/.ros/camera_info/camera.yaml
1598944890.873392284 INFO /camera/camera_rgb [/tmp/binarydeb/ros-melodic-camera-calibration-parsers-1.11.13/src/parse_yml.cpp:231(readCalibrationYml)] [topics: /rosout, /camera/camera_rgb/parameter_descriptions, /camera/camera_rgb/parameter_updates, /camera/rgb/image_raw, /camera/rgb/camera_info] Unable to open camera calibration file [/home/zxcar/.ros/camera_info/camera.yaml]
1598944890.873520319 WARN /camera/camera_rgb [/tmp/binarydeb/ros-melodic-camera-info-manager-1.11.13/src/camera_info_manager.cpp:293(CameraInfoManager::loadCalibrationFile)] [topics: /rosout, /camera/camera_rgb/parameter_descriptions, /camera/camera_rgb/parameter_updates, /camera/rgb/image_raw, /camera/rgb/camera_info] Camera calibration file /home/zxcar/.ros/camera_info/camera.yaml not found.
1598944908.293545861 INFO /camera/depth_registered_metric [/tmp/binarydeb/ros-melodic-nodelet-1.9.16/src/nodelet.cpp:159(unloadNodelet)] [topics: /rosout] Unloading nodelet /camera/depth_registered_metric from manager camera_nodelet_manager
1598944908.298546377 INFO /camera/depth_registered_rectify_depth [/tmp/binarydeb/ros-melodic-nodelet-1.9.16/src/nodelet.cpp:159(unloadNodelet)] [topics: /rosout] Unloading nodelet /camera/depth_registered_rectify_depth from manager camera_nodelet_manager
1598944890.034348110 INFO /camera/depth_registered_hw_metric_rect [/tmp/binarydeb/ros-melodic-nodelet-1.9.16/src/nodelet.cpp:202(loadNodelet)] [topics: /rosout] /camera/image -> /camera/depth_registered/hw_registered/image_rect
1598944890.034381295 INFO /camera/depth_registered_hw_metric_rect [/tmp/binarydeb/ros-melodic-nodelet-1.9.16/src/nodelet.cpp:202(loadNodelet)] [topics: /rosout] /camera/image_raw -> /camera/depth_registered/hw_registered/image_rect_raw
1598944908.303671039 INFO /camera/depth_registered_hw_metric_rect [/tmp/binarydeb/ros-melodic-nodelet-1.9.16/src/nodelet.cpp:159(unloadNodelet)] [topics: /rosout] Unloading nodelet /camera/depth_registered_hw_metric_rect from manager camera_nodelet_manager
1598944908.308081934 INFO /camera/depth_metric [/tmp/binarydeb/ros-melodic-nodelet-1.9.16/src/nodelet.cpp:159(unloadNodelet)] [topics: /rosout] Unloading nodelet /camera/depth_metric from manager camera_nodelet_manager
1598944890.029304672 INFO /camera/points_xyzrgb_hw_registered [/tmp/binarydeb/ros-melodic-nodelet-1.9.16/src/nodelet.cpp:202(loadNodelet)] [topics: /rosout] /camera/rgb/image_rect_color -> /camera/rgb/image_rect_color
1598944908.312675327 INFO /camera/points_xyzrgb_hw_registered [/tmp/binarydeb/ros-melodic-nodelet-1.9.16/src/nodelet.cpp:159(unloadNodelet)] [topics: /rosout] Unloading nodelet /camera/points_xyzrgb_hw_registered from manager camera_nodelet_manager
1598944908.309276842 INFO /camera/depth_points [/tmp/binarydeb/ros-melodic-nodelet-1.9.16/src/nodelet.cpp:159(unloadNodelet)] [topics: /rosout] Unloading nodelet /camera/depth_points from manager camera_nodelet_manager
1598944889.820535562 INFO /camera/depth_metric_rect [/tmp/binarydeb/ros-melodic-nodelet-1.9.16/src/nodelet.cpp:202(loadNodelet)] [topics: /rosout] /camera/image -> /camera/depth/image_rect
1598944889.820571562 INFO /camera/depth_metric_rect [/tmp/binarydeb/ros-melodic-nodelet-1.9.16/src/nodelet.cpp:202(loadNodelet)] [topics: /rosout] /camera/image_raw -> /camera/depth/image_rect_raw
1598944908.617809972 INFO /camera/depth_metric_rect [/tmp/binarydeb/ros-melodic-nodelet-1.9.16/src/nodelet.cpp:159(unloadNodelet)] [topics: /rosout] Unloading nodelet /camera/depth_metric_rect from manager camera_nodelet_manager
1598944908.624943381 INFO /camera/depth_rectify_depth [/tmp/binarydeb/ros-melodic-nodelet-1.9.16/src/nodelet.cpp:159(unloadNodelet)] [topics: /rosout] Unloading nodelet /camera/depth_rectify_depth from manager camera_nodelet_manager
1598944908.627209550 INFO /camera/rgb_rectify_color [/tmp/binarydeb/ros-melodic-nodelet-1.9.16/src/nodelet.cpp:159(unloadNodelet)] [topics: /rosout] Unloading nodelet /camera/rgb_rectify_color from manager camera_nodelet_manager
1598944908.635664680 INFO /camera/driver [/tmp/binarydeb/ros-melodic-nodelet-1.9.16/src/nodelet.cpp:159(unloadNodelet)] [topics: /rosout, /camera/camera_nodelet_manager/bond] Unloading nodelet /camera/driver from manager camera_nodelet_manager
