Performing C SOURCE FILE Test CMAKE_HAVE_LIBC_PTHREAD failed with the following output:
Change Dir: /home/itcast/Desktop/heima_ws/src/imu_filter_madgwick/cmake-build-debug/CMakeFiles/CMakeTmp

Run Build Command(s):/usr/bin/make cmTC_a6c0c/fast && /usr/bin/make -f CMakeFiles/cmTC_a6c0c.dir/build.make CMakeFiles/cmTC_a6c0c.dir/build
make[1]: Entering directory '/home/itcast/Desktop/heima_ws/src/imu_filter_madgwick/cmake-build-debug/CMakeFiles/CMakeTmp'
Building C object CMakeFiles/cmTC_a6c0c.dir/src.c.o
/usr/bin/cc   -DCMAKE_HAVE_LIBC_PTHREAD   -o CMakeFiles/cmTC_a6c0c.dir/src.c.o   -c /home/itcast/Desktop/heima_ws/src/imu_filter_madgwick/cmake-build-debug/CMakeFiles/CMakeTmp/src.c
Linking C executable cmTC_a6c0c
/home/itcast/devtool/clion-2019.3.1/bin/cmake/linux/bin/cmake -E cmake_link_script CMakeFiles/cmTC_a6c0c.dir/link.txt --verbose=1
/usr/bin/cc  -DCMAKE_HAVE_LIBC_PTHREAD    -rdynamic CMakeFiles/cmTC_a6c0c.dir/src.c.o  -o cmTC_a6c0c 
CMakeFiles/cmTC_a6c0c.dir/src.c.o: In function `main':
src.c:(.text+0x3c): undefined reference to `pthread_create'
src.c:(.text+0x48): undefined reference to `pthread_detach'
src.c:(.text+0x59): undefined reference to `pthread_join'
src.c:(.text+0x6d): undefined reference to `pthread_atfork'
collect2: error: ld returned 1 exit status
CMakeFiles/cmTC_a6c0c.dir/build.make:86: recipe for target 'cmTC_a6c0c' failed
make[1]: *** [cmTC_a6c0c] Error 1
make[1]: Leaving directory '/home/itcast/Desktop/heima_ws/src/imu_filter_madgwick/cmake-build-debug/CMakeFiles/CMakeTmp'
Makefile:121: recipe for target 'cmTC_a6c0c/fast' failed
make: *** [cmTC_a6c0c/fast] Error 2


Source file was:
#include <pthread.h>

void* test_func(void* data)
{
  return data;
}

int main(void)
{
  pthread_t thread;
  pthread_create(&thread, NULL, test_func, NULL);
  pthread_detach(thread);
  pthread_join(thread, NULL);
  pthread_atfork(NULL, NULL, NULL);
  pthread_exit(NULL);

  return 0;
}

Determining if the function pthread_create exists in the pthreads failed with the following output:
Change Dir: /home/itcast/Desktop/heima_ws/src/imu_filter_madgwick/cmake-build-debug/CMakeFiles/CMakeTmp

Run Build Command(s):/usr/bin/make cmTC_e88aa/fast && /usr/bin/make -f CMakeFiles/cmTC_e88aa.dir/build.make CMakeFiles/cmTC_e88aa.dir/build
make[1]: Entering directory '/home/itcast/Desktop/heima_ws/src/imu_filter_madgwick/cmake-build-debug/CMakeFiles/CMakeTmp'
Building C object CMakeFiles/cmTC_e88aa.dir/CheckFunctionExists.c.o
/usr/bin/cc   -DCHECK_FUNCTION_EXISTS=pthread_create   -o CMakeFiles/cmTC_e88aa.dir/CheckFunctionExists.c.o   -c /home/itcast/devtool/clion-2019.3.1/bin/cmake/linux/share/cmake-3.15/Modules/CheckFunctionExists.c
Linking C executable cmTC_e88aa
/home/itcast/devtool/clion-2019.3.1/bin/cmake/linux/bin/cmake -E cmake_link_script CMakeFiles/cmTC_e88aa.dir/link.txt --verbose=1
/usr/bin/cc  -DCHECK_FUNCTION_EXISTS=pthread_create    -rdynamic CMakeFiles/cmTC_e88aa.dir/CheckFunctionExists.c.o  -o cmTC_e88aa -lpthreads 
/usr/bin/ld: cannot find -lpthreads
collect2: error: ld returned 1 exit status
CMakeFiles/cmTC_e88aa.dir/build.make:86: recipe for target 'cmTC_e88aa' failed
make[1]: *** [cmTC_e88aa] Error 1
make[1]: Leaving directory '/home/itcast/Desktop/heima_ws/src/imu_filter_madgwick/cmake-build-debug/CMakeFiles/CMakeTmp'
Makefile:121: recipe for target 'cmTC_e88aa/fast' failed
make: *** [cmTC_e88aa/fast] Error 2



