

1600086279.949706374  Node Startup
1600086280.386330250 INFO /imu_filter_madgwick [/home/zxcar/itheima4_ws/src/imu_filter_madgwick/src/imu_filter_ros.cpp:395(reconfigCallback)] [topics: /rosout, /tf, /imu_filter_madgwick/parameter_descriptions, /imu_filter_madgwick/parameter_updates] Magnetometer bias values: 0.000000 0.000000 0.000000
1600086280.591778833 INFO /ekf_localization [/home/zxcar/itheima4_ws/src/robot_localization/src/ros_filter.cpp:1747(RosFilter<T>::run)] [topics: /rosout, /diagnostics] Valid clock time received. Starting node.
1600086281.598539493 INFO /apply_calib [/home/zxcar/itheima4_ws/src/imu_calib/src/apply_calib.cpp:82(ApplyCalib::rawImuCallback)] [topics: /rosout, /imu/data_raw, /imu/mag] Calibrating gyros; do not move the IMU
1600086281.602474920 INFO /heima_base_node [/home/zxcar/itheima4_ws/src/zxcar/src/heima_base.cpp:28(velCallback)] [topics: /rosout, /tf, /raw_odom] ODOM PUBLISH 0.00,0.00,0.00
1600086281.605267572 INFO /heima_base_node [/home/zxcar/itheima4_ws/src/zxcar/src/heima_base.cpp:92(velCallback)] [topics: /rosout, /tf, /raw_odom] ODOM PUBLISH
1600086281.628511195 WARN /move_base [/tmp/binarydeb/ros-melodic-costmap-2d-1.16.6/src/costmap_2d_ros.cpp:315(Costmap2DROS::checkOldParam)] [topics: /rosout, /cmd_vel, /move_base/current_goal, /move_base/goal] global_costmap: Pre-Hydro parameter "static_map" unused since "plugins" is provided
1600086281.636130460 INFO /move_base [/tmp/binarydeb/ros-melodic-costmap-2d-1.16.6/src/costmap_2d_ros.cpp:132(Costmap2DROS::Costmap2DROS)] [topics: /rosout, /cmd_vel, /move_base/current_goal, /move_base/goal] global_costmap: Using plugin "static_layer"
1600086281.648409868 INFO /heima_base_node [/home/zxcar/itheima4_ws/src/zxcar/src/heima_base.cpp:28(velCallback)] [topics: /rosout, /tf, /raw_odom] ODOM PUBLISH 0.00,0.00,0.00
1600086281.648492039 INFO /heima_base_node [/home/zxcar/itheima4_ws/src/zxcar/src/heima_base.cpp:92(velCallback)] [topics: /rosout, /tf, /raw_odom] ODOM PUBLISH
1600086281.690716838 INFO /move_base [/tmp/binarydeb/ros-melodic-costmap-2d-1.16.6/plugins/static_layer.cpp:89(StaticLayer::onInitialize)] [topics: /rosout, /cmd_vel, /move_base/current_goal, /move_base/goal] Requesting the map...
1600086281.701708512 INFO /heima_base_node [/home/zxcar/itheima4_ws/src/zxcar/src/heima_base.cpp:28(velCallback)] [topics: /rosout, /tf, /raw_odom] ODOM PUBLISH 0.00,0.00,0.00
1600086281.701780537 INFO /heima_base_node [/home/zxcar/itheima4_ws/src/zxcar/src/heima_base.cpp:92(velCallback)] [topics: /rosout, /tf, /raw_odom] ODOM PUBLISH
1600086281.760509197 INFO /heima_base_node [/home/zxcar/itheima4_ws/src/zxcar/src/heima_base.cpp:28(velCallback)] [topics: /rosout, /tf, /raw_odom] ODOM PUBLISH 0.00,0.00,0.00
1600086281.760630325 INFO /heima_base_node [/home/zxcar/itheima4_ws/src/zxcar/src/heima_base.cpp:92(velCallback)] [topics: /rosout, /tf, /raw_odom] ODOM PUBLISH
1600086281.812599595 INFO /heima_base_node [/home/zxcar/itheima4_ws/src/zxcar/src/heima_base.cpp:28(velCallback)] [topics: /rosout, /tf, /raw_odom] ODOM PUBLISH 0.00,0.00,0.00
1600086281.812718409 INFO /heima_base_node [/home/zxcar/itheima4_ws/src/zxcar/src/heima_base.cpp:92(velCallback)] [topics: /rosout, /tf, /raw_odom] ODOM PUBLISH
1600086281.867212542 INFO /heima_base_node [/home/zxcar/itheima4_ws/src/zxcar/src/heima_base.cpp:28(velCallback)] [topics: /rosout, /tf, /raw_odom] ODOM PUBLISH 0.00,0.00,0.00
1600086281.867314933 INFO /heima_base_node [/home/zxcar/itheima4_ws/src/zxcar/src/heima_base.cpp:92(velCallback)] [topics: /rosout, /tf, /raw_odom] ODOM PUBLISH
1600086281.922061932 INFO /heima_base_node [/home/zxcar/itheima4_ws/src/zxcar/src/heima_base.cpp:28(velCallback)] [topics: /rosout, /tf, /raw_odom] ODOM PUBLISH 0.00,0.00,0.00
1600086281.922233959 INFO /heima_base_node [/home/zxcar/itheima4_ws/src/zxcar/src/heima_base.cpp:92(velCallback)] [topics: /rosout, /tf, /raw_odom] ODOM PUBLISH
1600086281.976748404 INFO /heima_base_node [/home/zxcar/itheima4_ws/src/zxcar/src/heima_base.cpp:28(velCallback)] [topics: /rosout, /tf, /raw_odom] ODOM PUBLISH 0.00,0.00,0.00
1600086281.976850387 INFO /heima_base_node [/home/zxcar/itheima4_ws/src/zxcar/src/heima_base.cpp:92(velCallback)] [topics: /rosout, /tf, /raw_odom] ODOM PUBLISH
1600086282.031982781 INFO /heima_base_node [/home/zxcar/itheima4_ws/src/zxcar/src/heima_base.cpp:28(velCallback)] [topics: /rosout, /tf, /raw_odom] ODOM PUBLISH 0.00,0.00,0.00
1600086282.032086911 INFO /heima_base_node [/home/zxcar/itheima4_ws/src/zxcar/src/heima_base.cpp:92(velCallback)] [topics: /rosout, /tf, /raw_odom] ODOM PUBLISH
1600086282.086032550 INFO /heima_base_node [/home/zxcar/itheima4_ws/src/zxcar/src/heima_base.cpp:28(velCallback)] [topics: /rosout, /tf, /raw_odom] ODOM PUBLISH 0.00,0.00,0.00
1600086282.086240589 INFO /heima_base_node [/home/zxcar/itheima4_ws/src/zxcar/src/heima_base.cpp:92(velCallback)] [topics: /rosout, /tf, /raw_odom] ODOM PUBLISH
1600086282.140911289 INFO /heima_base_node [/home/zxcar/itheima4_ws/src/zxcar/src/heima_base.cpp:28(velCallback)] [topics: /rosout, /tf, /raw_odom] ODOM PUBLISH 0.00,0.00,0.00
1600086282.141036250 INFO /heima_base_node [/home/zxcar/itheima4_ws/src/zxcar/src/heima_base.cpp:92(velCallback)] [topics: /rosout, /tf, /raw_odom] ODOM PUBLISH
1600086282.192563871 INFO /heima_base_node [/home/zxcar/itheima4_ws/src/zxcar/src/heima_base.cpp:28(velCallback)] [topics: /rosout, /tf, /raw_odom] ODOM PUBLISH 0.00,0.00,0.00
1600086282.192674148 INFO /heima_base_node [/home/zxcar/itheima4_ws/src/zxcar/src/heima_base.cpp:92(velCallback)] [topics: /rosout, /tf, /raw_odom] ODOM PUBLISH
1600086282.246826604 INFO /heima_base_node [/home/zxcar/itheima4_ws/src/zxcar/src/heima_base.cpp:28(velCallback)] [topics: /rosout, /tf, /raw_odom] ODOM PUBLISH 0.00,0.00,0.00
1600086282.246930197 INFO /heima_base_node [/home/zxcar/itheima4_ws/src/zxcar/src/heima_base.cpp:92(velCallback)] [topics: /rosout, /tf, /raw_odom] ODOM PUBLISH
1600086282.301026069 INFO /heima_base_node [/home/zxcar/itheima4_ws/src/zxcar/src/heima_base.cpp:28(velCallback)] [topics: /rosout, /tf, /raw_odom] ODOM PUBLISH 0.00,0.00,0.00
1600086282.301130348 INFO /heima_base_node [/home/zxcar/itheima4_ws/src/zxcar/src/heima_base.cpp:92(velCallback)] [topics: /rosout, /tf, /raw_odom] ODOM PUBLISH
1600086282.354008167 INFO /heima_base_node [/home/zxcar/itheima4_ws/src/zxcar/src/heima_base.cpp:28(velCallback)] [topics: /rosout, /tf, /raw_odom] ODOM PUBLISH 0.00,0.00,0.00
1600086282.354094874 INFO /heima_base_node [/home/zxcar/itheima4_ws/src/zxcar/src/heima_base.cpp:92(velCallback)] [topics: /rosout, /tf, /raw_odom] ODOM PUBLISH
1600086282.409147695 INFO /heima_base_node [/home/zxcar/itheima4_ws/src/zxcar/src/heima_base.cpp:28(velCallback)] [topics: /rosout, /tf, /raw_odom] ODOM PUBLISH 0.00,0.00,0.00
1600086282.409249623 INFO /heima_base_node [/home/zxcar/itheima4_ws/src/zxcar/src/heima_base.cpp:92(velCallback)] [topics: /rosout, /tf, /raw_odom] ODOM PUBLISH
1600086282.464656680 INFO /heima_base_node [/home/zxcar/itheima4_ws/src/zxcar/src/heima_base.cpp:28(velCallback)] [topics: /rosout, /tf, /raw_odom] ODOM PUBLISH 0.00,0.00,0.00
1600086282.464760367 INFO /heima_base_node [/home/zxcar/itheima4_ws/src/zxcar/src/heima_base.cpp:92(velCallback)] [topics: /rosout, /tf, /raw_odom] ODOM PUBLISH
1600086282.519126619 INFO /heima_base_node [/home/zxcar/itheima4_ws/src/zxcar/src/heima_base.cpp:28(velCallback)] [topics: /rosout, /tf, /raw_odom] ODOM PUBLISH 0.00,0.00,0.00
1600086282.519230712 INFO /heima_base_node [/home/zxcar/itheima4_ws/src/zxcar/src/heima_base.cpp:92(velCallback)] [topics: /rosout, /tf, /raw_odom] ODOM PUBLISH
1600086282.574018912 INFO /heima_base_node [/home/zxcar/itheima4_ws/src/zxcar/src/heima_base.cpp:28(velCallback)] [topics: /rosout, /tf, /raw_odom] ODOM PUBLISH 0.00,0.00,0.00
1600086282.574120117 INFO /heima_base_node [/home/zxcar/itheima4_ws/src/zxcar/src/heima_base.cpp:92(velCallback)] [topics: /rosout, /tf, /raw_odom] ODOM PUBLISH
1600086282.628496349 INFO /heima_base_node [/home/zxcar/itheima4_ws/src/zxcar/src/heima_base.cpp:28(velCallback)] [topics: /rosout, /tf, /raw_odom] ODOM PUBLISH 0.00,0.00,0.00
1600086282.628581390 INFO /heima_base_node [/home/zxcar/itheima4_ws/src/zxcar/src/heima_base.cpp:92(velCallback)] [topics: /rosout, /tf, /raw_odom] ODOM PUBLISH
1600086282.682539971 INFO /heima_base_node [/home/zxcar/itheima4_ws/src/zxcar/src/heima_base.cpp:28(velCallback)] [topics: /rosout, /tf, /raw_odom] ODOM PUBLISH 0.00,0.00,0.00
1600086282.682669930 INFO /heima_base_node [/home/zxcar/itheima4_ws/src/zxcar/src/heima_base.cpp:92(velCallback)] [topics: /rosout, /tf, /raw_odom] ODOM PUBLISH
1600086282.735349745 INFO /heima_base_node [/home/zxcar/itheima4_ws/src/zxcar/src/heima_base.cpp:28(velCallback)] [topics: /rosout, /tf, /raw_odom] ODOM PUBLISH 0.00,0.00,0.00
1600086282.735433028 INFO /heima_base_node [/home/zxcar/itheima4_ws/src/zxcar/src/heima_base.cpp:92(velCallback)] [topics: /rosout, /tf, /raw_odom] ODOM PUBLISH
1600086282.790830346 INFO /heima_base_node [/home/zxcar/itheima4_ws/src/zxcar/src/heima_base.cpp:28(velCallback)] [topics: /rosout, /tf, /raw_odom] ODOM PUBLISH 0.00,0.00,0.00
1600086282.790956399 INFO /heima_base_node [/home/zxcar/itheima4_ws/src/zxcar/src/heima_base.cpp:92(velCallback)] [topics: /rosout, /tf, /raw_odom] ODOM PUBLISH
1600086282.843403142 INFO /heima_base_node [/home/zxcar/itheima4_ws/src/zxcar/src/heima_base.cpp:28(velCallback)] [topics: /rosout, /tf, /raw_odom] ODOM PUBLISH 0.00,0.00,0.00
1600086282.843511420 INFO /heima_base_node [/home/zxcar/itheima4_ws/src/zxcar/src/heima_base.cpp:92(velCallback)] [topics: /rosout, /tf, /raw_odom] ODOM PUBLISH
1600086282.897992672 INFO /heima_base_node [/home/zxcar/itheima4_ws/src/zxcar/src/heima_base.cpp:28(velCallback)] [topics: /rosout, /tf, /raw_odom] ODOM PUBLISH 0.00,0.00,0.00
1600086282.898098709 INFO /heima_base_node [/home/zxcar/itheima4_ws/src/zxcar/src/heima_base.cpp:92(velCallback)] [topics: /rosout, /tf, /raw_odom] ODOM PUBLISH
1600086282.952114132 INFO /heima_base_node [/home/zxcar/itheima4_ws/src/zxcar/src/heima_base.cpp:28(velCallback)] [topics: /rosout, /tf, /raw_odom] ODOM PUBLISH 0.00,0.00,0.00
1600086282.952221095 INFO /heima_base_node [/home/zxcar/itheima4_ws/src/zxcar/src/heima_base.cpp:92(velCallback)] [topics: /rosout, /tf, /raw_odom] ODOM PUBLISH
1600086283.007292205 INFO /heima_base_node [/home/zxcar/itheima4_ws/src/zxcar/src/heima_base.cpp:28(velCallback)] [topics: /rosout, /tf, /raw_odom] ODOM PUBLISH 0.00,0.00,0.00
1600086283.007398557 INFO /heima_base_node [/home/zxcar/itheima4_ws/src/zxcar/src/heima_base.cpp:92(velCallback)] [topics: /rosout, /tf, /raw_odom] ODOM PUBLISH
1600086283.062275808 INFO /heima_base_node [/home/zxcar/itheima4_ws/src/zxcar/src/heima_base.cpp:28(velCallback)] [topics: /rosout, /tf, /raw_odom] ODOM PUBLISH 0.00,0.00,0.00
1600086283.062358201 INFO /heima_base_node [/home/zxcar/itheima4_ws/src/zxcar/src/heima_base.cpp:92(velCallback)] [topics: /rosout, /tf, /raw_odom] ODOM PUBLISH
1600086283.118704734 INFO /heima_base_node [/home/zxcar/itheima4_ws/src/zxcar/src/heima_base.cpp:28(velCallback)] [topics: /rosout, /tf, /raw_odom] ODOM PUBLISH 0.00,0.00,0.00
1600086283.118803810 INFO /heima_base_node [/home/zxcar/itheima4_ws/src/zxcar/src/heima_base.cpp:92(velCallback)] [topics: /rosout, /tf, /raw_odom] ODOM PUBLISH
1600086283.168446062 INFO /heima_base_node [/home/zxcar/itheima4_ws/src/zxcar/src/heima_base.cpp:28(velCallback)] [topics: /rosout, /tf, /raw_odom] ODOM PUBLISH 0.00,0.00,0.00
1600086283.168527733 INFO /heima_base_node [/home/zxcar/itheima4_ws/src/zxcar/src/heima_base.cpp:92(velCallback)] [topics: /rosout, /tf, /raw_odom] ODOM PUBLISH
1600086283.227473833 INFO /heima_base_node [/home/zxcar/itheima4_ws/src/zxcar/src/heima_base.cpp:28(velCallback)] [topics: /rosout, /tf, /raw_odom] ODOM PUBLISH 0.00,0.00,0.00
1600086283.227603144 INFO /heima_base_node [/home/zxcar/itheima4_ws/src/zxcar/src/heima_base.cpp:92(velCallback)] [topics: /rosout, /tf, /raw_odom] ODOM PUBLISH
1600086283.280499461 INFO /heima_base_node [/home/zxcar/itheima4_ws/src/zxcar/src/heima_base.cpp:28(velCallback)] [topics: /rosout, /tf, /raw_odom] ODOM PUBLISH 0.00,0.00,0.00
1600086283.280625921 INFO /heima_base_node [/home/zxcar/itheima4_ws/src/zxcar/src/heima_base.cpp:92(velCallback)] [topics: /rosout, /tf, /raw_odom] ODOM PUBLISH
1600086283.332042458 INFO /heima_base_node [/home/zxcar/itheima4_ws/src/zxcar/src/heima_base.cpp:28(velCallback)] [topics: /rosout, /tf, /raw_odom] ODOM PUBLISH 0.00,0.00,0.00
1600086283.332156049 INFO /heima_base_node [/home/zxcar/itheima4_ws/src/zxcar/src/heima_base.cpp:92(velCallback)] [topics: /rosout, /tf, /raw_odom] ODOM PUBLISH
1600086283.386541256 INFO /heima_base_node [/home/zxcar/itheima4_ws/src/zxcar/src/heima_base.cpp:28(velCallback)] [topics: /rosout, /tf, /raw_odom] ODOM PUBLISH 0.00,0.00,0.00
1600086283.386767309 INFO /heima_base_node [/home/zxcar/itheima4_ws/src/zxcar/src/heima_base.cpp:92(velCallback)] [topics: /rosout, /tf, /raw_odom] ODOM PUBLISH
1600086283.440628644 INFO /heima_base_node [/home/zxcar/itheima4_ws/src/zxcar/src/heima_base.cpp:28(velCallback)] [topics: /rosout, /tf, /raw_odom] ODOM PUBLISH 0.00,0.00,0.00
1600086283.440718036 INFO /heima_base_node [/home/zxcar/itheima4_ws/src/zxcar/src/heima_base.cpp:92(velCallback)] [topics: /rosout, /tf, /raw_odom] ODOM PUBLISH
1600086283.494722364 INFO /heima_base_node [/home/zxcar/itheima4_ws/src/zxcar/src/heima_base.cpp:28(velCallback)] [topics: /rosout, /tf, /raw_odom] ODOM PUBLISH 0.00,0.00,0.00
1600086283.494832401 INFO /heima_base_node [/home/zxcar/itheima4_ws/src/zxcar/src/heima_base.cpp:92(velCallback)] [topics: /rosout, /tf, /raw_odom] ODOM PUBLISH
1600086283.548852060 INFO /heima_base_node [/home/zxcar/itheima4_ws/src/zxcar/src/heima_base.cpp:28(velCallback)] [topics: /rosout, /tf, /raw_odom] ODOM PUBLISH 0.00,0.00,0.00
1600086283.548960337 INFO /heima_base_node [/home/zxcar/itheima4_ws/src/zxcar/src/heima_base.cpp:92(velCallback)] [topics: /rosout, /tf, /raw_odom] ODOM PUBLISH
1600086283.604949932 INFO /heima_base_node [/home/zxcar/itheima4_ws/src/zxcar/src/heima_base.cpp:28(velCallback)] [topics: /rosout, /tf, /raw_odom] ODOM PUBLISH 0.00,0.00,0.00
1600086283.605036103 INFO /heima_base_node [/home/zxcar/itheima4_ws/src/zxcar/src/heima_base.cpp:92(velCallback)] [topics: /rosout, /tf, /raw_odom] ODOM PUBLISH
1600086283.658967814 INFO /heima_base_node [/home/zxcar/itheima4_ws/src/zxcar/src/heima_base.cpp:28(velCallback)] [topics: /rosout, /tf, /raw_odom] ODOM PUBLISH 0.00,0.00,0.00
1600086283.659095421 INFO /heima_base_node [/home/zxcar/itheima4_ws/src/zxcar/src/heima_base.cpp:92(velCallback)] [topics: /rosout, /tf, /raw_odom] ODOM PUBLISH
1600086283.713107452 INFO /heima_base_node [/home/zxcar/itheima4_ws/src/zxcar/src/heima_base.cpp:28(velCallback)] [topics: /rosout, /tf, /raw_odom] ODOM PUBLISH 0.00,0.00,0.00
1600086283.713234726 INFO /heima_base_node [/home/zxcar/itheima4_ws/src/zxcar/src/heima_base.cpp:92(velCallback)] [topics: /rosout, /tf, /raw_odom] ODOM PUBLISH
1600086283.767082175 INFO /heima_base_node [/home/zxcar/itheima4_ws/src/zxcar/src/heima_base.cpp:28(velCallback)] [topics: /rosout, /tf, /raw_odom] ODOM PUBLISH 0.00,0.00,0.00
1600086283.767229853 INFO /heima_base_node [/home/zxcar/itheima4_ws/src/zxcar/src/heima_base.cpp:92(velCallback)] [topics: /rosout, /tf, /raw_odom] ODOM PUBLISH
1600086283.820101082 INFO /heima_base_node [/home/zxcar/itheima4_ws/src/zxcar/src/heima_base.cpp:28(velCallback)] [topics: /rosout, /tf, /raw_odom] ODOM PUBLISH 0.00,0.00,0.00
1600086283.820186752 INFO /heima_base_node [/home/zxcar/itheima4_ws/src/zxcar/src/heima_base.cpp:92(velCallback)] [topics: /rosout, /tf, /raw_odom] ODOM PUBLISH
1600086283.874528133 INFO /heima_base_node [/home/zxcar/itheima4_ws/src/zxcar/src/heima_base.cpp:28(velCallback)] [topics: /rosout, /tf, /raw_odom] ODOM PUBLISH 0.00,0.00,0.00
1600086283.874621395 INFO /heima_base_node [/home/zxcar/itheima4_ws/src/zxcar/src/heima_base.cpp:92(velCallback)] [topics: /rosout, /tf, /raw_odom] ODOM PUBLISH
1600086283.928408316 INFO /heima_base_node [/home/zxcar/itheima4_ws/src/zxcar/src/heima_base.cpp:28(velCallback)] [topics: /rosout, /tf, /raw_odom] ODOM PUBLISH 0.00,0.00,0.00
1600086283.928517927 INFO /heima_base_node [/home/zxcar/itheima4_ws/src/zxcar/src/heima_base.cpp:92(velCallback)] [topics: /rosout, /tf, /raw_odom] ODOM PUBLISH
1600086283.983233354 INFO /heima_base_node [/home/zxcar/itheima4_ws/src/zxcar/src/heima_base.cpp:28(velCallback)] [topics: /rosout, /tf, /raw_odom] ODOM PUBLISH 0.00,0.00,0.00
1600086283.983343502 INFO /heima_base_node [/home/zxcar/itheima4_ws/src/zxcar/src/heima_base.cpp:92(velCallback)] [topics: /rosout, /tf, /raw_odom] ODOM PUBLISH
1600086284.037974250 INFO /heima_base_node [/home/zxcar/itheima4_ws/src/zxcar/src/heima_base.cpp:28(velCallback)] [topics: /rosout, /tf, /raw_odom] ODOM PUBLISH 0.00,0.00,0.00
1600086284.038080342 INFO /heima_base_node [/home/zxcar/itheima4_ws/src/zxcar/src/heima_base.cpp:92(velCallback)] [topics: /rosout, /tf, /raw_odom] ODOM PUBLISH
1600086284.093142912 INFO /heima_base_node [/home/zxcar/itheima4_ws/src/zxcar/src/heima_base.cpp:28(velCallback)] [topics: /rosout, /tf, /raw_odom] ODOM PUBLISH 0.00,0.00,0.00
1600086284.093228915 INFO /heima_base_node [/home/zxcar/itheima4_ws/src/zxcar/src/heima_base.cpp:92(velCallback)] [topics: /rosout, /tf, /raw_odom] ODOM PUBLISH
1600086284.145416849 INFO /heima_base_node [/home/zxcar/itheima4_ws/src/zxcar/src/heima_base.cpp:28(velCallback)] [topics: /rosout, /tf, /raw_odom] ODOM PUBLISH 0.00,0.00,0.00
1600086284.145523534 INFO /heima_base_node [/home/zxcar/itheima4_ws/src/zxcar/src/heima_base.cpp:92(velCallback)] [topics: /rosout, /tf, /raw_odom] ODOM PUBLISH
1600086284.202732074 INFO /heima_base_node [/home/zxcar/itheima4_ws/src/zxcar/src/heima_base.cpp:28(velCallback)] [topics: /rosout, /tf, /raw_odom] ODOM PUBLISH 0.00,0.00,0.00
1600086284.202858847 INFO /heima_base_node [/home/zxcar/itheima4_ws/src/zxcar/src/heima_base.cpp:92(velCallback)] [topics: /rosout, /tf, /raw_odom] ODOM PUBLISH
1600086284.256014257 INFO /heima_base_node [/home/zxcar/itheima4_ws/src/zxcar/src/heima_base.cpp:28(velCallback)] [topics: /rosout, /tf, /raw_odom] ODOM PUBLISH 0.00,0.00,0.00
1600086284.256142623 INFO /heima_base_node [/home/zxcar/itheima4_ws/src/zxcar/src/heima_base.cpp:92(velCallback)] [topics: /rosout, /tf, /raw_odom] ODOM PUBLISH
1600086284.308611766 INFO /heima_base_node [/home/zxcar/itheima4_ws/src/zxcar/src/heima_base.cpp:28(velCallback)] [topics: /rosout, /tf, /raw_odom] ODOM PUBLISH 0.00,0.00,0.00
1600086284.348526236 INFO /slam_gmapping [/tmp/binarydeb/ros-melodic-gmapping-1.4.1/src/slam_gmapping.cpp:460(initMapper)] [topics: /rosout, /tf, /slam_gmapping/entropy, /map, /map_metadata] Laser is mounted upwards.
1600086284.308720969 INFO /heima_base_node [/home/zxcar/itheima4_ws/src/zxcar/src/heima_base.cpp:92(velCallback)] [topics: /rosout, /tf, /raw_odom] ODOM PUBLISH
1600086284.359103168 INFO /heima_base_node [/home/zxcar/itheima4_ws/src/zxcar/src/heima_base.cpp:28(velCallback)] [topics: /rosout, /tf, /raw_odom] ODOM PUBLISH 0.00,0.00,0.00
1600086284.372419261 INFO /slam_gmapping [/tmp/binarydeb/ros-melodic-gmapping-1.4.1/src/slam_gmapping.cpp:545(initMapper)] [topics: /rosout, /tf, /slam_gmapping/entropy, /map, /map_metadata] Initialization complete
1600086284.359194744 INFO /heima_base_node [/home/zxcar/itheima4_ws/src/zxcar/src/heima_base.cpp:92(velCallback)] [topics: /rosout, /tf, /raw_odom] ODOM PUBLISH
1600086284.412841752 INFO /heima_base_node [/home/zxcar/itheima4_ws/src/zxcar/src/heima_base.cpp:28(velCallback)] [topics: /rosout, /tf, /raw_odom] ODOM PUBLISH 0.00,0.00,0.00
1600086284.412913998 INFO /heima_base_node [/home/zxcar/itheima4_ws/src/zxcar/src/heima_base.cpp:92(velCallback)] [topics: /rosout, /tf, /raw_odom] ODOM PUBLISH
1600086284.467484082 INFO /heima_base_node [/home/zxcar/itheima4_ws/src/zxcar/src/heima_base.cpp:28(velCallback)] [topics: /rosout, /tf, /raw_odom] ODOM PUBLISH 0.00,0.00,0.00
1600086284.467563086 INFO /heima_base_node [/home/zxcar/itheima4_ws/src/zxcar/src/heima_base.cpp:92(velCallback)] [topics: /rosout, /tf, /raw_odom] ODOM PUBLISH
1600086284.521566456 INFO /heima_base_node [/home/zxcar/itheima4_ws/src/zxcar/src/heima_base.cpp:28(velCallback)] [topics: /rosout, /tf, /raw_odom] ODOM PUBLISH 0.00,0.00,0.00
1600086284.521636092 INFO /heima_base_node [/home/zxcar/itheima4_ws/src/zxcar/src/heima_base.cpp:92(velCallback)] [topics: /rosout, /tf, /raw_odom] ODOM PUBLISH
1600086284.575960534 INFO /heima_base_node [/home/zxcar/itheima4_ws/src/zxcar/src/heima_base.cpp:28(velCallback)] [topics: /rosout, /tf, /raw_odom] ODOM PUBLISH 0.00,0.00,0.00
1600086284.576046056 INFO /heima_base_node [/home/zxcar/itheima4_ws/src/zxcar/src/heima_base.cpp:92(velCallback)] [topics: /rosout, /tf, /raw_odom] ODOM PUBLISH
1600086284.630141872 INFO /heima_base_node [/home/zxcar/itheima4_ws/src/zxcar/src/heima_base.cpp:28(velCallback)] [topics: /rosout, /tf, /raw_odom] ODOM PUBLISH 0.00,0.00,0.00
1600086284.630248242 INFO /heima_base_node [/home/zxcar/itheima4_ws/src/zxcar/src/heima_base.cpp:92(velCallback)] [topics: /rosout, /tf, /raw_odom] ODOM PUBLISH
1600086284.685601353 INFO /heima_base_node [/home/zxcar/itheima4_ws/src/zxcar/src/heima_base.cpp:28(velCallback)] [topics: /rosout, /tf, /raw_odom] ODOM PUBLISH 0.00,0.00,0.00
1600086284.710436729 INFO /move_base [/tmp/binarydeb/ros-melodic-costmap-2d-1.16.6/plugins/static_layer.cpp:182(StaticLayer::incomingMap)] [topics: /rosout, /cmd_vel, /move_base/current_goal, /move_base/goal] Resizing costmap to 1984 X 1984 at 0.050000 m/pix
1600086284.685668434 INFO /heima_base_node [/home/zxcar/itheima4_ws/src/zxcar/src/heima_base.cpp:92(velCallback)] [topics: /rosout, /tf, /raw_odom] ODOM PUBLISH
1600086284.739754622 INFO /heima_base_node [/home/zxcar/itheima4_ws/src/zxcar/src/heima_base.cpp:28(velCallback)] [topics: /rosout, /tf, /raw_odom] ODOM PUBLISH 0.00,0.00,0.00
1600086284.739818259 INFO /heima_base_node [/home/zxcar/itheima4_ws/src/zxcar/src/heima_base.cpp:92(velCallback)] [topics: /rosout, /tf, /raw_odom] ODOM PUBLISH
1600086284.796975067 INFO /heima_base_node [/home/zxcar/itheima4_ws/src/zxcar/src/heima_base.cpp:28(velCallback)] [topics: /rosout, /tf, /raw_odom] ODOM PUBLISH 0.00,0.00,0.00
1600086284.801388189 INFO /move_base [/tmp/binarydeb/ros-melodic-costmap-2d-1.16.6/plugins/static_layer.cpp:101(StaticLayer::onInitialize)] [topics: /rosout, /cmd_vel, /move_base/current_goal, /move_base/goal] Received a 1984 X 1984 map at 0.050000 m/pix
1600086284.813941492 INFO /move_base [/tmp/binarydeb/ros-melodic-costmap-2d-1.16.6/src/costmap_2d_ros.cpp:132(Costmap2DROS::Costmap2DROS)] [topics: /rosout, /cmd_vel, /move_base/current_goal, /move_base/goal, /move_base/global_costmap/static_layer/parameter_descriptions, /move_base/global_costmap/static_layer/parameter_updates] global_costmap: Using plugin "obstacle_layer"
1600086284.833071643 INFO /move_base [/tmp/binarydeb/ros-melodic-costmap-2d-1.16.6/plugins/obstacle_layer.cpp:79(ObstacleLayer::onInitialize)] [topics: /rosout, /cmd_vel, /move_base/current_goal, /move_base/goal, /move_base/global_costmap/static_layer/parameter_descriptions, /move_base/global_costmap/static_layer/parameter_updates]     Subscribed to Topics: laser_scan_sensor
1600086284.797056109 INFO /heima_base_node [/home/zxcar/itheima4_ws/src/zxcar/src/heima_base.cpp:92(velCallback)] [topics: /rosout, /tf, /raw_odom] ODOM PUBLISH
1600086284.849488813 INFO /heima_base_node [/home/zxcar/itheima4_ws/src/zxcar/src/heima_base.cpp:28(velCallback)] [topics: /rosout, /tf, /raw_odom] ODOM PUBLISH 0.00,0.00,0.00
1600086284.849553598 INFO /heima_base_node [/home/zxcar/itheima4_ws/src/zxcar/src/heima_base.cpp:92(velCallback)] [topics: /rosout, /tf, /raw_odom] ODOM PUBLISH
1600086284.903259225 INFO /heima_base_node [/home/zxcar/itheima4_ws/src/zxcar/src/heima_base.cpp:28(velCallback)] [topics: /rosout, /tf, /raw_odom] ODOM PUBLISH 0.00,0.00,0.00
1600086284.933096173 INFO /move_base [/tmp/binarydeb/ros-melodic-costmap-2d-1.16.6/src/costmap_2d_ros.cpp:132(Costmap2DROS::Costmap2DROS)] [topics: /rosout, /cmd_vel, /move_base/current_goal, /move_base/goal, /move_base/global_costmap/static_layer/parameter_descriptions, /move_base/global_costmap/static_layer/parameter_updates, /move_base/global_costmap/obstacle_layer/parameter_descriptions, /move_base/global_costmap/obstacle_layer/parameter_updates, /move_base/global_costmap/obstacle_layer/clearing_endpoints] global_costmap: Using plugin "inflation_layer"
1600086284.903321436 INFO /heima_base_node [/home/zxcar/itheima4_ws/src/zxcar/src/heima_base.cpp:92(velCallback)] [topics: /rosout, /tf, /raw_odom] ODOM PUBLISH
1600086284.957021785 INFO /heima_base_node [/home/zxcar/itheima4_ws/src/zxcar/src/heima_base.cpp:28(velCallback)] [topics: /rosout, /tf, /raw_odom] ODOM PUBLISH 0.00,0.00,0.00
1600086284.957083719 INFO /heima_base_node [/home/zxcar/itheima4_ws/src/zxcar/src/heima_base.cpp:92(velCallback)] [topics: /rosout, /tf, /raw_odom] ODOM PUBLISH
1600086285.011230099 INFO /heima_base_node [/home/zxcar/itheima4_ws/src/zxcar/src/heima_base.cpp:28(velCallback)] [topics: /rosout, /tf, /raw_odom] ODOM PUBLISH 0.00,0.00,0.00
1600086285.011326507 INFO /heima_base_node [/home/zxcar/itheima4_ws/src/zxcar/src/heima_base.cpp:92(velCallback)] [topics: /rosout, /tf, /raw_odom] ODOM PUBLISH
1600086285.065330981 INFO /heima_base_node [/home/zxcar/itheima4_ws/src/zxcar/src/heima_base.cpp:28(velCallback)] [topics: /rosout, /tf, /raw_odom] ODOM PUBLISH 0.00,0.00,0.00
1600086285.087943416 WARN /move_base [/tmp/binarydeb/ros-melodic-costmap-2d-1.16.6/src/costmap_2d_ros.cpp:315(Costmap2DROS::checkOldParam)] [topics: /rosout, /cmd_vel, /move_base/current_goal, /move_base/goal, /move_base/global_costmap/static_layer/parameter_descriptions, /move_base/global_costmap/static_layer/parameter_updates, /move_base/global_costmap/obstacle_layer/parameter_descriptions, /move_base/global_costmap/obstacle_layer/parameter_updates, /move_base/global_costmap/obstacle_layer/clearing_endpoints, /move_base/global_costmap/inflation_layer/parameter_descriptions, /move_base/global_costmap/inflation_layer/parameter_updates, /move_base/global_costmap/footprint, /move_base/global_costmap/costmap, /move_base/global_costmap/costmap_updates, /move_base/global_costmap/parameter_descriptions, /move_base/global_costmap/parameter_updates, /move_base/GlobalPlanner/plan, /move_base/GlobalPlanner/potential, /move_base/GlobalPlanner/parameter_descriptions, /move_base/GlobalPlanner/parameter_updates] local_costmap: Pre-Hydro parameter "static_map" unused since "plugins" is provided
1600086285.093047504 INFO /move_base [/tmp/binarydeb/ros-melodic-costmap-2d-1.16.6/src/costmap_2d_ros.cpp:132(Costmap2DROS::Costmap2DROS)] [topics: /rosout, /cmd_vel, /move_base/current_goal, /move_base/goal, /move_base/global_costmap/static_layer/parameter_descriptions, /move_base/global_costmap/static_layer/parameter_updates, /move_base/global_costmap/obstacle_layer/parameter_descriptions, /move_base/global_costmap/obstacle_layer/parameter_updates, /move_base/global_costmap/obstacle_layer/clearing_endpoints, /move_base/global_costmap/inflation_layer/parameter_descriptions, /move_base/global_costmap/inflation_layer/parameter_updates, /move_base/global_costmap/footprint, /move_base/global_costmap/costmap, /move_base/global_costmap/costmap_updates, /move_base/global_costmap/parameter_descriptions, /move_base/global_costmap/parameter_updates, /move_base/GlobalPlanner/plan, /move_base/GlobalPlanner/potential, /move_base/GlobalPlanner/parameter_descriptions, /move_base/GlobalPlanner/parameter_updates] local_costmap: Using plugin "static_layer"
1600086285.108688413 INFO /move_base [/tmp/binarydeb/ros-melodic-costmap-2d-1.16.6/plugins/static_layer.cpp:89(StaticLayer::onInitialize)] [topics: /rosout, /cmd_vel, /move_base/current_goal, /move_base/goal, /move_base/global_costmap/static_layer/parameter_descriptions, /move_base/global_costmap/static_layer/parameter_updates, /move_base/global_costmap/obstacle_layer/parameter_descriptions, /move_base/global_costmap/obstacle_layer/parameter_updates, /move_base/global_costmap/obstacle_layer/clearing_endpoints, /move_base/global_costmap/inflation_layer/parameter_descriptions, /move_base/global_costmap/inflation_layer/parameter_updates, /move_base/global_costmap/footprint, /move_base/global_costmap/costmap, /move_base/global_costmap/costmap_updates, /move_base/global_costmap/parameter_descriptions, /move_base/global_costmap/parameter_updates, /move_base/GlobalPlanner/plan, /move_base/GlobalPlanner/potential, /move_base/GlobalPlanner/parameter_descriptions, /move_base/GlobalPlanner/parameter_updates] Requesting the map...
1600086285.065395636 INFO /heima_base_node [/home/zxcar/itheima4_ws/src/zxcar/src/heima_base.cpp:92(velCallback)] [topics: /rosout, /tf, /raw_odom] ODOM PUBLISH
1600086285.120942365 INFO /heima_base_node [/home/zxcar/itheima4_ws/src/zxcar/src/heima_base.cpp:28(velCallback)] [topics: /rosout, /tf, /raw_odom] ODOM PUBLISH 0.00,0.00,0.00
1600086285.121279323 INFO /heima_base_node [/home/zxcar/itheima4_ws/src/zxcar/src/heima_base.cpp:92(velCallback)] [topics: /rosout, /tf, /raw_odom] ODOM PUBLISH
1600086285.122145424 INFO /move_base [/tmp/binarydeb/ros-melodic-costmap-2d-1.16.6/plugins/static_layer.cpp:193(StaticLayer::incomingMap)] [topics: /rosout, /cmd_vel, /move_base/current_goal, /move_base/goal, /move_base/global_costmap/static_layer/parameter_descriptions, /move_base/global_costmap/static_layer/parameter_updates, /move_base/global_costmap/obstacle_layer/parameter_descriptions, /move_base/global_costmap/obstacle_layer/parameter_updates, /move_base/global_costmap/obstacle_layer/clearing_endpoints, /move_base/global_costmap/inflation_layer/parameter_descriptions, /move_base/global_costmap/inflation_layer/parameter_updates, /move_base/global_costmap/footprint, /move_base/global_costmap/costmap, /move_base/global_costmap/costmap_updates, /move_base/global_costmap/parameter_descriptions, /move_base/global_costmap/parameter_updates, /move_base/GlobalPlanner/plan, /move_base/GlobalPlanner/potential, /move_base/GlobalPlanner/parameter_descriptions, /move_base/GlobalPlanner/parameter_updates] Resizing static layer to 1984 X 1984 at 0.050000 m/pix
1600086285.176633050 INFO /heima_base_node [/home/zxcar/itheima4_ws/src/zxcar/src/heima_base.cpp:28(velCallback)] [topics: /rosout, /tf, /raw_odom] ODOM PUBLISH 0.00,0.00,0.00
1600086285.176718331 INFO /heima_base_node [/home/zxcar/itheima4_ws/src/zxcar/src/heima_base.cpp:92(velCallback)] [topics: /rosout, /tf, /raw_odom] ODOM PUBLISH
1600086285.213955249 INFO /move_base [/tmp/binarydeb/ros-melodic-costmap-2d-1.16.6/plugins/static_layer.cpp:101(StaticLayer::onInitialize)] [topics: /rosout, /cmd_vel, /move_base/current_goal, /move_base/goal, /move_base/global_costmap/static_layer/parameter_descriptions, /move_base/global_costmap/static_layer/parameter_updates, /move_base/global_costmap/obstacle_layer/parameter_descriptions, /move_base/global_costmap/obstacle_layer/parameter_updates, /move_base/global_costmap/obstacle_layer/clearing_endpoints, /move_base/global_costmap/inflation_layer/parameter_descriptions, /move_base/global_costmap/inflation_layer/parameter_updates, /move_base/global_costmap/footprint, /move_base/global_costmap/costmap, /move_base/global_costmap/costmap_updates, /move_base/global_costmap/parameter_descriptions, /move_base/global_costmap/parameter_updates, /move_base/GlobalPlanner/plan, /move_base/GlobalPlanner/potential, /move_base/GlobalPlanner/parameter_descriptions, /move_base/GlobalPlanner/parameter_updates] Received a 1984 X 1984 map at 0.050000 m/pix
1600086285.226507851 INFO /move_base [/tmp/binarydeb/ros-melodic-costmap-2d-1.16.6/src/costmap_2d_ros.cpp:132(Costmap2DROS::Costmap2DROS)] [topics: /rosout, /cmd_vel, /move_base/current_goal, /move_base/goal, /move_base/global_costmap/static_layer/parameter_descriptions, /move_base/global_costmap/static_layer/parameter_updates, /move_base/global_costmap/obstacle_layer/parameter_descriptions, /move_base/global_costmap/obstacle_layer/parameter_updates, /move_base/global_costmap/obstacle_layer/clearing_endpoints, /move_base/global_costmap/inflation_layer/parameter_descriptions, /move_base/global_costmap/inflation_layer/parameter_updates, /move_base/global_costmap/footprint, /move_base/global_costmap/costmap, /move_base/global_costmap/costmap_updates, /move_base/global_costmap/parameter_descriptions, /move_base/global_costmap/parameter_updates, /move_base/GlobalPlanner/plan, /move_base/GlobalPlanner/potential, /move_base/GlobalPlanner/parameter_descriptions, /move_base/GlobalPlanner/parameter_updates, /move_base/local_costmap/static_layer/parameter_descriptions, /move_base/local_costmap/static_layer/parameter_updates] local_costmap: Using plugin "obstacle_layer"
1600086285.231066483 INFO /heima_base_node [/home/zxcar/itheima4_ws/src/zxcar/src/heima_base.cpp:28(velCallback)] [topics: /rosout, /tf, /raw_odom] ODOM PUBLISH 0.00,0.00,0.00
1600086285.231270298 INFO /heima_base_node [/home/zxcar/itheima4_ws/src/zxcar/src/heima_base.cpp:92(velCallback)] [topics: /rosout, /tf, /raw_odom] ODOM PUBLISH
1600086285.239240901 INFO /move_base [/tmp/binarydeb/ros-melodic-costmap-2d-1.16.6/plugins/obstacle_layer.cpp:79(ObstacleLayer::onInitialize)] [topics: /rosout, /cmd_vel, /move_base/current_goal, /move_base/goal, /move_base/global_costmap/static_layer/parameter_descriptions, /move_base/global_costmap/static_layer/parameter_updates, /move_base/global_costmap/obstacle_layer/parameter_descriptions, /move_base/global_costmap/obstacle_layer/parameter_updates, /move_base/global_costmap/obstacle_layer/clearing_endpoints, /move_base/global_costmap/inflation_layer/parameter_descriptions, /move_base/global_costmap/inflation_layer/parameter_updates, /move_base/global_costmap/footprint, /move_base/global_costmap/costmap, /move_base/global_costmap/costmap_updates, /move_base/global_costmap/parameter_descriptions, /move_base/global_costmap/parameter_updates, /move_base/GlobalPlanner/plan, /move_base/GlobalPlanner/potential, /move_base/GlobalPlanner/parameter_descriptions, /move_base/GlobalPlanner/parameter_updates, /move_base/local_costmap/static_layer/parameter_descriptions, /move_base/local_costmap/static_layer/parameter_updates]     Subscribed to Topics: laser_scan_sensor
1600086285.282232326 INFO /heima_base_node [/home/zxcar/itheima4_ws/src/zxcar/src/heima_base.cpp:28(velCallback)] [topics: /rosout, /tf, /raw_odom] ODOM PUBLISH 0.00,0.00,0.00
1600086285.282295962 INFO /heima_base_node [/home/zxcar/itheima4_ws/src/zxcar/src/heima_base.cpp:92(velCallback)] [topics: /rosout, /tf, /raw_odom] ODOM PUBLISH
1600086285.336964500 INFO /heima_base_node [/home/zxcar/itheima4_ws/src/zxcar/src/heima_base.cpp:28(velCallback)] [topics: /rosout, /tf, /raw_odom] ODOM PUBLISH 0.00,0.00,0.00
1600086285.337030284 INFO /heima_base_node [/home/zxcar/itheima4_ws/src/zxcar/src/heima_base.cpp:92(velCallback)] [topics: /rosout, /tf, /raw_odom] ODOM PUBLISH
1600086285.370840049 INFO /move_base [/tmp/binarydeb/ros-melodic-move-base-1.16.6/src/move_base.cpp:133(MoveBase::MoveBase)] [topics: /rosout, /cmd_vel, /move_base/current_goal, /move_base/goal, /move_base/global_costmap/static_layer/parameter_descriptions, /move_base/global_costmap/static_layer/parameter_updates, /move_base/global_costmap/obstacle_layer/parameter_descriptions, /move_base/global_costmap/obstacle_layer/parameter_updates, /move_base/global_costmap/obstacle_layer/clearing_endpoints, /move_base/global_costmap/inflation_layer/parameter_descriptions, /move_base/global_costmap/inflation_layer/parameter_updates, /move_base/global_costmap/footprint, /move_base/global_costmap/costmap, /move_base/global_costmap/costmap_updates, /move_base/global_costmap/parameter_descriptions, /move_base/global_costmap/parameter_updates, /move_base/GlobalPlanner/plan, /move_base/GlobalPlanner/potential, /move_base/GlobalPlanner/parameter_descriptions, /move_base/GlobalPlanner/parameter_updates, /move_base/local_costmap/static_layer/parameter_descriptions, /move_base/local_costmap/static_layer/parameter_updates, /move_base/local_costmap/obstacle_layer/parameter_descriptions, /move_base/local_costmap/obstacle_layer/parameter_updates, /move_base/local_costmap/footprint, /move_base/local_costmap/costmap, /move_base/local_costmap/costmap_updates, /move_base/local_costmap/parameter_descriptions, /move_base/local_costmap/parameter_updates] Created local_planner dwa_local_planner/DWAPlannerROS
1600086285.380327876 INFO /move_base [/tmp/binarydeb/ros-melodic-dwa-local-planner-1.16.6/src/dwa_planner.cpp:147(DWAPlanner::DWAPlanner)] [topics: /rosout, /cmd_vel, /move_base/current_goal, /move_base/goal, /move_base/global_costmap/static_layer/parameter_descriptions, /move_base/global_costmap/static_layer/parameter_updates, /move_base/global_costmap/obstacle_layer/parameter_descriptions, /move_base/global_costmap/obstacle_layer/parameter_updates, /move_base/global_costmap/obstacle_layer/clearing_endpoints, /move_base/global_costmap/inflation_layer/parameter_descriptions, /move_base/global_costmap/inflation_layer/parameter_updates, /move_base/global_costmap/footprint, /move_base/global_costmap/costmap, /move_base/global_costmap/costmap_updates, /move_base/global_costmap/parameter_descriptions, /move_base/global_costmap/parameter_updates, /move_base/GlobalPlanner/plan, /move_base/GlobalPlanner/potential, /move_base/GlobalPlanner/parameter_descriptions, /move_base/GlobalPlanner/parameter_updates, /move_base/local_costmap/static_layer/parameter_descriptions, /move_base/local_costmap/static_layer/parameter_updates, /move_base/local_costmap/obstacle_layer/parameter_descriptions, /move_base/local_costmap/obstacle_layer/parameter_updates, /move_base/local_costmap/footprint, /move_base/local_costmap/costmap, /move_base/local_costmap/costmap_updates, /move_base/local_costmap/parameter_descriptions, /move_base/local_costmap/parameter_updates, /move_base/DWAPlannerROS/global_plan, /move_base/DWAPlannerROS/local_plan] Sim period is set to 0.50
1600086285.390916187 INFO /heima_base_node [/home/zxcar/itheima4_ws/src/zxcar/src/heima_base.cpp:28(velCallback)] [topics: /rosout, /tf, /raw_odom] ODOM PUBLISH 0.00,0.00,0.00
1600086285.390978639 INFO /heima_base_node [/home/zxcar/itheima4_ws/src/zxcar/src/heima_base.cpp:92(velCallback)] [topics: /rosout, /tf, /raw_odom] ODOM PUBLISH
1600086285.445335048 INFO /heima_base_node [/home/zxcar/itheima4_ws/src/zxcar/src/heima_base.cpp:28(velCallback)] [topics: /rosout, /tf, /raw_odom] ODOM PUBLISH 0.00,0.00,0.00
1600086285.445395704 INFO /heima_base_node [/home/zxcar/itheima4_ws/src/zxcar/src/heima_base.cpp:92(velCallback)] [topics: /rosout, /tf, /raw_odom] ODOM PUBLISH
1600086285.499698956 INFO /heima_base_node [/home/zxcar/itheima4_ws/src/zxcar/src/heima_base.cpp:28(velCallback)] [topics: /rosout, /tf, /raw_odom] ODOM PUBLISH 0.00,0.00,0.00
1600086285.499759816 INFO /heima_base_node [/home/zxcar/itheima4_ws/src/zxcar/src/heima_base.cpp:92(velCallback)] [topics: /rosout, /tf, /raw_odom] ODOM PUBLISH
1600086285.559184376 INFO /heima_base_node [/home/zxcar/itheima4_ws/src/zxcar/src/heima_base.cpp:28(velCallback)] [topics: /rosout, /tf, /raw_odom] ODOM PUBLISH 0.00,0.00,0.00
1600086285.559246290 INFO /heima_base_node [/home/zxcar/itheima4_ws/src/zxcar/src/heima_base.cpp:92(velCallback)] [topics: /rosout, /tf, /raw_odom] ODOM PUBLISH
1600086285.612855910 INFO /heima_base_node [/home/zxcar/itheima4_ws/src/zxcar/src/heima_base.cpp:28(velCallback)] [topics: /rosout, /tf, /raw_odom] ODOM PUBLISH 0.00,0.00,0.00
1600086285.612940783 INFO /heima_base_node [/home/zxcar/itheima4_ws/src/zxcar/src/heima_base.cpp:92(velCallback)] [topics: /rosout, /tf, /raw_odom] ODOM PUBLISH
1600086285.665660991 INFO /heima_base_node [/home/zxcar/itheima4_ws/src/zxcar/src/heima_base.cpp:28(velCallback)] [topics: /rosout, /tf, /raw_odom] ODOM PUBLISH 0.00,0.00,0.00
1600086285.665762824 INFO /heima_base_node [/home/zxcar/itheima4_ws/src/zxcar/src/heima_base.cpp:92(velCallback)] [topics: /rosout, /tf, /raw_odom] ODOM PUBLISH
1600086285.718107545 INFO /heima_base_node [/home/zxcar/itheima4_ws/src/zxcar/src/heima_base.cpp:28(velCallback)] [topics: /rosout, /tf, /raw_odom] ODOM PUBLISH 0.00,0.00,0.00
1600086285.718291993 INFO /heima_base_node [/home/zxcar/itheima4_ws/src/zxcar/src/heima_base.cpp:92(velCallback)] [topics: /rosout, /tf, /raw_odom] ODOM PUBLISH
1600086285.747917335 INFO /move_base [/tmp/binarydeb/ros-melodic-clear-costmap-recovery-1.16.6/src/clear_costmap_recovery.cpp:76(ClearCostmapRecovery::initialize)] [topics: /rosout, /cmd_vel, /move_base/current_goal, /move_base/goal, /move_base/global_costmap/static_layer/parameter_descriptions, /move_base/global_costmap/static_layer/parameter_updates, /move_base/global_costmap/obstacle_layer/parameter_descriptions, /move_base/global_costmap/obstacle_layer/parameter_updates, /move_base/global_costmap/obstacle_layer/clearing_endpoints, /move_base/global_costmap/inflation_layer/parameter_descriptions, /move_base/global_costmap/inflation_layer/parameter_updates, /move_base/global_costmap/footprint, /move_base/global_costmap/costmap, /move_base/global_costmap/costmap_updates, /move_base/global_costmap/parameter_descriptions, /move_base/global_costmap/parameter_updates, /move_base/GlobalPlanner/plan, /move_base/GlobalPlanner/potential, /move_base/GlobalPlanner/parameter_descriptions, /move_base/GlobalPlanner/parameter_updates, /move_base/local_costmap/static_layer/parameter_descriptions, /move_base/local_costmap/static_layer/parameter_updates, /move_base/local_costmap/obstacle_layer/parameter_descriptions, /move_base/local_costmap/obstacle_layer/parameter_updates, /move_base/local_costmap/footprint, /move_base/local_costmap/costmap, /move_base/local_costmap/costmap_updates, /move_base/local_costmap/parameter_descriptions, /move_base/local_costmap/parameter_updates, /move_base/DWAPlannerROS/global_plan, /move_base/DWAPlannerROS/local_plan, /move_base/DWAPlannerROS/cost_cloud, /move_base/DWAPlannerROS/trajectory_cloud, /move_base/DWAPlannerROS/parameter_descriptions, /move_base/DWAPlannerROS/parameter_updates] Recovery behavior will clear layer 'obstacles'
1600086285.759633552 INFO /move_base [/tmp/binarydeb/ros-melodic-clear-costmap-recovery-1.16.6/src/clear_costmap_recovery.cpp:76(ClearCostmapRecovery::initialize)] [topics: /rosout, /cmd_vel, /move_base/current_goal, /move_base/goal, /move_base/global_costmap/static_layer/parameter_descriptions, /move_base/global_costmap/static_layer/parameter_updates, /move_base/global_costmap/obstacle_layer/parameter_descriptions, /move_base/global_costmap/obstacle_layer/parameter_updates, /move_base/global_costmap/obstacle_layer/clearing_endpoints, /move_base/global_costmap/inflation_layer/parameter_descriptions, /move_base/global_costmap/inflation_layer/parameter_updates, /move_base/global_costmap/footprint, /move_base/global_costmap/costmap, /move_base/global_costmap/costmap_updates, /move_base/global_costmap/parameter_descriptions, /move_base/global_costmap/parameter_updates, /move_base/GlobalPlanner/plan, /move_base/GlobalPlanner/potential, /move_base/GlobalPlanner/parameter_descriptions, /move_base/GlobalPlanner/parameter_updates, /move_base/local_costmap/static_layer/parameter_descriptions, /move_base/local_costmap/static_layer/parameter_updates, /move_base/local_costmap/obstacle_layer/parameter_descriptions, /move_base/local_costmap/obstacle_layer/parameter_updates, /move_base/local_costmap/footprint, /move_base/local_costmap/costmap, /move_base/local_costmap/costmap_updates, /move_base/local_costmap/parameter_descriptions, /move_base/local_costmap/parameter_updates, /move_base/DWAPlannerROS/global_plan, /move_base/DWAPlannerROS/local_plan, /move_base/DWAPlannerROS/cost_cloud, /move_base/DWAPlannerROS/trajectory_cloud, /move_base/DWAPlannerROS/parameter_descriptions, /move_base/DWAPlannerROS/parameter_updates] Recovery behavior will clear layer 'obstacles'
1600086285.771624182 INFO /heima_base_node [/home/zxcar/itheima4_ws/src/zxcar/src/heima_base.cpp:28(velCallback)] [topics: /rosout, /tf, /raw_odom] ODOM PUBLISH 0.00,0.00,0.00
1600086285.771692928 INFO /heima_base_node [/home/zxcar/itheima4_ws/src/zxcar/src/heima_base.cpp:92(velCallback)] [topics: /rosout, /tf, /raw_odom] ODOM PUBLISH
1600086285.824631096 INFO /heima_base_node [/home/zxcar/itheima4_ws/src/zxcar/src/heima_base.cpp:28(velCallback)] [topics: /rosout, /tf, /raw_odom] ODOM PUBLISH 0.00,0.00,0.00
1600086285.824700658 INFO /heima_base_node [/home/zxcar/itheima4_ws/src/zxcar/src/heima_base.cpp:92(velCallback)] [topics: /rosout, /tf, /raw_odom] ODOM PUBLISH
1600086285.841169120 INFO /move_base [/tmp/binarydeb/ros-melodic-base-local-planner-1.16.6/src/odometry_helper_ros.cpp:49(OdometryHelperRos::odomCallback)] [topics: /rosout, /cmd_vel, /move_base/current_goal, /move_base/goal, /move_base/global_costmap/static_layer/parameter_descriptions, /move_base/global_costmap/static_layer/parameter_updates, /move_base/global_costmap/obstacle_layer/parameter_descriptions, /move_base/global_costmap/obstacle_layer/parameter_updates, /move_base/global_costmap/obstacle_layer/clearing_endpoints, /move_base/global_costmap/inflation_layer/parameter_descriptions, /move_base/global_costmap/inflation_layer/parameter_updates, /move_base/global_costmap/footprint, /move_base/global_costmap/costmap, /move_base/global_costmap/costmap_updates, /move_base/global_costmap/parameter_descriptions, /move_base/global_costmap/parameter_updates, /move_base/GlobalPlanner/plan, /move_base/GlobalPlanner/potential, /move_base/GlobalPlanner/parameter_descriptions, /move_base/GlobalPlanner/parameter_updates, /move_base/local_costmap/static_layer/parameter_descriptions, /move_base/local_costmap/static_layer/parameter_updates, /move_base/local_costmap/obstacle_layer/parameter_descriptions, /move_base/local_costmap/obstacle_layer/parameter_updates, /move_base/local_costmap/footprint, /move_base/local_costmap/costmap, /move_base/local_costmap/costmap_updates, /move_base/local_costmap/parameter_descriptions, /move_base/local_costmap/parameter_updates, /move_base/DWAPlannerROS/global_plan, /move_base/DWAPlannerROS/local_plan, /move_base/DWAPlannerROS/cost_cloud, /move_base/DWAPlannerROS/trajectory_cloud, /move_base/DWAPlannerROS/parameter_descriptions, /move_base/DWAPlannerROS/parameter_updates, /move_base/result, /move_base/feedback, /move_base/status, /move_base/parameter_descriptions, /move_base/parameter_updates] odom received!
1600086285.882155225 INFO /heima_base_node [/home/zxcar/itheima4_ws/src/zxcar/src/heima_base.cpp:28(velCallback)] [topics: /rosout, /tf, /raw_odom] ODOM PUBLISH 0.00,0.00,0.00
1600086285.882349504 INFO /heima_base_node [/home/zxcar/itheima4_ws/src/zxcar/src/heima_base.cpp:92(velCallback)] [topics: /rosout, /tf, /raw_odom] ODOM PUBLISH
1600086285.938700569 INFO /heima_base_node [/home/zxcar/itheima4_ws/src/zxcar/src/heima_base.cpp:28(velCallback)] [topics: /rosout, /tf, /raw_odom] ODOM PUBLISH 0.00,0.00,0.00
1600086285.938808179 INFO /heima_base_node [/home/zxcar/itheima4_ws/src/zxcar/src/heima_base.cpp:92(velCallback)] [topics: /rosout, /tf, /raw_odom] ODOM PUBLISH
1600086285.991745680 INFO /heima_base_node [/home/zxcar/itheima4_ws/src/zxcar/src/heima_base.cpp:28(velCallback)] [topics: /rosout, /tf, /raw_odom] ODOM PUBLISH 0.00,0.00,0.00
1600086285.991869121 INFO /heima_base_node [/home/zxcar/itheima4_ws/src/zxcar/src/heima_base.cpp:92(velCallback)] [topics: /rosout, /tf, /raw_odom] ODOM PUBLISH
1600086286.041626352 INFO /heima_base_node [/home/zxcar/itheima4_ws/src/zxcar/src/heima_base.cpp:28(velCallback)] [topics: /rosout, /tf, /raw_odom] ODOM PUBLISH 0.00,0.00,0.00
1600086286.041689100 INFO /heima_base_node [/home/zxcar/itheima4_ws/src/zxcar/src/heima_base.cpp:92(velCallback)] [topics: /rosout, /tf, /raw_odom] ODOM PUBLISH
1600086286.102286123 INFO /heima_base_node [/home/zxcar/itheima4_ws/src/zxcar/src/heima_base.cpp:28(velCallback)] [topics: /rosout, /tf, /raw_odom] ODOM PUBLISH 0.00,0.00,0.00
1600086286.102382105 INFO /heima_base_node [/home/zxcar/itheima4_ws/src/zxcar/src/heima_base.cpp:92(velCallback)] [topics: /rosout, /tf, /raw_odom] ODOM PUBLISH
1600086286.153385842 INFO /heima_base_node [/home/zxcar/itheima4_ws/src/zxcar/src/heima_base.cpp:28(velCallback)] [topics: /rosout, /tf, /raw_odom] ODOM PUBLISH 0.00,0.00,0.00
1600086286.153490063 INFO /heima_base_node [/home/zxcar/itheima4_ws/src/zxcar/src/heima_base.cpp:92(velCallback)] [topics: /rosout, /tf, /raw_odom] ODOM PUBLISH
1600086286.207504961 INFO /heima_base_node [/home/zxcar/itheima4_ws/src/zxcar/src/heima_base.cpp:28(velCallback)] [topics: /rosout, /tf, /raw_odom] ODOM PUBLISH 0.00,0.00,0.00
1600086286.207610052 INFO /heima_base_node [/home/zxcar/itheima4_ws/src/zxcar/src/heima_base.cpp:92(velCallback)] [topics: /rosout, /tf, /raw_odom] ODOM PUBLISH
1600086286.261776292 INFO /heima_base_node [/home/zxcar/itheima4_ws/src/zxcar/src/heima_base.cpp:28(velCallback)] [topics: /rosout, /tf, /raw_odom] ODOM PUBLISH 0.00,0.00,0.00
1600086286.261896492 INFO /heima_base_node [/home/zxcar/itheima4_ws/src/zxcar/src/heima_base.cpp:92(velCallback)] [topics: /rosout, /tf, /raw_odom] ODOM PUBLISH
1600086286.316012501 INFO /heima_base_node [/home/zxcar/itheima4_ws/src/zxcar/src/heima_base.cpp:28(velCallback)] [topics: /rosout, /tf, /raw_odom] ODOM PUBLISH 0.00,0.00,0.00
1600086286.316115741 INFO /heima_base_node [/home/zxcar/itheima4_ws/src/zxcar/src/heima_base.cpp:92(velCallback)] [topics: /rosout, /tf, /raw_odom] ODOM PUBLISH
1600086286.370306624 INFO /heima_base_node [/home/zxcar/itheima4_ws/src/zxcar/src/heima_base.cpp:28(velCallback)] [topics: /rosout, /tf, /raw_odom] ODOM PUBLISH 0.00,0.00,0.00
1600086286.370422288 INFO /heima_base_node [/home/zxcar/itheima4_ws/src/zxcar/src/heima_base.cpp:92(velCallback)] [topics: /rosout, /tf, /raw_odom] ODOM PUBLISH
1600086286.423788270 INFO /heima_base_node [/home/zxcar/itheima4_ws/src/zxcar/src/heima_base.cpp:28(velCallback)] [topics: /rosout, /tf, /raw_odom] ODOM PUBLISH 0.00,0.00,0.00
1600086286.423869754 INFO /heima_base_node [/home/zxcar/itheima4_ws/src/zxcar/src/heima_base.cpp:92(velCallback)] [topics: /rosout, /tf, /raw_odom] ODOM PUBLISH
1600086286.480191389 INFO /heima_base_node [/home/zxcar/itheima4_ws/src/zxcar/src/heima_base.cpp:28(velCallback)] [topics: /rosout, /tf, /raw_odom] ODOM PUBLISH 0.00,0.00,0.00
1600086286.480279576 INFO /heima_base_node [/home/zxcar/itheima4_ws/src/zxcar/src/heima_base.cpp:92(velCallback)] [topics: /rosout, /tf, /raw_odom] ODOM PUBLISH
1600086286.531721639 INFO /heima_base_node [/home/zxcar/itheima4_ws/src/zxcar/src/heima_base.cpp:28(velCallback)] [topics: /rosout, /tf, /raw_odom] ODOM PUBLISH 0.00,0.00,0.00
1600086286.531840580 INFO /heima_base_node [/home/zxcar/itheima4_ws/src/zxcar/src/heima_base.cpp:92(velCallback)] [topics: /rosout, /tf, /raw_odom] ODOM PUBLISH
1600086286.589719609 INFO /heima_base_node [/home/zxcar/itheima4_ws/src/zxcar/src/heima_base.cpp:28(velCallback)] [topics: /rosout, /tf, /raw_odom] ODOM PUBLISH 0.00,0.00,0.00
1600086286.589843142 INFO /heima_base_node [/home/zxcar/itheima4_ws/src/zxcar/src/heima_base.cpp:92(velCallback)] [topics: /rosout, /tf, /raw_odom] ODOM PUBLISH
1600086286.645536653 INFO /heima_base_node [/home/zxcar/itheima4_ws/src/zxcar/src/heima_base.cpp:28(velCallback)] [topics: /rosout, /tf, /raw_odom] ODOM PUBLISH 0.00,0.00,0.00
1600086286.645639782 INFO /heima_base_node [/home/zxcar/itheima4_ws/src/zxcar/src/heima_base.cpp:92(velCallback)] [topics: /rosout, /tf, /raw_odom] ODOM PUBLISH
1600086286.695162924 INFO /heima_base_node [/home/zxcar/itheima4_ws/src/zxcar/src/heima_base.cpp:28(velCallback)] [topics: /rosout, /tf, /raw_odom] ODOM PUBLISH 0.00,0.00,0.00
1600086286.695276217 INFO /heima_base_node [/home/zxcar/itheima4_ws/src/zxcar/src/heima_base.cpp:92(velCallback)] [topics: /rosout, /tf, /raw_odom] ODOM PUBLISH
1600086286.749325627 INFO /heima_base_node [/home/zxcar/itheima4_ws/src/zxcar/src/heima_base.cpp:28(velCallback)] [topics: /rosout, /tf, /raw_odom] ODOM PUBLISH 0.00,0.00,0.00
1600086286.749440439 INFO /heima_base_node [/home/zxcar/itheima4_ws/src/zxcar/src/heima_base.cpp:92(velCallback)] [topics: /rosout, /tf, /raw_odom] ODOM PUBLISH
1600086286.802389369 INFO /heima_base_node [/home/zxcar/itheima4_ws/src/zxcar/src/heima_base.cpp:28(velCallback)] [topics: /rosout, /tf, /raw_odom] ODOM PUBLISH 0.00,0.00,0.00
1600086286.802485721 INFO /heima_base_node [/home/zxcar/itheima4_ws/src/zxcar/src/heima_base.cpp:92(velCallback)] [topics: /rosout, /tf, /raw_odom] ODOM PUBLISH
1600086286.858651811 INFO /heima_base_node [/home/zxcar/itheima4_ws/src/zxcar/src/heima_base.cpp:28(velCallback)] [topics: /rosout, /tf, /raw_odom] ODOM PUBLISH 0.00,0.00,0.00
1600086286.858762272 INFO /heima_base_node [/home/zxcar/itheima4_ws/src/zxcar/src/heima_base.cpp:92(velCallback)] [topics: /rosout, /tf, /raw_odom] ODOM PUBLISH
1600086286.912159877 INFO /heima_base_node [/home/zxcar/itheima4_ws/src/zxcar/src/heima_base.cpp:28(velCallback)] [topics: /rosout, /tf, /raw_odom] ODOM PUBLISH 0.00,0.00,0.00
1600086286.912268209 INFO /heima_base_node [/home/zxcar/itheima4_ws/src/zxcar/src/heima_base.cpp:92(velCallback)] [topics: /rosout, /tf, /raw_odom] ODOM PUBLISH
1600086286.965991494 INFO /apply_calib [/home/zxcar/itheima4_ws/src/imu_calib/src/apply_calib.cpp:92(ApplyCalib::rawImuCallback)] [topics: /rosout, /imu/data_raw, /imu/mag] Gyro calibration complete! (bias = [-0.009, 0.028, 0.017])
1600086286.966838355 INFO /heima_base_node [/home/zxcar/itheima4_ws/src/zxcar/src/heima_base.cpp:28(velCallback)] [topics: /rosout, /tf, /raw_odom] ODOM PUBLISH 0.00,0.00,0.00
1600086286.966942521 INFO /heima_base_node [/home/zxcar/itheima4_ws/src/zxcar/src/heima_base.cpp:92(velCallback)] [topics: /rosout, /tf, /raw_odom] ODOM PUBLISH
1600086287.021482371 INFO /imu_filter_madgwick [/home/zxcar/itheima4_ws/src/imu_filter_madgwick/src/imu_filter_ros.cpp:259(imuMagCallback)] [topics: /rosout, /tf, /imu_filter_madgwick/parameter_descriptions, /imu_filter_madgwick/parameter_updates, /imu/data] First pair of IMU and magnetometer messages received.
1600086287.020190395 INFO /heima_base_node [/home/zxcar/itheima4_ws/src/zxcar/src/heima_base.cpp:28(velCallback)] [topics: /rosout, /tf, /raw_odom] ODOM PUBLISH 0.00,0.00,0.00
1600086287.020270491 INFO /heima_base_node [/home/zxcar/itheima4_ws/src/zxcar/src/heima_base.cpp:92(velCallback)] [topics: /rosout, /tf, /raw_odom] ODOM PUBLISH
1600086287.075462449 INFO /heima_base_node [/home/zxcar/itheima4_ws/src/zxcar/src/heima_base.cpp:28(velCallback)] [topics: /rosout, /tf, /raw_odom] ODOM PUBLISH 0.00,0.00,0.00
1600086287.075558486 INFO /heima_base_node [/home/zxcar/itheima4_ws/src/zxcar/src/heima_base.cpp:92(velCallback)] [topics: /rosout, /tf, /raw_odom] ODOM PUBLISH
1600086287.131113450 INFO /heima_base_node [/home/zxcar/itheima4_ws/src/zxcar/src/heima_base.cpp:28(velCallback)] [topics: /rosout, /tf, /raw_odom] ODOM PUBLISH 0.00,0.00,0.00
1600086287.131234594 INFO /heima_base_node [/home/zxcar/itheima4_ws/src/zxcar/src/heima_base.cpp:92(velCallback)] [topics: /rosout, /tf, /raw_odom] ODOM PUBLISH
1600086287.182498133 INFO /heima_base_node [/home/zxcar/itheima4_ws/src/zxcar/src/heima_base.cpp:28(velCallback)] [topics: /rosout, /tf, /raw_odom] ODOM PUBLISH 0.00,0.00,0.00
1600086287.182585376 INFO /heima_base_node [/home/zxcar/itheima4_ws/src/zxcar/src/heima_base.cpp:92(velCallback)] [topics: /rosout, /tf, /raw_odom] ODOM PUBLISH
1600086287.238100458 INFO /heima_base_node [/home/zxcar/itheima4_ws/src/zxcar/src/heima_base.cpp:28(velCallback)] [topics: /rosout, /tf, /raw_odom] ODOM PUBLISH 0.00,0.00,0.00
1600086287.238312251 INFO /heima_base_node [/home/zxcar/itheima4_ws/src/zxcar/src/heima_base.cpp:92(velCallback)] [topics: /rosout, /tf, /raw_odom] ODOM PUBLISH
1600086287.294159715 INFO /heima_base_node [/home/zxcar/itheima4_ws/src/zxcar/src/heima_base.cpp:28(velCallback)] [topics: /rosout, /tf, /raw_odom] ODOM PUBLISH 0.00,0.00,0.00
1600086287.294392152 INFO /heima_base_node [/home/zxcar/itheima4_ws/src/zxcar/src/heima_base.cpp:92(velCallback)] [topics: /rosout, /tf, /raw_odom] ODOM PUBLISH
1600086287.345099612 INFO /heima_base_node [/home/zxcar/itheima4_ws/src/zxcar/src/heima_base.cpp:28(velCallback)] [topics: /rosout, /tf, /raw_odom] ODOM PUBLISH 0.00,0.00,0.00
1600086287.345181430 INFO /heima_base_node [/home/zxcar/itheima4_ws/src/zxcar/src/heima_base.cpp:92(velCallback)] [topics: /rosout, /tf, /raw_odom] ODOM PUBLISH
1600086287.401381030 INFO /heima_base_node [/home/zxcar/itheima4_ws/src/zxcar/src/heima_base.cpp:28(velCallback)] [topics: /rosout, /tf, /raw_odom] ODOM PUBLISH 0.00,0.00,0.00
1600086287.401489269 INFO /heima_base_node [/home/zxcar/itheima4_ws/src/zxcar/src/heima_base.cpp:92(velCallback)] [topics: /rosout, /tf, /raw_odom] ODOM PUBLISH
1600086287.454807917 INFO /heima_base_node [/home/zxcar/itheima4_ws/src/zxcar/src/heima_base.cpp:28(velCallback)] [topics: /rosout, /tf, /raw_odom] ODOM PUBLISH 0.00,0.00,0.00
1600086287.454889587 INFO /heima_base_node [/home/zxcar/itheima4_ws/src/zxcar/src/heima_base.cpp:92(velCallback)] [topics: /rosout, /tf, /raw_odom] ODOM PUBLISH
1600086287.510575414 INFO /heima_base_node [/home/zxcar/itheima4_ws/src/zxcar/src/heima_base.cpp:28(velCallback)] [topics: /rosout, /tf, /raw_odom] ODOM PUBLISH 0.00,0.00,0.00
1600086287.510664379 INFO /heima_base_node [/home/zxcar/itheima4_ws/src/zxcar/src/heima_base.cpp:92(velCallback)] [topics: /rosout, /tf, /raw_odom] ODOM PUBLISH
1600086287.564731681 INFO /heima_base_node [/home/zxcar/itheima4_ws/src/zxcar/src/heima_base.cpp:28(velCallback)] [topics: /rosout, /tf, /raw_odom] ODOM PUBLISH 0.00,0.00,0.00
1600086287.564818442 INFO /heima_base_node [/home/zxcar/itheima4_ws/src/zxcar/src/heima_base.cpp:92(velCallback)] [topics: /rosout, /tf, /raw_odom] ODOM PUBLISH
1600086287.618753214 INFO /heima_base_node [/home/zxcar/itheima4_ws/src/zxcar/src/heima_base.cpp:28(velCallback)] [topics: /rosout, /tf, /raw_odom] ODOM PUBLISH 0.00,0.00,0.00
1600086287.618871507 INFO /heima_base_node [/home/zxcar/itheima4_ws/src/zxcar/src/heima_base.cpp:92(velCallback)] [topics: /rosout, /tf, /raw_odom] ODOM PUBLISH
1600086287.669971318 INFO /heima_base_node [/home/zxcar/itheima4_ws/src/zxcar/src/heima_base.cpp:28(velCallback)] [topics: /rosout, /tf, /raw_odom] ODOM PUBLISH 0.00,0.00,0.00
1600086287.670060079 INFO /heima_base_node [/home/zxcar/itheima4_ws/src/zxcar/src/heima_base.cpp:92(velCallback)] [topics: /rosout, /tf, /raw_odom] ODOM PUBLISH
1600086287.725473514 INFO /heima_base_node [/home/zxcar/itheima4_ws/src/zxcar/src/heima_base.cpp:28(velCallback)] [topics: /rosout, /tf, /raw_odom] ODOM PUBLISH 0.00,0.00,0.00
1600086287.725580420 INFO /heima_base_node [/home/zxcar/itheima4_ws/src/zxcar/src/heima_base.cpp:92(velCallback)] [topics: /rosout, /tf, /raw_odom] ODOM PUBLISH
1600086287.780529332 INFO /heima_base_node [/home/zxcar/itheima4_ws/src/zxcar/src/heima_base.cpp:28(velCallback)] [topics: /rosout, /tf, /raw_odom] ODOM PUBLISH 0.00,0.00,0.00
1600086287.780614982 INFO /heima_base_node [/home/zxcar/itheima4_ws/src/zxcar/src/heima_base.cpp:92(velCallback)] [topics: /rosout, /tf, /raw_odom] ODOM PUBLISH
1600086287.834718518 INFO /heima_base_node [/home/zxcar/itheima4_ws/src/zxcar/src/heima_base.cpp:28(velCallback)] [topics: /rosout, /tf, /raw_odom] ODOM PUBLISH 0.00,0.00,0.00
1600086287.834803373 INFO /heima_base_node [/home/zxcar/itheima4_ws/src/zxcar/src/heima_base.cpp:92(velCallback)] [topics: /rosout, /tf, /raw_odom] ODOM PUBLISH
1600086287.889027238 INFO /heima_base_node [/home/zxcar/itheima4_ws/src/zxcar/src/heima_base.cpp:28(velCallback)] [topics: /rosout, /tf, /raw_odom] ODOM PUBLISH 0.00,0.00,0.00
1600086287.889132477 INFO /heima_base_node [/home/zxcar/itheima4_ws/src/zxcar/src/heima_base.cpp:92(velCallback)] [topics: /rosout, /tf, /raw_odom] ODOM PUBLISH
1600086287.945035226 INFO /heima_base_node [/home/zxcar/itheima4_ws/src/zxcar/src/heima_base.cpp:28(velCallback)] [topics: /rosout, /tf, /raw_odom] ODOM PUBLISH 0.00,0.00,0.00
1600086287.945117211 INFO /heima_base_node [/home/zxcar/itheima4_ws/src/zxcar/src/heima_base.cpp:92(velCallback)] [topics: /rosout, /tf, /raw_odom] ODOM PUBLISH
1600086287.997802961 INFO /heima_base_node [/home/zxcar/itheima4_ws/src/zxcar/src/heima_base.cpp:28(velCallback)] [topics: /rosout, /tf, /raw_odom] ODOM PUBLISH 0.00,0.00,0.00
1600086287.997886908 INFO /heima_base_node [/home/zxcar/itheima4_ws/src/zxcar/src/heima_base.cpp:92(velCallback)] [topics: /rosout, /tf, /raw_odom] ODOM PUBLISH
1600086288.052507095 INFO /heima_base_node [/home/zxcar/itheima4_ws/src/zxcar/src/heima_base.cpp:28(velCallback)] [topics: /rosout, /tf, /raw_odom] ODOM PUBLISH 0.00,0.00,0.00
1600086288.052615074 INFO /heima_base_node [/home/zxcar/itheima4_ws/src/zxcar/src/heima_base.cpp:92(velCallback)] [topics: /rosout, /tf, /raw_odom] ODOM PUBLISH
1600086288.107283736 INFO /heima_base_node [/home/zxcar/itheima4_ws/src/zxcar/src/heima_base.cpp:28(velCallback)] [topics: /rosout, /tf, /raw_odom] ODOM PUBLISH 0.00,0.00,0.00
1600086288.107416618 INFO /heima_base_node [/home/zxcar/itheima4_ws/src/zxcar/src/heima_base.cpp:92(velCallback)] [topics: /rosout, /tf, /raw_odom] ODOM PUBLISH
1600086288.160409217 INFO /heima_base_node [/home/zxcar/itheima4_ws/src/zxcar/src/heima_base.cpp:28(velCallback)] [topics: /rosout, /tf, /raw_odom] ODOM PUBLISH 0.00,0.00,0.00
1600086288.160514233 INFO /heima_base_node [/home/zxcar/itheima4_ws/src/zxcar/src/heima_base.cpp:92(velCallback)] [topics: /rosout, /tf, /raw_odom] ODOM PUBLISH
1600086288.212872363 INFO /heima_base_node [/home/zxcar/itheima4_ws/src/zxcar/src/heima_base.cpp:28(velCallback)] [topics: /rosout, /tf, /raw_odom] ODOM PUBLISH 0.00,0.00,0.00
1600086288.212968492 INFO /heima_base_node [/home/zxcar/itheima4_ws/src/zxcar/src/heima_base.cpp:92(velCallback)] [topics: /rosout, /tf, /raw_odom] ODOM PUBLISH
1600086288.268996705 INFO /heima_base_node [/home/zxcar/itheima4_ws/src/zxcar/src/heima_base.cpp:28(velCallback)] [topics: /rosout, /tf, /raw_odom] ODOM PUBLISH 0.00,0.00,0.00
1600086288.269122903 INFO /heima_base_node [/home/zxcar/itheima4_ws/src/zxcar/src/heima_base.cpp:92(velCallback)] [topics: /rosout, /tf, /raw_odom] ODOM PUBLISH
1600086288.323729188 INFO /heima_base_node [/home/zxcar/itheima4_ws/src/zxcar/src/heima_base.cpp:28(velCallback)] [topics: /rosout, /tf, /raw_odom] ODOM PUBLISH 0.00,0.00,0.00
1600086288.323816208 INFO /heima_base_node [/home/zxcar/itheima4_ws/src/zxcar/src/heima_base.cpp:92(velCallback)] [topics: /rosout, /tf, /raw_odom] ODOM PUBLISH
1600086288.377311727 INFO /heima_base_node [/home/zxcar/itheima4_ws/src/zxcar/src/heima_base.cpp:28(velCallback)] [topics: /rosout, /tf, /raw_odom] ODOM PUBLISH 0.00,0.00,0.00
1600086288.377429612 INFO /heima_base_node [/home/zxcar/itheima4_ws/src/zxcar/src/heima_base.cpp:92(velCallback)] [topics: /rosout, /tf, /raw_odom] ODOM PUBLISH
1600086288.431326017 INFO /heima_base_node [/home/zxcar/itheima4_ws/src/zxcar/src/heima_base.cpp:28(velCallback)] [topics: /rosout, /tf, /raw_odom] ODOM PUBLISH 0.00,0.00,0.00
1600086288.431429589 INFO /heima_base_node [/home/zxcar/itheima4_ws/src/zxcar/src/heima_base.cpp:92(velCallback)] [topics: /rosout, /tf, /raw_odom] ODOM PUBLISH
1600086288.487082893 INFO /heima_base_node [/home/zxcar/itheima4_ws/src/zxcar/src/heima_base.cpp:28(velCallback)] [topics: /rosout, /tf, /raw_odom] ODOM PUBLISH 0.00,0.00,0.00
1600086288.487166784 INFO /heima_base_node [/home/zxcar/itheima4_ws/src/zxcar/src/heima_base.cpp:92(velCallback)] [topics: /rosout, /tf, /raw_odom] ODOM PUBLISH
1600086288.542528830 INFO /heima_base_node [/home/zxcar/itheima4_ws/src/zxcar/src/heima_base.cpp:28(velCallback)] [topics: /rosout, /tf, /raw_odom] ODOM PUBLISH 0.00,0.00,0.00
1600086288.542616702 INFO /heima_base_node [/home/zxcar/itheima4_ws/src/zxcar/src/heima_base.cpp:92(velCallback)] [topics: /rosout, /tf, /raw_odom] ODOM PUBLISH
1600086288.596420588 INFO /heima_base_node [/home/zxcar/itheima4_ws/src/zxcar/src/heima_base.cpp:28(velCallback)] [topics: /rosout, /tf, /raw_odom] ODOM PUBLISH 0.00,0.00,0.00
1600086288.596527271 INFO /heima_base_node [/home/zxcar/itheima4_ws/src/zxcar/src/heima_base.cpp:92(velCallback)] [topics: /rosout, /tf, /raw_odom] ODOM PUBLISH
1600086288.646768755 INFO /heima_base_node [/home/zxcar/itheima4_ws/src/zxcar/src/heima_base.cpp:28(velCallback)] [topics: /rosout, /tf, /raw_odom] ODOM PUBLISH 0.00,0.00,0.00
1600086288.646873661 INFO /heima_base_node [/home/zxcar/itheima4_ws/src/zxcar/src/heima_base.cpp:92(velCallback)] [topics: /rosout, /tf, /raw_odom] ODOM PUBLISH
1600086288.700881062 INFO /heima_base_node [/home/zxcar/itheima4_ws/src/zxcar/src/heima_base.cpp:28(velCallback)] [topics: /rosout, /tf, /raw_odom] ODOM PUBLISH 0.00,0.00,0.00
1600086288.700975951 INFO /heima_base_node [/home/zxcar/itheima4_ws/src/zxcar/src/heima_base.cpp:92(velCallback)] [topics: /rosout, /tf, /raw_odom] ODOM PUBLISH
1600086288.755113679 INFO /heima_base_node [/home/zxcar/itheima4_ws/src/zxcar/src/heima_base.cpp:28(velCallback)] [topics: /rosout, /tf, /raw_odom] ODOM PUBLISH 0.00,0.00,0.00
1600086288.755229194 INFO /heima_base_node [/home/zxcar/itheima4_ws/src/zxcar/src/heima_base.cpp:92(velCallback)] [topics: /rosout, /tf, /raw_odom] ODOM PUBLISH
1600086288.812609015 INFO /heima_base_node [/home/zxcar/itheima4_ws/src/zxcar/src/heima_base.cpp:28(velCallback)] [topics: /rosout, /tf, /raw_odom] ODOM PUBLISH 0.00,0.00,0.00
1600086288.812773298 INFO /heima_base_node [/home/zxcar/itheima4_ws/src/zxcar/src/heima_base.cpp:92(velCallback)] [topics: /rosout, /tf, /raw_odom] ODOM PUBLISH
1600086288.865848047 INFO /heima_base_node [/home/zxcar/itheima4_ws/src/zxcar/src/heima_base.cpp:28(velCallback)] [topics: /rosout, /tf, /raw_odom] ODOM PUBLISH 0.00,0.00,0.00
1600086288.865970449 INFO /heima_base_node [/home/zxcar/itheima4_ws/src/zxcar/src/heima_base.cpp:92(velCallback)] [topics: /rosout, /tf, /raw_odom] ODOM PUBLISH
1600086288.920356407 INFO /heima_base_node [/home/zxcar/itheima4_ws/src/zxcar/src/heima_base.cpp:28(velCallback)] [topics: /rosout, /tf, /raw_odom] ODOM PUBLISH 0.00,0.00,0.00
1600086288.920458720 INFO /heima_base_node [/home/zxcar/itheima4_ws/src/zxcar/src/heima_base.cpp:92(velCallback)] [topics: /rosout, /tf, /raw_odom] ODOM PUBLISH
1600086288.974560178 INFO /heima_base_node [/home/zxcar/itheima4_ws/src/zxcar/src/heima_base.cpp:28(velCallback)] [topics: /rosout, /tf, /raw_odom] ODOM PUBLISH 0.00,0.00,0.00
1600086288.974643402 INFO /heima_base_node [/home/zxcar/itheima4_ws/src/zxcar/src/heima_base.cpp:92(velCallback)] [topics: /rosout, /tf, /raw_odom] ODOM PUBLISH
1600086289.028067637 INFO /heima_base_node [/home/zxcar/itheima4_ws/src/zxcar/src/heima_base.cpp:28(velCallback)] [topics: /rosout, /tf, /raw_odom] ODOM PUBLISH 0.00,0.00,0.00
1600086289.028153194 INFO /heima_base_node [/home/zxcar/itheima4_ws/src/zxcar/src/heima_base.cpp:92(velCallback)] [topics: /rosout, /tf, /raw_odom] ODOM PUBLISH
1600086289.084648605 INFO /heima_base_node [/home/zxcar/itheima4_ws/src/zxcar/src/heima_base.cpp:28(velCallback)] [topics: /rosout, /tf, /raw_odom] ODOM PUBLISH 0.00,0.00,0.00
1600086289.084757732 INFO /heima_base_node [/home/zxcar/itheima4_ws/src/zxcar/src/heima_base.cpp:92(velCallback)] [topics: /rosout, /tf, /raw_odom] ODOM PUBLISH
1600086289.137576704 INFO /heima_base_node [/home/zxcar/itheima4_ws/src/zxcar/src/heima_base.cpp:28(velCallback)] [topics: /rosout, /tf, /raw_odom] ODOM PUBLISH 0.00,0.00,0.00
1600086289.137727155 INFO /heima_base_node [/home/zxcar/itheima4_ws/src/zxcar/src/heima_base.cpp:92(velCallback)] [topics: /rosout, /tf, /raw_odom] ODOM PUBLISH
1600086289.190933532 INFO /heima_base_node [/home/zxcar/itheima4_ws/src/zxcar/src/heima_base.cpp:28(velCallback)] [topics: /rosout, /tf, /raw_odom] ODOM PUBLISH 0.00,0.00,0.00
1600086289.191045473 INFO /heima_base_node [/home/zxcar/itheima4_ws/src/zxcar/src/heima_base.cpp:92(velCallback)] [topics: /rosout, /tf, /raw_odom] ODOM PUBLISH
1600086289.243333994 INFO /heima_base_node [/home/zxcar/itheima4_ws/src/zxcar/src/heima_base.cpp:28(velCallback)] [topics: /rosout, /tf, /raw_odom] ODOM PUBLISH 0.00,0.00,0.00
1600086289.243427346 INFO /heima_base_node [/home/zxcar/itheima4_ws/src/zxcar/src/heima_base.cpp:92(velCallback)] [topics: /rosout, /tf, /raw_odom] ODOM PUBLISH
1600086289.299402749 INFO /heima_base_node [/home/zxcar/itheima4_ws/src/zxcar/src/heima_base.cpp:28(velCallback)] [topics: /rosout, /tf, /raw_odom] ODOM PUBLISH 0.00,0.00,0.00
1600086289.299500304 INFO /heima_base_node [/home/zxcar/itheima4_ws/src/zxcar/src/heima_base.cpp:92(velCallback)] [topics: /rosout, /tf, /raw_odom] ODOM PUBLISH
1600086289.353398192 INFO /heima_base_node [/home/zxcar/itheima4_ws/src/zxcar/src/heima_base.cpp:28(velCallback)] [topics: /rosout, /tf, /raw_odom] ODOM PUBLISH 0.00,0.00,0.00
1600086289.353491729 INFO /heima_base_node [/home/zxcar/itheima4_ws/src/zxcar/src/heima_base.cpp:92(velCallback)] [topics: /rosout, /tf, /raw_odom] ODOM PUBLISH
1600086289.408262796 INFO /heima_base_node [/home/zxcar/itheima4_ws/src/zxcar/src/heima_base.cpp:28(velCallback)] [topics: /rosout, /tf, /raw_odom] ODOM PUBLISH 0.00,0.00,0.00
1600086289.408369182 INFO /heima_base_node [/home/zxcar/itheima4_ws/src/zxcar/src/heima_base.cpp:92(velCallback)] [topics: /rosout, /tf, /raw_odom] ODOM PUBLISH
1600086289.461384615 INFO /heima_base_node [/home/zxcar/itheima4_ws/src/zxcar/src/heima_base.cpp:28(velCallback)] [topics: /rosout, /tf, /raw_odom] ODOM PUBLISH 0.00,0.00,0.00
1600086289.461490816 INFO /heima_base_node [/home/zxcar/itheima4_ws/src/zxcar/src/heima_base.cpp:92(velCallback)] [topics: /rosout, /tf, /raw_odom] ODOM PUBLISH
1600086289.516233093 INFO /heima_base_node [/home/zxcar/itheima4_ws/src/zxcar/src/heima_base.cpp:28(velCallback)] [topics: /rosout, /tf, /raw_odom] ODOM PUBLISH 0.00,0.00,0.00
1600086289.516337276 INFO /heima_base_node [/home/zxcar/itheima4_ws/src/zxcar/src/heima_base.cpp:92(velCallback)] [topics: /rosout, /tf, /raw_odom] ODOM PUBLISH
1600086289.570297910 INFO /heima_base_node [/home/zxcar/itheima4_ws/src/zxcar/src/heima_base.cpp:28(velCallback)] [topics: /rosout, /tf, /raw_odom] ODOM PUBLISH 0.00,0.00,0.00
1600086289.570414387 INFO /heima_base_node [/home/zxcar/itheima4_ws/src/zxcar/src/heima_base.cpp:92(velCallback)] [topics: /rosout, /tf, /raw_odom] ODOM PUBLISH
1600086289.626317860 INFO /heima_base_node [/home/zxcar/itheima4_ws/src/zxcar/src/heima_base.cpp:28(velCallback)] [topics: /rosout, /tf, /raw_odom] ODOM PUBLISH 0.00,0.00,0.00
1600086289.626488863 INFO /heima_base_node [/home/zxcar/itheima4_ws/src/zxcar/src/heima_base.cpp:92(velCallback)] [topics: /rosout, /tf, /raw_odom] ODOM PUBLISH
1600086289.679360491 INFO /heima_base_node [/home/zxcar/itheima4_ws/src/zxcar/src/heima_base.cpp:28(velCallback)] [topics: /rosout, /tf, /raw_odom] ODOM PUBLISH 0.00,0.00,0.00
1600086289.679500630 INFO /heima_base_node [/home/zxcar/itheima4_ws/src/zxcar/src/heima_base.cpp:92(velCallback)] [topics: /rosout, /tf, /raw_odom] ODOM PUBLISH
1600086289.731025951 INFO /heima_base_node [/home/zxcar/itheima4_ws/src/zxcar/src/heima_base.cpp:28(velCallback)] [topics: /rosout, /tf, /raw_odom] ODOM PUBLISH 0.00,0.00,0.00
1600086289.731125320 INFO /heima_base_node [/home/zxcar/itheima4_ws/src/zxcar/src/heima_base.cpp:92(velCallback)] [topics: /rosout, /tf, /raw_odom] ODOM PUBLISH
1600086289.787708158 INFO /heima_base_node [/home/zxcar/itheima4_ws/src/zxcar/src/heima_base.cpp:28(velCallback)] [topics: /rosout, /tf, /raw_odom] ODOM PUBLISH 0.00,0.00,0.00
1600086289.787816877 INFO /heima_base_node [/home/zxcar/itheima4_ws/src/zxcar/src/heima_base.cpp:92(velCallback)] [topics: /rosout, /tf, /raw_odom] ODOM PUBLISH
1600086289.842492296 INFO /heima_base_node [/home/zxcar/itheima4_ws/src/zxcar/src/heima_base.cpp:28(velCallback)] [topics: /rosout, /tf, /raw_odom] ODOM PUBLISH 0.00,0.00,0.00
1600086289.842620549 INFO /heima_base_node [/home/zxcar/itheima4_ws/src/zxcar/src/heima_base.cpp:92(velCallback)] [topics: /rosout, /tf, /raw_odom] ODOM PUBLISH
1600086289.896540414 INFO /heima_base_node [/home/zxcar/itheima4_ws/src/zxcar/src/heima_base.cpp:28(velCallback)] [topics: /rosout, /tf, /raw_odom] ODOM PUBLISH 0.00,0.00,0.00
1600086289.896648985 INFO /heima_base_node [/home/zxcar/itheima4_ws/src/zxcar/src/heima_base.cpp:92(velCallback)] [topics: /rosout, /tf, /raw_odom] ODOM PUBLISH
1600086289.950296922 INFO /heima_base_node [/home/zxcar/itheima4_ws/src/zxcar/src/heima_base.cpp:28(velCallback)] [topics: /rosout, /tf, /raw_odom] ODOM PUBLISH 0.00,0.00,0.00
1600086289.950418065 INFO /heima_base_node [/home/zxcar/itheima4_ws/src/zxcar/src/heima_base.cpp:92(velCallback)] [topics: /rosout, /tf, /raw_odom] ODOM PUBLISH
1600086290.008043320 INFO /heima_base_node [/home/zxcar/itheima4_ws/src/zxcar/src/heima_base.cpp:28(velCallback)] [topics: /rosout, /tf, /raw_odom] ODOM PUBLISH 0.00,0.00,0.00
1600086290.008135227 INFO /heima_base_node [/home/zxcar/itheima4_ws/src/zxcar/src/heima_base.cpp:92(velCallback)] [topics: /rosout, /tf, /raw_odom] ODOM PUBLISH
1600086290.059449404 INFO /heima_base_node [/home/zxcar/itheima4_ws/src/zxcar/src/heima_base.cpp:28(velCallback)] [topics: /rosout, /tf, /raw_odom] ODOM PUBLISH 0.00,0.00,0.00
1600086290.059560659 INFO /heima_base_node [/home/zxcar/itheima4_ws/src/zxcar/src/heima_base.cpp:92(velCallback)] [topics: /rosout, /tf, /raw_odom] ODOM PUBLISH
1600086290.113409899 INFO /heima_base_node [/home/zxcar/itheima4_ws/src/zxcar/src/heima_base.cpp:28(velCallback)] [topics: /rosout, /tf, /raw_odom] ODOM PUBLISH 0.00,0.00,0.00
1600086290.113519895 INFO /heima_base_node [/home/zxcar/itheima4_ws/src/zxcar/src/heima_base.cpp:92(velCallback)] [topics: /rosout, /tf, /raw_odom] ODOM PUBLISH
1600086290.165236361 INFO /heima_base_node [/home/zxcar/itheima4_ws/src/zxcar/src/heima_base.cpp:28(velCallback)] [topics: /rosout, /tf, /raw_odom] ODOM PUBLISH 0.00,0.00,0.00
1600086290.165326009 INFO /heima_base_node [/home/zxcar/itheima4_ws/src/zxcar/src/heima_base.cpp:92(velCallback)] [topics: /rosout, /tf, /raw_odom] ODOM PUBLISH
1600086290.218603142 INFO /heima_base_node [/home/zxcar/itheima4_ws/src/zxcar/src/heima_base.cpp:28(velCallback)] [topics: /rosout, /tf, /raw_odom] ODOM PUBLISH 0.00,0.00,0.00
1600086290.218715675 INFO /heima_base_node [/home/zxcar/itheima4_ws/src/zxcar/src/heima_base.cpp:92(velCallback)] [topics: /rosout, /tf, /raw_odom] ODOM PUBLISH
1600086290.276550759 INFO /heima_base_node [/home/zxcar/itheima4_ws/src/zxcar/src/heima_base.cpp:28(velCallback)] [topics: /rosout, /tf, /raw_odom] ODOM PUBLISH 0.00,0.00,0.00
1600086290.276685880 INFO /heima_base_node [/home/zxcar/itheima4_ws/src/zxcar/src/heima_base.cpp:92(velCallback)] [topics: /rosout, /tf, /raw_odom] ODOM PUBLISH
1600086290.329730930 INFO /heima_base_node [/home/zxcar/itheima4_ws/src/zxcar/src/heima_base.cpp:28(velCallback)] [topics: /rosout, /tf, /raw_odom] ODOM PUBLISH 0.00,0.00,0.00
1600086290.329837316 INFO /heima_base_node [/home/zxcar/itheima4_ws/src/zxcar/src/heima_base.cpp:92(velCallback)] [topics: /rosout, /tf, /raw_odom] ODOM PUBLISH
1600086290.383798940 INFO /heima_base_node [/home/zxcar/itheima4_ws/src/zxcar/src/heima_base.cpp:28(velCallback)] [topics: /rosout, /tf, /raw_odom] ODOM PUBLISH 0.00,0.00,0.00
1600086290.383908566 INFO /heima_base_node [/home/zxcar/itheima4_ws/src/zxcar/src/heima_base.cpp:92(velCallback)] [topics: /rosout, /tf, /raw_odom] ODOM PUBLISH
1600086290.438492584 INFO /heima_base_node [/home/zxcar/itheima4_ws/src/zxcar/src/heima_base.cpp:28(velCallback)] [topics: /rosout, /tf, /raw_odom] ODOM PUBLISH 0.00,0.00,0.00
1600086290.438582936 INFO /heima_base_node [/home/zxcar/itheima4_ws/src/zxcar/src/heima_base.cpp:92(velCallback)] [topics: /rosout, /tf, /raw_odom] ODOM PUBLISH
1600086290.494082565 INFO /heima_base_node [/home/zxcar/itheima4_ws/src/zxcar/src/heima_base.cpp:28(velCallback)] [topics: /rosout, /tf, /raw_odom] ODOM PUBLISH 0.00,0.00,0.00
1600086290.494235979 INFO /heima_base_node [/home/zxcar/itheima4_ws/src/zxcar/src/heima_base.cpp:92(velCallback)] [topics: /rosout, /tf, /raw_odom] ODOM PUBLISH
1600086290.548090495 INFO /heima_base_node [/home/zxcar/itheima4_ws/src/zxcar/src/heima_base.cpp:28(velCallback)] [topics: /rosout, /tf, /raw_odom] ODOM PUBLISH 0.00,0.00,0.00
1600086290.548199177 INFO /heima_base_node [/home/zxcar/itheima4_ws/src/zxcar/src/heima_base.cpp:92(velCallback)] [topics: /rosout, /tf, /raw_odom] ODOM PUBLISH
1600086290.600711371 INFO /heima_base_node [/home/zxcar/itheima4_ws/src/zxcar/src/heima_base.cpp:28(velCallback)] [topics: /rosout, /tf, /raw_odom] ODOM PUBLISH 0.00,0.00,0.00
1600086290.600831939 INFO /heima_base_node [/home/zxcar/itheima4_ws/src/zxcar/src/heima_base.cpp:92(velCallback)] [topics: /rosout, /tf, /raw_odom] ODOM PUBLISH
1600086290.654628875 INFO /heima_base_node [/home/zxcar/itheima4_ws/src/zxcar/src/heima_base.cpp:28(velCallback)] [topics: /rosout, /tf, /raw_odom] ODOM PUBLISH 0.00,0.00,0.00
1600086290.654753850 INFO /heima_base_node [/home/zxcar/itheima4_ws/src/zxcar/src/heima_base.cpp:92(velCallback)] [topics: /rosout, /tf, /raw_odom] ODOM PUBLISH
1600086290.708401815 INFO /heima_base_node [/home/zxcar/itheima4_ws/src/zxcar/src/heima_base.cpp:28(velCallback)] [topics: /rosout, /tf, /raw_odom] ODOM PUBLISH 0.00,0.00,0.00
1600086290.708512441 INFO /heima_base_node [/home/zxcar/itheima4_ws/src/zxcar/src/heima_base.cpp:92(velCallback)] [topics: /rosout, /tf, /raw_odom] ODOM PUBLISH
1600086290.763963561 INFO /heima_base_node [/home/zxcar/itheima4_ws/src/zxcar/src/heima_base.cpp:28(velCallback)] [topics: /rosout, /tf, /raw_odom] ODOM PUBLISH 0.00,0.00,0.00
1600086290.764088703 INFO /heima_base_node [/home/zxcar/itheima4_ws/src/zxcar/src/heima_base.cpp:92(velCallback)] [topics: /rosout, /tf, /raw_odom] ODOM PUBLISH
1600086290.818365226 INFO /heima_base_node [/home/zxcar/itheima4_ws/src/zxcar/src/heima_base.cpp:28(velCallback)] [topics: /rosout, /tf, /raw_odom] ODOM PUBLISH 0.00,0.00,0.00
1600086290.818478926 INFO /heima_base_node [/home/zxcar/itheima4_ws/src/zxcar/src/heima_base.cpp:92(velCallback)] [topics: /rosout, /tf, /raw_odom] ODOM PUBLISH
1600086290.872494817 INFO /heima_base_node [/home/zxcar/itheima4_ws/src/zxcar/src/heima_base.cpp:28(velCallback)] [topics: /rosout, /tf, /raw_odom] ODOM PUBLISH 0.00,0.00,0.00
1600086290.872611164 INFO /heima_base_node [/home/zxcar/itheima4_ws/src/zxcar/src/heima_base.cpp:92(velCallback)] [topics: /rosout, /tf, /raw_odom] ODOM PUBLISH
1600086290.926383752 INFO /heima_base_node [/home/zxcar/itheima4_ws/src/zxcar/src/heima_base.cpp:28(velCallback)] [topics: /rosout, /tf, /raw_odom] ODOM PUBLISH 0.00,0.00,0.00
1600086290.926476419 INFO /heima_base_node [/home/zxcar/itheima4_ws/src/zxcar/src/heima_base.cpp:92(velCallback)] [topics: /rosout, /tf, /raw_odom] ODOM PUBLISH
1600086290.980781252 INFO /heima_base_node [/home/zxcar/itheima4_ws/src/zxcar/src/heima_base.cpp:28(velCallback)] [topics: /rosout, /tf, /raw_odom] ODOM PUBLISH 0.00,0.00,0.00
1600086290.980894377 INFO /heima_base_node [/home/zxcar/itheima4_ws/src/zxcar/src/heima_base.cpp:92(velCallback)] [topics: /rosout, /tf, /raw_odom] ODOM PUBLISH
1600086291.036253262 INFO /heima_base_node [/home/zxcar/itheima4_ws/src/zxcar/src/heima_base.cpp:28(velCallback)] [topics: /rosout, /tf, /raw_odom] ODOM PUBLISH 0.00,0.00,0.00
1600086291.036339782 INFO /heima_base_node [/home/zxcar/itheima4_ws/src/zxcar/src/heima_base.cpp:92(velCallback)] [topics: /rosout, /tf, /raw_odom] ODOM PUBLISH
1600086291.089311623 INFO /heima_base_node [/home/zxcar/itheima4_ws/src/zxcar/src/heima_base.cpp:28(velCallback)] [topics: /rosout, /tf, /raw_odom] ODOM PUBLISH 0.00,0.00,0.00
1600086291.089431802 INFO /heima_base_node [/home/zxcar/itheima4_ws/src/zxcar/src/heima_base.cpp:92(velCallback)] [topics: /rosout, /tf, /raw_odom] ODOM PUBLISH
1600086291.144088910 INFO /heima_base_node [/home/zxcar/itheima4_ws/src/zxcar/src/heima_base.cpp:28(velCallback)] [topics: /rosout, /tf, /raw_odom] ODOM PUBLISH 0.00,0.00,0.00
1600086291.144205701 INFO /heima_base_node [/home/zxcar/itheima4_ws/src/zxcar/src/heima_base.cpp:92(velCallback)] [topics: /rosout, /tf, /raw_odom] ODOM PUBLISH
1600086291.194782811 INFO /heima_base_node [/home/zxcar/itheima4_ws/src/zxcar/src/heima_base.cpp:28(velCallback)] [topics: /rosout, /tf, /raw_odom] ODOM PUBLISH 0.00,0.00,0.00
1600086291.194903675 INFO /heima_base_node [/home/zxcar/itheima4_ws/src/zxcar/src/heima_base.cpp:92(velCallback)] [topics: /rosout, /tf, /raw_odom] ODOM PUBLISH
1600086291.251770237 INFO /heima_base_node [/home/zxcar/itheima4_ws/src/zxcar/src/heima_base.cpp:28(velCallback)] [topics: /rosout, /tf, /raw_odom] ODOM PUBLISH 0.00,0.00,0.00
1600086291.251862144 INFO /heima_base_node [/home/zxcar/itheima4_ws/src/zxcar/src/heima_base.cpp:92(velCallback)] [topics: /rosout, /tf, /raw_odom] ODOM PUBLISH
1600086291.306670961 INFO /heima_base_node [/home/zxcar/itheima4_ws/src/zxcar/src/heima_base.cpp:28(velCallback)] [topics: /rosout, /tf, /raw_odom] ODOM PUBLISH 0.00,0.00,0.00
1600086291.306766552 INFO /heima_base_node [/home/zxcar/itheima4_ws/src/zxcar/src/heima_base.cpp:92(velCallback)] [topics: /rosout, /tf, /raw_odom] ODOM PUBLISH
1600086291.360571853 INFO /heima_base_node [/home/zxcar/itheima4_ws/src/zxcar/src/heima_base.cpp:28(velCallback)] [topics: /rosout, /tf, /raw_odom] ODOM PUBLISH 0.00,0.00,0.00
1600086291.360695901 INFO /heima_base_node [/home/zxcar/itheima4_ws/src/zxcar/src/heima_base.cpp:92(velCallback)] [topics: /rosout, /tf, /raw_odom] ODOM PUBLISH
1600086291.414975271 INFO /heima_base_node [/home/zxcar/itheima4_ws/src/zxcar/src/heima_base.cpp:28(velCallback)] [topics: /rosout, /tf, /raw_odom] ODOM PUBLISH 0.00,0.00,0.00
1600086291.415069233 INFO /heima_base_node [/home/zxcar/itheima4_ws/src/zxcar/src/heima_base.cpp:92(velCallback)] [topics: /rosout, /tf, /raw_odom] ODOM PUBLISH
1600086291.471118092 INFO /heima_base_node [/home/zxcar/itheima4_ws/src/zxcar/src/heima_base.cpp:28(velCallback)] [topics: /rosout, /tf, /raw_odom] ODOM PUBLISH 0.00,0.00,0.00
1600086291.471240937 INFO /heima_base_node [/home/zxcar/itheima4_ws/src/zxcar/src/heima_base.cpp:92(velCallback)] [topics: /rosout, /tf, /raw_odom] ODOM PUBLISH
1600086291.523331904 INFO /heima_base_node [/home/zxcar/itheima4_ws/src/zxcar/src/heima_base.cpp:28(velCallback)] [topics: /rosout, /tf, /raw_odom] ODOM PUBLISH 0.00,0.00,0.00
1600086291.523426052 INFO /heima_base_node [/home/zxcar/itheima4_ws/src/zxcar/src/heima_base.cpp:92(velCallback)] [topics: /rosout, /tf, /raw_odom] ODOM PUBLISH
1600086291.578826914 INFO /heima_base_node [/home/zxcar/itheima4_ws/src/zxcar/src/heima_base.cpp:28(velCallback)] [topics: /rosout, /tf, /raw_odom] ODOM PUBLISH 0.00,0.00,0.00
1600086291.578919043 INFO /heima_base_node [/home/zxcar/itheima4_ws/src/zxcar/src/heima_base.cpp:92(velCallback)] [topics: /rosout, /tf, /raw_odom] ODOM PUBLISH
1600086291.631894810 INFO /heima_base_node [/home/zxcar/itheima4_ws/src/zxcar/src/heima_base.cpp:28(velCallback)] [topics: /rosout, /tf, /raw_odom] ODOM PUBLISH 0.00,0.00,0.00
1600086291.631985624 INFO /heima_base_node [/home/zxcar/itheima4_ws/src/zxcar/src/heima_base.cpp:92(velCallback)] [topics: /rosout, /tf, /raw_odom] ODOM PUBLISH
1600086291.684368402 INFO /heima_base_node [/home/zxcar/itheima4_ws/src/zxcar/src/heima_base.cpp:28(velCallback)] [topics: /rosout, /tf, /raw_odom] ODOM PUBLISH 0.00,0.00,0.00
1600086291.684488396 INFO /heima_base_node [/home/zxcar/itheima4_ws/src/zxcar/src/heima_base.cpp:92(velCallback)] [topics: /rosout, /tf, /raw_odom] ODOM PUBLISH
1600086291.738689541 INFO /heima_base_node [/home/zxcar/itheima4_ws/src/zxcar/src/heima_base.cpp:28(velCallback)] [topics: /rosout, /tf, /raw_odom] ODOM PUBLISH 0.00,0.00,0.00
1600086291.738784447 INFO /heima_base_node [/home/zxcar/itheima4_ws/src/zxcar/src/heima_base.cpp:92(velCallback)] [topics: /rosout, /tf, /raw_odom] ODOM PUBLISH
1600086291.794762210 INFO /heima_base_node [/home/zxcar/itheima4_ws/src/zxcar/src/heima_base.cpp:28(velCallback)] [topics: /rosout, /tf, /raw_odom] ODOM PUBLISH 0.00,0.00,0.00
1600086291.794857801 INFO /heima_base_node [/home/zxcar/itheima4_ws/src/zxcar/src/heima_base.cpp:92(velCallback)] [topics: /rosout, /tf, /raw_odom] ODOM PUBLISH
1600086291.850595409 INFO /heima_base_node [/home/zxcar/itheima4_ws/src/zxcar/src/heima_base.cpp:28(velCallback)] [topics: /rosout, /tf, /raw_odom] ODOM PUBLISH 0.00,0.00,0.00
1600086291.850712126 INFO /heima_base_node [/home/zxcar/itheima4_ws/src/zxcar/src/heima_base.cpp:92(velCallback)] [topics: /rosout, /tf, /raw_odom] ODOM PUBLISH
1600086291.904447755 INFO /heima_base_node [/home/zxcar/itheima4_ws/src/zxcar/src/heima_base.cpp:28(velCallback)] [topics: /rosout, /tf, /raw_odom] ODOM PUBLISH 0.00,0.00,0.00
1600086291.904535330 INFO /heima_base_node [/home/zxcar/itheima4_ws/src/zxcar/src/heima_base.cpp:92(velCallback)] [topics: /rosout, /tf, /raw_odom] ODOM PUBLISH
1600086291.957251909 INFO /heima_base_node [/home/zxcar/itheima4_ws/src/zxcar/src/heima_base.cpp:28(velCallback)] [topics: /rosout, /tf, /raw_odom] ODOM PUBLISH 0.00,0.00,0.00
1600086291.957345038 INFO /heima_base_node [/home/zxcar/itheima4_ws/src/zxcar/src/heima_base.cpp:92(velCallback)] [topics: /rosout, /tf, /raw_odom] ODOM PUBLISH
1600086292.013157033 INFO /heima_base_node [/home/zxcar/itheima4_ws/src/zxcar/src/heima_base.cpp:28(velCallback)] [topics: /rosout, /tf, /raw_odom] ODOM PUBLISH 0.00,0.00,0.00
1600086292.013253754 INFO /heima_base_node [/home/zxcar/itheima4_ws/src/zxcar/src/heima_base.cpp:92(velCallback)] [topics: /rosout, /tf, /raw_odom] ODOM PUBLISH
1600086292.064316758 INFO /heima_base_node [/home/zxcar/itheima4_ws/src/zxcar/src/heima_base.cpp:28(velCallback)] [topics: /rosout, /tf, /raw_odom] ODOM PUBLISH 0.00,0.00,0.00
1600086292.064408498 INFO /heima_base_node [/home/zxcar/itheima4_ws/src/zxcar/src/heima_base.cpp:92(velCallback)] [topics: /rosout, /tf, /raw_odom] ODOM PUBLISH
1600086292.120763584 INFO /heima_base_node [/home/zxcar/itheima4_ws/src/zxcar/src/heima_base.cpp:28(velCallback)] [topics: /rosout, /tf, /raw_odom] ODOM PUBLISH 0.00,0.00,0.00
1600086292.120880874 INFO /heima_base_node [/home/zxcar/itheima4_ws/src/zxcar/src/heima_base.cpp:92(velCallback)] [topics: /rosout, /tf, /raw_odom] ODOM PUBLISH
1600086292.172569600 INFO /heima_base_node [/home/zxcar/itheima4_ws/src/zxcar/src/heima_base.cpp:28(velCallback)] [topics: /rosout, /tf, /raw_odom] ODOM PUBLISH 0.00,0.00,0.00
1600086292.172762633 INFO /heima_base_node [/home/zxcar/itheima4_ws/src/zxcar/src/heima_base.cpp:92(velCallback)] [topics: /rosout, /tf, /raw_odom] ODOM PUBLISH
1600086292.226844601 INFO /heima_base_node [/home/zxcar/itheima4_ws/src/zxcar/src/heima_base.cpp:28(velCallback)] [topics: /rosout, /tf, /raw_odom] ODOM PUBLISH 0.00,0.00,0.00
1600086292.227045485 INFO /heima_base_node [/home/zxcar/itheima4_ws/src/zxcar/src/heima_base.cpp:92(velCallback)] [topics: /rosout, /tf, /raw_odom] ODOM PUBLISH
1600086292.283191225 INFO /heima_base_node [/home/zxcar/itheima4_ws/src/zxcar/src/heima_base.cpp:28(velCallback)] [topics: /rosout, /tf, /raw_odom] ODOM PUBLISH 0.00,0.00,0.00
1600086292.283378205 INFO /heima_base_node [/home/zxcar/itheima4_ws/src/zxcar/src/heima_base.cpp:92(velCallback)] [topics: /rosout, /tf, /raw_odom] ODOM PUBLISH
1600086292.336789516 INFO /heima_base_node [/home/zxcar/itheima4_ws/src/zxcar/src/heima_base.cpp:28(velCallback)] [topics: /rosout, /tf, /raw_odom] ODOM PUBLISH 0.00,0.00,0.00
1600086292.337036483 INFO /heima_base_node [/home/zxcar/itheima4_ws/src/zxcar/src/heima_base.cpp:92(velCallback)] [topics: /rosout, /tf, /raw_odom] ODOM PUBLISH
1600086292.392514344 INFO /heima_base_node [/home/zxcar/itheima4_ws/src/zxcar/src/heima_base.cpp:28(velCallback)] [topics: /rosout, /tf, /raw_odom] ODOM PUBLISH 0.00,0.00,0.00
1600086292.392761237 INFO /heima_base_node [/home/zxcar/itheima4_ws/src/zxcar/src/heima_base.cpp:92(velCallback)] [topics: /rosout, /tf, /raw_odom] ODOM PUBLISH
1600086292.446831059 INFO /heima_base_node [/home/zxcar/itheima4_ws/src/zxcar/src/heima_base.cpp:28(velCallback)] [topics: /rosout, /tf, /raw_odom] ODOM PUBLISH 0.00,0.00,0.00
1600086292.447287353 INFO /heima_base_node [/home/zxcar/itheima4_ws/src/zxcar/src/heima_base.cpp:92(velCallback)] [topics: /rosout, /tf, /raw_odom] ODOM PUBLISH
1600086292.500002216 INFO /heima_base_node [/home/zxcar/itheima4_ws/src/zxcar/src/heima_base.cpp:28(velCallback)] [topics: /rosout, /tf, /raw_odom] ODOM PUBLISH 0.00,0.00,0.00
1600086292.500532217 INFO /heima_base_node [/home/zxcar/itheima4_ws/src/zxcar/src/heima_base.cpp:92(velCallback)] [topics: /rosout, /tf, /raw_odom] ODOM PUBLISH
1600086292.556910057 INFO /heima_base_node [/home/zxcar/itheima4_ws/src/zxcar/src/heima_base.cpp:28(velCallback)] [topics: /rosout, /tf, /raw_odom] ODOM PUBLISH 0.00,0.00,0.00
1600086292.557315269 INFO /heima_base_node [/home/zxcar/itheima4_ws/src/zxcar/src/heima_base.cpp:92(velCallback)] [topics: /rosout, /tf, /raw_odom] ODOM PUBLISH
1600086292.611537040 INFO /heima_base_node [/home/zxcar/itheima4_ws/src/zxcar/src/heima_base.cpp:28(velCallback)] [topics: /rosout, /tf, /raw_odom] ODOM PUBLISH 0.00,0.00,0.00
1600086292.612170853 INFO /heima_base_node [/home/zxcar/itheima4_ws/src/zxcar/src/heima_base.cpp:92(velCallback)] [topics: /rosout, /tf, /raw_odom] ODOM PUBLISH
1600086292.662912701 INFO /heima_base_node [/home/zxcar/itheima4_ws/src/zxcar/src/heima_base.cpp:28(velCallback)] [topics: /rosout, /tf, /raw_odom] ODOM PUBLISH 0.00,0.00,0.00
1600086292.663628330 INFO /heima_base_node [/home/zxcar/itheima4_ws/src/zxcar/src/heima_base.cpp:92(velCallback)] [topics: /rosout, /tf, /raw_odom] ODOM PUBLISH
1600086292.715207467 INFO /heima_base_node [/home/zxcar/itheima4_ws/src/zxcar/src/heima_base.cpp:28(velCallback)] [topics: /rosout, /tf, /raw_odom] ODOM PUBLISH 0.00,0.00,0.00
1600086292.715603477 INFO /heima_base_node [/home/zxcar/itheima4_ws/src/zxcar/src/heima_base.cpp:92(velCallback)] [topics: /rosout, /tf, /raw_odom] ODOM PUBLISH
1600086292.770876992 INFO /heima_base_node [/home/zxcar/itheima4_ws/src/zxcar/src/heima_base.cpp:28(velCallback)] [topics: /rosout, /tf, /raw_odom] ODOM PUBLISH 0.00,0.00,0.00
1600086292.770969584 INFO /heima_base_node [/home/zxcar/itheima4_ws/src/zxcar/src/heima_base.cpp:92(velCallback)] [topics: /rosout, /tf, /raw_odom] ODOM PUBLISH
1600086292.824920208 INFO /heima_base_node [/home/zxcar/itheima4_ws/src/zxcar/src/heima_base.cpp:28(velCallback)] [topics: /rosout, /tf, /raw_odom] ODOM PUBLISH 0.00,0.00,0.00
1600086292.825009893 INFO /heima_base_node [/home/zxcar/itheima4_ws/src/zxcar/src/heima_base.cpp:92(velCallback)] [topics: /rosout, /tf, /raw_odom] ODOM PUBLISH
1600086292.880485422 INFO /heima_base_node [/home/zxcar/itheima4_ws/src/zxcar/src/heima_base.cpp:28(velCallback)] [topics: /rosout, /tf, /raw_odom] ODOM PUBLISH 0.00,0.00,0.00
1600086292.880573071 INFO /heima_base_node [/home/zxcar/itheima4_ws/src/zxcar/src/heima_base.cpp:92(velCallback)] [topics: /rosout, /tf, /raw_odom] ODOM PUBLISH
1600086292.935940659 INFO /heima_base_node [/home/zxcar/itheima4_ws/src/zxcar/src/heima_base.cpp:28(velCallback)] [topics: /rosout, /tf, /raw_odom] ODOM PUBLISH 0.00,0.00,0.00
1600086292.936051599 INFO /heima_base_node [/home/zxcar/itheima4_ws/src/zxcar/src/heima_base.cpp:92(velCallback)] [topics: /rosout, /tf, /raw_odom] ODOM PUBLISH
1600086292.990279795 INFO /heima_base_node [/home/zxcar/itheima4_ws/src/zxcar/src/heima_base.cpp:28(velCallback)] [topics: /rosout, /tf, /raw_odom] ODOM PUBLISH 0.00,0.00,0.00
1600086292.990399677 INFO /heima_base_node [/home/zxcar/itheima4_ws/src/zxcar/src/heima_base.cpp:92(velCallback)] [topics: /rosout, /tf, /raw_odom] ODOM PUBLISH
1600086293.043204066 INFO /heima_base_node [/home/zxcar/itheima4_ws/src/zxcar/src/heima_base.cpp:28(velCallback)] [topics: /rosout, /tf, /raw_odom] ODOM PUBLISH 0.00,0.00,0.00
1600086293.043313969 INFO /heima_base_node [/home/zxcar/itheima4_ws/src/zxcar/src/heima_base.cpp:92(velCallback)] [topics: /rosout, /tf, /raw_odom] ODOM PUBLISH
1600086293.099857459 INFO /heima_base_node [/home/zxcar/itheima4_ws/src/zxcar/src/heima_base.cpp:28(velCallback)] [topics: /rosout, /tf, /raw_odom] ODOM PUBLISH 0.00,0.00,0.00
1600086293.100136067 INFO /heima_base_node [/home/zxcar/itheima4_ws/src/zxcar/src/heima_base.cpp:92(velCallback)] [topics: /rosout, /tf, /raw_odom] ODOM PUBLISH
1600086293.156813658 INFO /heima_base_node [/home/zxcar/itheima4_ws/src/zxcar/src/heima_base.cpp:28(velCallback)] [topics: /rosout, /tf, /raw_odom] ODOM PUBLISH 0.00,0.00,0.00
1600086293.156905565 INFO /heima_base_node [/home/zxcar/itheima4_ws/src/zxcar/src/heima_base.cpp:92(velCallback)] [topics: /rosout, /tf, /raw_odom] ODOM PUBLISH
1600086293.202640344 INFO /heima_base_node [/home/zxcar/itheima4_ws/src/zxcar/src/heima_base.cpp:28(velCallback)] [topics: /rosout, /tf, /raw_odom] ODOM PUBLISH 0.00,0.00,0.00
1600086293.202714809 INFO /heima_base_node [/home/zxcar/itheima4_ws/src/zxcar/src/heima_base.cpp:92(velCallback)] [topics: /rosout, /tf, /raw_odom] ODOM PUBLISH
