[rosmaster.main][INFO] 2020-09-01 09:10:09,428: initialization complete, waiting for shutdown
[rosmaster.main][INFO] 2020-09-01 09:10:09,428: Starting ROS Master Node
[xmlrpc][INFO] 2020-09-01 09:10:09,430: XML-RPC server binding to 0.0.0.0:11311
[rosmaster.master][INFO] 2020-09-01 09:10:09,431: Master initialized: port[11311], uri[http://ubuntu:11311/]
[xmlrpc][INFO] 2020-09-01 09:10:09,431: Started XML-RPC server [http://ubuntu:11311/]
[xmlrpc][INFO] 2020-09-01 09:10:09,432: xml rpc node: starting XML-RPC server
[rosmaster.master][INFO] 2020-09-01 09:10:09,520: +PARAM [/run_id] by /roslaunch
[rosmaster.master][INFO] 2020-09-01 09:10:09,523: +PARAM [/roslaunch/uris/host_ubuntu__41285] by /roslaunch
[rosmaster.master][INFO] 2020-09-01 09:10:09,603: +PARAM [/camera/driver/auto_exposure] by /roslaunch
[rosmaster.master][INFO] 2020-09-01 09:10:09,604: +PARAM [/camera/camera_rgb/serial] by /roslaunch
[rosmaster.master][INFO] 2020-09-01 09:10:09,604: +PARAM [/camera/depth_rectify_depth/interpolation] by /roslaunch
[rosmaster.master][INFO] 2020-09-01 09:10:09,604: +PARAM [/camera/driver/depth_registration] by /roslaunch
[rosmaster.master][INFO] 2020-09-01 09:10:09,605: +PARAM [/camera/driver/devnums] by /roslaunch
[rosmaster.master][INFO] 2020-09-01 09:10:09,605: +PARAM [/camera/driver/rgb_frame_id] by /roslaunch
[rosmaster.master][INFO] 2020-09-01 09:10:09,605: +PARAM [/camera/camera_rgb/product] by /roslaunch
[rosmaster.master][INFO] 2020-09-01 09:10:09,606: +PARAM [/camera/camera_nodelet_manager/num_worker_threads] by /roslaunch
[rosmaster.master][INFO] 2020-09-01 09:10:09,606: +PARAM [/camera/camera_rgb/height] by /roslaunch
[rosmaster.master][INFO] 2020-09-01 09:10:09,607: +PARAM [/camera/driver/auto_white_balance] by /roslaunch
[rosmaster.master][INFO] 2020-09-01 09:10:09,607: +PARAM [/rosdistro] by /roslaunch
[rosmaster.master][INFO] 2020-09-01 09:10:09,607: +PARAM [/camera/driver/rgb_camera_info_url] by /roslaunch
[rosmaster.master][INFO] 2020-09-01 09:10:09,608: +PARAM [/camera/camera_rgb/vendor] by /roslaunch
[rosmaster.master][INFO] 2020-09-01 09:10:09,608: +PARAM [/camera/driver/device_id] by /roslaunch
[rosmaster.master][INFO] 2020-09-01 09:10:09,608: +PARAM [/camera/camera_rgb/width] by /roslaunch
[rosmaster.master][INFO] 2020-09-01 09:10:09,608: +PARAM [/camera/driver/depth_camera_info_url] by /roslaunch
[rosmaster.master][INFO] 2020-09-01 09:10:09,609: +PARAM [/camera/depth_registered_rectify_depth/interpolation] by /roslaunch
[rosmaster.master][INFO] 2020-09-01 09:10:09,609: +PARAM [/camera/camera_rgb/index] by /roslaunch
[rosmaster.master][INFO] 2020-09-01 09:10:09,609: +PARAM [/camera/driver/bootorder] by /roslaunch
[rosmaster.master][INFO] 2020-09-01 09:10:09,609: +PARAM [/rosversion] by /roslaunch
[rosmaster.master][INFO] 2020-09-01 09:10:09,610: +PARAM [/camera/camera_rgb/timestamp_method] by /roslaunch
[rosmaster.master][INFO] 2020-09-01 09:10:09,610: +PARAM [/camera/driver/depth_frame_id] by /roslaunch
[rosmaster.master][INFO] 2020-09-01 09:10:09,610: +PARAM [/camera/camera_rgb/camera_info_url] by /roslaunch
[rosmaster.master][INFO] 2020-09-01 09:10:09,610: +PARAM [/camera/camera_rgb/frame_rate] by /roslaunch
[rosmaster.master][INFO] 2020-09-01 09:10:09,611: +PARAM [/camera/camera_rgb/video_mode] by /roslaunch
[rosmaster.master][INFO] 2020-09-01 09:10:09,611: +PARAM [/camera/driver/color_depth_synchronization] by /roslaunch
[rosmaster.master][INFO] 2020-09-01 09:10:09,634: +SERVICE [/rosout/get_loggers] /rosout http://ubuntu:33597/
[rosmaster.master][INFO] 2020-09-01 09:10:09,635: +SERVICE [/rosout/set_logger_level] /rosout http://ubuntu:33597/
[rosmaster.master][INFO] 2020-09-01 09:10:09,638: +PUB [/rosout_agg] /rosout http://ubuntu:33597/
[rosmaster.master][INFO] 2020-09-01 09:10:09,644: +SUB [/rosout] /rosout http://ubuntu:33597/
[rosmaster.master][INFO] 2020-09-01 09:10:09,727: +PUB [/rosout] /camera/camera_rgb http://ubuntu:44841/
[rosmaster.master][INFO] 2020-09-01 09:10:09,731: publisherUpdate[/rosout] -> http://ubuntu:33597/ ['http://ubuntu:44841/']
[rosmaster.master][INFO] 2020-09-01 09:10:09,739: +SERVICE [/camera/camera_rgb/get_loggers] /camera/camera_rgb http://ubuntu:44841/
[rosmaster.master][INFO] 2020-09-01 09:10:09,744: +SERVICE [/camera/camera_rgb/set_logger_level] /camera/camera_rgb http://ubuntu:44841/
[rosmaster.master][INFO] 2020-09-01 09:10:09,748: publisherUpdate[/rosout] -> http://ubuntu:33597/ ['http://ubuntu:44841/']: sec=0.02, result=[1, '', 0]
[rosmaster.master][INFO] 2020-09-01 09:10:09,784: +SERVICE [/camera/camera_rgb/set_parameters] /camera/camera_rgb http://ubuntu:44841/
[rosmaster.master][INFO] 2020-09-01 09:10:09,786: +PUB [/camera/camera_rgb/parameter_descriptions] /camera/camera_rgb http://ubuntu:44841/
[rosmaster.master][INFO] 2020-09-01 09:10:09,789: +PUB [/rosout] /camera/camera_nodelet_manager http://ubuntu:36683/
[rosmaster.master][INFO] 2020-09-01 09:10:09,791: +PUB [/camera/camera_rgb/parameter_updates] /camera/camera_rgb http://ubuntu:44841/
[rosmaster.master][INFO] 2020-09-01 09:10:09,793: +SERVICE [/camera/camera_nodelet_manager/get_loggers] /camera/camera_nodelet_manager http://ubuntu:36683/
[rosmaster.master][INFO] 2020-09-01 09:10:09,797: +SERVICE [/camera/camera_nodelet_manager/set_logger_level] /camera/camera_nodelet_manager http://ubuntu:36683/
[rosmaster.master][INFO] 2020-09-01 09:10:09,822: +PUB [/rosout] /camera/driver http://ubuntu:34707/
[rosmaster.master][INFO] 2020-09-01 09:10:09,829: +SERVICE [/camera/camera_nodelet_manager/load_nodelet] /camera/camera_nodelet_manager http://ubuntu:36683/
[rosmaster.master][INFO] 2020-09-01 09:10:09,834: +SERVICE [/camera/driver/get_loggers] /camera/driver http://ubuntu:34707/
[rosmaster.master][INFO] 2020-09-01 09:10:09,838: publisherUpdate[/rosout] -> http://ubuntu:33597/ ['http://ubuntu:44841/', 'http://ubuntu:36683/']
[rosmaster.master][INFO] 2020-09-01 09:10:09,839: +SERVICE [/camera/camera_nodelet_manager/unload_nodelet] /camera/camera_nodelet_manager http://ubuntu:36683/
[rosmaster.master][INFO] 2020-09-01 09:10:09,846: +SERVICE [/camera/driver/set_logger_level] /camera/driver http://ubuntu:34707/
[rosmaster.master][INFO] 2020-09-01 09:10:09,847: publisherUpdate[/rosout] -> http://ubuntu:33597/ ['http://ubuntu:44841/', 'http://ubuntu:36683/']: sec=0.01, result=[1, '', 0]
[rosmaster.master][INFO] 2020-09-01 09:10:09,854: publisherUpdate[/rosout] -> http://ubuntu:33597/ ['http://ubuntu:44841/', 'http://ubuntu:36683/', 'http://ubuntu:34707/']
[rosmaster.master][INFO] 2020-09-01 09:10:09,854: +SERVICE [/camera/camera_nodelet_manager/list] /camera/camera_nodelet_manager http://ubuntu:36683/
[rosmaster.master][INFO] 2020-09-01 09:10:09,859: publisherUpdate[/rosout] -> http://ubuntu:33597/ ['http://ubuntu:44841/', 'http://ubuntu:36683/', 'http://ubuntu:34707/']: sec=0.00, result=[1, '', 0]
[rosmaster.master][INFO] 2020-09-01 09:10:09,863: +PUB [/rosout] /camera/rgb_rectify_color http://ubuntu:36839/
[rosmaster.master][INFO] 2020-09-01 09:10:09,866: publisherUpdate[/rosout] -> http://ubuntu:33597/ ['http://ubuntu:44841/', 'http://ubuntu:36683/', 'http://ubuntu:34707/', 'http://ubuntu:36839/']
[rosmaster.master][INFO] 2020-09-01 09:10:09,873: +SERVICE [/camera/rgb_rectify_color/get_loggers] /camera/rgb_rectify_color http://ubuntu:36839/
[rosmaster.master][INFO] 2020-09-01 09:10:09,878: +SERVICE [/camera/rgb_rectify_color/set_logger_level] /camera/rgb_rectify_color http://ubuntu:36839/
[rosmaster.master][INFO] 2020-09-01 09:10:09,874: publisherUpdate[/rosout] -> http://ubuntu:33597/ ['http://ubuntu:44841/', 'http://ubuntu:36683/', 'http://ubuntu:34707/', 'http://ubuntu:36839/']: sec=0.00, result=[1, '', 0]
[rosmaster.master][INFO] 2020-09-01 09:10:09,886: +PARAM [/camera/driver] by /camera/driver
[rosmaster.master][INFO] 2020-09-01 09:10:09,921: +PARAM [/camera/camera_rgb/vendor] by /camera/camera_rgb
[rosmaster.master][INFO] 2020-09-01 09:10:09,923: +PARAM [/camera/camera_rgb/product] by /camera/camera_rgb
[rosmaster.master][INFO] 2020-09-01 09:10:09,925: +PARAM [/camera/camera_rgb/serial] by /camera/camera_rgb
[rosmaster.master][INFO] 2020-09-01 09:10:09,927: +PARAM [/camera/camera_rgb/index] by /camera/camera_rgb
[rosmaster.master][INFO] 2020-09-01 09:10:09,931: +PARAM [/camera/camera_rgb/width] by /camera/camera_rgb
[rosmaster.master][INFO] 2020-09-01 09:10:09,934: +PARAM [/camera/camera_rgb/height] by /camera/camera_rgb
[rosmaster.master][INFO] 2020-09-01 09:10:09,941: publisherUpdate[/rosout] -> http://ubuntu:33597/ ['http://ubuntu:44841/', 'http://ubuntu:36683/', 'http://ubuntu:34707/', 'http://ubuntu:36839/', 'http://ubuntu:44101/']
[rosmaster.master][INFO] 2020-09-01 09:10:09,940: +PUB [/rosout] /camera/depth_rectify_depth http://ubuntu:44101/
[rosmaster.master][INFO] 2020-09-01 09:10:09,945: +SERVICE [/camera/depth_rectify_depth/get_loggers] /camera/depth_rectify_depth http://ubuntu:44101/
[rosmaster.master][INFO] 2020-09-01 09:10:09,946: publisherUpdate[/rosout] -> http://ubuntu:33597/ ['http://ubuntu:44841/', 'http://ubuntu:36683/', 'http://ubuntu:34707/', 'http://ubuntu:36839/', 'http://ubuntu:44101/']: sec=0.01, result=[1, '', 0]
[rosmaster.master][INFO] 2020-09-01 09:10:09,948: +SERVICE [/camera/depth_rectify_depth/set_logger_level] /camera/depth_rectify_depth http://ubuntu:44101/
[rosmaster.master][INFO] 2020-09-01 09:10:09,952: +PARAM [/camera/camera_rgb/video_mode] by /camera/camera_rgb
[rosmaster.master][INFO] 2020-09-01 09:10:09,958: +PUB [/rosout] /camera/depth_metric_rect http://ubuntu:33509/
[rosmaster.master][INFO] 2020-09-01 09:10:09,962: +PARAM [/camera/camera_rgb/frame_rate] by /camera/camera_rgb
[rosmaster.master][INFO] 2020-09-01 09:10:09,964: +SERVICE [/camera/depth_metric_rect/get_loggers] /camera/depth_metric_rect http://ubuntu:33509/
[rosmaster.master][INFO] 2020-09-01 09:10:09,969: +PARAM [/camera/camera_rgb/timestamp_method] by /camera/camera_rgb
[rosmaster.master][INFO] 2020-09-01 09:10:09,971: +SERVICE [/camera/depth_metric_rect/set_logger_level] /camera/depth_metric_rect http://ubuntu:33509/
[rosmaster.master][INFO] 2020-09-01 09:10:09,973: +PARAM [/camera/camera_rgb/frame_id] by /camera/camera_rgb
[rosmaster.master][INFO] 2020-09-01 09:10:09,976: +PARAM [/camera/camera_rgb/camera_info_url] by /camera/camera_rgb
[rosmaster.master][INFO] 2020-09-01 09:10:09,980: +PARAM [/camera/depth_rectify_depth] by /camera/depth_rectify_depth
[rosmaster.master][INFO] 2020-09-01 09:10:09,987: +PARAM [/camera/camera_rgb/scanning_mode] by /camera/camera_rgb
[rosmaster.master][INFO] 2020-09-01 09:10:09,994: +PARAM [/camera/camera_rgb/auto_exposure] by /camera/camera_rgb
[rosmaster.master][INFO] 2020-09-01 09:10:09,995: publisherUpdate[/rosout] -> http://ubuntu:33597/ ['http://ubuntu:44841/', 'http://ubuntu:36683/', 'http://ubuntu:34707/', 'http://ubuntu:36839/', 'http://ubuntu:44101/', 'http://ubuntu:33509/']
[rosmaster.master][INFO] 2020-09-01 09:10:10,002: +PARAM [/camera/camera_rgb/auto_exposure_priority] by /camera/camera_rgb
[rosmaster.master][INFO] 2020-09-01 09:10:10,003: publisherUpdate[/rosout] -> http://ubuntu:33597/ ['http://ubuntu:44841/', 'http://ubuntu:36683/', 'http://ubuntu:34707/', 'http://ubuntu:36839/', 'http://ubuntu:44101/', 'http://ubuntu:33509/']: sec=0.01, result=[1, '', 0]
[rosmaster.master][INFO] 2020-09-01 09:10:10,010: +PARAM [/camera/camera_rgb/exposure_absolute] by /camera/camera_rgb
[rosmaster.master][INFO] 2020-09-01 09:10:10,018: +PARAM [/camera/camera_rgb/iris_absolute] by /camera/camera_rgb
[rosmaster.master][INFO] 2020-09-01 09:10:10,043: +PARAM [/camera/camera_rgb/auto_focus] by /camera/camera_rgb
[rosmaster.master][INFO] 2020-09-01 09:10:10,050: +PARAM [/camera/camera_rgb/focus_absolute] by /camera/camera_rgb
[rosmaster.master][INFO] 2020-09-01 09:10:10,054: +PARAM [/camera/camera_rgb/pan_absolute] by /camera/camera_rgb
[rosmaster.master][INFO] 2020-09-01 09:10:10,061: +PARAM [/camera/camera_rgb/tilt_absolute] by /camera/camera_rgb
[rosmaster.master][INFO] 2020-09-01 09:10:10,066: +PUB [/rosout] /camera/depth_points http://ubuntu:46877/
[rosmaster.master][INFO] 2020-09-01 09:10:10,070: +PARAM [/camera/camera_rgb/roll_absolute] by /camera/camera_rgb
[rosmaster.master][INFO] 2020-09-01 09:10:10,078: +PUB [/rosout] /camera/depth_metric http://ubuntu:44741/
[rosmaster.master][INFO] 2020-09-01 09:10:10,081: +PARAM [/camera/camera_rgb/privacy] by /camera/camera_rgb
[rosmaster.master][INFO] 2020-09-01 09:10:10,083: +SERVICE [/camera/depth_points/get_loggers] /camera/depth_points http://ubuntu:46877/
[rosmaster.master][INFO] 2020-09-01 09:10:10,087: +SERVICE [/camera/depth_metric/get_loggers] /camera/depth_metric http://ubuntu:44741/
[rosmaster.master][INFO] 2020-09-01 09:10:10,090: +PUB [/rosout] /camera/depth_registered_rectify_depth http://ubuntu:40563/
[rosmaster.master][INFO] 2020-09-01 09:10:10,091: +SERVICE [/camera/depth_points/set_logger_level] /camera/depth_points http://ubuntu:46877/
[rosmaster.master][INFO] 2020-09-01 09:10:10,092: +SERVICE [/camera/depth_metric/set_logger_level] /camera/depth_metric http://ubuntu:44741/
[rosmaster.master][INFO] 2020-09-01 09:10:10,095: +PARAM [/camera/camera_rgb/backlight_compensation] by /camera/camera_rgb
[rosmaster.master][INFO] 2020-09-01 09:10:10,098: +SERVICE [/camera/depth_registered_rectify_depth/get_loggers] /camera/depth_registered_rectify_depth http://ubuntu:40563/
[rosmaster.master][INFO] 2020-09-01 09:10:10,100: +PARAM [/camera/camera_rgb/brightness] by /camera/camera_rgb
[rosmaster.master][INFO] 2020-09-01 09:10:10,109: +SERVICE [/camera/depth_registered_rectify_depth/set_logger_level] /camera/depth_registered_rectify_depth http://ubuntu:40563/
[rosmaster.master][INFO] 2020-09-01 09:10:10,110: publisherUpdate[/rosout] -> http://ubuntu:33597/ ['http://ubuntu:44841/', 'http://ubuntu:36683/', 'http://ubuntu:34707/', 'http://ubuntu:36839/', 'http://ubuntu:44101/', 'http://ubuntu:33509/', 'http://ubuntu:46877/']
[rosmaster.master][INFO] 2020-09-01 09:10:10,110: +PARAM [/camera/camera_rgb/contrast] by /camera/camera_rgb
[rosmaster.master][INFO] 2020-09-01 09:10:10,131: +PARAM [/camera/camera_rgb/gain] by /camera/camera_rgb
[rosmaster.master][INFO] 2020-09-01 09:10:10,137: publisherUpdate[/rosout] -> http://ubuntu:33597/ ['http://ubuntu:44841/', 'http://ubuntu:36683/', 'http://ubuntu:34707/', 'http://ubuntu:36839/', 'http://ubuntu:44101/', 'http://ubuntu:33509/', 'http://ubuntu:46877/']: sec=0.02, result=[1, '', 0]
[rosmaster.master][INFO] 2020-09-01 09:10:10,144: publisherUpdate[/rosout] -> http://ubuntu:33597/ ['http://ubuntu:44841/', 'http://ubuntu:36683/', 'http://ubuntu:34707/', 'http://ubuntu:36839/', 'http://ubuntu:44101/', 'http://ubuntu:33509/', 'http://ubuntu:46877/', 'http://ubuntu:44741/']
[rosmaster.master][INFO] 2020-09-01 09:10:10,141: +PARAM [/camera/camera_rgb/power_line_frequency] by /camera/camera_rgb
[rosmaster.master][INFO] 2020-09-01 09:10:10,150: publisherUpdate[/rosout] -> http://ubuntu:33597/ ['http://ubuntu:44841/', 'http://ubuntu:36683/', 'http://ubuntu:34707/', 'http://ubuntu:36839/', 'http://ubuntu:44101/', 'http://ubuntu:33509/', 'http://ubuntu:46877/', 'http://ubuntu:44741/']: sec=0.00, result=[1, '', 0]
[rosmaster.master][INFO] 2020-09-01 09:10:10,166: publisherUpdate[/rosout] -> http://ubuntu:33597/ ['http://ubuntu:44841/', 'http://ubuntu:36683/', 'http://ubuntu:34707/', 'http://ubuntu:36839/', 'http://ubuntu:44101/', 'http://ubuntu:33509/', 'http://ubuntu:46877/', 'http://ubuntu:44741/', 'http://ubuntu:40563/']
[rosmaster.master][INFO] 2020-09-01 09:10:10,160: +PARAM [/camera/camera_rgb/auto_hue] by /camera/camera_rgb
[rosmaster.master][INFO] 2020-09-01 09:10:10,157: +PARAM [/camera/depth_registered_rectify_depth] by /camera/depth_registered_rectify_depth
[rosmaster.master][INFO] 2020-09-01 09:10:10,175: +PARAM [/camera/camera_rgb/hue] by /camera/camera_rgb
[rosmaster.master][INFO] 2020-09-01 09:10:10,180: publisherUpdate[/rosout] -> http://ubuntu:33597/ ['http://ubuntu:44841/', 'http://ubuntu:36683/', 'http://ubuntu:34707/', 'http://ubuntu:36839/', 'http://ubuntu:44101/', 'http://ubuntu:33509/', 'http://ubuntu:46877/', 'http://ubuntu:44741/', 'http://ubuntu:40563/']: sec=0.01, result=[1, '', 0]
[rosmaster.master][INFO] 2020-09-01 09:10:10,175: +PUB [/rosout] /camera/points_xyzrgb_hw_registered http://ubuntu:44553/
[rosmaster.master][INFO] 2020-09-01 09:10:10,181: publisherUpdate[/rosout] -> http://ubuntu:33597/ ['http://ubuntu:44841/', 'http://ubuntu:36683/', 'http://ubuntu:34707/', 'http://ubuntu:36839/', 'http://ubuntu:44101/', 'http://ubuntu:33509/', 'http://ubuntu:46877/', 'http://ubuntu:44741/', 'http://ubuntu:40563/', 'http://ubuntu:44553/']
[rosmaster.master][INFO] 2020-09-01 09:10:10,182: +PARAM [/camera/camera_rgb/saturation] by /camera/camera_rgb
[rosmaster.master][INFO] 2020-09-01 09:10:10,190: +SERVICE [/camera/driver/set_parameters] /camera/camera_nodelet_manager http://ubuntu:36683/
[rosmaster.master][INFO] 2020-09-01 09:10:10,196: publisherUpdate[/rosout] -> http://ubuntu:33597/ ['http://ubuntu:44841/', 'http://ubuntu:36683/', 'http://ubuntu:34707/', 'http://ubuntu:36839/', 'http://ubuntu:44101/', 'http://ubuntu:33509/', 'http://ubuntu:46877/', 'http://ubuntu:44741/', 'http://ubuntu:40563/', 'http://ubuntu:44553/']: sec=0.00, result=[1, '', 0]
[rosmaster.master][INFO] 2020-09-01 09:10:10,197: +PARAM [/camera/camera_rgb/sharpness] by /camera/camera_rgb
[rosmaster.master][INFO] 2020-09-01 09:10:10,199: +SERVICE [/camera/points_xyzrgb_hw_registered/get_loggers] /camera/points_xyzrgb_hw_registered http://ubuntu:44553/
[rosmaster.master][INFO] 2020-09-01 09:10:10,203: +PUB [/camera/driver/parameter_descriptions] /camera/camera_nodelet_manager http://ubuntu:36683/
[rosmaster.master][INFO] 2020-09-01 09:10:10,204: +PARAM [/camera/camera_rgb/gamma] by /camera/camera_rgb
[rosmaster.master][INFO] 2020-09-01 09:10:10,208: +SERVICE [/camera/points_xyzrgb_hw_registered/set_logger_level] /camera/points_xyzrgb_hw_registered http://ubuntu:44553/
[rosmaster.master][INFO] 2020-09-01 09:10:10,209: +PARAM [/camera/camera_rgb/auto_white_balance] by /camera/camera_rgb
[rosmaster.master][INFO] 2020-09-01 09:10:10,210: +PUB [/camera/driver/parameter_updates] /camera/camera_nodelet_manager http://ubuntu:36683/
[rosmaster.master][INFO] 2020-09-01 09:10:10,223: +PARAM [/camera/camera_rgb/white_balance_temperature] by /camera/camera_rgb
[rosmaster.master][INFO] 2020-09-01 09:10:10,228: +PUB [/rosout] /camera/depth_registered_hw_metric_rect http://ubuntu:35213/
[rosmaster.master][INFO] 2020-09-01 09:10:10,229: +PARAM [/camera/camera_rgb/white_balance_BU] by /camera/camera_rgb
[rosmaster.master][INFO] 2020-09-01 09:10:10,241: +SERVICE [/camera/depth_registered_hw_metric_rect/get_loggers] /camera/depth_registered_hw_metric_rect http://ubuntu:35213/
[rosmaster.master][INFO] 2020-09-01 09:10:10,247: +SERVICE [/camera/depth_registered_hw_metric_rect/set_logger_level] /camera/depth_registered_hw_metric_rect http://ubuntu:35213/
[rosmaster.master][INFO] 2020-09-01 09:10:10,250: +PARAM [/camera/camera_rgb/white_balance_RV] by /camera/camera_rgb
[rosmaster.master][INFO] 2020-09-01 09:10:10,252: publisherUpdate[/rosout] -> http://ubuntu:33597/ ['http://ubuntu:44841/', 'http://ubuntu:36683/', 'http://ubuntu:34707/', 'http://ubuntu:36839/', 'http://ubuntu:44101/', 'http://ubuntu:33509/', 'http://ubuntu:46877/', 'http://ubuntu:44741/', 'http://ubuntu:40563/', 'http://ubuntu:44553/', 'http://ubuntu:35213/']
[rosmaster.master][INFO] 2020-09-01 09:10:10,258: +SERVICE [/camera/set_camera_info] /camera/camera_rgb http://ubuntu:44841/
[rosmaster.master][INFO] 2020-09-01 09:10:10,279: publisherUpdate[/rosout] -> http://ubuntu:33597/ ['http://ubuntu:44841/', 'http://ubuntu:36683/', 'http://ubuntu:34707/', 'http://ubuntu:36839/', 'http://ubuntu:44101/', 'http://ubuntu:33509/', 'http://ubuntu:46877/', 'http://ubuntu:44741/', 'http://ubuntu:40563/', 'http://ubuntu:44553/', 'http://ubuntu:35213/']: sec=0.02, result=[1, '', 0]
[rosmaster.master][INFO] 2020-09-01 09:10:10,287: +PUB [/camera/rgb/image_raw] /camera/camera_rgb http://ubuntu:44841/
[rosmaster.master][INFO] 2020-09-01 09:10:10,297: +PUB [/rosout] /camera/depth_registered_metric http://ubuntu:36451/
[rosmaster.master][INFO] 2020-09-01 09:10:10,300: publisherUpdate[/rosout] -> http://ubuntu:33597/ ['http://ubuntu:44841/', 'http://ubuntu:36683/', 'http://ubuntu:34707/', 'http://ubuntu:36839/', 'http://ubuntu:44101/', 'http://ubuntu:33509/', 'http://ubuntu:46877/', 'http://ubuntu:44741/', 'http://ubuntu:40563/', 'http://ubuntu:44553/', 'http://ubuntu:35213/', 'http://ubuntu:36451/']
[rosmaster.master][INFO] 2020-09-01 09:10:10,306: +PUB [/camera/rgb/camera_info] /camera/camera_rgb http://ubuntu:44841/
[rosmaster.master][INFO] 2020-09-01 09:10:10,311: +PARAM [/camera/driver/rgb_preferred] by /camera/camera_nodelet_manager
[rosmaster.master][INFO] 2020-09-01 09:10:10,313: publisherUpdate[/rosout] -> http://ubuntu:33597/ ['http://ubuntu:44841/', 'http://ubuntu:36683/', 'http://ubuntu:34707/', 'http://ubuntu:36839/', 'http://ubuntu:44101/', 'http://ubuntu:33509/', 'http://ubuntu:46877/', 'http://ubuntu:44741/', 'http://ubuntu:40563/', 'http://ubuntu:44553/', 'http://ubuntu:35213/', 'http://ubuntu:36451/']: sec=0.00, result=[1, '', 0]
[rosmaster.master][INFO] 2020-09-01 09:10:10,317: +SERVICE [/camera/depth_registered_metric/get_loggers] /camera/depth_registered_metric http://ubuntu:36451/
[rosmaster.master][INFO] 2020-09-01 09:10:10,326: +PARAM [/camera/driver/ir_mode] by /camera/camera_nodelet_manager
[rosmaster.master][INFO] 2020-09-01 09:10:10,327: +PUB [/rosout] /camera_base_link http://ubuntu:41609/
[rosmaster.master][INFO] 2020-09-01 09:10:10,331: +SERVICE [/camera/get_uvc_exposure] /camera/camera_rgb http://ubuntu:44841/
[rosmaster.master][INFO] 2020-09-01 09:10:10,334: +SERVICE [/camera/depth_registered_metric/set_logger_level] /camera/depth_registered_metric http://ubuntu:36451/
[rosmaster.master][INFO] 2020-09-01 09:10:10,335: +SERVICE [/camera/set_uvc_exposure] /camera/camera_rgb http://ubuntu:44841/
[rosmaster.master][INFO] 2020-09-01 09:10:10,336: +PARAM [/camera/driver/color_mode] by /camera/camera_nodelet_manager
[rosmaster.master][INFO] 2020-09-01 09:10:10,341: +SERVICE [/camera_base_link/get_loggers] /camera_base_link http://ubuntu:41609/
[rosmaster.master][INFO] 2020-09-01 09:10:10,344: +PARAM [/camera/driver/depth_mode] by /camera/camera_nodelet_manager
[rosmaster.master][INFO] 2020-09-01 09:10:10,345: +PUB [/rosout] /camera_base_link1 http://ubuntu:41907/
[rosmaster.master][INFO] 2020-09-01 09:10:10,347: +PARAM [/camera/driver/depth_registration] by /camera/camera_nodelet_manager
[rosmaster.master][INFO] 2020-09-01 09:10:10,348: +SERVICE [/camera/get_uvc_gain] /camera/camera_rgb http://ubuntu:44841/
[rosmaster.master][INFO] 2020-09-01 09:10:10,358: +SERVICE [/camera_base_link/set_logger_level] /camera_base_link http://ubuntu:41609/
[rosmaster.master][INFO] 2020-09-01 09:10:10,362: +PARAM [/camera/driver/color_depth_synchronization] by /camera/camera_nodelet_manager
[rosmaster.master][INFO] 2020-09-01 09:10:10,363: publisherUpdate[/rosout] -> http://ubuntu:33597/ ['http://ubuntu:44841/', 'http://ubuntu:36683/', 'http://ubuntu:34707/', 'http://ubuntu:36839/', 'http://ubuntu:44101/', 'http://ubuntu:33509/', 'http://ubuntu:46877/', 'http://ubuntu:44741/', 'http://ubuntu:40563/', 'http://ubuntu:44553/', 'http://ubuntu:35213/', 'http://ubuntu:36451/', 'http://ubuntu:41609/']
[rosmaster.master][INFO] 2020-09-01 09:10:10,365: +SERVICE [/camera_base_link1/get_loggers] /camera_base_link1 http://ubuntu:41907/
[rosmaster.master][INFO] 2020-09-01 09:10:10,373: +PARAM [/camera/driver/auto_exposure] by /camera/camera_nodelet_manager
[rosmaster.master][INFO] 2020-09-01 09:10:10,374: publisherUpdate[/rosout] -> http://ubuntu:33597/ ['http://ubuntu:44841/', 'http://ubuntu:36683/', 'http://ubuntu:34707/', 'http://ubuntu:36839/', 'http://ubuntu:44101/', 'http://ubuntu:33509/', 'http://ubuntu:46877/', 'http://ubuntu:44741/', 'http://ubuntu:40563/', 'http://ubuntu:44553/', 'http://ubuntu:35213/', 'http://ubuntu:36451/', 'http://ubuntu:41609/']: sec=0.00, result=[1, '', 0]
[rosmaster.master][INFO] 2020-09-01 09:10:10,379: +SERVICE [/camera/set_uvc_gain] /camera/camera_rgb http://ubuntu:44841/
[rosmaster.master][INFO] 2020-09-01 09:10:10,381: publisherUpdate[/rosout] -> http://ubuntu:33597/ ['http://ubuntu:44841/', 'http://ubuntu:36683/', 'http://ubuntu:34707/', 'http://ubuntu:36839/', 'http://ubuntu:44101/', 'http://ubuntu:33509/', 'http://ubuntu:46877/', 'http://ubuntu:44741/', 'http://ubuntu:40563/', 'http://ubuntu:44553/', 'http://ubuntu:35213/', 'http://ubuntu:36451/', 'http://ubuntu:41609/', 'http://ubuntu:41907/']
[rosmaster.master][INFO] 2020-09-01 09:10:10,382: +PARAM [/camera/driver/auto_white_balance] by /camera/camera_nodelet_manager
[rosmaster.master][INFO] 2020-09-01 09:10:10,383: +PUB [/tf_static] /camera_base_link http://ubuntu:41609/
[rosmaster.master][INFO] 2020-09-01 09:10:10,386: +PUB [/rosout] /camera_base_link2 http://ubuntu:34603/
[rosmaster.master][INFO] 2020-09-01 09:10:10,388: +PARAM [/camera/driver/data_skip] by /camera/camera_nodelet_manager
[rosmaster.master][INFO] 2020-09-01 09:10:10,389: +SERVICE [/camera_base_link1/set_logger_level] /camera_base_link1 http://ubuntu:41907/
[rosmaster.master][INFO] 2020-09-01 09:10:10,390: publisherUpdate[/rosout] -> http://ubuntu:33597/ ['http://ubuntu:44841/', 'http://ubuntu:36683/', 'http://ubuntu:34707/', 'http://ubuntu:36839/', 'http://ubuntu:44101/', 'http://ubuntu:33509/', 'http://ubuntu:46877/', 'http://ubuntu:44741/', 'http://ubuntu:40563/', 'http://ubuntu:44553/', 'http://ubuntu:35213/', 'http://ubuntu:36451/', 'http://ubuntu:41609/', 'http://ubuntu:41907/']: sec=0.01, result=[1, '', 0]
[rosmaster.master][INFO] 2020-09-01 09:10:10,395: publisherUpdate[/rosout] -> http://ubuntu:33597/ ['http://ubuntu:44841/', 'http://ubuntu:36683/', 'http://ubuntu:34707/', 'http://ubuntu:36839/', 'http://ubuntu:44101/', 'http://ubuntu:33509/', 'http://ubuntu:46877/', 'http://ubuntu:44741/', 'http://ubuntu:40563/', 'http://ubuntu:44553/', 'http://ubuntu:35213/', 'http://ubuntu:36451/', 'http://ubuntu:41609/', 'http://ubuntu:41907/', 'http://ubuntu:34603/']
[rosmaster.master][INFO] 2020-09-01 09:10:10,395: +SERVICE [/camera/get_uvc_white_balance] /camera/camera_rgb http://ubuntu:44841/
[rosmaster.master][INFO] 2020-09-01 09:10:10,394: +PARAM [/camera/driver/ir_time_offset] by /camera/camera_nodelet_manager
[rosmaster.master][INFO] 2020-09-01 09:10:10,399: publisherUpdate[/rosout] -> http://ubuntu:33597/ ['http://ubuntu:44841/', 'http://ubuntu:36683/', 'http://ubuntu:34707/', 'http://ubuntu:36839/', 'http://ubuntu:44101/', 'http://ubuntu:33509/', 'http://ubuntu:46877/', 'http://ubuntu:44741/', 'http://ubuntu:40563/', 'http://ubuntu:44553/', 'http://ubuntu:35213/', 'http://ubuntu:36451/', 'http://ubuntu:41609/', 'http://ubuntu:41907/', 'http://ubuntu:34603/']: sec=0.00, result=[1, '', 0]
[rosmaster.master][INFO] 2020-09-01 09:10:10,400: +SERVICE [/camera_base_link2/get_loggers] /camera_base_link2 http://ubuntu:34603/
[rosmaster.master][INFO] 2020-09-01 09:10:10,404: +PUB [/tf_static] /camera_base_link1 http://ubuntu:41907/
[rosmaster.master][INFO] 2020-09-01 09:10:10,407: +PARAM [/camera/driver/color_time_offset] by /camera/camera_nodelet_manager
[rosmaster.master][INFO] 2020-09-01 09:10:10,412: +SERVICE [/camera/set_uvc_white_balance] /camera/camera_rgb http://ubuntu:44841/
[rosmaster.master][INFO] 2020-09-01 09:10:10,417: +SERVICE [/camera_base_link2/set_logger_level] /camera_base_link2 http://ubuntu:34603/
[rosmaster.master][INFO] 2020-09-01 09:10:10,423: +PUB [/tf_static] /camera_base_link2 http://ubuntu:34603/
[rosmaster.master][INFO] 2020-09-01 09:10:10,425: +PUB [/rosout] /camera_base_link3 http://ubuntu:41955/
[rosmaster.master][INFO] 2020-09-01 09:10:10,425: +PARAM [/camera/driver/depth_time_offset] by /camera/camera_nodelet_manager
[rosmaster.master][INFO] 2020-09-01 09:10:10,426: publisherUpdate[/rosout] -> http://ubuntu:33597/ ['http://ubuntu:44841/', 'http://ubuntu:36683/', 'http://ubuntu:34707/', 'http://ubuntu:36839/', 'http://ubuntu:44101/', 'http://ubuntu:33509/', 'http://ubuntu:46877/', 'http://ubuntu:44741/', 'http://ubuntu:40563/', 'http://ubuntu:44553/', 'http://ubuntu:35213/', 'http://ubuntu:36451/', 'http://ubuntu:41609/', 'http://ubuntu:41907/', 'http://ubuntu:34603/', 'http://ubuntu:41955/']
[rosmaster.master][INFO] 2020-09-01 09:10:10,428: +SERVICE [/camera_base_link3/get_loggers] /camera_base_link3 http://ubuntu:41955/
[rosmaster.master][INFO] 2020-09-01 09:10:10,432: +PARAM [/camera/driver/depth_ir_offset_x] by /camera/camera_nodelet_manager
[rosmaster.master][INFO] 2020-09-01 09:10:10,433: publisherUpdate[/rosout] -> http://ubuntu:33597/ ['http://ubuntu:44841/', 'http://ubuntu:36683/', 'http://ubuntu:34707/', 'http://ubuntu:36839/', 'http://ubuntu:44101/', 'http://ubuntu:33509/', 'http://ubuntu:46877/', 'http://ubuntu:44741/', 'http://ubuntu:40563/', 'http://ubuntu:44553/', 'http://ubuntu:35213/', 'http://ubuntu:36451/', 'http://ubuntu:41609/', 'http://ubuntu:41907/', 'http://ubuntu:34603/', 'http://ubuntu:41955/']: sec=0.00, result=[1, '', 0]
[rosmaster.master][INFO] 2020-09-01 09:10:10,435: +SERVICE [/camera_base_link3/set_logger_level] /camera_base_link3 http://ubuntu:41955/
[rosmaster.master][INFO] 2020-09-01 09:10:10,438: +PARAM [/camera/driver/depth_ir_offset_y] by /camera/camera_nodelet_manager
[rosmaster.master][INFO] 2020-09-01 09:10:10,441: +PARAM [/camera/driver/z_offset_mm] by /camera/camera_nodelet_manager
[rosmaster.master][INFO] 2020-09-01 09:10:10,442: +PUB [/tf_static] /camera_base_link3 http://ubuntu:41955/
[rosmaster.master][INFO] 2020-09-01 09:10:10,444: +PARAM [/camera/driver/z_scaling] by /camera/camera_nodelet_manager
[rosmaster.master][INFO] 2020-09-01 09:10:10,447: +PARAM [/camera/driver/use_device_time] by /camera/camera_nodelet_manager
[rosmaster.master][INFO] 2020-09-01 09:10:10,555: +PARAM [/camera/driver/rgb_preferred] by /camera/camera_nodelet_manager
[rosmaster.master][INFO] 2020-09-01 09:10:10,556: +PARAM [/camera/driver/ir_mode] by /camera/camera_nodelet_manager
[rosmaster.master][INFO] 2020-09-01 09:10:10,558: +PARAM [/camera/driver/color_mode] by /camera/camera_nodelet_manager
[rosmaster.master][INFO] 2020-09-01 09:10:10,559: +PARAM [/camera/driver/depth_mode] by /camera/camera_nodelet_manager
[rosmaster.master][INFO] 2020-09-01 09:10:10,561: +PARAM [/camera/driver/depth_registration] by /camera/camera_nodelet_manager
[rosmaster.master][INFO] 2020-09-01 09:10:10,562: +PARAM [/camera/driver/color_depth_synchronization] by /camera/camera_nodelet_manager
[rosmaster.master][INFO] 2020-09-01 09:10:10,563: +PARAM [/camera/driver/auto_exposure] by /camera/camera_nodelet_manager
[rosmaster.master][INFO] 2020-09-01 09:10:10,564: +PARAM [/camera/driver/auto_white_balance] by /camera/camera_nodelet_manager
[rosmaster.master][INFO] 2020-09-01 09:10:10,565: +PARAM [/camera/driver/data_skip] by /camera/camera_nodelet_manager
[rosmaster.master][INFO] 2020-09-01 09:10:10,567: +PARAM [/camera/driver/ir_time_offset] by /camera/camera_nodelet_manager
[rosmaster.master][INFO] 2020-09-01 09:10:10,568: +PARAM [/camera/driver/color_time_offset] by /camera/camera_nodelet_manager
[rosmaster.master][INFO] 2020-09-01 09:10:10,569: +PARAM [/camera/driver/depth_time_offset] by /camera/camera_nodelet_manager
[rosmaster.master][INFO] 2020-09-01 09:10:10,571: +PARAM [/camera/driver/depth_ir_offset_x] by /camera/camera_nodelet_manager
[rosmaster.master][INFO] 2020-09-01 09:10:10,572: +PARAM [/camera/driver/depth_ir_offset_y] by /camera/camera_nodelet_manager
[rosmaster.master][INFO] 2020-09-01 09:10:10,575: +PARAM [/camera/driver/z_offset_mm] by /camera/camera_nodelet_manager
[rosmaster.master][INFO] 2020-09-01 09:10:10,577: +PARAM [/camera/driver/z_scaling] by /camera/camera_nodelet_manager
[rosmaster.master][INFO] 2020-09-01 09:10:10,579: +PARAM [/camera/driver/use_device_time] by /camera/camera_nodelet_manager
[rosmaster.master][INFO] 2020-09-01 09:10:10,589: +PUB [/camera/ir/image] /camera/camera_nodelet_manager http://ubuntu:36683/
[rosmaster.master][INFO] 2020-09-01 09:10:10,591: +PUB [/camera/ir/camera_info] /camera/camera_nodelet_manager http://ubuntu:36683/
[rosmaster.master][INFO] 2020-09-01 09:10:10,595: +PUB [/camera/depth/image_raw] /camera/camera_nodelet_manager http://ubuntu:36683/
[rosmaster.master][INFO] 2020-09-01 09:10:10,597: +PUB [/camera/depth/camera_info] /camera/camera_nodelet_manager http://ubuntu:36683/
[rosmaster.master][INFO] 2020-09-01 09:10:10,600: +PUB [/camera/depth_registered/image_raw] /camera/camera_nodelet_manager http://ubuntu:36683/
[rosmaster.master][INFO] 2020-09-01 09:10:10,602: +PUB [/camera/depth_registered/camera_info] /camera/camera_nodelet_manager http://ubuntu:36683/
[rosmaster.master][INFO] 2020-09-01 09:10:10,605: +PUB [/camera/projector/camera_info] /camera/camera_nodelet_manager http://ubuntu:36683/
[rosmaster.master][INFO] 2020-09-01 09:10:10,607: +SERVICE [/camera/rgb/set_camera_info] /camera/camera_nodelet_manager http://ubuntu:36683/
[rosmaster.master][INFO] 2020-09-01 09:10:10,609: +SERVICE [/camera/ir/set_camera_info] /camera/camera_nodelet_manager http://ubuntu:36683/
[rosmaster.master][INFO] 2020-09-01 09:10:10,610: +SERVICE [/camera/get_serial] /camera/camera_nodelet_manager http://ubuntu:36683/
[rosmaster.master][INFO] 2020-09-01 09:10:10,612: +SERVICE [/camera/get_device_type] /camera/camera_nodelet_manager http://ubuntu:36683/
[rosmaster.master][INFO] 2020-09-01 09:10:10,614: +SERVICE [/camera/get_ir_gain] /camera/camera_nodelet_manager http://ubuntu:36683/
[rosmaster.master][INFO] 2020-09-01 09:10:10,616: +SERVICE [/camera/set_ir_gain] /camera/camera_nodelet_manager http://ubuntu:36683/
[rosmaster.master][INFO] 2020-09-01 09:10:10,618: +SERVICE [/camera/get_ir_exposure] /camera/camera_nodelet_manager http://ubuntu:36683/
[rosmaster.master][INFO] 2020-09-01 09:10:10,619: +SERVICE [/camera/set_ir_exposure] /camera/camera_nodelet_manager http://ubuntu:36683/
[rosmaster.master][INFO] 2020-09-01 09:10:10,621: +SERVICE [/camera/set_ir_flood] /camera/camera_nodelet_manager http://ubuntu:36683/
[rosmaster.master][INFO] 2020-09-01 09:10:10,623: +SERVICE [/camera/set_laser] /camera/camera_nodelet_manager http://ubuntu:36683/
[rosmaster.master][INFO] 2020-09-01 09:10:10,624: +SERVICE [/camera/set_ldp] /camera/camera_nodelet_manager http://ubuntu:36683/
[rosmaster.master][INFO] 2020-09-01 09:10:10,626: +SERVICE [/camera/reset_ir_gain] /camera/camera_nodelet_manager http://ubuntu:36683/
[rosmaster.master][INFO] 2020-09-01 09:10:10,629: +SERVICE [/camera/reset_ir_exposure] /camera/camera_nodelet_manager http://ubuntu:36683/
[rosmaster.master][INFO] 2020-09-01 09:10:10,631: +SERVICE [/camera/get_camera_info] /camera/camera_nodelet_manager http://ubuntu:36683/
[rosmaster.master][INFO] 2020-09-01 09:10:10,634: +PUB [/camera/camera_nodelet_manager/bond] /camera/camera_nodelet_manager http://ubuntu:36683/
[rosmaster.master][INFO] 2020-09-01 09:10:10,646: +SUB [/camera/camera_nodelet_manager/bond] /camera/camera_nodelet_manager http://ubuntu:36683/
[rosmaster.master][INFO] 2020-09-01 09:10:10,710: +PUB [/camera/camera_nodelet_manager/bond] /camera/driver http://ubuntu:34707/
[rosmaster.master][INFO] 2020-09-01 09:10:10,717: +SUB [/camera/camera_nodelet_manager/bond] /camera/driver http://ubuntu:34707/
[rosmaster.master][INFO] 2020-09-01 09:10:10,740: publisherUpdate[/camera/camera_nodelet_manager/bond] -> http://ubuntu:36683/ ['http://ubuntu:36683/', 'http://ubuntu:34707/']
[rosmaster.master][INFO] 2020-09-01 09:10:10,743: publisherUpdate[/camera/camera_nodelet_manager/bond] -> http://ubuntu:36683/ ['http://ubuntu:36683/', 'http://ubuntu:34707/']: sec=0.00, result=[1, '', 0]
[rosmaster.master][INFO] 2020-09-01 09:10:10,885: +SERVICE [/camera/rgb_rectify_color/set_parameters] /camera/camera_nodelet_manager http://ubuntu:36683/
[rosmaster.master][INFO] 2020-09-01 09:10:10,886: +PUB [/camera/rgb_rectify_color/parameter_descriptions] /camera/camera_nodelet_manager http://ubuntu:36683/
[rosmaster.master][INFO] 2020-09-01 09:10:10,887: +PUB [/camera/rgb_rectify_color/parameter_updates] /camera/camera_nodelet_manager http://ubuntu:36683/
[rosmaster.master][INFO] 2020-09-01 09:10:10,890: +PARAM [/camera/rgb_rectify_color/interpolation] by /camera/camera_nodelet_manager
[rosmaster.master][INFO] 2020-09-01 09:10:10,891: +PARAM [/camera/rgb_rectify_color/interpolation] by /camera/camera_nodelet_manager
[rosmaster.master][INFO] 2020-09-01 09:10:10,894: +PUB [/camera/rgb/image_rect_color] /camera/camera_nodelet_manager http://ubuntu:36683/
[rosmaster.master][INFO] 2020-09-01 09:10:10,898: +SERVICE [/camera/depth_rectify_depth/set_parameters] /camera/camera_nodelet_manager http://ubuntu:36683/
[rosmaster.master][INFO] 2020-09-01 09:10:10,900: +PUB [/camera/depth_rectify_depth/parameter_descriptions] /camera/camera_nodelet_manager http://ubuntu:36683/
[rosmaster.master][INFO] 2020-09-01 09:10:10,902: +PUB [/camera/depth_rectify_depth/parameter_updates] /camera/camera_nodelet_manager http://ubuntu:36683/
[rosmaster.master][INFO] 2020-09-01 09:10:10,905: +PARAM [/camera/depth_rectify_depth/interpolation] by /camera/camera_nodelet_manager
[rosmaster.master][INFO] 2020-09-01 09:10:10,906: +PARAM [/camera/depth_rectify_depth/interpolation] by /camera/camera_nodelet_manager
[rosmaster.master][INFO] 2020-09-01 09:10:10,910: +PUB [/camera/depth/image_rect_raw] /camera/camera_nodelet_manager http://ubuntu:36683/
[rosmaster.master][INFO] 2020-09-01 09:10:10,944: +PUB [/camera/depth/image_rect] /camera/camera_nodelet_manager http://ubuntu:36683/
[rosmaster.master][INFO] 2020-09-01 09:10:10,948: +PUB [/camera/depth/image] /camera/camera_nodelet_manager http://ubuntu:36683/
[rosmaster.master][INFO] 2020-09-01 09:10:10,952: +PUB [/camera/depth/points] /camera/camera_nodelet_manager http://ubuntu:36683/
[rosmaster.master][INFO] 2020-09-01 09:10:10,957: +SERVICE [/camera/depth_registered_rectify_depth/set_parameters] /camera/camera_nodelet_manager http://ubuntu:36683/
[rosmaster.master][INFO] 2020-09-01 09:10:10,959: +PUB [/camera/depth_registered_rectify_depth/parameter_descriptions] /camera/camera_nodelet_manager http://ubuntu:36683/
[rosmaster.master][INFO] 2020-09-01 09:10:10,961: +PUB [/camera/depth_registered_rectify_depth/parameter_updates] /camera/camera_nodelet_manager http://ubuntu:36683/
[rosmaster.master][INFO] 2020-09-01 09:10:10,963: +PARAM [/camera/depth_registered_rectify_depth/interpolation] by /camera/camera_nodelet_manager
[rosmaster.master][INFO] 2020-09-01 09:10:10,965: +PARAM [/camera/depth_registered_rectify_depth/interpolation] by /camera/camera_nodelet_manager
[rosmaster.master][INFO] 2020-09-01 09:10:10,967: +PUB [/camera/depth_registered/hw_registered/image_rect_raw] /camera/camera_nodelet_manager http://ubuntu:36683/
[rosmaster.master][INFO] 2020-09-01 09:10:10,973: +PUB [/camera/depth_registered/points] /camera/camera_nodelet_manager http://ubuntu:36683/
[rosmaster.master][INFO] 2020-09-01 09:10:10,979: +PUB [/camera/depth_registered/hw_registered/image_rect] /camera/camera_nodelet_manager http://ubuntu:36683/
[rosmaster.master][INFO] 2020-09-01 09:10:10,985: +PUB [/camera/depth_registered/image] /camera/camera_nodelet_manager http://ubuntu:36683/
[rosmaster.master][INFO] 2020-09-01 09:10:11,056: +PARAM [/camera/camera_rgb/vendor] by /camera/camera_rgb
[rosmaster.master][INFO] 2020-09-01 09:10:11,058: +PARAM [/camera/camera_rgb/product] by /camera/camera_rgb
[rosmaster.master][INFO] 2020-09-01 09:10:11,060: +PARAM [/camera/camera_rgb/serial] by /camera/camera_rgb
[rosmaster.master][INFO] 2020-09-01 09:10:11,062: +PARAM [/camera/camera_rgb/index] by /camera/camera_rgb
[rosmaster.master][INFO] 2020-09-01 09:10:11,064: +PARAM [/camera/camera_rgb/width] by /camera/camera_rgb
[rosmaster.master][INFO] 2020-09-01 09:10:11,067: +PARAM [/camera/camera_rgb/height] by /camera/camera_rgb
[rosmaster.master][INFO] 2020-09-01 09:10:11,069: +PARAM [/camera/camera_rgb/video_mode] by /camera/camera_rgb
[rosmaster.master][INFO] 2020-09-01 09:10:11,070: +PARAM [/camera/camera_rgb/frame_rate] by /camera/camera_rgb
[rosmaster.master][INFO] 2020-09-01 09:10:11,071: +PARAM [/camera/camera_rgb/timestamp_method] by /camera/camera_rgb
[rosmaster.master][INFO] 2020-09-01 09:10:11,072: +PARAM [/camera/camera_rgb/frame_id] by /camera/camera_rgb
[rosmaster.master][INFO] 2020-09-01 09:10:11,073: +PARAM [/camera/camera_rgb/camera_info_url] by /camera/camera_rgb
[rosmaster.master][INFO] 2020-09-01 09:10:11,074: +PARAM [/camera/camera_rgb/scanning_mode] by /camera/camera_rgb
[rosmaster.master][INFO] 2020-09-01 09:10:11,076: +PARAM [/camera/camera_rgb/auto_exposure] by /camera/camera_rgb
[rosmaster.master][INFO] 2020-09-01 09:10:11,077: +PARAM [/camera/camera_rgb/auto_exposure_priority] by /camera/camera_rgb
[rosmaster.master][INFO] 2020-09-01 09:10:11,078: +PARAM [/camera/camera_rgb/exposure_absolute] by /camera/camera_rgb
[rosmaster.master][INFO] 2020-09-01 09:10:11,080: +PARAM [/camera/camera_rgb/iris_absolute] by /camera/camera_rgb
[rosmaster.master][INFO] 2020-09-01 09:10:11,081: +PARAM [/camera/camera_rgb/auto_focus] by /camera/camera_rgb
[rosmaster.master][INFO] 2020-09-01 09:10:11,082: +PARAM [/camera/camera_rgb/focus_absolute] by /camera/camera_rgb
[rosmaster.master][INFO] 2020-09-01 09:10:11,084: +PARAM [/camera/camera_rgb/pan_absolute] by /camera/camera_rgb
[rosmaster.master][INFO] 2020-09-01 09:10:11,085: +PARAM [/camera/camera_rgb/tilt_absolute] by /camera/camera_rgb
[rosmaster.master][INFO] 2020-09-01 09:10:11,086: +PARAM [/camera/camera_rgb/roll_absolute] by /camera/camera_rgb
[rosmaster.master][INFO] 2020-09-01 09:10:11,087: +PARAM [/camera/camera_rgb/privacy] by /camera/camera_rgb
[rosmaster.master][INFO] 2020-09-01 09:10:11,089: +PARAM [/camera/camera_rgb/backlight_compensation] by /camera/camera_rgb
[rosmaster.master][INFO] 2020-09-01 09:10:11,090: +PARAM [/camera/camera_rgb/brightness] by /camera/camera_rgb
[rosmaster.master][INFO] 2020-09-01 09:10:11,091: +PARAM [/camera/camera_rgb/contrast] by /camera/camera_rgb
[rosmaster.master][INFO] 2020-09-01 09:10:11,092: +PARAM [/camera/camera_rgb/gain] by /camera/camera_rgb
[rosmaster.master][INFO] 2020-09-01 09:10:11,093: +PARAM [/camera/camera_rgb/power_line_frequency] by /camera/camera_rgb
[rosmaster.master][INFO] 2020-09-01 09:10:11,094: +PARAM [/camera/camera_rgb/auto_hue] by /camera/camera_rgb
[rosmaster.master][INFO] 2020-09-01 09:10:11,096: +PARAM [/camera/camera_rgb/hue] by /camera/camera_rgb
[rosmaster.master][INFO] 2020-09-01 09:10:11,097: +PARAM [/camera/camera_rgb/saturation] by /camera/camera_rgb
[rosmaster.master][INFO] 2020-09-01 09:10:11,098: +PARAM [/camera/camera_rgb/sharpness] by /camera/camera_rgb
[rosmaster.master][INFO] 2020-09-01 09:10:11,099: +PARAM [/camera/camera_rgb/gamma] by /camera/camera_rgb
[rosmaster.master][INFO] 2020-09-01 09:10:11,101: +PARAM [/camera/camera_rgb/auto_white_balance] by /camera/camera_rgb
[rosmaster.master][INFO] 2020-09-01 09:10:11,102: +PARAM [/camera/camera_rgb/white_balance_temperature] by /camera/camera_rgb
[rosmaster.master][INFO] 2020-09-01 09:10:11,103: +PARAM [/camera/camera_rgb/white_balance_BU] by /camera/camera_rgb
[rosmaster.master][INFO] 2020-09-01 09:10:11,104: +PARAM [/camera/camera_rgb/white_balance_RV] by /camera/camera_rgb
[rosmaster.master][INFO] 2020-09-01 09:11:08,166: -PUB [/camera/depth_registered/hw_registered/image_rect] /camera/camera_nodelet_manager http://ubuntu:36683/
[rosmaster.master][INFO] 2020-09-01 09:11:08,170: -PUB [/camera/depth_registered/image] /camera/camera_nodelet_manager http://ubuntu:36683/
[rosmaster.master][INFO] 2020-09-01 09:11:08,188: -PUB [/camera/depth_registered/points] /camera/camera_nodelet_manager http://ubuntu:36683/
[rosmaster.master][INFO] 2020-09-01 09:11:08,190: -PUB [/camera/depth/image] /camera/camera_nodelet_manager http://ubuntu:36683/
[rosmaster.master][INFO] 2020-09-01 09:11:08,205: -PUB [/camera/depth_registered_rectify_depth/parameter_descriptions] /camera/camera_nodelet_manager http://ubuntu:36683/
[rosmaster.master][INFO] 2020-09-01 09:11:08,207: -PUB [/camera/depth_registered_rectify_depth/parameter_updates] /camera/camera_nodelet_manager http://ubuntu:36683/
[rosmaster.master][INFO] 2020-09-01 09:11:08,209: -SERVICE [/camera/depth_registered_rectify_depth/set_parameters] /camera/camera_nodelet_manager rosrpc://ubuntu:39463
[rosmaster.master][INFO] 2020-09-01 09:11:08,217: -PUB [/camera/depth_registered/hw_registered/image_rect_raw] /camera/camera_nodelet_manager http://ubuntu:36683/
[rosmaster.master][INFO] 2020-09-01 09:11:08,219: -PUB [/camera/depth/points] /camera/camera_nodelet_manager http://ubuntu:36683/
[rosmaster.master][INFO] 2020-09-01 09:11:08,273: -PUB [/rosout] /camera/depth_registered_hw_metric_rect http://ubuntu:35213/
[rosmaster.master][INFO] 2020-09-01 09:11:08,275: -SERVICE [/camera/depth_registered_hw_metric_rect/get_loggers] /camera/depth_registered_hw_metric_rect rosrpc://ubuntu:44503
[rosmaster.master][INFO] 2020-09-01 09:11:08,276: -SERVICE [/camera/depth_registered_hw_metric_rect/set_logger_level] /camera/depth_registered_hw_metric_rect rosrpc://ubuntu:44503
[rosmaster.master][INFO] 2020-09-01 09:11:08,300: publisherUpdate[/rosout] -> http://ubuntu:33597/ ['http://ubuntu:44841/', 'http://ubuntu:36683/', 'http://ubuntu:34707/', 'http://ubuntu:36839/', 'http://ubuntu:44101/', 'http://ubuntu:33509/', 'http://ubuntu:46877/', 'http://ubuntu:44741/', 'http://ubuntu:40563/', 'http://ubuntu:44553/', 'http://ubuntu:36451/', 'http://ubuntu:41609/', 'http://ubuntu:41907/', 'http://ubuntu:34603/', 'http://ubuntu:41955/']
[rosmaster.master][INFO] 2020-09-01 09:11:08,302: publisherUpdate[/rosout] -> http://ubuntu:33597/ ['http://ubuntu:44841/', 'http://ubuntu:36683/', 'http://ubuntu:34707/', 'http://ubuntu:36839/', 'http://ubuntu:44101/', 'http://ubuntu:33509/', 'http://ubuntu:46877/', 'http://ubuntu:44741/', 'http://ubuntu:40563/', 'http://ubuntu:44553/', 'http://ubuntu:36451/', 'http://ubuntu:41609/', 'http://ubuntu:41907/', 'http://ubuntu:34603/', 'http://ubuntu:41955/']: sec=0.00, result=[1, '', 0]
[rosmaster.master][INFO] 2020-09-01 09:11:08,326: -PUB [/rosout] /camera_base_link3 http://ubuntu:41955/
[rosmaster.master][INFO] 2020-09-01 09:11:08,327: -PUB [/rosout] /camera_base_link http://ubuntu:41609/
[rosmaster.master][INFO] 2020-09-01 09:11:08,330: -PUB [/tf_static] /camera_base_link3 http://ubuntu:41955/
[rosmaster.master][INFO] 2020-09-01 09:11:08,331: -PUB [/rosout] /camera_base_link1 http://ubuntu:41907/
[rosmaster.master][INFO] 2020-09-01 09:11:08,334: -PUB [/rosout] /camera_base_link2 http://ubuntu:34603/
[rosmaster.master][INFO] 2020-09-01 09:11:08,335: -SERVICE [/camera_base_link3/get_loggers] /camera_base_link3 rosrpc://ubuntu:53301
[rosmaster.master][INFO] 2020-09-01 09:11:08,336: -PUB [/tf_static] /camera_base_link http://ubuntu:41609/
[rosmaster.master][INFO] 2020-09-01 09:11:08,338: -PUB [/rosout] /camera/depth_registered_metric http://ubuntu:36451/
[rosmaster.master][INFO] 2020-09-01 09:11:08,339: -PUB [/tf_static] /camera_base_link1 http://ubuntu:41907/
[rosmaster.master][INFO] 2020-09-01 09:11:08,340: -PUB [/tf_static] /camera_base_link2 http://ubuntu:34603/
[rosmaster.master][INFO] 2020-09-01 09:11:08,341: -SERVICE [/camera_base_link3/set_logger_level] /camera_base_link3 rosrpc://ubuntu:53301
[rosmaster.master][INFO] 2020-09-01 09:11:08,343: -SERVICE [/camera_base_link/get_loggers] /camera_base_link rosrpc://ubuntu:46631
[rosmaster.master][INFO] 2020-09-01 09:11:08,343: -SERVICE [/camera/depth_registered_metric/get_loggers] /camera/depth_registered_metric rosrpc://ubuntu:49053
[rosmaster.master][INFO] 2020-09-01 09:11:08,345: -SERVICE [/camera_base_link1/get_loggers] /camera_base_link1 rosrpc://ubuntu:37839
[rosmaster.master][INFO] 2020-09-01 09:11:08,346: publisherUpdate[/rosout] -> http://ubuntu:33597/ ['http://ubuntu:44841/', 'http://ubuntu:36683/', 'http://ubuntu:34707/', 'http://ubuntu:36839/', 'http://ubuntu:44101/', 'http://ubuntu:33509/', 'http://ubuntu:46877/', 'http://ubuntu:44741/', 'http://ubuntu:40563/', 'http://ubuntu:44553/', 'http://ubuntu:36451/', 'http://ubuntu:41609/', 'http://ubuntu:41907/', 'http://ubuntu:34603/']
[rosmaster.master][INFO] 2020-09-01 09:11:08,346: -SERVICE [/camera_base_link2/get_loggers] /camera_base_link2 rosrpc://ubuntu:52419
[rosmaster.master][INFO] 2020-09-01 09:11:08,349: publisherUpdate[/rosout] -> http://ubuntu:33597/ ['http://ubuntu:44841/', 'http://ubuntu:36683/', 'http://ubuntu:34707/', 'http://ubuntu:36839/', 'http://ubuntu:44101/', 'http://ubuntu:33509/', 'http://ubuntu:46877/', 'http://ubuntu:44741/', 'http://ubuntu:40563/', 'http://ubuntu:44553/', 'http://ubuntu:36451/', 'http://ubuntu:41609/', 'http://ubuntu:41907/', 'http://ubuntu:34603/']: sec=0.00, result=[1, '', 0]
[rosmaster.master][INFO] 2020-09-01 09:11:08,349: -SERVICE [/camera_base_link/set_logger_level] /camera_base_link rosrpc://ubuntu:46631
[rosmaster.master][INFO] 2020-09-01 09:11:08,350: publisherUpdate[/rosout] -> http://ubuntu:33597/ ['http://ubuntu:44841/', 'http://ubuntu:36683/', 'http://ubuntu:34707/', 'http://ubuntu:36839/', 'http://ubuntu:44101/', 'http://ubuntu:33509/', 'http://ubuntu:46877/', 'http://ubuntu:44741/', 'http://ubuntu:40563/', 'http://ubuntu:44553/', 'http://ubuntu:36451/', 'http://ubuntu:41907/', 'http://ubuntu:34603/']
[rosmaster.master][INFO] 2020-09-01 09:11:08,351: -SERVICE [/camera/depth_registered_metric/set_logger_level] /camera/depth_registered_metric rosrpc://ubuntu:49053
[rosmaster.master][INFO] 2020-09-01 09:11:08,352: -SERVICE [/camera_base_link1/set_logger_level] /camera_base_link1 rosrpc://ubuntu:37839
[rosmaster.master][INFO] 2020-09-01 09:11:08,353: publisherUpdate[/rosout] -> http://ubuntu:33597/ ['http://ubuntu:44841/', 'http://ubuntu:36683/', 'http://ubuntu:34707/', 'http://ubuntu:36839/', 'http://ubuntu:44101/', 'http://ubuntu:33509/', 'http://ubuntu:46877/', 'http://ubuntu:44741/', 'http://ubuntu:40563/', 'http://ubuntu:44553/', 'http://ubuntu:36451/', 'http://ubuntu:41907/', 'http://ubuntu:34603/']: sec=0.00, result=[1, '', 0]
[rosmaster.master][INFO] 2020-09-01 09:11:08,354: -SERVICE [/camera_base_link2/set_logger_level] /camera_base_link2 rosrpc://ubuntu:52419
[rosmaster.master][INFO] 2020-09-01 09:11:08,354: publisherUpdate[/rosout] -> http://ubuntu:33597/ ['http://ubuntu:44841/', 'http://ubuntu:36683/', 'http://ubuntu:34707/', 'http://ubuntu:36839/', 'http://ubuntu:44101/', 'http://ubuntu:33509/', 'http://ubuntu:46877/', 'http://ubuntu:44741/', 'http://ubuntu:40563/', 'http://ubuntu:44553/', 'http://ubuntu:36451/', 'http://ubuntu:34603/']
[rosmaster.master][INFO] 2020-09-01 09:11:08,356: publisherUpdate[/rosout] -> http://ubuntu:33597/ ['http://ubuntu:44841/', 'http://ubuntu:36683/', 'http://ubuntu:34707/', 'http://ubuntu:36839/', 'http://ubuntu:44101/', 'http://ubuntu:33509/', 'http://ubuntu:46877/', 'http://ubuntu:44741/', 'http://ubuntu:40563/', 'http://ubuntu:44553/', 'http://ubuntu:36451/', 'http://ubuntu:34603/']: sec=0.00, result=[1, '', 0]
[rosmaster.master][INFO] 2020-09-01 09:11:08,357: publisherUpdate[/rosout] -> http://ubuntu:33597/ ['http://ubuntu:44841/', 'http://ubuntu:36683/', 'http://ubuntu:34707/', 'http://ubuntu:36839/', 'http://ubuntu:44101/', 'http://ubuntu:33509/', 'http://ubuntu:46877/', 'http://ubuntu:44741/', 'http://ubuntu:40563/', 'http://ubuntu:44553/', 'http://ubuntu:36451/']
[rosmaster.master][INFO] 2020-09-01 09:11:08,358: publisherUpdate[/rosout] -> http://ubuntu:33597/ ['http://ubuntu:44841/', 'http://ubuntu:36683/', 'http://ubuntu:34707/', 'http://ubuntu:36839/', 'http://ubuntu:44101/', 'http://ubuntu:33509/', 'http://ubuntu:46877/', 'http://ubuntu:44741/', 'http://ubuntu:40563/', 'http://ubuntu:44553/', 'http://ubuntu:36451/']: sec=0.00, result=[1, '', 0]
[rosmaster.master][INFO] 2020-09-01 09:11:08,359: publisherUpdate[/rosout] -> http://ubuntu:33597/ ['http://ubuntu:44841/', 'http://ubuntu:36683/', 'http://ubuntu:34707/', 'http://ubuntu:36839/', 'http://ubuntu:44101/', 'http://ubuntu:33509/', 'http://ubuntu:46877/', 'http://ubuntu:44741/', 'http://ubuntu:40563/', 'http://ubuntu:44553/']
[rosmaster.master][INFO] 2020-09-01 09:11:08,365: publisherUpdate[/rosout] -> http://ubuntu:33597/ ['http://ubuntu:44841/', 'http://ubuntu:36683/', 'http://ubuntu:34707/', 'http://ubuntu:36839/', 'http://ubuntu:44101/', 'http://ubuntu:33509/', 'http://ubuntu:46877/', 'http://ubuntu:44741/', 'http://ubuntu:40563/', 'http://ubuntu:44553/']: sec=0.01, result=[1, '', 0]
[rosmaster.master][INFO] 2020-09-01 09:11:08,378: -PUB [/camera/depth/image_rect] /camera/camera_nodelet_manager http://ubuntu:36683/
[rosmaster.master][INFO] 2020-09-01 09:11:08,380: -PUB [/rosout] /camera/depth_registered_rectify_depth http://ubuntu:40563/
[rosmaster.master][INFO] 2020-09-01 09:11:08,381: -PUB [/rosout] /camera/depth_points http://ubuntu:46877/
[rosmaster.master][INFO] 2020-09-01 09:11:08,383: -PUB [/rosout] /camera/points_xyzrgb_hw_registered http://ubuntu:44553/
[rosmaster.master][INFO] 2020-09-01 09:11:08,384: -SERVICE [/camera/depth_points/get_loggers] /camera/depth_points rosrpc://ubuntu:40981
[rosmaster.master][INFO] 2020-09-01 09:11:08,388: -SERVICE [/camera/points_xyzrgb_hw_registered/get_loggers] /camera/points_xyzrgb_hw_registered rosrpc://ubuntu:40577
[rosmaster.master][INFO] 2020-09-01 09:11:08,389: -PUB [/rosout] /camera/depth_metric http://ubuntu:44741/
[rosmaster.master][INFO] 2020-09-01 09:11:08,390: -SERVICE [/camera/depth_registered_rectify_depth/get_loggers] /camera/depth_registered_rectify_depth rosrpc://ubuntu:49505
[rosmaster.master][INFO] 2020-09-01 09:11:08,392: -SERVICE [/camera/depth_points/set_logger_level] /camera/depth_points rosrpc://ubuntu:40981
[rosmaster.master][INFO] 2020-09-01 09:11:08,393: -SERVICE [/camera/points_xyzrgb_hw_registered/set_logger_level] /camera/points_xyzrgb_hw_registered rosrpc://ubuntu:40577
[rosmaster.master][INFO] 2020-09-01 09:11:08,394: -SERVICE [/camera/depth_metric/get_loggers] /camera/depth_metric rosrpc://ubuntu:42013
[rosmaster.master][INFO] 2020-09-01 09:11:08,395: -SERVICE [/camera/depth_registered_rectify_depth/set_logger_level] /camera/depth_registered_rectify_depth rosrpc://ubuntu:49505
[rosmaster.master][INFO] 2020-09-01 09:11:08,396: -SERVICE [/camera/depth_metric/set_logger_level] /camera/depth_metric rosrpc://ubuntu:42013
[rosmaster.master][INFO] 2020-09-01 09:11:08,401: publisherUpdate[/rosout] -> http://ubuntu:33597/ ['http://ubuntu:44841/', 'http://ubuntu:36683/', 'http://ubuntu:34707/', 'http://ubuntu:36839/', 'http://ubuntu:44101/', 'http://ubuntu:33509/', 'http://ubuntu:46877/', 'http://ubuntu:44741/', 'http://ubuntu:44553/']
[rosmaster.master][INFO] 2020-09-01 09:11:08,403: publisherUpdate[/rosout] -> http://ubuntu:33597/ ['http://ubuntu:44841/', 'http://ubuntu:36683/', 'http://ubuntu:34707/', 'http://ubuntu:36839/', 'http://ubuntu:44101/', 'http://ubuntu:33509/', 'http://ubuntu:46877/', 'http://ubuntu:44741/', 'http://ubuntu:44553/']: sec=0.00, result=[1, '', 0]
[rosmaster.master][INFO] 2020-09-01 09:11:08,403: publisherUpdate[/rosout] -> http://ubuntu:33597/ ['http://ubuntu:44841/', 'http://ubuntu:36683/', 'http://ubuntu:34707/', 'http://ubuntu:36839/', 'http://ubuntu:44101/', 'http://ubuntu:33509/', 'http://ubuntu:44741/', 'http://ubuntu:44553/']
[rosmaster.master][INFO] 2020-09-01 09:11:08,404: publisherUpdate[/rosout] -> http://ubuntu:33597/ ['http://ubuntu:44841/', 'http://ubuntu:36683/', 'http://ubuntu:34707/', 'http://ubuntu:36839/', 'http://ubuntu:44101/', 'http://ubuntu:33509/', 'http://ubuntu:44741/', 'http://ubuntu:44553/']: sec=0.00, result=[1, '', 0]
[rosmaster.master][INFO] 2020-09-01 09:11:08,405: publisherUpdate[/rosout] -> http://ubuntu:33597/ ['http://ubuntu:44841/', 'http://ubuntu:36683/', 'http://ubuntu:34707/', 'http://ubuntu:36839/', 'http://ubuntu:44101/', 'http://ubuntu:33509/', 'http://ubuntu:44741/']
[rosmaster.master][INFO] 2020-09-01 09:11:08,406: publisherUpdate[/rosout] -> http://ubuntu:33597/ ['http://ubuntu:44841/', 'http://ubuntu:36683/', 'http://ubuntu:34707/', 'http://ubuntu:36839/', 'http://ubuntu:44101/', 'http://ubuntu:33509/', 'http://ubuntu:44741/']: sec=0.00, result=[1, '', 0]
[rosmaster.master][INFO] 2020-09-01 09:11:08,406: publisherUpdate[/rosout] -> http://ubuntu:33597/ ['http://ubuntu:44841/', 'http://ubuntu:36683/', 'http://ubuntu:34707/', 'http://ubuntu:36839/', 'http://ubuntu:44101/', 'http://ubuntu:33509/']
[rosmaster.master][INFO] 2020-09-01 09:11:08,408: publisherUpdate[/rosout] -> http://ubuntu:33597/ ['http://ubuntu:44841/', 'http://ubuntu:36683/', 'http://ubuntu:34707/', 'http://ubuntu:36839/', 'http://ubuntu:44101/', 'http://ubuntu:33509/']: sec=0.00, result=[1, '', 0]
[rosmaster.master][INFO] 2020-09-01 09:11:08,461: -PUB [/camera/depth_rectify_depth/parameter_descriptions] /camera/camera_nodelet_manager http://ubuntu:36683/
[rosmaster.master][INFO] 2020-09-01 09:11:08,464: -PUB [/camera/depth_rectify_depth/parameter_updates] /camera/camera_nodelet_manager http://ubuntu:36683/
[rosmaster.master][INFO] 2020-09-01 09:11:08,468: -SERVICE [/camera/depth_rectify_depth/set_parameters] /camera/camera_nodelet_manager rosrpc://ubuntu:39463
[rosmaster.master][INFO] 2020-09-01 09:11:08,470: -PUB [/camera/depth/image_rect_raw] /camera/camera_nodelet_manager http://ubuntu:36683/
[rosmaster.master][INFO] 2020-09-01 09:11:08,481: -PUB [/camera/rgb_rectify_color/parameter_descriptions] /camera/camera_nodelet_manager http://ubuntu:36683/
[rosmaster.master][INFO] 2020-09-01 09:11:08,484: -PUB [/camera/rgb_rectify_color/parameter_updates] /camera/camera_nodelet_manager http://ubuntu:36683/
[rosmaster.master][INFO] 2020-09-01 09:11:08,486: -SERVICE [/camera/rgb_rectify_color/set_parameters] /camera/camera_nodelet_manager rosrpc://ubuntu:39463
[rosmaster.master][INFO] 2020-09-01 09:11:08,489: -PUB [/camera/rgb/image_rect_color] /camera/camera_nodelet_manager http://ubuntu:36683/
[rosmaster.master][INFO] 2020-09-01 09:11:08,509: -PUB [/rosout] /camera/depth_metric_rect http://ubuntu:33509/
[rosmaster.master][INFO] 2020-09-01 09:11:08,510: -SERVICE [/camera/depth_metric_rect/get_loggers] /camera/depth_metric_rect rosrpc://ubuntu:37731
[rosmaster.master][INFO] 2020-09-01 09:11:08,512: -SERVICE [/camera/depth_metric_rect/set_logger_level] /camera/depth_metric_rect rosrpc://ubuntu:37731
[rosmaster.master][INFO] 2020-09-01 09:11:08,568: publisherUpdate[/rosout] -> http://ubuntu:33597/ ['http://ubuntu:44841/', 'http://ubuntu:36683/', 'http://ubuntu:34707/', 'http://ubuntu:36839/', 'http://ubuntu:44101/']
[rosmaster.master][INFO] 2020-09-01 09:11:08,569: publisherUpdate[/rosout] -> http://ubuntu:33597/ ['http://ubuntu:44841/', 'http://ubuntu:36683/', 'http://ubuntu:34707/', 'http://ubuntu:36839/', 'http://ubuntu:44101/']: sec=0.00, result=[1, '', 0]
[rosmaster.master][INFO] 2020-09-01 09:11:08,607: -PUB [/rosout] /camera/depth_rectify_depth http://ubuntu:44101/
[rosmaster.master][INFO] 2020-09-01 09:11:08,609: -PUB [/rosout] /camera/rgb_rectify_color http://ubuntu:36839/
[rosmaster.master][INFO] 2020-09-01 09:11:08,609: publisherUpdate[/rosout] -> http://ubuntu:33597/ ['http://ubuntu:44841/', 'http://ubuntu:36683/', 'http://ubuntu:34707/', 'http://ubuntu:36839/']
[rosmaster.master][INFO] 2020-09-01 09:11:08,610: -SERVICE [/camera/depth_rectify_depth/get_loggers] /camera/depth_rectify_depth rosrpc://ubuntu:53319
[rosmaster.master][INFO] 2020-09-01 09:11:08,612: -SERVICE [/camera/rgb_rectify_color/get_loggers] /camera/rgb_rectify_color rosrpc://ubuntu:33775
[rosmaster.master][INFO] 2020-09-01 09:11:08,614: publisherUpdate[/rosout] -> http://ubuntu:33597/ ['http://ubuntu:44841/', 'http://ubuntu:36683/', 'http://ubuntu:34707/', 'http://ubuntu:36839/']: sec=0.00, result=[1, '', 0]
[rosmaster.master][INFO] 2020-09-01 09:11:08,614: -SERVICE [/camera/depth_rectify_depth/set_logger_level] /camera/depth_rectify_depth rosrpc://ubuntu:53319
[rosmaster.master][INFO] 2020-09-01 09:11:08,615: publisherUpdate[/rosout] -> http://ubuntu:33597/ ['http://ubuntu:44841/', 'http://ubuntu:36683/', 'http://ubuntu:34707/']
[rosmaster.master][INFO] 2020-09-01 09:11:08,616: -SERVICE [/camera/rgb_rectify_color/set_logger_level] /camera/rgb_rectify_color rosrpc://ubuntu:33775
[rosmaster.master][INFO] 2020-09-01 09:11:08,618: publisherUpdate[/rosout] -> http://ubuntu:33597/ ['http://ubuntu:44841/', 'http://ubuntu:36683/', 'http://ubuntu:34707/']: sec=0.00, result=[1, '', 0]
[rosmaster.master][INFO] 2020-09-01 09:11:08,638: -PUB [/rosout] /camera/camera_nodelet_manager http://ubuntu:36683/
[rosmaster.master][INFO] 2020-09-01 09:11:08,639: -PUB [/camera/driver/parameter_descriptions] /camera/camera_nodelet_manager http://ubuntu:36683/
[rosmaster.master][INFO] 2020-09-01 09:11:08,641: -PUB [/camera/driver/parameter_updates] /camera/camera_nodelet_manager http://ubuntu:36683/
[rosmaster.master][INFO] 2020-09-01 09:11:08,642: -PUB [/camera/ir/image] /camera/camera_nodelet_manager http://ubuntu:36683/
[rosmaster.master][INFO] 2020-09-01 09:11:08,643: -PUB [/camera/ir/camera_info] /camera/camera_nodelet_manager http://ubuntu:36683/
[rosmaster.master][INFO] 2020-09-01 09:11:08,645: -PUB [/camera/depth/image_raw] /camera/camera_nodelet_manager http://ubuntu:36683/
[rosmaster.master][INFO] 2020-09-01 09:11:08,646: -PUB [/camera/depth/camera_info] /camera/camera_nodelet_manager http://ubuntu:36683/
[rosmaster.master][INFO] 2020-09-01 09:11:08,647: -PUB [/camera/depth_registered/image_raw] /camera/camera_nodelet_manager http://ubuntu:36683/
[rosmaster.master][INFO] 2020-09-01 09:11:08,648: -PUB [/camera/depth_registered/camera_info] /camera/camera_nodelet_manager http://ubuntu:36683/
[rosmaster.master][INFO] 2020-09-01 09:11:08,650: -PUB [/camera/projector/camera_info] /camera/camera_nodelet_manager http://ubuntu:36683/
[rosmaster.master][INFO] 2020-09-01 09:11:08,651: -PUB [/camera/camera_nodelet_manager/bond] /camera/camera_nodelet_manager http://ubuntu:36683/
[rosmaster.master][INFO] 2020-09-01 09:11:08,653: -SUB [/camera/camera_nodelet_manager/bond] /camera/camera_nodelet_manager http://ubuntu:36683/
[rosmaster.master][INFO] 2020-09-01 09:11:08,655: -SERVICE [/camera/camera_nodelet_manager/get_loggers] /camera/camera_nodelet_manager rosrpc://ubuntu:39463
[rosmaster.master][INFO] 2020-09-01 09:11:08,656: -SERVICE [/camera/camera_nodelet_manager/set_logger_level] /camera/camera_nodelet_manager rosrpc://ubuntu:39463
[rosmaster.master][INFO] 2020-09-01 09:11:08,658: -SERVICE [/camera/camera_nodelet_manager/load_nodelet] /camera/camera_nodelet_manager rosrpc://ubuntu:39463
[rosmaster.master][INFO] 2020-09-01 09:11:08,659: -SERVICE [/camera/camera_nodelet_manager/unload_nodelet] /camera/camera_nodelet_manager rosrpc://ubuntu:39463
[rosmaster.master][INFO] 2020-09-01 09:11:08,661: -SERVICE [/camera/camera_nodelet_manager/list] /camera/camera_nodelet_manager rosrpc://ubuntu:39463
[rosmaster.master][INFO] 2020-09-01 09:11:08,662: -SERVICE [/camera/driver/set_parameters] /camera/camera_nodelet_manager rosrpc://ubuntu:39463
[rosmaster.master][INFO] 2020-09-01 09:11:08,663: -SERVICE [/camera/rgb/set_camera_info] /camera/camera_nodelet_manager rosrpc://ubuntu:39463
[rosmaster.master][INFO] 2020-09-01 09:11:08,664: -SERVICE [/camera/ir/set_camera_info] /camera/camera_nodelet_manager rosrpc://ubuntu:39463
[rosmaster.master][INFO] 2020-09-01 09:11:08,665: -SERVICE [/camera/get_serial] /camera/camera_nodelet_manager rosrpc://ubuntu:39463
[rosmaster.master][INFO] 2020-09-01 09:11:08,667: -SERVICE [/camera/get_device_type] /camera/camera_nodelet_manager rosrpc://ubuntu:39463
[rosmaster.master][INFO] 2020-09-01 09:11:08,668: -SERVICE [/camera/get_ir_gain] /camera/camera_nodelet_manager rosrpc://ubuntu:39463
[rosmaster.master][INFO] 2020-09-01 09:11:08,669: -SERVICE [/camera/set_ir_gain] /camera/camera_nodelet_manager rosrpc://ubuntu:39463
[rosmaster.master][INFO] 2020-09-01 09:11:08,670: publisherUpdate[/rosout] -> http://ubuntu:33597/ ['http://ubuntu:44841/', 'http://ubuntu:34707/']
[rosmaster.master][INFO] 2020-09-01 09:11:08,671: -SERVICE [/camera/get_ir_exposure] /camera/camera_nodelet_manager rosrpc://ubuntu:39463
[rosmaster.master][INFO] 2020-09-01 09:11:08,672: publisherUpdate[/rosout] -> http://ubuntu:33597/ ['http://ubuntu:44841/', 'http://ubuntu:34707/']: sec=0.00, result=[1, '', 0]
[rosmaster.master][INFO] 2020-09-01 09:11:08,673: publisherUpdate[/camera/camera_nodelet_manager/bond] -> http://ubuntu:36683/ ['http://ubuntu:34707/']
[rosmaster.master][INFO] 2020-09-01 09:11:08,674: -SERVICE [/camera/set_ir_exposure] /camera/camera_nodelet_manager rosrpc://ubuntu:39463
[rosmaster.master][INFO] 2020-09-01 09:11:08,675: publisherUpdate[/camera/camera_nodelet_manager/bond] -> http://ubuntu:36683/ ['http://ubuntu:34707/']: sec=0.00, exception=<Fault -1: 'publisherUpdate: unknown method name'>
[rosmaster.master][INFO] 2020-09-01 09:11:08,676: -SERVICE [/camera/set_ir_flood] /camera/camera_nodelet_manager rosrpc://ubuntu:39463
[rosmaster.master][INFO] 2020-09-01 09:11:08,678: -SERVICE [/camera/set_laser] /camera/camera_nodelet_manager rosrpc://ubuntu:39463
[rosmaster.master][INFO] 2020-09-01 09:11:08,680: -SERVICE [/camera/set_ldp] /camera/camera_nodelet_manager rosrpc://ubuntu:39463
[rosmaster.threadpool][ERROR] 2020-09-01 09:11:08,681: Traceback (most recent call last):
  File "/opt/ros/melodic/lib/python2.7/dist-packages/rosmaster/threadpool.py", line 218, in run
    result = cmd(*args)
  File "/opt/ros/melodic/lib/python2.7/dist-packages/rosmaster/master_api.py", line 210, in publisher_update_task
    ret = xmlrpcapi(api).publisherUpdate('/master', topic, pub_uris)
  File "/usr/lib/python2.7/xmlrpclib.py", line 1243, in __call__
    return self.__send(self.__name, args)
  File "/usr/lib/python2.7/xmlrpclib.py", line 1602, in __request
    verbose=self.__verbose
  File "/usr/lib/python2.7/xmlrpclib.py", line 1283, in request
    return self.single_request(host, handler, request_body, verbose)
  File "/usr/lib/python2.7/xmlrpclib.py", line 1316, in single_request
    return self.parse_response(response)
  File "/usr/lib/python2.7/xmlrpclib.py", line 1493, in parse_response
    return u.close()
  File "/usr/lib/python2.7/xmlrpclib.py", line 800, in close
    raise Fault(**self._stack[0])
Fault: <Fault -1: 'publisherUpdate: unknown method name'>

[rosmaster.master][INFO] 2020-09-01 09:11:08,682: -SERVICE [/camera/reset_ir_gain] /camera/camera_nodelet_manager rosrpc://ubuntu:39463
[rosmaster.master][INFO] 2020-09-01 09:11:08,682: publisherUpdate[/camera/camera_nodelet_manager/bond] -> http://ubuntu:34707/ ['http://ubuntu:34707/']
[rosmaster.master][INFO] 2020-09-01 09:11:08,684: -SERVICE [/camera/reset_ir_exposure] /camera/camera_nodelet_manager rosrpc://ubuntu:39463
[rosmaster.master][INFO] 2020-09-01 09:11:08,686: -SERVICE [/camera/get_camera_info] /camera/camera_nodelet_manager rosrpc://ubuntu:39463
[rosmaster.master][INFO] 2020-09-01 09:11:08,687: publisherUpdate[/camera/camera_nodelet_manager/bond] -> http://ubuntu:34707/ ['http://ubuntu:34707/']: sec=0.00, result=[1, '', 0]
[rosmaster.master][INFO] 2020-09-01 09:11:08,887: -PUB [/rosout] /camera/driver http://ubuntu:34707/
[rosmaster.master][INFO] 2020-09-01 09:11:08,888: publisherUpdate[/rosout] -> http://ubuntu:33597/ ['http://ubuntu:44841/']
[rosmaster.master][INFO] 2020-09-01 09:11:08,888: -PUB [/camera/camera_nodelet_manager/bond] /camera/driver http://ubuntu:34707/
[rosmaster.master][INFO] 2020-09-01 09:11:08,890: publisherUpdate[/rosout] -> http://ubuntu:33597/ ['http://ubuntu:44841/']: sec=0.00, result=[1, '', 0]
[rosmaster.master][INFO] 2020-09-01 09:11:08,891: -SUB [/camera/camera_nodelet_manager/bond] /camera/driver http://ubuntu:34707/
[rosmaster.master][INFO] 2020-09-01 09:11:08,891: publisherUpdate[/camera/camera_nodelet_manager/bond] -> http://ubuntu:34707/ []
[rosmaster.master][INFO] 2020-09-01 09:11:08,893: -SERVICE [/camera/driver/get_loggers] /camera/driver rosrpc://ubuntu:34385
[rosmaster.master][INFO] 2020-09-01 09:11:08,894: -SERVICE [/camera/driver/set_logger_level] /camera/driver rosrpc://ubuntu:34385
[rosmaster.master][INFO] 2020-09-01 09:11:08,897: publisherUpdate[/camera/camera_nodelet_manager/bond] -> http://ubuntu:34707/ []: sec=0.01, exception=[Errno 111] Connection refused
[rosmaster.threadpool][ERROR] 2020-09-01 09:11:08,899: Traceback (most recent call last):
  File "/opt/ros/melodic/lib/python2.7/dist-packages/rosmaster/threadpool.py", line 218, in run
    result = cmd(*args)
  File "/opt/ros/melodic/lib/python2.7/dist-packages/rosmaster/master_api.py", line 210, in publisher_update_task
    ret = xmlrpcapi(api).publisherUpdate('/master', topic, pub_uris)
  File "/usr/lib/python2.7/xmlrpclib.py", line 1243, in __call__
    return self.__send(self.__name, args)
  File "/usr/lib/python2.7/xmlrpclib.py", line 1602, in __request
    verbose=self.__verbose
  File "/usr/lib/python2.7/xmlrpclib.py", line 1283, in request
    return self.single_request(host, handler, request_body, verbose)
  File "/usr/lib/python2.7/xmlrpclib.py", line 1311, in single_request
    self.send_content(h, request_body)
  File "/usr/lib/python2.7/xmlrpclib.py", line 1459, in send_content
    connection.endheaders(request_body)
  File "/usr/lib/python2.7/httplib.py", line 1078, in endheaders
    self._send_output(message_body)
  File "/usr/lib/python2.7/httplib.py", line 894, in _send_output
    self.send(msg)
  File "/usr/lib/python2.7/httplib.py", line 856, in send
    self.connect()
  File "/usr/lib/python2.7/httplib.py", line 833, in connect
    self.timeout, self.source_address)
  File "/usr/lib/python2.7/socket.py", line 575, in create_connection
    raise err
error: [Errno 111] Connection refused

[rosmaster.master][INFO] 2020-09-01 09:11:09,091: -PUB [/rosout_agg] /rosout http://ubuntu:33597/
[rosmaster.master][INFO] 2020-09-01 09:11:09,092: -SUB [/rosout] /rosout http://ubuntu:33597/
[rosmaster.master][INFO] 2020-09-01 09:11:09,093: -SERVICE [/rosout/get_loggers] /rosout rosrpc://ubuntu:48813
[rosmaster.master][INFO] 2020-09-01 09:11:09,095: -SERVICE [/rosout/set_logger_level] /rosout rosrpc://ubuntu:48813
[rosmaster.main][INFO] 2020-09-01 09:11:09,180: keyboard interrupt, will exit
[rosmaster.main][INFO] 2020-09-01 09:11:09,180: stopping master...
[rospy.core][INFO] 2020-09-01 09:11:09,181: signal_shutdown [atexit]
