

1598951409.637727112  Node Startup
1598951409.999170866 INFO /camera/camera_nodelet_manager [/home/zxcar/heima_ws/src/ros_astra_camera/src/astra_device_manager.cpp:116(AstraDeviceListener::onDeviceConnected)] [topics: /rosout] Device "2bc5/0403@1/22" found.
1598951409.956660857 INFO /camera/depth_rectify_depth [/tmp/binarydeb/ros-melodic-nodelet-1.9.16/src/nodelet.cpp:196(loadNodelet)] [topics: /rosout] Loading nodelet /camera/depth_rectify_depth of type image_proc/rectify to manager camera_nodelet_manager with the following remappings:
1598951409.872239181 INFO /camera/driver [/tmp/binarydeb/ros-melodic-nodelet-1.9.16/src/nodelet.cpp:202(loadNodelet)] [topics: /rosout] /camera/rgb/image -> /camera/rgb/image_raw
1598951409.899684478 INFO /camera/rgb_rectify_color [/tmp/binarydeb/ros-melodic-nodelet-1.9.16/src/nodelet.cpp:202(loadNodelet)] [topics: /rosout] /camera/image_rect -> /camera/rgb/image_rect_color
1598951409.975504108 INFO /camera/depth_metric_rect [/tmp/binarydeb/ros-melodic-nodelet-1.9.16/src/nodelet.cpp:196(loadNodelet)] [topics: /rosout] Loading nodelet /camera/depth_metric_rect of type depth_image_proc/convert_metric to manager camera_nodelet_manager with the following remappings:
1598951410.123181870 INFO /camera/depth_metric [/tmp/binarydeb/ros-melodic-nodelet-1.9.16/src/nodelet.cpp:202(loadNodelet)] [topics: /rosout] /camera/image_raw -> /camera/depth/image_raw
1598951410.095179359 INFO /camera/depth_points [/tmp/binarydeb/ros-melodic-nodelet-1.9.16/src/nodelet.cpp:196(loadNodelet)] [topics: /rosout] Loading nodelet /camera/depth_points of type depth_image_proc/point_cloud_xyz to manager camera_nodelet_manager with the following remappings:
1598951410.129764981 INFO /camera/depth_registered_rectify_depth [/tmp/binarydeb/ros-melodic-nodelet-1.9.16/src/nodelet.cpp:196(loadNodelet)] [topics: /rosout] Loading nodelet /camera/depth_registered_rectify_depth of type image_proc/rectify to manager camera_nodelet_manager with the following remappings:
1598951410.221280278 INFO /camera/points_xyzrgb_hw_registered [/tmp/binarydeb/ros-melodic-nodelet-1.9.16/src/nodelet.cpp:202(loadNodelet)] [topics: /rosout] /camera/rgb/image_rect_color -> /camera/rgb/image_rect_color
1598951410.286808166 INFO /camera/depth_registered_hw_metric_rect [/tmp/binarydeb/ros-melodic-nodelet-1.9.16/src/nodelet.cpp:202(loadNodelet)] [topics: /rosout] /camera/image_raw -> /camera/depth_registered/hw_registered/image_rect_raw
1598951410.429103300 INFO /camera/camera_rgb [/home/zxcar/heima_ws/src/ros_astra_camera/src/libuvc_camera/camera_driver.cpp:494(CameraDriver::OpenCamera)] [topics: /rosout, /camera/camera_rgb/parameter_descriptions, /camera/camera_rgb/parameter_updates, /camera/rgb/image_raw, /camera/rgb/camera_info] Opening camera with vendor=0x2bc5, product=0x502, serial="", index=0
1598951410.351105200 INFO /camera/depth_registered_metric [/tmp/binarydeb/ros-melodic-nodelet-1.9.16/src/nodelet.cpp:202(loadNodelet)] [topics: /rosout] /camera/image_raw -> /camera/depth_registered/image_raw
1598951410.387287984 INFO /camera_base_link [/tmp/binarydeb/ros-melodic-tf2-ros-0.6.5/src/static_transform_broadcaster_program.cpp:142(main)] [topics: /rosout, /tf_static] Spinning until killed publishing /camera_link to /camera_depth_frame
1598951410.413475965 INFO /camera_base_link1 [/tmp/binarydeb/ros-melodic-tf2-ros-0.6.5/src/static_transform_broadcaster_program.cpp:142(main)] [topics: /rosout, /tf_static] Spinning until killed publishing /camera_link to /camera_rgb_frame
1598951410.445755786 INFO /camera_base_link3 [/tmp/binarydeb/ros-melodic-tf2-ros-0.6.5/src/static_transform_broadcaster_program.cpp:142(main)] [topics: /rosout, /tf_static] Spinning until killed publishing /camera_rgb_frame to /camera_rgb_optical_frame
1598951410.425722774 INFO /camera_base_link2 [/tmp/binarydeb/ros-melodic-tf2-ros-0.6.5/src/static_transform_broadcaster_program.cpp:142(main)] [topics: /rosout, /tf_static] Spinning until killed publishing /camera_depth_frame to /camera_depth_optical_frame
1598951411.052034965 WARN /camera/camera_rgb [/home/zxcar/heima_ws/src/ros_astra_camera/src/libuvc_camera/camera_driver.cpp:216(CameraDriver::ReconfigureCallback)] [topics: /rosout, /camera/camera_rgb/parameter_descriptions, /camera/camera_rgb/parameter_updates, /camera/rgb/image_raw, /camera/rgb/camera_info] Unable to set exposure_absolute to 1
1598951411.052720771 WARN /camera/camera_rgb [/home/zxcar/heima_ws/src/ros_astra_camera/src/libuvc_camera/camera_driver.cpp:217(CameraDriver::ReconfigureCallback)] [topics: /rosout, /camera/camera_rgb/parameter_descriptions, /camera/camera_rgb/parameter_updates, /camera/rgb/image_raw, /camera/rgb/camera_info] Unable to set auto_focus to 1
1598951411.053434686 WARN /camera/camera_rgb [/home/zxcar/heima_ws/src/ros_astra_camera/src/libuvc_camera/camera_driver.cpp:218(CameraDriver::ReconfigureCallback)] [topics: /rosout, /camera/camera_rgb/parameter_descriptions, /camera/camera_rgb/parameter_updates, /camera/rgb/image_raw, /camera/rgb/camera_info] Unable to set focus_absolute to 0
1598951411.054070974 WARN /camera/camera_rgb [/home/zxcar/heima_ws/src/ros_astra_camera/src/libuvc_camera/camera_driver.cpp:221(CameraDriver::ReconfigureCallback)] [topics: /rosout, /camera/camera_rgb/parameter_descriptions, /camera/camera_rgb/parameter_updates, /camera/rgb/image_raw, /camera/rgb/camera_info] Unable to set iris_absolute to 0
1598951411.055058293 WARN /camera/camera_rgb [/home/zxcar/heima_ws/src/ros_astra_camera/src/libuvc_camera/camera_driver.cpp:228(CameraDriver::ReconfigureCallback)] [topics: /rosout, /camera/camera_rgb/parameter_descriptions, /camera/camera_rgb/parameter_updates, /camera/rgb/image_raw, /camera/rgb/camera_info] Unable to set pantilt to 0, 0
1598951468.156166713 INFO /camera/depth_registered_hw_metric_rect [/tmp/binarydeb/ros-melodic-nodelet-1.9.16/src/nodelet.cpp:159(unloadNodelet)] [topics: /rosout] Unloading nodelet /camera/depth_registered_hw_metric_rect from manager camera_nodelet_manager
1598951468.159107080 INFO /camera/depth_registered_metric [/tmp/binarydeb/ros-melodic-nodelet-1.9.16/src/nodelet.cpp:159(unloadNodelet)] [topics: /rosout] Unloading nodelet /camera/depth_registered_metric from manager camera_nodelet_manager
1598951410.111006172 INFO /camera/depth_points [/tmp/binarydeb/ros-melodic-nodelet-1.9.16/src/nodelet.cpp:202(loadNodelet)] [topics: /rosout] /camera/image_rect -> /camera/depth/image_rect_raw
1598951410.111041857 INFO /camera/depth_points [/tmp/binarydeb/ros-melodic-nodelet-1.9.16/src/nodelet.cpp:202(loadNodelet)] [topics: /rosout] /camera/points -> /camera/depth/points
1598951468.169149828 INFO /camera/depth_points [/tmp/binarydeb/ros-melodic-nodelet-1.9.16/src/nodelet.cpp:159(unloadNodelet)] [topics: /rosout] Unloading nodelet /camera/depth_points from manager camera_nodelet_manager
1598951468.171651534 INFO /camera/points_xyzrgb_hw_registered [/tmp/binarydeb/ros-melodic-nodelet-1.9.16/src/nodelet.cpp:159(unloadNodelet)] [topics: /rosout] Unloading nodelet /camera/points_xyzrgb_hw_registered from manager camera_nodelet_manager
1598951468.172508096 INFO /camera/depth_metric [/tmp/binarydeb/ros-melodic-nodelet-1.9.16/src/nodelet.cpp:159(unloadNodelet)] [topics: /rosout] Unloading nodelet /camera/depth_metric from manager camera_nodelet_manager
1598951410.146814573 INFO /camera/depth_registered_rectify_depth [/tmp/binarydeb/ros-melodic-nodelet-1.9.16/src/nodelet.cpp:202(loadNodelet)] [topics: /rosout] /camera/image_mono -> /camera/depth_registered/image_raw
1598951410.146851350 INFO /camera/depth_registered_rectify_depth [/tmp/binarydeb/ros-melodic-nodelet-1.9.16/src/nodelet.cpp:202(loadNodelet)] [topics: /rosout] /camera/image_rect -> /camera/depth_registered/hw_registered/image_rect_raw
1598951468.174990432 INFO /camera/depth_registered_rectify_depth [/tmp/binarydeb/ros-melodic-nodelet-1.9.16/src/nodelet.cpp:159(unloadNodelet)] [topics: /rosout] Unloading nodelet /camera/depth_registered_rectify_depth from manager camera_nodelet_manager
1598951409.981986943 INFO /camera/depth_metric_rect [/tmp/binarydeb/ros-melodic-nodelet-1.9.16/src/nodelet.cpp:202(loadNodelet)] [topics: /rosout] /camera/image -> /camera/depth/image_rect
1598951409.982023516 INFO /camera/depth_metric_rect [/tmp/binarydeb/ros-melodic-nodelet-1.9.16/src/nodelet.cpp:202(loadNodelet)] [topics: /rosout] /camera/image_raw -> /camera/depth/image_rect_raw
1598951468.373360956 INFO /camera/depth_metric_rect [/tmp/binarydeb/ros-melodic-nodelet-1.9.16/src/nodelet.cpp:159(unloadNodelet)] [topics: /rosout] Unloading nodelet /camera/depth_metric_rect from manager camera_nodelet_manager
1598951409.966832009 INFO /camera/depth_rectify_depth [/tmp/binarydeb/ros-melodic-nodelet-1.9.16/src/nodelet.cpp:202(loadNodelet)] [topics: /rosout] /camera/image_mono -> /camera/depth/image_raw
1598951409.966869620 INFO /camera/depth_rectify_depth [/tmp/binarydeb/ros-melodic-nodelet-1.9.16/src/nodelet.cpp:202(loadNodelet)] [topics: /rosout] /camera/image_rect -> /camera/depth/image_rect_raw
1598951468.454483970 INFO /camera/depth_rectify_depth [/tmp/binarydeb/ros-melodic-nodelet-1.9.16/src/nodelet.cpp:159(unloadNodelet)] [topics: /rosout] Unloading nodelet /camera/depth_rectify_depth from manager camera_nodelet_manager
1598951468.457016028 INFO /camera/rgb_rectify_color [/tmp/binarydeb/ros-melodic-nodelet-1.9.16/src/nodelet.cpp:159(unloadNodelet)] [topics: /rosout] Unloading nodelet /camera/rgb_rectify_color from manager camera_nodelet_manager
1598951468.466537080 INFO /camera/driver [/tmp/binarydeb/ros-melodic-nodelet-1.9.16/src/nodelet.cpp:159(unloadNodelet)] [topics: /rosout, /camera/camera_nodelet_manager/bond] Unloading nodelet /camera/driver from manager camera_nodelet_manager
