[rospy.client][INFO] 2020-09-02 04:15:22,262: init_node, name[/rostopic_3506_1599020122213], pid[3506]
[xmlrpc][INFO] 2020-09-02 04:15:22,263: XML-RPC server binding to 0.0.0.0:0
[xmlrpc][INFO] 2020-09-02 04:15:22,264: Started XML-RPC server [http://192.168.137.54:41259/]
[rospy.init][INFO] 2020-09-02 04:15:22,265: ROS Slave URI: [http://192.168.137.54:41259/]
[rospy.impl.masterslave][INFO] 2020-09-02 04:15:22,265: _ready: http://192.168.137.54:41259/
[xmlrpc][INFO] 2020-09-02 04:15:22,266: xml rpc node: starting XML-RPC server
[rospy.registration][INFO] 2020-09-02 04:15:22,267: Registering with master node http://192.168.137.54:11311
[rospy.init][INFO] 2020-09-02 04:15:22,366: registered with master
[rospy.rosout][INFO] 2020-09-02 04:15:22,367: initializing /rosout core topic
[rospy.rosout][INFO] 2020-09-02 04:15:22,374: connected to core topic /rosout
[rospy.simtime][INFO] 2020-09-02 04:15:22,379: /use_sim_time is not set, will not subscribe to simulated time [/clock] topic
[rospy.internal][INFO] 2020-09-02 04:15:22,675: topic[/camera/rgb/image_raw/compressed] adding connection to [http://192.168.137.54:40329/], count 0
[rospy.msg][ERROR] 2020-09-02 04:15:22,717: cannot deserialize message: EXCEPTION Traceback (most recent call last):
  File "/opt/ros/melodic/lib/python2.7/dist-packages/rospy/msg.py", line 223, in deserialize_messages
    msg_queue.append(data.deserialize(q))
  File "/opt/ros/melodic/lib/python2.7/dist-packages/sensor_msgs/msg/_CompressedImage.py", line 117, in deserialize
    codecs.lookup_error("rosmsg").msg_type = self._type
LookupError: unknown error handler name 'rosmsg'

[rospy.internal][ERROR] 2020-09-02 04:15:22,719: Traceback (most recent call last):
  File "/opt/ros/melodic/lib/python2.7/dist-packages/rospy/impl/tcpros_base.py", line 735, in receive_once
    p.read_messages(b, msg_queue, sock)
  File "/opt/ros/melodic/lib/python2.7/dist-packages/rospy/impl/tcpros_base.py", line 398, in read_messages
    deserialize_messages(b, msg_queue, self.recv_data_class, queue_size=self.queue_size)
  File "/opt/ros/melodic/lib/python2.7/dist-packages/rospy/msg.py", line 245, in deserialize_messages
    raise genpy.DeserializationError("cannot deserialize: %s"%str(e))
DeserializationError: cannot deserialize: unknown error handler name 'rosmsg'

[rospy.internal][WARNING] 2020-09-02 04:15:22,721: Unknown error initiating TCP/IP socket to 192.168.137.54:60551 (http://192.168.137.54:40329/): Traceback (most recent call last):
  File "/opt/ros/melodic/lib/python2.7/dist-packages/rospy/impl/tcpros_base.py", line 562, in connect
    self.read_header()
  File "/opt/ros/melodic/lib/python2.7/dist-packages/rospy/impl/tcpros_base.py", line 657, in read_header
    self._validate_header(read_ros_handshake_header(sock, self.read_buff, self.protocol.buff_size))
  File "/opt/ros/melodic/lib/python2.7/dist-packages/rosgraph/network.py", line 378, in read_ros_handshake_header
    return decode_ros_handshake_header(bval)
  File "/opt/ros/melodic/lib/python2.7/dist-packages/rosgraph/network.py", line 327, in decode_ros_handshake_header
    raise ROSHandshakeException("Invalid 0-length handshake header field")
ROSHandshakeException: Invalid 0-length handshake header field

[rospy.internal][INFO] 2020-09-02 04:15:22,723: topic[/camera/rgb/image_raw/compressed] removing connection to http://192.168.137.54:40329/
[rospy.internal][INFO] 2020-09-02 04:15:22,725: topic[/rosout] adding connection to [/rosout], count 0
[rospy.internal][INFO] 2020-09-02 04:20:27,923: topic[/rosout] removing connection to /rosout
[rospy.core][INFO] 2020-09-02 04:20:33,407: signal_shutdown [signal-2]
[rospy.registration][WARNING] 2020-09-02 04:20:33,411: cannot unregister with master due to network issues
[rospy.impl.masterslave][INFO] 2020-09-02 04:20:33,412: signal-2
[rospy.core][INFO] 2020-09-02 04:20:33,529: signal_shutdown [atexit]
