

1598949708.387291966  Node Startup
1598949708.623117465 INFO /camera/driver [/tmp/binarydeb/ros-melodic-nodelet-1.9.16/src/nodelet.cpp:202(loadNodelet)] [topics: /rosout] /camera/rgb/image -> /camera/rgb/image_raw
1598949708.762704284 INFO /camera/camera_nodelet_manager [/home/zxcar/heima_ws/src/ros_astra_camera/src/astra_device_manager.cpp:116(AstraDeviceListener::onDeviceConnected)] [topics: /rosout] Device "2bc5/0403@1/19" found.
1598949708.682663721 INFO /camera/rgb_rectify_color [/tmp/binarydeb/ros-melodic-nodelet-1.9.16/src/nodelet.cpp:202(loadNodelet)] [topics: /rosout] /camera/image_rect -> /camera/rgb/image_rect_color
1598949708.695226902 INFO /camera/depth_rectify_depth [/tmp/binarydeb/ros-melodic-nodelet-1.9.16/src/nodelet.cpp:196(loadNodelet)] [topics: /rosout] Loading nodelet /camera/depth_rectify_depth of type image_proc/rectify to manager camera_nodelet_manager with the following remappings:
1598949708.727940726 INFO /camera/depth_metric_rect [/tmp/binarydeb/ros-melodic-nodelet-1.9.16/src/nodelet.cpp:202(loadNodelet)] [topics: /rosout] /camera/image_raw -> /camera/depth/image_rect_raw
1598949708.792661345 INFO /camera/depth_metric [/tmp/binarydeb/ros-melodic-nodelet-1.9.16/src/nodelet.cpp:196(loadNodelet)] [topics: /rosout] Loading nodelet /camera/depth_metric of type depth_image_proc/convert_metric to manager camera_nodelet_manager with the following remappings:
1598949708.859959859 INFO /camera/depth_points [/tmp/binarydeb/ros-melodic-nodelet-1.9.16/src/nodelet.cpp:202(loadNodelet)] [topics: /rosout] /camera/points -> /camera/depth/points
1598949708.916465467 INFO /camera/depth_registered_rectify_depth [/tmp/binarydeb/ros-melodic-nodelet-1.9.16/src/nodelet.cpp:196(loadNodelet)] [topics: /rosout] Loading nodelet /camera/depth_registered_rectify_depth of type image_proc/rectify to manager camera_nodelet_manager with the following remappings:
1598949708.999094850 INFO /camera/points_xyzrgb_hw_registered [/tmp/binarydeb/ros-melodic-nodelet-1.9.16/src/nodelet.cpp:202(loadNodelet)] [topics: /rosout] /camera/rgb/image_rect_color -> /camera/rgb/image_rect_color
1598949709.017422312 INFO /camera/depth_registered_hw_metric_rect [/tmp/binarydeb/ros-melodic-nodelet-1.9.16/src/nodelet.cpp:202(loadNodelet)] [topics: /rosout] /camera/image_raw -> /camera/depth_registered/hw_registered/image_rect_raw
1598949709.227941008 INFO /camera/camera_rgb [/home/zxcar/heima_ws/src/ros_astra_camera/src/libuvc_camera/camera_driver.cpp:494(CameraDriver::OpenCamera)] [topics: /rosout, /camera/camera_rgb/parameter_descriptions, /camera/camera_rgb/parameter_updates, /camera/rgb/image_raw, /camera/rgb/camera_info] Opening camera with vendor=0x2bc5, product=0x502, serial="", index=0
1598949709.096594052 INFO /camera/depth_registered_metric [/tmp/binarydeb/ros-melodic-nodelet-1.9.16/src/nodelet.cpp:202(loadNodelet)] [topics: /rosout] /camera/image_raw -> /camera/depth_registered/image_raw
1598949709.147060641 INFO /camera_base_link [/tmp/binarydeb/ros-melodic-tf2-ros-0.6.5/src/static_transform_broadcaster_program.cpp:142(main)] [topics: /rosout, /tf_static] Spinning until killed publishing /camera_link to /camera_depth_frame
1598949709.191748745 INFO /camera_base_link2 [/tmp/binarydeb/ros-melodic-tf2-ros-0.6.5/src/static_transform_broadcaster_program.cpp:142(main)] [topics: /rosout, /tf_static] Spinning until killed publishing /camera_depth_frame to /camera_depth_optical_frame
1598949709.187741109 INFO /camera_base_link1 [/tmp/binarydeb/ros-melodic-tf2-ros-0.6.5/src/static_transform_broadcaster_program.cpp:142(main)] [topics: /rosout, /tf_static] Spinning until killed publishing /camera_link to /camera_rgb_frame
1598949709.225236671 INFO /camera_base_link3 [/tmp/binarydeb/ros-melodic-tf2-ros-0.6.5/src/static_transform_broadcaster_program.cpp:142(main)] [topics: /rosout, /tf_static] Spinning until killed publishing /camera_rgb_frame to /camera_rgb_optical_frame
1598949709.824042863 WARN /camera/camera_rgb [/home/zxcar/heima_ws/src/ros_astra_camera/src/libuvc_camera/camera_driver.cpp:216(CameraDriver::ReconfigureCallback)] [topics: /rosout, /camera/camera_rgb/parameter_descriptions, /camera/camera_rgb/parameter_updates, /camera/rgb/image_raw, /camera/rgb/camera_info] Unable to set exposure_absolute to 1
1598949709.824969334 WARN /camera/camera_rgb [/home/zxcar/heima_ws/src/ros_astra_camera/src/libuvc_camera/camera_driver.cpp:217(CameraDriver::ReconfigureCallback)] [topics: /rosout, /camera/camera_rgb/parameter_descriptions, /camera/camera_rgb/parameter_updates, /camera/rgb/image_raw, /camera/rgb/camera_info] Unable to set auto_focus to 1
1598949709.825847323 WARN /camera/camera_rgb [/home/zxcar/heima_ws/src/ros_astra_camera/src/libuvc_camera/camera_driver.cpp:218(CameraDriver::ReconfigureCallback)] [topics: /rosout, /camera/camera_rgb/parameter_descriptions, /camera/camera_rgb/parameter_updates, /camera/rgb/image_raw, /camera/rgb/camera_info] Unable to set focus_absolute to 0
1598949709.826697479 WARN /camera/camera_rgb [/home/zxcar/heima_ws/src/ros_astra_camera/src/libuvc_camera/camera_driver.cpp:221(CameraDriver::ReconfigureCallback)] [topics: /rosout, /camera/camera_rgb/parameter_descriptions, /camera/camera_rgb/parameter_updates, /camera/rgb/image_raw, /camera/rgb/camera_info] Unable to set iris_absolute to 0
1598949709.827897854 WARN /camera/camera_rgb [/home/zxcar/heima_ws/src/ros_astra_camera/src/libuvc_camera/camera_driver.cpp:228(CameraDriver::ReconfigureCallback)] [topics: /rosout, /camera/camera_rgb/parameter_descriptions, /camera/camera_rgb/parameter_updates, /camera/rgb/image_raw, /camera/rgb/camera_info] Unable to set pantilt to 0, 0
1598949723.503686678 INFO /camera/depth_registered_hw_metric_rect [/tmp/binarydeb/ros-melodic-nodelet-1.9.16/src/nodelet.cpp:159(unloadNodelet)] [topics: /rosout] Unloading nodelet /camera/depth_registered_hw_metric_rect from manager camera_nodelet_manager
1598949723.504998273 INFO /camera/depth_points [/tmp/binarydeb/ros-melodic-nodelet-1.9.16/src/nodelet.cpp:159(unloadNodelet)] [topics: /rosout] Unloading nodelet /camera/depth_points from manager camera_nodelet_manager
1598949723.511495269 INFO /camera/depth_registered_metric [/tmp/binarydeb/ros-melodic-nodelet-1.9.16/src/nodelet.cpp:159(unloadNodelet)] [topics: /rosout] Unloading nodelet /camera/depth_registered_metric from manager camera_nodelet_manager
1598949723.513329858 INFO /camera/points_xyzrgb_hw_registered [/tmp/binarydeb/ros-melodic-nodelet-1.9.16/src/nodelet.cpp:159(unloadNodelet)] [topics: /rosout] Unloading nodelet /camera/points_xyzrgb_hw_registered from manager camera_nodelet_manager
1598949708.931995093 INFO /camera/depth_registered_rectify_depth [/tmp/binarydeb/ros-melodic-nodelet-1.9.16/src/nodelet.cpp:202(loadNodelet)] [topics: /rosout] /camera/image_mono -> /camera/depth_registered/image_raw
1598949708.932120258 INFO /camera/depth_registered_rectify_depth [/tmp/binarydeb/ros-melodic-nodelet-1.9.16/src/nodelet.cpp:202(loadNodelet)] [topics: /rosout] /camera/image_rect -> /camera/depth_registered/hw_registered/image_rect_raw
1598949723.527375373 INFO /camera/depth_registered_rectify_depth [/tmp/binarydeb/ros-melodic-nodelet-1.9.16/src/nodelet.cpp:159(unloadNodelet)] [topics: /rosout] Unloading nodelet /camera/depth_registered_rectify_depth from manager camera_nodelet_manager
1598949708.805331172 INFO /camera/depth_metric [/tmp/binarydeb/ros-melodic-nodelet-1.9.16/src/nodelet.cpp:202(loadNodelet)] [topics: /rosout] /camera/image -> /camera/depth/image
1598949708.805366042 INFO /camera/depth_metric [/tmp/binarydeb/ros-melodic-nodelet-1.9.16/src/nodelet.cpp:202(loadNodelet)] [topics: /rosout] /camera/image_raw -> /camera/depth/image_raw
1598949723.528412119 INFO /camera/depth_metric [/tmp/binarydeb/ros-melodic-nodelet-1.9.16/src/nodelet.cpp:159(unloadNodelet)] [topics: /rosout] Unloading nodelet /camera/depth_metric from manager camera_nodelet_manager
1598949723.715040692 INFO /camera/depth_metric_rect [/tmp/binarydeb/ros-melodic-nodelet-1.9.16/src/nodelet.cpp:159(unloadNodelet)] [topics: /rosout] Unloading nodelet /camera/depth_metric_rect from manager camera_nodelet_manager
1598949708.712620597 INFO /camera/depth_rectify_depth [/tmp/binarydeb/ros-melodic-nodelet-1.9.16/src/nodelet.cpp:202(loadNodelet)] [topics: /rosout] /camera/image_mono -> /camera/depth/image_raw
1598949708.712659856 INFO /camera/depth_rectify_depth [/tmp/binarydeb/ros-melodic-nodelet-1.9.16/src/nodelet.cpp:202(loadNodelet)] [topics: /rosout] /camera/image_rect -> /camera/depth/image_rect_raw
1598949723.731079739 INFO /camera/depth_rectify_depth [/tmp/binarydeb/ros-melodic-nodelet-1.9.16/src/nodelet.cpp:159(unloadNodelet)] [topics: /rosout] Unloading nodelet /camera/depth_rectify_depth from manager camera_nodelet_manager
1598949723.794930669 INFO /camera/rgb_rectify_color [/tmp/binarydeb/ros-melodic-nodelet-1.9.16/src/nodelet.cpp:159(unloadNodelet)] [topics: /rosout] Unloading nodelet /camera/rgb_rectify_color from manager camera_nodelet_manager
1598949723.803289290 INFO /camera/driver [/tmp/binarydeb/ros-melodic-nodelet-1.9.16/src/nodelet.cpp:159(unloadNodelet)] [topics: /rosout, /camera/camera_nodelet_manager/bond] Unloading nodelet /camera/driver from manager camera_nodelet_manager
