[rosmaster.main][INFO] 2020-09-01 07:26:49,693: initialization complete, waiting for shutdown
[rosmaster.main][INFO] 2020-09-01 07:26:49,693: Starting ROS Master Node
[xmlrpc][INFO] 2020-09-01 07:26:49,695: XML-RPC server binding to 0.0.0.0:11311
[rosmaster.master][INFO] 2020-09-01 07:26:49,696: Master initialized: port[11311], uri[http://ubuntu:11311/]
[xmlrpc][INFO] 2020-09-01 07:26:49,695: Started XML-RPC server [http://ubuntu:11311/]
[xmlrpc][INFO] 2020-09-01 07:26:49,696: xml rpc node: starting XML-RPC server
[rosmaster.master][INFO] 2020-09-01 07:26:49,805: +PARAM [/run_id] by /roslaunch
[rosmaster.master][INFO] 2020-09-01 07:26:49,807: +PARAM [/roslaunch/uris/host_ubuntu__43117] by /roslaunch
[rosmaster.master][INFO] 2020-09-01 07:26:49,905: +PARAM [/camera/driver/auto_exposure] by /roslaunch
[rosmaster.master][INFO] 2020-09-01 07:26:49,906: +PARAM [/camera/camera_rgb/serial] by /roslaunch
[rosmaster.master][INFO] 2020-09-01 07:26:49,906: +PARAM [/camera/depth_rectify_depth/interpolation] by /roslaunch
[rosmaster.master][INFO] 2020-09-01 07:26:49,906: +PARAM [/camera/driver/depth_registration] by /roslaunch
[rosmaster.master][INFO] 2020-09-01 07:26:49,907: +PARAM [/camera/driver/devnums] by /roslaunch
[rosmaster.master][INFO] 2020-09-01 07:26:49,907: +PARAM [/camera/driver/rgb_frame_id] by /roslaunch
[rosmaster.master][INFO] 2020-09-01 07:26:49,907: +PARAM [/camera/camera_rgb/product] by /roslaunch
[rosmaster.master][INFO] 2020-09-01 07:26:49,907: +PARAM [/camera/camera_nodelet_manager/num_worker_threads] by /roslaunch
[rosmaster.master][INFO] 2020-09-01 07:26:49,908: +PARAM [/camera/camera_rgb/height] by /roslaunch
[rosmaster.master][INFO] 2020-09-01 07:26:49,908: +PARAM [/camera/driver/auto_white_balance] by /roslaunch
[rosmaster.master][INFO] 2020-09-01 07:26:49,908: +PARAM [/rosdistro] by /roslaunch
[rosmaster.master][INFO] 2020-09-01 07:26:49,909: +PARAM [/camera/driver/rgb_camera_info_url] by /roslaunch
[rosmaster.master][INFO] 2020-09-01 07:26:49,909: +PARAM [/camera/camera_rgb/vendor] by /roslaunch
[rosmaster.master][INFO] 2020-09-01 07:26:49,909: +PARAM [/camera/driver/device_id] by /roslaunch
[rosmaster.master][INFO] 2020-09-01 07:26:49,909: +PARAM [/camera/camera_rgb/width] by /roslaunch
[rosmaster.master][INFO] 2020-09-01 07:26:49,910: +PARAM [/camera/driver/depth_camera_info_url] by /roslaunch
[rosmaster.master][INFO] 2020-09-01 07:26:49,910: +PARAM [/camera/depth_registered_rectify_depth/interpolation] by /roslaunch
[rosmaster.master][INFO] 2020-09-01 07:26:49,910: +PARAM [/camera/camera_rgb/index] by /roslaunch
[rosmaster.master][INFO] 2020-09-01 07:26:49,910: +PARAM [/camera/driver/bootorder] by /roslaunch
[rosmaster.master][INFO] 2020-09-01 07:26:49,910: +PARAM [/rosversion] by /roslaunch
[rosmaster.master][INFO] 2020-09-01 07:26:49,911: +PARAM [/camera/camera_rgb/timestamp_method] by /roslaunch
[rosmaster.master][INFO] 2020-09-01 07:26:49,911: +PARAM [/camera/driver/depth_frame_id] by /roslaunch
[rosmaster.master][INFO] 2020-09-01 07:26:49,911: +PARAM [/camera/camera_rgb/camera_info_url] by /roslaunch
[rosmaster.master][INFO] 2020-09-01 07:26:49,911: +PARAM [/camera/camera_rgb/frame_rate] by /roslaunch
[rosmaster.master][INFO] 2020-09-01 07:26:49,912: +PARAM [/camera/camera_rgb/video_mode] by /roslaunch
[rosmaster.master][INFO] 2020-09-01 07:26:49,912: +PARAM [/camera/driver/color_depth_synchronization] by /roslaunch
[rosmaster.master][INFO] 2020-09-01 07:26:49,933: +SERVICE [/rosout/get_loggers] /rosout http://ubuntu:41859/
[rosmaster.master][INFO] 2020-09-01 07:26:49,935: +SERVICE [/rosout/set_logger_level] /rosout http://ubuntu:41859/
[rosmaster.master][INFO] 2020-09-01 07:26:49,937: +PUB [/rosout_agg] /rosout http://ubuntu:41859/
[rosmaster.master][INFO] 2020-09-01 07:26:49,944: +SUB [/rosout] /rosout http://ubuntu:41859/
[rosmaster.master][INFO] 2020-09-01 07:26:50,023: +PUB [/rosout] /camera/camera_rgb http://ubuntu:38981/
[rosmaster.master][INFO] 2020-09-01 07:26:50,025: +SERVICE [/camera/camera_rgb/get_loggers] /camera/camera_rgb http://ubuntu:38981/
[rosmaster.master][INFO] 2020-09-01 07:26:50,029: +SERVICE [/camera/camera_rgb/set_logger_level] /camera/camera_rgb http://ubuntu:38981/
[rosmaster.master][INFO] 2020-09-01 07:26:50,079: +SERVICE [/camera/camera_rgb/set_parameters] /camera/camera_rgb http://ubuntu:38981/
[rosmaster.master][INFO] 2020-09-01 07:26:50,082: +PUB [/rosout] /camera/driver http://ubuntu:37663/
[rosmaster.master][INFO] 2020-09-01 07:26:50,083: +PUB [/camera/camera_rgb/parameter_descriptions] /camera/camera_rgb http://ubuntu:38981/
[rosmaster.master][INFO] 2020-09-01 07:26:50,087: +PUB [/camera/camera_rgb/parameter_updates] /camera/camera_rgb http://ubuntu:38981/
[rosmaster.master][INFO] 2020-09-01 07:26:50,088: +SERVICE [/camera/driver/get_loggers] /camera/driver http://ubuntu:37663/
[rosmaster.master][INFO] 2020-09-01 07:26:50,093: +SERVICE [/camera/driver/set_logger_level] /camera/driver http://ubuntu:37663/
[rosmaster.master][INFO] 2020-09-01 07:26:50,095: publisherUpdate[/rosout] -> http://ubuntu:41859/ ['http://ubuntu:38981/']
[rosmaster.master][INFO] 2020-09-01 07:26:50,096: +PUB [/rosout] /camera/camera_nodelet_manager http://ubuntu:43639/
[rosmaster.master][INFO] 2020-09-01 07:26:50,106: +SERVICE [/camera/camera_nodelet_manager/get_loggers] /camera/camera_nodelet_manager http://ubuntu:43639/
[rosmaster.master][INFO] 2020-09-01 07:26:50,108: publisherUpdate[/rosout] -> http://ubuntu:41859/ ['http://ubuntu:38981/']: sec=0.01, result=[1, '', 0]
[rosmaster.master][INFO] 2020-09-01 07:26:50,111: publisherUpdate[/rosout] -> http://ubuntu:41859/ ['http://ubuntu:38981/', 'http://ubuntu:37663/']
[rosmaster.master][INFO] 2020-09-01 07:26:50,113: +SERVICE [/camera/camera_nodelet_manager/set_logger_level] /camera/camera_nodelet_manager http://ubuntu:43639/
[rosmaster.master][INFO] 2020-09-01 07:26:50,115: +PARAM [/camera/driver] by /camera/driver
[rosmaster.master][INFO] 2020-09-01 07:26:50,116: publisherUpdate[/rosout] -> http://ubuntu:41859/ ['http://ubuntu:38981/', 'http://ubuntu:37663/']: sec=0.00, result=[1, '', 0]
[rosmaster.master][INFO] 2020-09-01 07:26:50,120: publisherUpdate[/rosout] -> http://ubuntu:41859/ ['http://ubuntu:38981/', 'http://ubuntu:37663/', 'http://ubuntu:43639/']
[rosmaster.master][INFO] 2020-09-01 07:26:50,124: publisherUpdate[/rosout] -> http://ubuntu:41859/ ['http://ubuntu:38981/', 'http://ubuntu:37663/', 'http://ubuntu:43639/']: sec=0.00, result=[1, '', 0]
[rosmaster.master][INFO] 2020-09-01 07:26:50,152: +SERVICE [/camera/camera_nodelet_manager/load_nodelet] /camera/camera_nodelet_manager http://ubuntu:43639/
[rosmaster.master][INFO] 2020-09-01 07:26:50,163: +SERVICE [/camera/camera_nodelet_manager/unload_nodelet] /camera/camera_nodelet_manager http://ubuntu:43639/
[rosmaster.master][INFO] 2020-09-01 07:26:50,170: +SERVICE [/camera/camera_nodelet_manager/list] /camera/camera_nodelet_manager http://ubuntu:43639/
[rosmaster.master][INFO] 2020-09-01 07:26:50,179: +PUB [/rosout] /camera/depth_rectify_depth http://ubuntu:34179/
[rosmaster.master][INFO] 2020-09-01 07:26:50,183: +PUB [/rosout] /camera/rgb_rectify_color http://ubuntu:46283/
[rosmaster.master][INFO] 2020-09-01 07:26:50,185: +SERVICE [/camera/depth_rectify_depth/get_loggers] /camera/depth_rectify_depth http://ubuntu:34179/
[rosmaster.master][INFO] 2020-09-01 07:26:50,190: +SERVICE [/camera/rgb_rectify_color/get_loggers] /camera/rgb_rectify_color http://ubuntu:46283/
[rosmaster.master][INFO] 2020-09-01 07:26:50,192: +SERVICE [/camera/rgb_rectify_color/set_logger_level] /camera/rgb_rectify_color http://ubuntu:46283/
[rosmaster.master][INFO] 2020-09-01 07:26:50,200: +SERVICE [/camera/depth_rectify_depth/set_logger_level] /camera/depth_rectify_depth http://ubuntu:34179/
[rosmaster.master][INFO] 2020-09-01 07:26:50,201: publisherUpdate[/rosout] -> http://ubuntu:41859/ ['http://ubuntu:38981/', 'http://ubuntu:37663/', 'http://ubuntu:43639/', 'http://ubuntu:34179/']
[rosmaster.master][INFO] 2020-09-01 07:26:50,213: publisherUpdate[/rosout] -> http://ubuntu:41859/ ['http://ubuntu:38981/', 'http://ubuntu:37663/', 'http://ubuntu:43639/', 'http://ubuntu:34179/']: sec=0.01, result=[1, '', 0]
[rosmaster.master][INFO] 2020-09-01 07:26:50,221: publisherUpdate[/rosout] -> http://ubuntu:41859/ ['http://ubuntu:38981/', 'http://ubuntu:37663/', 'http://ubuntu:43639/', 'http://ubuntu:34179/', 'http://ubuntu:46283/']
[rosmaster.master][INFO] 2020-09-01 07:26:50,234: publisherUpdate[/rosout] -> http://ubuntu:41859/ ['http://ubuntu:38981/', 'http://ubuntu:37663/', 'http://ubuntu:43639/', 'http://ubuntu:34179/', 'http://ubuntu:46283/']: sec=0.01, result=[1, '', 0]
[rosmaster.master][INFO] 2020-09-01 07:26:50,239: +PUB [/rosout] /camera/depth_metric_rect http://ubuntu:39043/
[rosmaster.master][INFO] 2020-09-01 07:26:50,244: +SERVICE [/camera/depth_metric_rect/get_loggers] /camera/depth_metric_rect http://ubuntu:39043/
[rosmaster.master][INFO] 2020-09-01 07:26:50,248: +SERVICE [/camera/depth_metric_rect/set_logger_level] /camera/depth_metric_rect http://ubuntu:39043/
[rosmaster.master][INFO] 2020-09-01 07:26:50,257: +PARAM [/camera/depth_rectify_depth] by /camera/depth_rectify_depth
[rosmaster.master][INFO] 2020-09-01 07:26:50,282: +PUB [/rosout] /camera/depth_metric http://ubuntu:43715/
[rosmaster.master][INFO] 2020-09-01 07:26:50,286: +PARAM [/camera/camera_rgb/vendor] by /camera/camera_rgb
[rosmaster.master][INFO] 2020-09-01 07:26:50,299: +SERVICE [/camera/depth_metric/get_loggers] /camera/depth_metric http://ubuntu:43715/
[rosmaster.master][INFO] 2020-09-01 07:26:50,302: +SERVICE [/camera/depth_metric/set_logger_level] /camera/depth_metric http://ubuntu:43715/
[rosmaster.master][INFO] 2020-09-01 07:26:50,308: +PARAM [/camera/camera_rgb/product] by /camera/camera_rgb
[rosmaster.master][INFO] 2020-09-01 07:26:50,317: +PARAM [/camera/camera_rgb/serial] by /camera/camera_rgb
[rosmaster.master][INFO] 2020-09-01 07:26:50,309: publisherUpdate[/rosout] -> http://ubuntu:41859/ ['http://ubuntu:38981/', 'http://ubuntu:37663/', 'http://ubuntu:43639/', 'http://ubuntu:34179/', 'http://ubuntu:46283/', 'http://ubuntu:39043/']
[rosmaster.master][INFO] 2020-09-01 07:26:50,320: +PARAM [/camera/camera_rgb/index] by /camera/camera_rgb
[rosmaster.master][INFO] 2020-09-01 07:26:50,325: +PARAM [/camera/camera_rgb/width] by /camera/camera_rgb
[rosmaster.master][INFO] 2020-09-01 07:26:50,330: publisherUpdate[/rosout] -> http://ubuntu:41859/ ['http://ubuntu:38981/', 'http://ubuntu:37663/', 'http://ubuntu:43639/', 'http://ubuntu:34179/', 'http://ubuntu:46283/', 'http://ubuntu:39043/']: sec=0.01, result=[1, '', 0]
[rosmaster.master][INFO] 2020-09-01 07:26:50,331: publisherUpdate[/rosout] -> http://ubuntu:41859/ ['http://ubuntu:38981/', 'http://ubuntu:37663/', 'http://ubuntu:43639/', 'http://ubuntu:34179/', 'http://ubuntu:46283/', 'http://ubuntu:39043/', 'http://ubuntu:43715/']
[rosmaster.master][INFO] 2020-09-01 07:26:50,337: +PARAM [/camera/camera_rgb/height] by /camera/camera_rgb
[rosmaster.master][INFO] 2020-09-01 07:26:50,340: +PARAM [/camera/camera_rgb/video_mode] by /camera/camera_rgb
[rosmaster.master][INFO] 2020-09-01 07:26:50,341: publisherUpdate[/rosout] -> http://ubuntu:41859/ ['http://ubuntu:38981/', 'http://ubuntu:37663/', 'http://ubuntu:43639/', 'http://ubuntu:34179/', 'http://ubuntu:46283/', 'http://ubuntu:39043/', 'http://ubuntu:43715/']: sec=0.01, result=[1, '', 0]
[rosmaster.master][INFO] 2020-09-01 07:26:50,343: +PARAM [/camera/camera_rgb/frame_rate] by /camera/camera_rgb
[rosmaster.master][INFO] 2020-09-01 07:26:50,348: +PARAM [/camera/camera_rgb/timestamp_method] by /camera/camera_rgb
[rosmaster.master][INFO] 2020-09-01 07:26:50,350: +PUB [/rosout] /camera/depth_points http://ubuntu:43709/
[rosmaster.master][INFO] 2020-09-01 07:26:50,352: +PARAM [/camera/camera_rgb/frame_id] by /camera/camera_rgb
[rosmaster.master][INFO] 2020-09-01 07:26:50,355: +SERVICE [/camera/depth_points/get_loggers] /camera/depth_points http://ubuntu:43709/
[rosmaster.master][INFO] 2020-09-01 07:26:50,357: +PARAM [/camera/camera_rgb/camera_info_url] by /camera/camera_rgb
[rosmaster.master][INFO] 2020-09-01 07:26:50,362: +SERVICE [/camera/depth_points/set_logger_level] /camera/depth_points http://ubuntu:43709/
[rosmaster.master][INFO] 2020-09-01 07:26:50,379: +PARAM [/camera/camera_rgb/scanning_mode] by /camera/camera_rgb
[rosmaster.master][INFO] 2020-09-01 07:26:50,405: +PARAM [/camera/camera_rgb/auto_exposure] by /camera/camera_rgb
[rosmaster.master][INFO] 2020-09-01 07:26:50,409: +PUB [/rosout] /camera/depth_registered_rectify_depth http://ubuntu:36771/
[rosmaster.master][INFO] 2020-09-01 07:26:50,410: +SERVICE [/camera/driver/set_parameters] /camera/camera_nodelet_manager http://ubuntu:43639/
[rosmaster.master][INFO] 2020-09-01 07:26:50,417: +PARAM [/camera/camera_rgb/auto_exposure_priority] by /camera/camera_rgb
[rosmaster.master][INFO] 2020-09-01 07:26:50,420: +SERVICE [/camera/depth_registered_rectify_depth/get_loggers] /camera/depth_registered_rectify_depth http://ubuntu:36771/
[rosmaster.master][INFO] 2020-09-01 07:26:50,422: +PARAM [/camera/camera_rgb/exposure_absolute] by /camera/camera_rgb
[rosmaster.master][INFO] 2020-09-01 07:26:50,426: +PARAM [/camera/camera_rgb/iris_absolute] by /camera/camera_rgb
[rosmaster.master][INFO] 2020-09-01 07:26:50,428: publisherUpdate[/rosout] -> http://ubuntu:41859/ ['http://ubuntu:38981/', 'http://ubuntu:37663/', 'http://ubuntu:43639/', 'http://ubuntu:34179/', 'http://ubuntu:46283/', 'http://ubuntu:39043/', 'http://ubuntu:43715/', 'http://ubuntu:43709/']
[rosmaster.master][INFO] 2020-09-01 07:26:50,430: +PARAM [/camera/camera_rgb/auto_focus] by /camera/camera_rgb
[rosmaster.master][INFO] 2020-09-01 07:26:50,430: +PUB [/rosout] /camera/points_xyzrgb_hw_registered http://ubuntu:38219/
[rosmaster.master][INFO] 2020-09-01 07:26:50,435: +PARAM [/camera/camera_rgb/focus_absolute] by /camera/camera_rgb
[rosmaster.master][INFO] 2020-09-01 07:26:50,436: publisherUpdate[/rosout] -> http://ubuntu:41859/ ['http://ubuntu:38981/', 'http://ubuntu:37663/', 'http://ubuntu:43639/', 'http://ubuntu:34179/', 'http://ubuntu:46283/', 'http://ubuntu:39043/', 'http://ubuntu:43715/', 'http://ubuntu:43709/']: sec=0.01, result=[1, '', 0]
[rosmaster.master][INFO] 2020-09-01 07:26:50,438: +SERVICE [/camera/depth_registered_rectify_depth/set_logger_level] /camera/depth_registered_rectify_depth http://ubuntu:36771/
[rosmaster.master][INFO] 2020-09-01 07:26:50,440: +PARAM [/camera/camera_rgb/pan_absolute] by /camera/camera_rgb
[rosmaster.master][INFO] 2020-09-01 07:26:50,440: publisherUpdate[/rosout] -> http://ubuntu:41859/ ['http://ubuntu:38981/', 'http://ubuntu:37663/', 'http://ubuntu:43639/', 'http://ubuntu:34179/', 'http://ubuntu:46283/', 'http://ubuntu:39043/', 'http://ubuntu:43715/', 'http://ubuntu:43709/', 'http://ubuntu:36771/']
[rosmaster.master][INFO] 2020-09-01 07:26:50,441: +PUB [/camera/driver/parameter_descriptions] /camera/camera_nodelet_manager http://ubuntu:43639/
[rosmaster.master][INFO] 2020-09-01 07:26:50,445: +PARAM [/camera/camera_rgb/tilt_absolute] by /camera/camera_rgb
[rosmaster.master][INFO] 2020-09-01 07:26:50,447: +SERVICE [/camera/points_xyzrgb_hw_registered/get_loggers] /camera/points_xyzrgb_hw_registered http://ubuntu:38219/
[rosmaster.master][INFO] 2020-09-01 07:26:50,448: publisherUpdate[/rosout] -> http://ubuntu:41859/ ['http://ubuntu:38981/', 'http://ubuntu:37663/', 'http://ubuntu:43639/', 'http://ubuntu:34179/', 'http://ubuntu:46283/', 'http://ubuntu:39043/', 'http://ubuntu:43715/', 'http://ubuntu:43709/', 'http://ubuntu:36771/']: sec=0.00, result=[1, '', 0]
[rosmaster.master][INFO] 2020-09-01 07:26:50,454: +PARAM [/camera/camera_rgb/roll_absolute] by /camera/camera_rgb
[rosmaster.master][INFO] 2020-09-01 07:26:50,456: +PUB [/camera/driver/parameter_updates] /camera/camera_nodelet_manager http://ubuntu:43639/
[rosmaster.master][INFO] 2020-09-01 07:26:50,458: publisherUpdate[/rosout] -> http://ubuntu:41859/ ['http://ubuntu:38981/', 'http://ubuntu:37663/', 'http://ubuntu:43639/', 'http://ubuntu:34179/', 'http://ubuntu:46283/', 'http://ubuntu:39043/', 'http://ubuntu:43715/', 'http://ubuntu:43709/', 'http://ubuntu:36771/', 'http://ubuntu:38219/']
[rosmaster.master][INFO] 2020-09-01 07:26:50,461: +SERVICE [/camera/points_xyzrgb_hw_registered/set_logger_level] /camera/points_xyzrgb_hw_registered http://ubuntu:38219/
[rosmaster.master][INFO] 2020-09-01 07:26:50,462: +PARAM [/camera/camera_rgb/privacy] by /camera/camera_rgb
[rosmaster.master][INFO] 2020-09-01 07:26:50,466: publisherUpdate[/rosout] -> http://ubuntu:41859/ ['http://ubuntu:38981/', 'http://ubuntu:37663/', 'http://ubuntu:43639/', 'http://ubuntu:34179/', 'http://ubuntu:46283/', 'http://ubuntu:39043/', 'http://ubuntu:43715/', 'http://ubuntu:43709/', 'http://ubuntu:36771/', 'http://ubuntu:38219/']: sec=0.00, result=[1, '', 0]
[rosmaster.master][INFO] 2020-09-01 07:26:50,471: +PUB [/rosout] /camera/depth_registered_hw_metric_rect http://ubuntu:34609/
[rosmaster.master][INFO] 2020-09-01 07:26:50,479: publisherUpdate[/rosout] -> http://ubuntu:41859/ ['http://ubuntu:38981/', 'http://ubuntu:37663/', 'http://ubuntu:43639/', 'http://ubuntu:34179/', 'http://ubuntu:46283/', 'http://ubuntu:39043/', 'http://ubuntu:43715/', 'http://ubuntu:43709/', 'http://ubuntu:36771/', 'http://ubuntu:38219/', 'http://ubuntu:34609/']
[rosmaster.master][INFO] 2020-09-01 07:26:50,477: +PARAM [/camera/depth_registered_rectify_depth] by /camera/depth_registered_rectify_depth
[rosmaster.master][INFO] 2020-09-01 07:26:50,479: +PARAM [/camera/camera_rgb/backlight_compensation] by /camera/camera_rgb
[rosmaster.master][INFO] 2020-09-01 07:26:50,485: +SERVICE [/camera/depth_registered_hw_metric_rect/get_loggers] /camera/depth_registered_hw_metric_rect http://ubuntu:34609/
[rosmaster.master][INFO] 2020-09-01 07:26:50,487: publisherUpdate[/rosout] -> http://ubuntu:41859/ ['http://ubuntu:38981/', 'http://ubuntu:37663/', 'http://ubuntu:43639/', 'http://ubuntu:34179/', 'http://ubuntu:46283/', 'http://ubuntu:39043/', 'http://ubuntu:43715/', 'http://ubuntu:43709/', 'http://ubuntu:36771/', 'http://ubuntu:38219/', 'http://ubuntu:34609/']: sec=0.00, result=[1, '', 0]
[rosmaster.master][INFO] 2020-09-01 07:26:50,493: +PARAM [/camera/camera_rgb/brightness] by /camera/camera_rgb
[rosmaster.master][INFO] 2020-09-01 07:26:50,500: +SERVICE [/camera/depth_registered_hw_metric_rect/set_logger_level] /camera/depth_registered_hw_metric_rect http://ubuntu:34609/
[rosmaster.master][INFO] 2020-09-01 07:26:50,512: +PARAM [/camera/camera_rgb/contrast] by /camera/camera_rgb
[rosmaster.master][INFO] 2020-09-01 07:26:50,524: +PARAM [/camera/camera_rgb/gain] by /camera/camera_rgb
[rosmaster.master][INFO] 2020-09-01 07:26:50,531: +PARAM [/camera/camera_rgb/power_line_frequency] by /camera/camera_rgb
[rosmaster.master][INFO] 2020-09-01 07:26:50,541: +PARAM [/camera/driver/rgb_preferred] by /camera/camera_nodelet_manager
[rosmaster.master][INFO] 2020-09-01 07:26:50,543: +PARAM [/camera/camera_rgb/auto_hue] by /camera/camera_rgb
[rosmaster.master][INFO] 2020-09-01 07:26:50,545: +PARAM [/camera/driver/ir_mode] by /camera/camera_nodelet_manager
[rosmaster.master][INFO] 2020-09-01 07:26:50,562: +PARAM [/camera/camera_rgb/hue] by /camera/camera_rgb
[rosmaster.master][INFO] 2020-09-01 07:26:50,565: +PARAM [/camera/camera_rgb/saturation] by /camera/camera_rgb
[rosmaster.master][INFO] 2020-09-01 07:26:50,568: +PUB [/rosout] /camera/depth_registered_metric http://ubuntu:45303/
[rosmaster.master][INFO] 2020-09-01 07:26:50,570: +SERVICE [/camera/depth_registered_metric/get_loggers] /camera/depth_registered_metric http://ubuntu:45303/
[rosmaster.master][INFO] 2020-09-01 07:26:50,574: +PARAM [/camera/camera_rgb/sharpness] by /camera/camera_rgb
[rosmaster.master][INFO] 2020-09-01 07:26:50,558: +PARAM [/camera/driver/color_mode] by /camera/camera_nodelet_manager
[rosmaster.master][INFO] 2020-09-01 07:26:50,580: +PARAM [/camera/camera_rgb/gamma] by /camera/camera_rgb
[rosmaster.master][INFO] 2020-09-01 07:26:50,583: +PUB [/rosout] /camera_base_link1 http://ubuntu:38759/
[rosmaster.master][INFO] 2020-09-01 07:26:50,586: +PARAM [/camera/driver/depth_mode] by /camera/camera_nodelet_manager
[rosmaster.master][INFO] 2020-09-01 07:26:50,591: +PARAM [/camera/camera_rgb/auto_white_balance] by /camera/camera_rgb
[rosmaster.master][INFO] 2020-09-01 07:26:50,597: +SERVICE [/camera/depth_registered_metric/set_logger_level] /camera/depth_registered_metric http://ubuntu:45303/
[rosmaster.master][INFO] 2020-09-01 07:26:50,604: +PARAM [/camera/driver/depth_registration] by /camera/camera_nodelet_manager
[rosmaster.master][INFO] 2020-09-01 07:26:50,607: +SERVICE [/camera_base_link1/get_loggers] /camera_base_link1 http://ubuntu:38759/
[rosmaster.master][INFO] 2020-09-01 07:26:50,607: publisherUpdate[/rosout] -> http://ubuntu:41859/ ['http://ubuntu:38981/', 'http://ubuntu:37663/', 'http://ubuntu:43639/', 'http://ubuntu:34179/', 'http://ubuntu:46283/', 'http://ubuntu:39043/', 'http://ubuntu:43715/', 'http://ubuntu:43709/', 'http://ubuntu:36771/', 'http://ubuntu:38219/', 'http://ubuntu:34609/', 'http://ubuntu:45303/']
[rosmaster.master][INFO] 2020-09-01 07:26:50,614: +PARAM [/camera/driver/color_depth_synchronization] by /camera/camera_nodelet_manager
[rosmaster.master][INFO] 2020-09-01 07:26:50,614: +PUB [/rosout] /camera_base_link2 http://ubuntu:36405/
[rosmaster.master][INFO] 2020-09-01 07:26:50,615: +PARAM [/camera/camera_rgb/white_balance_temperature] by /camera/camera_rgb
[rosmaster.master][INFO] 2020-09-01 07:26:50,616: publisherUpdate[/rosout] -> http://ubuntu:41859/ ['http://ubuntu:38981/', 'http://ubuntu:37663/', 'http://ubuntu:43639/', 'http://ubuntu:34179/', 'http://ubuntu:46283/', 'http://ubuntu:39043/', 'http://ubuntu:43715/', 'http://ubuntu:43709/', 'http://ubuntu:36771/', 'http://ubuntu:38219/', 'http://ubuntu:34609/', 'http://ubuntu:45303/']: sec=0.01, result=[1, '', 0]
[rosmaster.master][INFO] 2020-09-01 07:26:50,618: +PARAM [/camera/driver/auto_exposure] by /camera/camera_nodelet_manager
[rosmaster.master][INFO] 2020-09-01 07:26:50,619: +PUB [/rosout] /camera_base_link http://ubuntu:33819/
[rosmaster.master][INFO] 2020-09-01 07:26:50,634: +SERVICE [/camera_base_link1/set_logger_level] /camera_base_link1 http://ubuntu:38759/
[rosmaster.master][INFO] 2020-09-01 07:26:50,631: publisherUpdate[/rosout] -> http://ubuntu:41859/ ['http://ubuntu:38981/', 'http://ubuntu:37663/', 'http://ubuntu:43639/', 'http://ubuntu:34179/', 'http://ubuntu:46283/', 'http://ubuntu:39043/', 'http://ubuntu:43715/', 'http://ubuntu:43709/', 'http://ubuntu:36771/', 'http://ubuntu:38219/', 'http://ubuntu:34609/', 'http://ubuntu:45303/', 'http://ubuntu:38759/']
[rosmaster.master][INFO] 2020-09-01 07:26:50,631: +PARAM [/camera/camera_rgb/white_balance_BU] by /camera/camera_rgb
[rosmaster.master][INFO] 2020-09-01 07:26:50,635: +PARAM [/camera/driver/auto_white_balance] by /camera/camera_nodelet_manager
[rosmaster.master][INFO] 2020-09-01 07:26:50,636: +SERVICE [/camera_base_link2/get_loggers] /camera_base_link2 http://ubuntu:36405/
[rosmaster.master][INFO] 2020-09-01 07:26:50,646: +SERVICE [/camera_base_link/get_loggers] /camera_base_link http://ubuntu:33819/
[rosmaster.master][INFO] 2020-09-01 07:26:50,647: publisherUpdate[/rosout] -> http://ubuntu:41859/ ['http://ubuntu:38981/', 'http://ubuntu:37663/', 'http://ubuntu:43639/', 'http://ubuntu:34179/', 'http://ubuntu:46283/', 'http://ubuntu:39043/', 'http://ubuntu:43715/', 'http://ubuntu:43709/', 'http://ubuntu:36771/', 'http://ubuntu:38219/', 'http://ubuntu:34609/', 'http://ubuntu:45303/', 'http://ubuntu:38759/']: sec=0.01, result=[1, '', 0]
[rosmaster.master][INFO] 2020-09-01 07:26:50,649: +PARAM [/camera/driver/data_skip] by /camera/camera_nodelet_manager
[rosmaster.master][INFO] 2020-09-01 07:26:50,652: publisherUpdate[/rosout] -> http://ubuntu:41859/ ['http://ubuntu:38981/', 'http://ubuntu:37663/', 'http://ubuntu:43639/', 'http://ubuntu:34179/', 'http://ubuntu:46283/', 'http://ubuntu:39043/', 'http://ubuntu:43715/', 'http://ubuntu:43709/', 'http://ubuntu:36771/', 'http://ubuntu:38219/', 'http://ubuntu:34609/', 'http://ubuntu:45303/', 'http://ubuntu:38759/', 'http://ubuntu:36405/']
[rosmaster.master][INFO] 2020-09-01 07:26:50,649: +PARAM [/camera/camera_rgb/white_balance_RV] by /camera/camera_rgb
[rosmaster.master][INFO] 2020-09-01 07:26:50,650: +PUB [/rosout] /camera_base_link3 http://ubuntu:38017/
[rosmaster.master][INFO] 2020-09-01 07:26:50,654: +PARAM [/camera/driver/ir_time_offset] by /camera/camera_nodelet_manager
[rosmaster.master][INFO] 2020-09-01 07:26:50,655: publisherUpdate[/rosout] -> http://ubuntu:41859/ ['http://ubuntu:38981/', 'http://ubuntu:37663/', 'http://ubuntu:43639/', 'http://ubuntu:34179/', 'http://ubuntu:46283/', 'http://ubuntu:39043/', 'http://ubuntu:43715/', 'http://ubuntu:43709/', 'http://ubuntu:36771/', 'http://ubuntu:38219/', 'http://ubuntu:34609/', 'http://ubuntu:45303/', 'http://ubuntu:38759/', 'http://ubuntu:36405/']: sec=0.00, result=[1, '', 0]
[rosmaster.master][INFO] 2020-09-01 07:26:50,656: +PUB [/tf_static] /camera_base_link1 http://ubuntu:38759/
[rosmaster.master][INFO] 2020-09-01 07:26:50,659: publisherUpdate[/rosout] -> http://ubuntu:41859/ ['http://ubuntu:38981/', 'http://ubuntu:37663/', 'http://ubuntu:43639/', 'http://ubuntu:34179/', 'http://ubuntu:46283/', 'http://ubuntu:39043/', 'http://ubuntu:43715/', 'http://ubuntu:43709/', 'http://ubuntu:36771/', 'http://ubuntu:38219/', 'http://ubuntu:34609/', 'http://ubuntu:45303/', 'http://ubuntu:38759/', 'http://ubuntu:36405/', 'http://ubuntu:33819/']
[rosmaster.master][INFO] 2020-09-01 07:26:50,660: +PARAM [/camera/driver/color_time_offset] by /camera/camera_nodelet_manager
[rosmaster.master][INFO] 2020-09-01 07:26:50,662: +SERVICE [/camera_base_link2/set_logger_level] /camera_base_link2 http://ubuntu:36405/
[rosmaster.master][INFO] 2020-09-01 07:26:50,666: publisherUpdate[/rosout] -> http://ubuntu:41859/ ['http://ubuntu:38981/', 'http://ubuntu:37663/', 'http://ubuntu:43639/', 'http://ubuntu:34179/', 'http://ubuntu:46283/', 'http://ubuntu:39043/', 'http://ubuntu:43715/', 'http://ubuntu:43709/', 'http://ubuntu:36771/', 'http://ubuntu:38219/', 'http://ubuntu:34609/', 'http://ubuntu:45303/', 'http://ubuntu:38759/', 'http://ubuntu:36405/', 'http://ubuntu:33819/']: sec=0.00, result=[1, '', 0]
[rosmaster.master][INFO] 2020-09-01 07:26:50,667: +PARAM [/camera/driver/depth_time_offset] by /camera/camera_nodelet_manager
[rosmaster.master][INFO] 2020-09-01 07:26:50,668: +SERVICE [/camera_base_link/set_logger_level] /camera_base_link http://ubuntu:33819/
[rosmaster.master][INFO] 2020-09-01 07:26:50,671: publisherUpdate[/rosout] -> http://ubuntu:41859/ ['http://ubuntu:38981/', 'http://ubuntu:37663/', 'http://ubuntu:43639/', 'http://ubuntu:34179/', 'http://ubuntu:46283/', 'http://ubuntu:39043/', 'http://ubuntu:43715/', 'http://ubuntu:43709/', 'http://ubuntu:36771/', 'http://ubuntu:38219/', 'http://ubuntu:34609/', 'http://ubuntu:45303/', 'http://ubuntu:38759/', 'http://ubuntu:36405/', 'http://ubuntu:33819/', 'http://ubuntu:38017/']
[rosmaster.master][INFO] 2020-09-01 07:26:50,674: +PARAM [/camera/driver/depth_ir_offset_x] by /camera/camera_nodelet_manager
[rosmaster.master][INFO] 2020-09-01 07:26:50,675: +SERVICE [/camera_base_link3/get_loggers] /camera_base_link3 http://ubuntu:38017/
[rosmaster.master][INFO] 2020-09-01 07:26:50,680: publisherUpdate[/rosout] -> http://ubuntu:41859/ ['http://ubuntu:38981/', 'http://ubuntu:37663/', 'http://ubuntu:43639/', 'http://ubuntu:34179/', 'http://ubuntu:46283/', 'http://ubuntu:39043/', 'http://ubuntu:43715/', 'http://ubuntu:43709/', 'http://ubuntu:36771/', 'http://ubuntu:38219/', 'http://ubuntu:34609/', 'http://ubuntu:45303/', 'http://ubuntu:38759/', 'http://ubuntu:36405/', 'http://ubuntu:33819/', 'http://ubuntu:38017/']: sec=0.00, result=[1, '', 0]
[rosmaster.master][INFO] 2020-09-01 07:26:50,681: +PARAM [/camera/driver/depth_ir_offset_y] by /camera/camera_nodelet_manager
[rosmaster.master][INFO] 2020-09-01 07:26:50,682: +SERVICE [/camera/set_camera_info] /camera/camera_rgb http://ubuntu:38981/
[rosmaster.master][INFO] 2020-09-01 07:26:50,687: +PARAM [/camera/driver/z_offset_mm] by /camera/camera_nodelet_manager
[rosmaster.master][INFO] 2020-09-01 07:26:50,687: +PUB [/tf_static] /camera_base_link2 http://ubuntu:36405/
[rosmaster.master][INFO] 2020-09-01 07:26:50,690: +PUB [/tf_static] /camera_base_link http://ubuntu:33819/
[rosmaster.master][INFO] 2020-09-01 07:26:50,691: +PARAM [/camera/driver/z_scaling] by /camera/camera_nodelet_manager
[rosmaster.master][INFO] 2020-09-01 07:26:50,693: +SERVICE [/camera_base_link3/set_logger_level] /camera_base_link3 http://ubuntu:38017/
[rosmaster.master][INFO] 2020-09-01 07:26:50,696: +PARAM [/camera/driver/use_device_time] by /camera/camera_nodelet_manager
[rosmaster.master][INFO] 2020-09-01 07:26:50,697: +PUB [/camera/rgb/image_raw] /camera/camera_rgb http://ubuntu:38981/
[rosmaster.master][INFO] 2020-09-01 07:26:50,704: +PUB [/camera/rgb/camera_info] /camera/camera_rgb http://ubuntu:38981/
[rosmaster.master][INFO] 2020-09-01 07:26:50,708: +PUB [/tf_static] /camera_base_link3 http://ubuntu:38017/
[rosmaster.master][INFO] 2020-09-01 07:26:50,710: +SERVICE [/camera/get_uvc_exposure] /camera/camera_rgb http://ubuntu:38981/
[rosmaster.master][INFO] 2020-09-01 07:26:50,712: +SERVICE [/camera/set_uvc_exposure] /camera/camera_rgb http://ubuntu:38981/
[rosmaster.master][INFO] 2020-09-01 07:26:50,715: +SERVICE [/camera/get_uvc_gain] /camera/camera_rgb http://ubuntu:38981/
[rosmaster.master][INFO] 2020-09-01 07:26:50,720: +SERVICE [/camera/set_uvc_gain] /camera/camera_rgb http://ubuntu:38981/
[rosmaster.master][INFO] 2020-09-01 07:26:50,722: +SERVICE [/camera/get_uvc_white_balance] /camera/camera_rgb http://ubuntu:38981/
[rosmaster.master][INFO] 2020-09-01 07:26:50,724: +SERVICE [/camera/set_uvc_white_balance] /camera/camera_rgb http://ubuntu:38981/
[rosmaster.master][INFO] 2020-09-01 07:26:50,798: +PARAM [/camera/driver/rgb_preferred] by /camera/camera_nodelet_manager
[rosmaster.master][INFO] 2020-09-01 07:26:50,800: +PARAM [/camera/driver/ir_mode] by /camera/camera_nodelet_manager
[rosmaster.master][INFO] 2020-09-01 07:26:50,801: +PARAM [/camera/driver/color_mode] by /camera/camera_nodelet_manager
[rosmaster.master][INFO] 2020-09-01 07:26:50,803: +PARAM [/camera/driver/depth_mode] by /camera/camera_nodelet_manager
[rosmaster.master][INFO] 2020-09-01 07:26:50,804: +PARAM [/camera/driver/depth_registration] by /camera/camera_nodelet_manager
[rosmaster.master][INFO] 2020-09-01 07:26:50,805: +PARAM [/camera/driver/color_depth_synchronization] by /camera/camera_nodelet_manager
[rosmaster.master][INFO] 2020-09-01 07:26:50,806: +PARAM [/camera/driver/auto_exposure] by /camera/camera_nodelet_manager
[rosmaster.master][INFO] 2020-09-01 07:26:50,807: +PARAM [/camera/driver/auto_white_balance] by /camera/camera_nodelet_manager
[rosmaster.master][INFO] 2020-09-01 07:26:50,809: +PARAM [/camera/driver/data_skip] by /camera/camera_nodelet_manager
[rosmaster.master][INFO] 2020-09-01 07:26:50,810: +PARAM [/camera/driver/ir_time_offset] by /camera/camera_nodelet_manager
[rosmaster.master][INFO] 2020-09-01 07:26:50,811: +PARAM [/camera/driver/color_time_offset] by /camera/camera_nodelet_manager
[rosmaster.master][INFO] 2020-09-01 07:26:50,812: +PARAM [/camera/driver/depth_time_offset] by /camera/camera_nodelet_manager
[rosmaster.master][INFO] 2020-09-01 07:26:50,814: +PARAM [/camera/driver/depth_ir_offset_x] by /camera/camera_nodelet_manager
[rosmaster.master][INFO] 2020-09-01 07:26:50,815: +PARAM [/camera/driver/depth_ir_offset_y] by /camera/camera_nodelet_manager
[rosmaster.master][INFO] 2020-09-01 07:26:50,816: +PARAM [/camera/driver/z_offset_mm] by /camera/camera_nodelet_manager
[rosmaster.master][INFO] 2020-09-01 07:26:50,818: +PARAM [/camera/driver/z_scaling] by /camera/camera_nodelet_manager
[rosmaster.master][INFO] 2020-09-01 07:26:50,819: +PARAM [/camera/driver/use_device_time] by /camera/camera_nodelet_manager
[rosmaster.master][INFO] 2020-09-01 07:26:50,828: +PUB [/camera/ir/image] /camera/camera_nodelet_manager http://ubuntu:43639/
[rosmaster.master][INFO] 2020-09-01 07:26:50,831: +PUB [/camera/ir/camera_info] /camera/camera_nodelet_manager http://ubuntu:43639/
[rosmaster.master][INFO] 2020-09-01 07:26:50,835: +PUB [/camera/depth/image_raw] /camera/camera_nodelet_manager http://ubuntu:43639/
[rosmaster.master][INFO] 2020-09-01 07:26:50,837: +PUB [/camera/depth/camera_info] /camera/camera_nodelet_manager http://ubuntu:43639/
[rosmaster.master][INFO] 2020-09-01 07:26:50,839: +PUB [/camera/depth_registered/image_raw] /camera/camera_nodelet_manager http://ubuntu:43639/
[rosmaster.master][INFO] 2020-09-01 07:26:50,841: +PUB [/camera/depth_registered/camera_info] /camera/camera_nodelet_manager http://ubuntu:43639/
[rosmaster.master][INFO] 2020-09-01 07:26:50,842: +PUB [/camera/projector/camera_info] /camera/camera_nodelet_manager http://ubuntu:43639/
[rosmaster.master][INFO] 2020-09-01 07:26:50,844: +SERVICE [/camera/rgb/set_camera_info] /camera/camera_nodelet_manager http://ubuntu:43639/
[rosmaster.master][INFO] 2020-09-01 07:26:50,846: +SERVICE [/camera/ir/set_camera_info] /camera/camera_nodelet_manager http://ubuntu:43639/
[rosmaster.master][INFO] 2020-09-01 07:26:50,849: +SERVICE [/camera/get_serial] /camera/camera_nodelet_manager http://ubuntu:43639/
[rosmaster.master][INFO] 2020-09-01 07:26:50,850: +SERVICE [/camera/get_device_type] /camera/camera_nodelet_manager http://ubuntu:43639/
[rosmaster.master][INFO] 2020-09-01 07:26:50,852: +SERVICE [/camera/get_ir_gain] /camera/camera_nodelet_manager http://ubuntu:43639/
[rosmaster.master][INFO] 2020-09-01 07:26:50,854: +SERVICE [/camera/set_ir_gain] /camera/camera_nodelet_manager http://ubuntu:43639/
[rosmaster.master][INFO] 2020-09-01 07:26:50,855: +SERVICE [/camera/get_ir_exposure] /camera/camera_nodelet_manager http://ubuntu:43639/
[rosmaster.master][INFO] 2020-09-01 07:26:50,857: +SERVICE [/camera/set_ir_exposure] /camera/camera_nodelet_manager http://ubuntu:43639/
[rosmaster.master][INFO] 2020-09-01 07:26:50,860: +SERVICE [/camera/set_ir_flood] /camera/camera_nodelet_manager http://ubuntu:43639/
[rosmaster.master][INFO] 2020-09-01 07:26:50,862: +SERVICE [/camera/set_laser] /camera/camera_nodelet_manager http://ubuntu:43639/
[rosmaster.master][INFO] 2020-09-01 07:26:50,864: +SERVICE [/camera/set_ldp] /camera/camera_nodelet_manager http://ubuntu:43639/
[rosmaster.master][INFO] 2020-09-01 07:26:50,867: +SERVICE [/camera/reset_ir_gain] /camera/camera_nodelet_manager http://ubuntu:43639/
[rosmaster.master][INFO] 2020-09-01 07:26:50,869: +SERVICE [/camera/reset_ir_exposure] /camera/camera_nodelet_manager http://ubuntu:43639/
[rosmaster.master][INFO] 2020-09-01 07:26:50,872: +SERVICE [/camera/get_camera_info] /camera/camera_nodelet_manager http://ubuntu:43639/
[rosmaster.master][INFO] 2020-09-01 07:26:50,876: +PUB [/camera/camera_nodelet_manager/bond] /camera/camera_nodelet_manager http://ubuntu:43639/
[rosmaster.master][INFO] 2020-09-01 07:26:50,883: +SUB [/camera/camera_nodelet_manager/bond] /camera/camera_nodelet_manager http://ubuntu:43639/
[rosmaster.master][INFO] 2020-09-01 07:26:50,930: +PUB [/camera/camera_nodelet_manager/bond] /camera/driver http://ubuntu:37663/
[rosmaster.master][INFO] 2020-09-01 07:26:50,938: +SUB [/camera/camera_nodelet_manager/bond] /camera/driver http://ubuntu:37663/
[rosmaster.master][INFO] 2020-09-01 07:26:50,939: publisherUpdate[/camera/camera_nodelet_manager/bond] -> http://ubuntu:43639/ ['http://ubuntu:43639/', 'http://ubuntu:37663/']
[rosmaster.master][INFO] 2020-09-01 07:26:50,943: publisherUpdate[/camera/camera_nodelet_manager/bond] -> http://ubuntu:43639/ ['http://ubuntu:43639/', 'http://ubuntu:37663/']: sec=0.00, result=[1, '', 0]
[rosmaster.master][INFO] 2020-09-01 07:26:51,114: +SERVICE [/camera/rgb_rectify_color/set_parameters] /camera/camera_nodelet_manager http://ubuntu:43639/
[rosmaster.master][INFO] 2020-09-01 07:26:51,116: +PUB [/camera/rgb_rectify_color/parameter_descriptions] /camera/camera_nodelet_manager http://ubuntu:43639/
[rosmaster.master][INFO] 2020-09-01 07:26:51,117: +PUB [/camera/rgb_rectify_color/parameter_updates] /camera/camera_nodelet_manager http://ubuntu:43639/
[rosmaster.master][INFO] 2020-09-01 07:26:51,119: +PARAM [/camera/rgb_rectify_color/interpolation] by /camera/camera_nodelet_manager
[rosmaster.master][INFO] 2020-09-01 07:26:51,121: +PARAM [/camera/rgb_rectify_color/interpolation] by /camera/camera_nodelet_manager
[rosmaster.master][INFO] 2020-09-01 07:26:51,125: +PUB [/camera/rgb/image_rect_color] /camera/camera_nodelet_manager http://ubuntu:43639/
[rosmaster.master][INFO] 2020-09-01 07:26:51,130: +SERVICE [/camera/depth_rectify_depth/set_parameters] /camera/camera_nodelet_manager http://ubuntu:43639/
[rosmaster.master][INFO] 2020-09-01 07:26:51,131: +PUB [/camera/depth_rectify_depth/parameter_descriptions] /camera/camera_nodelet_manager http://ubuntu:43639/
[rosmaster.master][INFO] 2020-09-01 07:26:51,133: +PUB [/camera/depth_rectify_depth/parameter_updates] /camera/camera_nodelet_manager http://ubuntu:43639/
[rosmaster.master][INFO] 2020-09-01 07:26:51,135: +PARAM [/camera/depth_rectify_depth/interpolation] by /camera/camera_nodelet_manager
[rosmaster.master][INFO] 2020-09-01 07:26:51,137: +PARAM [/camera/depth_rectify_depth/interpolation] by /camera/camera_nodelet_manager
[rosmaster.master][INFO] 2020-09-01 07:26:51,139: +PUB [/camera/depth/image_rect_raw] /camera/camera_nodelet_manager http://ubuntu:43639/
[rosmaster.master][INFO] 2020-09-01 07:26:51,174: +PUB [/camera/depth/image_rect] /camera/camera_nodelet_manager http://ubuntu:43639/
[rosmaster.master][INFO] 2020-09-01 07:26:51,182: +PUB [/camera/depth/image] /camera/camera_nodelet_manager http://ubuntu:43639/
[rosmaster.master][INFO] 2020-09-01 07:26:51,187: +PUB [/camera/depth/points] /camera/camera_nodelet_manager http://ubuntu:43639/
[rosmaster.master][INFO] 2020-09-01 07:26:51,193: +SERVICE [/camera/depth_registered_rectify_depth/set_parameters] /camera/camera_nodelet_manager http://ubuntu:43639/
[rosmaster.master][INFO] 2020-09-01 07:26:51,195: +PUB [/camera/depth_registered_rectify_depth/parameter_descriptions] /camera/camera_nodelet_manager http://ubuntu:43639/
[rosmaster.master][INFO] 2020-09-01 07:26:51,197: +PUB [/camera/depth_registered_rectify_depth/parameter_updates] /camera/camera_nodelet_manager http://ubuntu:43639/
[rosmaster.master][INFO] 2020-09-01 07:26:51,200: +PARAM [/camera/depth_registered_rectify_depth/interpolation] by /camera/camera_nodelet_manager
[rosmaster.master][INFO] 2020-09-01 07:26:51,202: +PARAM [/camera/depth_registered_rectify_depth/interpolation] by /camera/camera_nodelet_manager
[rosmaster.master][INFO] 2020-09-01 07:26:51,205: +PUB [/camera/depth_registered/hw_registered/image_rect_raw] /camera/camera_nodelet_manager http://ubuntu:43639/
[rosmaster.master][INFO] 2020-09-01 07:26:51,211: +PUB [/camera/depth_registered/points] /camera/camera_nodelet_manager http://ubuntu:43639/
[rosmaster.master][INFO] 2020-09-01 07:26:51,216: +PUB [/camera/depth_registered/hw_registered/image_rect] /camera/camera_nodelet_manager http://ubuntu:43639/
[rosmaster.master][INFO] 2020-09-01 07:26:51,222: +PUB [/camera/depth_registered/image] /camera/camera_nodelet_manager http://ubuntu:43639/
[rosmaster.master][INFO] 2020-09-01 07:26:51,351: +PARAM [/camera/camera_rgb/vendor] by /camera/camera_rgb
[rosmaster.master][INFO] 2020-09-01 07:26:51,353: +PARAM [/camera/camera_rgb/product] by /camera/camera_rgb
[rosmaster.master][INFO] 2020-09-01 07:26:51,354: +PARAM [/camera/camera_rgb/serial] by /camera/camera_rgb
[rosmaster.master][INFO] 2020-09-01 07:26:51,356: +PARAM [/camera/camera_rgb/index] by /camera/camera_rgb
[rosmaster.master][INFO] 2020-09-01 07:26:51,358: +PARAM [/camera/camera_rgb/width] by /camera/camera_rgb
[rosmaster.master][INFO] 2020-09-01 07:26:51,360: +PARAM [/camera/camera_rgb/height] by /camera/camera_rgb
[rosmaster.master][INFO] 2020-09-01 07:26:51,362: +PARAM [/camera/camera_rgb/video_mode] by /camera/camera_rgb
[rosmaster.master][INFO] 2020-09-01 07:26:51,363: +PARAM [/camera/camera_rgb/frame_rate] by /camera/camera_rgb
[rosmaster.master][INFO] 2020-09-01 07:26:51,365: +PARAM [/camera/camera_rgb/timestamp_method] by /camera/camera_rgb
[rosmaster.master][INFO] 2020-09-01 07:26:51,366: +PARAM [/camera/camera_rgb/frame_id] by /camera/camera_rgb
[rosmaster.master][INFO] 2020-09-01 07:26:51,367: +PARAM [/camera/camera_rgb/camera_info_url] by /camera/camera_rgb
[rosmaster.master][INFO] 2020-09-01 07:26:51,369: +PARAM [/camera/camera_rgb/scanning_mode] by /camera/camera_rgb
[rosmaster.master][INFO] 2020-09-01 07:26:51,370: +PARAM [/camera/camera_rgb/auto_exposure] by /camera/camera_rgb
[rosmaster.master][INFO] 2020-09-01 07:26:51,371: +PARAM [/camera/camera_rgb/auto_exposure_priority] by /camera/camera_rgb
[rosmaster.master][INFO] 2020-09-01 07:26:51,373: +PARAM [/camera/camera_rgb/exposure_absolute] by /camera/camera_rgb
[rosmaster.master][INFO] 2020-09-01 07:26:51,374: +PARAM [/camera/camera_rgb/iris_absolute] by /camera/camera_rgb
[rosmaster.master][INFO] 2020-09-01 07:26:51,375: +PARAM [/camera/camera_rgb/auto_focus] by /camera/camera_rgb
[rosmaster.master][INFO] 2020-09-01 07:26:51,377: +PARAM [/camera/camera_rgb/focus_absolute] by /camera/camera_rgb
[rosmaster.master][INFO] 2020-09-01 07:26:51,378: +PARAM [/camera/camera_rgb/pan_absolute] by /camera/camera_rgb
[rosmaster.master][INFO] 2020-09-01 07:26:51,379: +PARAM [/camera/camera_rgb/tilt_absolute] by /camera/camera_rgb
[rosmaster.master][INFO] 2020-09-01 07:26:51,380: +PARAM [/camera/camera_rgb/roll_absolute] by /camera/camera_rgb
[rosmaster.master][INFO] 2020-09-01 07:26:51,382: +PARAM [/camera/camera_rgb/privacy] by /camera/camera_rgb
[rosmaster.master][INFO] 2020-09-01 07:26:51,383: +PARAM [/camera/camera_rgb/backlight_compensation] by /camera/camera_rgb
[rosmaster.master][INFO] 2020-09-01 07:26:51,384: +PARAM [/camera/camera_rgb/brightness] by /camera/camera_rgb
[rosmaster.master][INFO] 2020-09-01 07:26:51,386: +PARAM [/camera/camera_rgb/contrast] by /camera/camera_rgb
[rosmaster.master][INFO] 2020-09-01 07:26:51,387: +PARAM [/camera/camera_rgb/gain] by /camera/camera_rgb
[rosmaster.master][INFO] 2020-09-01 07:26:51,388: +PARAM [/camera/camera_rgb/power_line_frequency] by /camera/camera_rgb
[rosmaster.master][INFO] 2020-09-01 07:26:51,390: +PARAM [/camera/camera_rgb/auto_hue] by /camera/camera_rgb
[rosmaster.master][INFO] 2020-09-01 07:26:51,391: +PARAM [/camera/camera_rgb/hue] by /camera/camera_rgb
[rosmaster.master][INFO] 2020-09-01 07:26:51,392: +PARAM [/camera/camera_rgb/saturation] by /camera/camera_rgb
[rosmaster.master][INFO] 2020-09-01 07:26:51,394: +PARAM [/camera/camera_rgb/sharpness] by /camera/camera_rgb
[rosmaster.master][INFO] 2020-09-01 07:26:51,395: +PARAM [/camera/camera_rgb/gamma] by /camera/camera_rgb
[rosmaster.master][INFO] 2020-09-01 07:26:51,396: +PARAM [/camera/camera_rgb/auto_white_balance] by /camera/camera_rgb
[rosmaster.master][INFO] 2020-09-01 07:26:51,398: +PARAM [/camera/camera_rgb/white_balance_temperature] by /camera/camera_rgb
[rosmaster.master][INFO] 2020-09-01 07:26:51,399: +PARAM [/camera/camera_rgb/white_balance_BU] by /camera/camera_rgb
[rosmaster.master][INFO] 2020-09-01 07:26:51,400: +PARAM [/camera/camera_rgb/white_balance_RV] by /camera/camera_rgb
[rosmaster.master][INFO] 2020-09-01 07:26:55,112: -PUB [/camera/depth_registered/image] /camera/camera_nodelet_manager http://ubuntu:43639/
[rosmaster.master][INFO] 2020-09-01 07:26:55,115: -PUB [/camera/depth_registered/hw_registered/image_rect] /camera/camera_nodelet_manager http://ubuntu:43639/
[rosmaster.master][INFO] 2020-09-01 07:26:55,128: -PUB [/camera/depth_registered/points] /camera/camera_nodelet_manager http://ubuntu:43639/
[rosmaster.master][INFO] 2020-09-01 07:26:55,139: -PUB [/camera/depth/image] /camera/camera_nodelet_manager http://ubuntu:43639/
[rosmaster.master][INFO] 2020-09-01 07:26:55,150: -PUB [/camera/depth_registered_rectify_depth/parameter_descriptions] /camera/camera_nodelet_manager http://ubuntu:43639/
[rosmaster.master][INFO] 2020-09-01 07:26:55,161: -PUB [/camera/depth_registered_rectify_depth/parameter_updates] /camera/camera_nodelet_manager http://ubuntu:43639/
[rosmaster.master][INFO] 2020-09-01 07:26:55,169: -SERVICE [/camera/depth_registered_rectify_depth/set_parameters] /camera/camera_nodelet_manager rosrpc://ubuntu:36283
[rosmaster.master][INFO] 2020-09-01 07:26:55,170: -PUB [/camera/depth_registered/hw_registered/image_rect_raw] /camera/camera_nodelet_manager http://ubuntu:43639/
[rosmaster.master][INFO] 2020-09-01 07:26:55,172: -PUB [/camera/depth/points] /camera/camera_nodelet_manager http://ubuntu:43639/
[rosmaster.master][INFO] 2020-09-01 07:26:55,196: -PUB [/rosout] /camera_base_link3 http://ubuntu:38017/
[rosmaster.master][INFO] 2020-09-01 07:26:55,198: -PUB [/tf_static] /camera_base_link3 http://ubuntu:38017/
[rosmaster.master][INFO] 2020-09-01 07:26:55,199: -SERVICE [/camera_base_link3/get_loggers] /camera_base_link3 rosrpc://ubuntu:36131
[rosmaster.master][INFO] 2020-09-01 07:26:55,201: -SERVICE [/camera_base_link3/set_logger_level] /camera_base_link3 rosrpc://ubuntu:36131
[rosmaster.master][INFO] 2020-09-01 07:26:55,255: publisherUpdate[/rosout] -> http://ubuntu:41859/ ['http://ubuntu:38981/', 'http://ubuntu:37663/', 'http://ubuntu:43639/', 'http://ubuntu:34179/', 'http://ubuntu:46283/', 'http://ubuntu:39043/', 'http://ubuntu:43715/', 'http://ubuntu:43709/', 'http://ubuntu:36771/', 'http://ubuntu:38219/', 'http://ubuntu:34609/', 'http://ubuntu:45303/', 'http://ubuntu:38759/', 'http://ubuntu:36405/', 'http://ubuntu:33819/']
[rosmaster.master][INFO] 2020-09-01 07:26:55,257: publisherUpdate[/rosout] -> http://ubuntu:41859/ ['http://ubuntu:38981/', 'http://ubuntu:37663/', 'http://ubuntu:43639/', 'http://ubuntu:34179/', 'http://ubuntu:46283/', 'http://ubuntu:39043/', 'http://ubuntu:43715/', 'http://ubuntu:43709/', 'http://ubuntu:36771/', 'http://ubuntu:38219/', 'http://ubuntu:34609/', 'http://ubuntu:45303/', 'http://ubuntu:38759/', 'http://ubuntu:36405/', 'http://ubuntu:33819/']: sec=0.00, result=[1, '', 0]
[rosmaster.master][INFO] 2020-09-01 07:26:55,295: -PUB [/rosout] /camera_base_link http://ubuntu:33819/
[rosmaster.master][INFO] 2020-09-01 07:26:55,297: publisherUpdate[/rosout] -> http://ubuntu:41859/ ['http://ubuntu:38981/', 'http://ubuntu:37663/', 'http://ubuntu:43639/', 'http://ubuntu:34179/', 'http://ubuntu:46283/', 'http://ubuntu:39043/', 'http://ubuntu:43715/', 'http://ubuntu:43709/', 'http://ubuntu:36771/', 'http://ubuntu:38219/', 'http://ubuntu:34609/', 'http://ubuntu:45303/', 'http://ubuntu:38759/', 'http://ubuntu:36405/']
[rosmaster.master][INFO] 2020-09-01 07:26:55,300: publisherUpdate[/rosout] -> http://ubuntu:41859/ ['http://ubuntu:38981/', 'http://ubuntu:37663/', 'http://ubuntu:43639/', 'http://ubuntu:34179/', 'http://ubuntu:46283/', 'http://ubuntu:39043/', 'http://ubuntu:43715/', 'http://ubuntu:43709/', 'http://ubuntu:36771/', 'http://ubuntu:38219/', 'http://ubuntu:34609/', 'http://ubuntu:45303/', 'http://ubuntu:38759/', 'http://ubuntu:36405/']: sec=0.00, result=[1, '', 0]
[rosmaster.master][INFO] 2020-09-01 07:26:55,301: -PUB [/rosout] /camera_base_link1 http://ubuntu:38759/
[rosmaster.master][INFO] 2020-09-01 07:26:55,303: publisherUpdate[/rosout] -> http://ubuntu:41859/ ['http://ubuntu:38981/', 'http://ubuntu:37663/', 'http://ubuntu:43639/', 'http://ubuntu:34179/', 'http://ubuntu:46283/', 'http://ubuntu:39043/', 'http://ubuntu:43715/', 'http://ubuntu:43709/', 'http://ubuntu:36771/', 'http://ubuntu:38219/', 'http://ubuntu:34609/', 'http://ubuntu:45303/', 'http://ubuntu:36405/']
[rosmaster.master][INFO] 2020-09-01 07:26:55,304: -PUB [/rosout] /camera_base_link2 http://ubuntu:36405/
[rosmaster.master][INFO] 2020-09-01 07:26:55,306: -PUB [/tf_static] /camera_base_link http://ubuntu:33819/
[rosmaster.master][INFO] 2020-09-01 07:26:55,307: -PUB [/rosout] /camera/depth_registered_rectify_depth http://ubuntu:36771/
[rosmaster.master][INFO] 2020-09-01 07:26:55,307: -PUB [/rosout] /camera/points_xyzrgb_hw_registered http://ubuntu:38219/
[rosmaster.master][INFO] 2020-09-01 07:26:55,310: publisherUpdate[/rosout] -> http://ubuntu:41859/ ['http://ubuntu:38981/', 'http://ubuntu:37663/', 'http://ubuntu:43639/', 'http://ubuntu:34179/', 'http://ubuntu:46283/', 'http://ubuntu:39043/', 'http://ubuntu:43715/', 'http://ubuntu:43709/', 'http://ubuntu:36771/', 'http://ubuntu:38219/', 'http://ubuntu:34609/', 'http://ubuntu:45303/', 'http://ubuntu:36405/']: sec=0.01, result=[1, '', 0]
[rosmaster.master][INFO] 2020-09-01 07:26:55,311: -PUB [/rosout] /camera/depth_registered_hw_metric_rect http://ubuntu:34609/
[rosmaster.master][INFO] 2020-09-01 07:26:55,312: publisherUpdate[/rosout] -> http://ubuntu:41859/ ['http://ubuntu:38981/', 'http://ubuntu:37663/', 'http://ubuntu:43639/', 'http://ubuntu:34179/', 'http://ubuntu:46283/', 'http://ubuntu:39043/', 'http://ubuntu:43715/', 'http://ubuntu:43709/', 'http://ubuntu:36771/', 'http://ubuntu:38219/', 'http://ubuntu:34609/', 'http://ubuntu:45303/']
[rosmaster.master][INFO] 2020-09-01 07:26:55,314: -PUB [/tf_static] /camera_base_link1 http://ubuntu:38759/
[rosmaster.master][INFO] 2020-09-01 07:26:55,317: publisherUpdate[/rosout] -> http://ubuntu:41859/ ['http://ubuntu:38981/', 'http://ubuntu:37663/', 'http://ubuntu:43639/', 'http://ubuntu:34179/', 'http://ubuntu:46283/', 'http://ubuntu:39043/', 'http://ubuntu:43715/', 'http://ubuntu:43709/', 'http://ubuntu:36771/', 'http://ubuntu:38219/', 'http://ubuntu:34609/', 'http://ubuntu:45303/']: sec=0.00, result=[1, '', 0]
[rosmaster.master][INFO] 2020-09-01 07:26:55,317: -SERVICE [/camera_base_link/get_loggers] /camera_base_link rosrpc://ubuntu:51683
[rosmaster.master][INFO] 2020-09-01 07:26:55,319: -PUB [/rosout] /camera/depth_points http://ubuntu:43709/
[rosmaster.master][INFO] 2020-09-01 07:26:55,319: publisherUpdate[/rosout] -> http://ubuntu:41859/ ['http://ubuntu:38981/', 'http://ubuntu:37663/', 'http://ubuntu:43639/', 'http://ubuntu:34179/', 'http://ubuntu:46283/', 'http://ubuntu:39043/', 'http://ubuntu:43715/', 'http://ubuntu:43709/', 'http://ubuntu:38219/', 'http://ubuntu:34609/', 'http://ubuntu:45303/']
[rosmaster.master][INFO] 2020-09-01 07:26:55,320: -PUB [/tf_static] /camera_base_link2 http://ubuntu:36405/
[rosmaster.master][INFO] 2020-09-01 07:26:55,323: publisherUpdate[/rosout] -> http://ubuntu:41859/ ['http://ubuntu:38981/', 'http://ubuntu:37663/', 'http://ubuntu:43639/', 'http://ubuntu:34179/', 'http://ubuntu:46283/', 'http://ubuntu:39043/', 'http://ubuntu:43715/', 'http://ubuntu:43709/', 'http://ubuntu:38219/', 'http://ubuntu:34609/', 'http://ubuntu:45303/']: sec=0.00, result=[1, '', 0]
[rosmaster.master][INFO] 2020-09-01 07:26:55,324: -SERVICE [/camera/points_xyzrgb_hw_registered/get_loggers] /camera/points_xyzrgb_hw_registered rosrpc://ubuntu:33805
[rosmaster.master][INFO] 2020-09-01 07:26:55,324: publisherUpdate[/rosout] -> http://ubuntu:41859/ ['http://ubuntu:38981/', 'http://ubuntu:37663/', 'http://ubuntu:43639/', 'http://ubuntu:34179/', 'http://ubuntu:46283/', 'http://ubuntu:39043/', 'http://ubuntu:43715/', 'http://ubuntu:43709/', 'http://ubuntu:34609/', 'http://ubuntu:45303/']
[rosmaster.master][INFO] 2020-09-01 07:26:55,325: -PUB [/rosout] /camera/depth_metric http://ubuntu:43715/
[rosmaster.master][INFO] 2020-09-01 07:26:55,326: -SERVICE [/camera/depth_registered_rectify_depth/get_loggers] /camera/depth_registered_rectify_depth rosrpc://ubuntu:49841
[rosmaster.master][INFO] 2020-09-01 07:26:55,329: -SERVICE [/camera/depth_registered_hw_metric_rect/get_loggers] /camera/depth_registered_hw_metric_rect rosrpc://ubuntu:48087
[rosmaster.master][INFO] 2020-09-01 07:26:55,330: -SERVICE [/camera_base_link1/get_loggers] /camera_base_link1 rosrpc://ubuntu:55955
[rosmaster.master][INFO] 2020-09-01 07:26:55,332: publisherUpdate[/rosout] -> http://ubuntu:41859/ ['http://ubuntu:38981/', 'http://ubuntu:37663/', 'http://ubuntu:43639/', 'http://ubuntu:34179/', 'http://ubuntu:46283/', 'http://ubuntu:39043/', 'http://ubuntu:43715/', 'http://ubuntu:43709/', 'http://ubuntu:34609/', 'http://ubuntu:45303/']: sec=0.01, result=[1, '', 0]
[rosmaster.master][INFO] 2020-09-01 07:26:55,332: -SERVICE [/camera_base_link/set_logger_level] /camera_base_link rosrpc://ubuntu:51683
[rosmaster.master][INFO] 2020-09-01 07:26:55,334: -SERVICE [/camera/depth_points/get_loggers] /camera/depth_points rosrpc://ubuntu:45229
[rosmaster.master][INFO] 2020-09-01 07:26:55,334: publisherUpdate[/rosout] -> http://ubuntu:41859/ ['http://ubuntu:38981/', 'http://ubuntu:37663/', 'http://ubuntu:43639/', 'http://ubuntu:34179/', 'http://ubuntu:46283/', 'http://ubuntu:39043/', 'http://ubuntu:43715/', 'http://ubuntu:43709/', 'http://ubuntu:45303/']
[rosmaster.master][INFO] 2020-09-01 07:26:55,335: -SERVICE [/camera_base_link2/get_loggers] /camera_base_link2 rosrpc://ubuntu:35935
[rosmaster.master][INFO] 2020-09-01 07:26:55,336: -SERVICE [/camera/points_xyzrgb_hw_registered/set_logger_level] /camera/points_xyzrgb_hw_registered rosrpc://ubuntu:33805
[rosmaster.master][INFO] 2020-09-01 07:26:55,337: -SERVICE [/camera/depth_metric/get_loggers] /camera/depth_metric rosrpc://ubuntu:45073
[rosmaster.master][INFO] 2020-09-01 07:26:55,338: -PUB [/camera/depth/image_rect] /camera/camera_nodelet_manager http://ubuntu:43639/
[rosmaster.master][INFO] 2020-09-01 07:26:55,340: -SERVICE [/camera/depth_registered_rectify_depth/set_logger_level] /camera/depth_registered_rectify_depth rosrpc://ubuntu:49841
[rosmaster.master][INFO] 2020-09-01 07:26:55,341: -SERVICE [/camera/depth_registered_hw_metric_rect/set_logger_level] /camera/depth_registered_hw_metric_rect rosrpc://ubuntu:48087
[rosmaster.master][INFO] 2020-09-01 07:26:55,342: publisherUpdate[/rosout] -> http://ubuntu:41859/ ['http://ubuntu:38981/', 'http://ubuntu:37663/', 'http://ubuntu:43639/', 'http://ubuntu:34179/', 'http://ubuntu:46283/', 'http://ubuntu:39043/', 'http://ubuntu:43715/', 'http://ubuntu:43709/', 'http://ubuntu:45303/']: sec=0.01, result=[1, '', 0]
[rosmaster.master][INFO] 2020-09-01 07:26:55,348: -SERVICE [/camera_base_link1/set_logger_level] /camera_base_link1 rosrpc://ubuntu:55955
[rosmaster.master][INFO] 2020-09-01 07:26:55,350: publisherUpdate[/rosout] -> http://ubuntu:41859/ ['http://ubuntu:38981/', 'http://ubuntu:37663/', 'http://ubuntu:43639/', 'http://ubuntu:34179/', 'http://ubuntu:46283/', 'http://ubuntu:39043/', 'http://ubuntu:43715/', 'http://ubuntu:45303/']
[rosmaster.master][INFO] 2020-09-01 07:26:55,351: -SERVICE [/camera/depth_points/set_logger_level] /camera/depth_points rosrpc://ubuntu:45229
[rosmaster.master][INFO] 2020-09-01 07:26:55,352: -SERVICE [/camera_base_link2/set_logger_level] /camera_base_link2 rosrpc://ubuntu:35935
[rosmaster.master][INFO] 2020-09-01 07:26:55,353: -SERVICE [/camera/depth_metric/set_logger_level] /camera/depth_metric rosrpc://ubuntu:45073
[rosmaster.master][INFO] 2020-09-01 07:26:55,354: publisherUpdate[/rosout] -> http://ubuntu:41859/ ['http://ubuntu:38981/', 'http://ubuntu:37663/', 'http://ubuntu:43639/', 'http://ubuntu:34179/', 'http://ubuntu:46283/', 'http://ubuntu:39043/', 'http://ubuntu:43715/', 'http://ubuntu:45303/']: sec=0.00, result=[1, '', 0]
[rosmaster.master][INFO] 2020-09-01 07:26:55,354: publisherUpdate[/rosout] -> http://ubuntu:41859/ ['http://ubuntu:38981/', 'http://ubuntu:37663/', 'http://ubuntu:43639/', 'http://ubuntu:34179/', 'http://ubuntu:46283/', 'http://ubuntu:39043/', 'http://ubuntu:45303/']
[rosmaster.master][INFO] 2020-09-01 07:26:55,361: publisherUpdate[/rosout] -> http://ubuntu:41859/ ['http://ubuntu:38981/', 'http://ubuntu:37663/', 'http://ubuntu:43639/', 'http://ubuntu:34179/', 'http://ubuntu:46283/', 'http://ubuntu:39043/', 'http://ubuntu:45303/']: sec=0.01, result=[1, '', 0]
[rosmaster.master][INFO] 2020-09-01 07:26:55,409: -PUB [/rosout] /camera/depth_registered_metric http://ubuntu:45303/
[rosmaster.master][INFO] 2020-09-01 07:26:55,411: -SERVICE [/camera/depth_registered_metric/get_loggers] /camera/depth_registered_metric rosrpc://ubuntu:50523
[rosmaster.master][INFO] 2020-09-01 07:26:55,419: -SERVICE [/camera/depth_registered_metric/set_logger_level] /camera/depth_registered_metric rosrpc://ubuntu:50523
[rosmaster.master][INFO] 2020-09-01 07:26:55,431: -PUB [/camera/depth_rectify_depth/parameter_descriptions] /camera/camera_nodelet_manager http://ubuntu:43639/
[rosmaster.master][INFO] 2020-09-01 07:26:55,433: -PUB [/camera/depth_rectify_depth/parameter_updates] /camera/camera_nodelet_manager http://ubuntu:43639/
[rosmaster.master][INFO] 2020-09-01 07:26:55,435: -SERVICE [/camera/depth_rectify_depth/set_parameters] /camera/camera_nodelet_manager rosrpc://ubuntu:36283
[rosmaster.master][INFO] 2020-09-01 07:26:55,436: -PUB [/camera/depth/image_rect_raw] /camera/camera_nodelet_manager http://ubuntu:43639/
[rosmaster.master][INFO] 2020-09-01 07:26:55,446: -PUB [/camera/rgb_rectify_color/parameter_descriptions] /camera/camera_nodelet_manager http://ubuntu:43639/
[rosmaster.master][INFO] 2020-09-01 07:26:55,447: -PUB [/camera/rgb_rectify_color/parameter_updates] /camera/camera_nodelet_manager http://ubuntu:43639/
[rosmaster.master][INFO] 2020-09-01 07:26:55,449: -SERVICE [/camera/rgb_rectify_color/set_parameters] /camera/camera_nodelet_manager rosrpc://ubuntu:36283
[rosmaster.master][INFO] 2020-09-01 07:26:55,450: -PUB [/camera/rgb/image_rect_color] /camera/camera_nodelet_manager http://ubuntu:43639/
[rosmaster.master][INFO] 2020-09-01 07:26:55,452: -SERVICE [/camera/ir/set_camera_info] /camera/camera_nodelet_manager rosrpc://ubuntu:36283
[rosmaster.master][INFO] 2020-09-01 07:26:55,453: -SERVICE [/camera/rgb/set_camera_info] /camera/camera_nodelet_manager rosrpc://ubuntu:36283
[rosmaster.master][INFO] 2020-09-01 07:26:55,456: publisherUpdate[/rosout] -> http://ubuntu:41859/ ['http://ubuntu:38981/', 'http://ubuntu:37663/', 'http://ubuntu:43639/', 'http://ubuntu:34179/', 'http://ubuntu:46283/', 'http://ubuntu:39043/']
[rosmaster.master][INFO] 2020-09-01 07:26:55,458: publisherUpdate[/rosout] -> http://ubuntu:41859/ ['http://ubuntu:38981/', 'http://ubuntu:37663/', 'http://ubuntu:43639/', 'http://ubuntu:34179/', 'http://ubuntu:46283/', 'http://ubuntu:39043/']: sec=0.00, result=[1, '', 0]
[rosmaster.master][INFO] 2020-09-01 07:26:55,458: -PUB [/camera/projector/camera_info] /camera/camera_nodelet_manager http://ubuntu:43639/
[rosmaster.master][INFO] 2020-09-01 07:26:55,460: -PUB [/camera/ir/image] /camera/camera_nodelet_manager http://ubuntu:43639/
[rosmaster.master][INFO] 2020-09-01 07:26:55,469: -PUB [/camera/ir/camera_info] /camera/camera_nodelet_manager http://ubuntu:43639/
[rosmaster.master][INFO] 2020-09-01 07:26:55,470: -PUB [/camera/depth/image_raw] /camera/camera_nodelet_manager http://ubuntu:43639/
[rosmaster.master][INFO] 2020-09-01 07:26:55,472: -PUB [/camera/depth/camera_info] /camera/camera_nodelet_manager http://ubuntu:43639/
[rosmaster.master][INFO] 2020-09-01 07:26:55,473: -PUB [/camera/depth_registered/image_raw] /camera/camera_nodelet_manager http://ubuntu:43639/
[rosmaster.master][INFO] 2020-09-01 07:26:55,474: -PUB [/camera/depth_registered/camera_info] /camera/camera_nodelet_manager http://ubuntu:43639/
[rosmaster.master][INFO] 2020-09-01 07:26:55,475: -PUB [/camera/driver/parameter_descriptions] /camera/camera_nodelet_manager http://ubuntu:43639/
[rosmaster.master][INFO] 2020-09-01 07:26:55,477: -PUB [/camera/driver/parameter_updates] /camera/camera_nodelet_manager http://ubuntu:43639/
[rosmaster.master][INFO] 2020-09-01 07:26:55,478: -SERVICE [/camera/driver/set_parameters] /camera/camera_nodelet_manager rosrpc://ubuntu:36283
[rosmaster.master][INFO] 2020-09-01 07:26:55,481: -SERVICE [/camera/reset_ir_exposure] /camera/camera_nodelet_manager rosrpc://ubuntu:36283
[rosmaster.master][INFO] 2020-09-01 07:26:55,489: -SERVICE [/camera/reset_ir_gain] /camera/camera_nodelet_manager rosrpc://ubuntu:36283
[rosmaster.master][INFO] 2020-09-01 07:26:55,490: -SERVICE [/camera/set_ldp] /camera/camera_nodelet_manager rosrpc://ubuntu:36283
[rosmaster.master][INFO] 2020-09-01 07:26:55,491: -SERVICE [/camera/set_laser] /camera/camera_nodelet_manager rosrpc://ubuntu:36283
[rosmaster.master][INFO] 2020-09-01 07:26:55,493: -SERVICE [/camera/set_ir_flood] /camera/camera_nodelet_manager rosrpc://ubuntu:36283
[rosmaster.master][INFO] 2020-09-01 07:26:55,494: -SERVICE [/camera/set_ir_exposure] /camera/camera_nodelet_manager rosrpc://ubuntu:36283
[rosmaster.master][INFO] 2020-09-01 07:26:55,495: -SERVICE [/camera/get_ir_exposure] /camera/camera_nodelet_manager rosrpc://ubuntu:36283
[rosmaster.master][INFO] 2020-09-01 07:26:55,496: -SERVICE [/camera/set_ir_gain] /camera/camera_nodelet_manager rosrpc://ubuntu:36283
[rosmaster.master][INFO] 2020-09-01 07:26:55,500: -SERVICE [/camera/get_ir_gain] /camera/camera_nodelet_manager rosrpc://ubuntu:36283
[rosmaster.master][INFO] 2020-09-01 07:26:55,502: -SERVICE [/camera/get_device_type] /camera/camera_nodelet_manager rosrpc://ubuntu:36283
[rosmaster.master][INFO] 2020-09-01 07:26:55,503: -SERVICE [/camera/get_serial] /camera/camera_nodelet_manager rosrpc://ubuntu:36283
[rosmaster.master][INFO] 2020-09-01 07:26:55,507: -PUB [/rosout] /camera/depth_metric_rect http://ubuntu:39043/
[rosmaster.master][INFO] 2020-09-01 07:26:55,509: -SERVICE [/camera/depth_metric_rect/get_loggers] /camera/depth_metric_rect rosrpc://ubuntu:45557
[rosmaster.master][INFO] 2020-09-01 07:26:55,510: -SERVICE [/camera/depth_metric_rect/set_logger_level] /camera/depth_metric_rect rosrpc://ubuntu:45557
[rosmaster.master][INFO] 2020-09-01 07:26:55,513: -SERVICE [/camera/get_camera_info] /camera/camera_nodelet_manager rosrpc://ubuntu:36283
[rosmaster.master][INFO] 2020-09-01 07:26:55,551: -PUB [/rosout] /camera/camera_nodelet_manager http://ubuntu:43639/
[rosmaster.master][INFO] 2020-09-01 07:26:55,554: -PUB [/rosout] /camera/rgb_rectify_color http://ubuntu:46283/
[rosmaster.master][INFO] 2020-09-01 07:26:55,555: -PUB [/rosout] /camera/depth_rectify_depth http://ubuntu:34179/
[rosmaster.master][INFO] 2020-09-01 07:26:55,556: -PUB [/camera/camera_nodelet_manager/bond] /camera/camera_nodelet_manager http://ubuntu:43639/
[rosmaster.master][INFO] 2020-09-01 07:26:55,558: -SERVICE [/camera/rgb_rectify_color/get_loggers] /camera/rgb_rectify_color rosrpc://ubuntu:40499
[rosmaster.master][INFO] 2020-09-01 07:26:55,558: publisherUpdate[/rosout] -> http://ubuntu:41859/ ['http://ubuntu:38981/', 'http://ubuntu:37663/', 'http://ubuntu:43639/', 'http://ubuntu:34179/', 'http://ubuntu:46283/']
[rosmaster.master][INFO] 2020-09-01 07:26:55,559: -SERVICE [/camera/depth_rectify_depth/get_loggers] /camera/depth_rectify_depth rosrpc://ubuntu:51097
[rosmaster.master][INFO] 2020-09-01 07:26:55,559: publisherUpdate[/camera/camera_nodelet_manager/bond] -> http://ubuntu:43639/ ['http://ubuntu:37663/']
[rosmaster.master][INFO] 2020-09-01 07:26:55,562: publisherUpdate[/rosout] -> http://ubuntu:41859/ ['http://ubuntu:38981/', 'http://ubuntu:37663/', 'http://ubuntu:43639/', 'http://ubuntu:34179/', 'http://ubuntu:46283/']: sec=0.00, result=[1, '', 0]
[rosmaster.master][INFO] 2020-09-01 07:26:55,563: publisherUpdate[/camera/camera_nodelet_manager/bond] -> http://ubuntu:37663/ ['http://ubuntu:37663/']
[rosmaster.master][INFO] 2020-09-01 07:26:55,563: -SERVICE [/camera/rgb_rectify_color/set_logger_level] /camera/rgb_rectify_color rosrpc://ubuntu:40499
[rosmaster.master][INFO] 2020-09-01 07:26:55,564: publisherUpdate[/rosout] -> http://ubuntu:41859/ ['http://ubuntu:38981/', 'http://ubuntu:37663/', 'http://ubuntu:34179/', 'http://ubuntu:46283/']
[rosmaster.master][INFO] 2020-09-01 07:26:55,565: publisherUpdate[/camera/camera_nodelet_manager/bond] -> http://ubuntu:43639/ ['http://ubuntu:37663/']: sec=0.00, exception=<Fault -1: 'publisherUpdate: unknown method name'>
[rosmaster.master][INFO] 2020-09-01 07:26:55,566: -SUB [/camera/camera_nodelet_manager/bond] /camera/camera_nodelet_manager http://ubuntu:43639/
[rosmaster.master][INFO] 2020-09-01 07:26:55,567: publisherUpdate[/camera/camera_nodelet_manager/bond] -> http://ubuntu:37663/ ['http://ubuntu:37663/']: sec=0.00, result=[1, '', 0]
[rosmaster.master][INFO] 2020-09-01 07:26:55,569: publisherUpdate[/rosout] -> http://ubuntu:41859/ ['http://ubuntu:38981/', 'http://ubuntu:37663/', 'http://ubuntu:34179/', 'http://ubuntu:46283/']: sec=0.00, result=[1, '', 0]
[rosmaster.master][INFO] 2020-09-01 07:26:55,569: -SERVICE [/camera/depth_rectify_depth/set_logger_level] /camera/depth_rectify_depth rosrpc://ubuntu:51097
[rosmaster.master][INFO] 2020-09-01 07:26:55,571: -SERVICE [/camera/camera_nodelet_manager/get_loggers] /camera/camera_nodelet_manager rosrpc://ubuntu:36283
[rosmaster.master][INFO] 2020-09-01 07:26:55,571: publisherUpdate[/rosout] -> http://ubuntu:41859/ ['http://ubuntu:38981/', 'http://ubuntu:37663/', 'http://ubuntu:34179/']
[rosmaster.master][INFO] 2020-09-01 07:26:55,573: -SERVICE [/camera/camera_nodelet_manager/set_logger_level] /camera/camera_nodelet_manager rosrpc://ubuntu:36283
[rosmaster.master][INFO] 2020-09-01 07:26:55,575: -SERVICE [/camera/camera_nodelet_manager/load_nodelet] /camera/camera_nodelet_manager rosrpc://ubuntu:36283
[rosmaster.master][INFO] 2020-09-01 07:26:55,576: publisherUpdate[/rosout] -> http://ubuntu:41859/ ['http://ubuntu:38981/', 'http://ubuntu:37663/', 'http://ubuntu:34179/']: sec=0.00, result=[1, '', 0]
[rosmaster.master][INFO] 2020-09-01 07:26:55,577: publisherUpdate[/rosout] -> http://ubuntu:41859/ ['http://ubuntu:38981/', 'http://ubuntu:37663/']
[rosmaster.master][INFO] 2020-09-01 07:26:55,577: -SERVICE [/camera/camera_nodelet_manager/unload_nodelet] /camera/camera_nodelet_manager rosrpc://ubuntu:36283
[rosmaster.threadpool][ERROR] 2020-09-01 07:26:55,578: Traceback (most recent call last):
  File "/opt/ros/melodic/lib/python2.7/dist-packages/rosmaster/threadpool.py", line 218, in run
    result = cmd(*args)
  File "/opt/ros/melodic/lib/python2.7/dist-packages/rosmaster/master_api.py", line 210, in publisher_update_task
    ret = xmlrpcapi(api).publisherUpdate('/master', topic, pub_uris)
  File "/usr/lib/python2.7/xmlrpclib.py", line 1243, in __call__
    return self.__send(self.__name, args)
  File "/usr/lib/python2.7/xmlrpclib.py", line 1602, in __request
    verbose=self.__verbose
  File "/usr/lib/python2.7/xmlrpclib.py", line 1283, in request
    return self.single_request(host, handler, request_body, verbose)
  File "/usr/lib/python2.7/xmlrpclib.py", line 1316, in single_request
    return self.parse_response(response)
  File "/usr/lib/python2.7/xmlrpclib.py", line 1493, in parse_response
    return u.close()
  File "/usr/lib/python2.7/xmlrpclib.py", line 800, in close
    raise Fault(**self._stack[0])
Fault: <Fault -1: 'publisherUpdate: unknown method name'>

[rosmaster.master][INFO] 2020-09-01 07:26:55,579: publisherUpdate[/rosout] -> http://ubuntu:41859/ ['http://ubuntu:38981/', 'http://ubuntu:37663/']: sec=0.00, result=[1, '', 0]
[rosmaster.master][INFO] 2020-09-01 07:26:55,768: -PUB [/rosout] /camera/driver http://ubuntu:37663/
[rosmaster.master][INFO] 2020-09-01 07:26:55,769: -PUB [/camera/camera_nodelet_manager/bond] /camera/driver http://ubuntu:37663/
[rosmaster.master][INFO] 2020-09-01 07:26:55,770: -SUB [/camera/camera_nodelet_manager/bond] /camera/driver http://ubuntu:37663/
[rosmaster.master][INFO] 2020-09-01 07:26:55,771: publisherUpdate[/rosout] -> http://ubuntu:41859/ ['http://ubuntu:38981/']
[rosmaster.master][INFO] 2020-09-01 07:26:55,772: -SERVICE [/camera/driver/get_loggers] /camera/driver rosrpc://ubuntu:56695
[rosmaster.master][INFO] 2020-09-01 07:26:55,773: publisherUpdate[/rosout] -> http://ubuntu:41859/ ['http://ubuntu:38981/']: sec=0.00, result=[1, '', 0]
[rosmaster.master][INFO] 2020-09-01 07:26:55,774: publisherUpdate[/camera/camera_nodelet_manager/bond] -> http://ubuntu:37663/ []
[rosmaster.master][INFO] 2020-09-01 07:26:55,775: -SERVICE [/camera/driver/set_logger_level] /camera/driver rosrpc://ubuntu:56695
[rosmaster.master][INFO] 2020-09-01 07:26:55,778: publisherUpdate[/camera/camera_nodelet_manager/bond] -> http://ubuntu:37663/ []: sec=0.00, exception=[Errno 111] Connection refused
[rosmaster.threadpool][ERROR] 2020-09-01 07:26:55,780: Traceback (most recent call last):
  File "/opt/ros/melodic/lib/python2.7/dist-packages/rosmaster/threadpool.py", line 218, in run
    result = cmd(*args)
  File "/opt/ros/melodic/lib/python2.7/dist-packages/rosmaster/master_api.py", line 210, in publisher_update_task
    ret = xmlrpcapi(api).publisherUpdate('/master', topic, pub_uris)
  File "/usr/lib/python2.7/xmlrpclib.py", line 1243, in __call__
    return self.__send(self.__name, args)
  File "/usr/lib/python2.7/xmlrpclib.py", line 1602, in __request
    verbose=self.__verbose
  File "/usr/lib/python2.7/xmlrpclib.py", line 1283, in request
    return self.single_request(host, handler, request_body, verbose)
  File "/usr/lib/python2.7/xmlrpclib.py", line 1311, in single_request
    self.send_content(h, request_body)
  File "/usr/lib/python2.7/xmlrpclib.py", line 1459, in send_content
    connection.endheaders(request_body)
  File "/usr/lib/python2.7/httplib.py", line 1078, in endheaders
    self._send_output(message_body)
  File "/usr/lib/python2.7/httplib.py", line 894, in _send_output
    self.send(msg)
  File "/usr/lib/python2.7/httplib.py", line 856, in send
    self.connect()
  File "/usr/lib/python2.7/httplib.py", line 833, in connect
    self.timeout, self.source_address)
  File "/usr/lib/python2.7/socket.py", line 575, in create_connection
    raise err
error: [Errno 111] Connection refused

[rosmaster.master][INFO] 2020-09-01 07:26:56,538: -SERVICE [/camera/camera_nodelet_manager/list] /camera/camera_nodelet_manager rosrpc://ubuntu:36283
[rosmaster.master][INFO] 2020-09-01 07:26:56,975: -PUB [/rosout_agg] /rosout http://ubuntu:41859/
[rosmaster.master][INFO] 2020-09-01 07:26:56,976: -SUB [/rosout] /rosout http://ubuntu:41859/
[rosmaster.master][INFO] 2020-09-01 07:26:56,977: -SERVICE [/rosout/get_loggers] /rosout rosrpc://ubuntu:60087
[rosmaster.master][INFO] 2020-09-01 07:26:56,979: -SERVICE [/rosout/set_logger_level] /rosout rosrpc://ubuntu:60087
[rosmaster.main][INFO] 2020-09-01 07:26:57,017: keyboard interrupt, will exit
[rosmaster.main][INFO] 2020-09-01 07:26:57,018: stopping master...
[rospy.core][INFO] 2020-09-01 07:26:57,019: signal_shutdown [atexit]
