

1598957173.759854059  Node Startup
1598957173.930247546 INFO /camera/driver [/tmp/binarydeb/ros-melodic-nodelet-1.9.16/src/nodelet.cpp:202(loadNodelet)] [topics: /rosout] /camera/rgb/image -> /camera/rgb/image_raw
1598957174.123211846 INFO /camera/camera_nodelet_manager [/home/zxcar/heima_ws/src/ros_astra_camera/src/astra_device_manager.cpp:116(AstraDeviceListener::onDeviceConnected)] [topics: /rosout] Device "2bc5/0403@1/34" found.
1598957174.016906333 INFO /camera/rgb_rectify_color [/tmp/binarydeb/ros-melodic-nodelet-1.9.16/src/nodelet.cpp:196(loadNodelet)] [topics: /rosout] Loading nodelet /camera/rgb_rectify_color of type image_proc/rectify to manager camera_nodelet_manager with the following remappings:
1598957174.039564903 INFO /camera/depth_rectify_depth [/tmp/binarydeb/ros-melodic-nodelet-1.9.16/src/nodelet.cpp:202(loadNodelet)] [topics: /rosout] /camera/image_rect -> /camera/depth/image_rect_raw
1598957174.096299524 INFO /camera/depth_metric_rect [/tmp/binarydeb/ros-melodic-nodelet-1.9.16/src/nodelet.cpp:202(loadNodelet)] [topics: /rosout] /camera/image_raw -> /camera/depth/image_rect_raw
1598957174.263900868 INFO /camera/depth_points [/tmp/binarydeb/ros-melodic-nodelet-1.9.16/src/nodelet.cpp:196(loadNodelet)] [topics: /rosout] Loading nodelet /camera/depth_points of type depth_image_proc/point_cloud_xyz to manager camera_nodelet_manager with the following remappings:
1598957174.175889971 INFO /camera/depth_metric [/tmp/binarydeb/ros-melodic-nodelet-1.9.16/src/nodelet.cpp:196(loadNodelet)] [topics: /rosout] Loading nodelet /camera/depth_metric of type depth_image_proc/convert_metric to manager camera_nodelet_manager with the following remappings:
1598957174.336165461 INFO /camera/depth_registered_rectify_depth [/tmp/binarydeb/ros-melodic-nodelet-1.9.16/src/nodelet.cpp:196(loadNodelet)] [topics: /rosout] Loading nodelet /camera/depth_registered_rectify_depth of type image_proc/rectify to manager camera_nodelet_manager with the following remappings:
1598957174.584563216 INFO /camera/camera_rgb [/home/zxcar/heima_ws/src/ros_astra_camera/src/libuvc_camera/camera_driver.cpp:494(CameraDriver::OpenCamera)] [topics: /rosout, /camera/camera_rgb/parameter_descriptions, /camera/camera_rgb/parameter_updates, /camera/rgb/image_raw, /camera/rgb/camera_info] Opening camera with vendor=0x2bc5, product=0x502, serial="", index=0
1598957174.435353265 INFO /camera/depth_registered_hw_metric_rect [/tmp/binarydeb/ros-melodic-nodelet-1.9.16/src/nodelet.cpp:202(loadNodelet)] [topics: /rosout] /camera/image_raw -> /camera/depth_registered/hw_registered/image_rect_raw
1598957174.478289757 INFO /camera/depth_registered_metric [/tmp/binarydeb/ros-melodic-nodelet-1.9.16/src/nodelet.cpp:202(loadNodelet)] [topics: /rosout] /camera/image_raw -> /camera/depth_registered/image_raw
1598957174.479907530 INFO /camera/points_xyzrgb_hw_registered [/tmp/binarydeb/ros-melodic-nodelet-1.9.16/src/nodelet.cpp:202(loadNodelet)] [topics: /rosout] /camera/rgb/image_rect_color -> /camera/rgb/image_rect_color
1598957174.503947247 INFO /camera_base_link [/tmp/binarydeb/ros-melodic-tf2-ros-0.6.5/src/static_transform_broadcaster_program.cpp:142(main)] [topics: /rosout, /tf_static] Spinning until killed publishing /camera_link to /camera_depth_frame
1598957174.561293487 INFO /camera_base_link2 [/tmp/binarydeb/ros-melodic-tf2-ros-0.6.5/src/static_transform_broadcaster_program.cpp:142(main)] [topics: /rosout, /tf_static] Spinning until killed publishing /camera_depth_frame to /camera_depth_optical_frame
1598957174.567719873 INFO /camera_base_link1 [/tmp/binarydeb/ros-melodic-tf2-ros-0.6.5/src/static_transform_broadcaster_program.cpp:142(main)] [topics: /rosout, /tf_static] Spinning until killed publishing /camera_link to /camera_rgb_frame
1598957174.578581601 INFO /camera_base_link3 [/tmp/binarydeb/ros-melodic-tf2-ros-0.6.5/src/static_transform_broadcaster_program.cpp:142(main)] [topics: /rosout, /tf_static] Spinning until killed publishing /camera_rgb_frame to /camera_rgb_optical_frame
1598957175.184188217 WARN /camera/camera_rgb [/home/zxcar/heima_ws/src/ros_astra_camera/src/libuvc_camera/camera_driver.cpp:216(CameraDriver::ReconfigureCallback)] [topics: /rosout, /camera/camera_rgb/parameter_descriptions, /camera/camera_rgb/parameter_updates, /camera/rgb/image_raw, /camera/rgb/camera_info] Unable to set exposure_absolute to 1
1598957175.185990339 WARN /camera/camera_rgb [/home/zxcar/heima_ws/src/ros_astra_camera/src/libuvc_camera/camera_driver.cpp:217(CameraDriver::ReconfigureCallback)] [topics: /rosout, /camera/camera_rgb/parameter_descriptions, /camera/camera_rgb/parameter_updates, /camera/rgb/image_raw, /camera/rgb/camera_info] Unable to set auto_focus to 1
1598957175.187296134 WARN /camera/camera_rgb [/home/zxcar/heima_ws/src/ros_astra_camera/src/libuvc_camera/camera_driver.cpp:218(CameraDriver::ReconfigureCallback)] [topics: /rosout, /camera/camera_rgb/parameter_descriptions, /camera/camera_rgb/parameter_updates, /camera/rgb/image_raw, /camera/rgb/camera_info] Unable to set focus_absolute to 0
1598957175.189121533 WARN /camera/camera_rgb [/home/zxcar/heima_ws/src/ros_astra_camera/src/libuvc_camera/camera_driver.cpp:221(CameraDriver::ReconfigureCallback)] [topics: /rosout, /camera/camera_rgb/parameter_descriptions, /camera/camera_rgb/parameter_updates, /camera/rgb/image_raw, /camera/rgb/camera_info] Unable to set iris_absolute to 0
1598957175.200906562 WARN /camera/camera_rgb [/home/zxcar/heima_ws/src/ros_astra_camera/src/libuvc_camera/camera_driver.cpp:228(CameraDriver::ReconfigureCallback)] [topics: /rosout, /camera/camera_rgb/parameter_descriptions, /camera/camera_rgb/parameter_updates, /camera/rgb/image_raw, /camera/rgb/camera_info] Unable to set pantilt to 0, 0
1598957175.408032004 INFO /camera/camera_rgb [/tmp/binarydeb/ros-melodic-camera-info-manager-1.11.13/src/camera_info_manager.cpp:227(CameraInfoManager::loadCalibration)] [topics: /rosout, /camera/camera_rgb/parameter_descriptions, /camera/camera_rgb/parameter_updates, /camera/rgb/image_raw, /camera/rgb/camera_info] using default calibration URL
1598957175.408155336 INFO /camera/camera_rgb [/tmp/binarydeb/ros-melodic-camera-info-manager-1.11.13/src/camera_info_manager.cpp:220(CameraInfoManager::loadCalibration)] [topics: /rosout, /camera/camera_rgb/parameter_descriptions, /camera/camera_rgb/parameter_updates, /camera/rgb/image_raw, /camera/rgb/camera_info] camera calibration URL: file:///home/zxcar/.ros/camera_info/camera.yaml
1598957678.464319901 INFO /camera/depth_registered_metric [/tmp/binarydeb/ros-melodic-nodelet-1.9.16/src/nodelet.cpp:159(unloadNodelet)] [topics: /rosout] Unloading nodelet /camera/depth_registered_metric from manager camera_nodelet_manager
1598957678.475915185 INFO /camera/points_xyzrgb_hw_registered [/tmp/binarydeb/ros-melodic-nodelet-1.9.16/src/nodelet.cpp:159(unloadNodelet)] [topics: /rosout] Unloading nodelet /camera/points_xyzrgb_hw_registered from manager camera_nodelet_manager
1598957174.374418782 INFO /camera/depth_registered_rectify_depth [/tmp/binarydeb/ros-melodic-nodelet-1.9.16/src/nodelet.cpp:202(loadNodelet)] [topics: /rosout] /camera/image_mono -> /camera/depth_registered/image_raw
1598957174.374457837 INFO /camera/depth_registered_rectify_depth [/tmp/binarydeb/ros-melodic-nodelet-1.9.16/src/nodelet.cpp:202(loadNodelet)] [topics: /rosout] /camera/image_rect -> /camera/depth_registered/hw_registered/image_rect_raw
1598957678.482319406 INFO /camera/depth_registered_rectify_depth [/tmp/binarydeb/ros-melodic-nodelet-1.9.16/src/nodelet.cpp:159(unloadNodelet)] [topics: /rosout] Unloading nodelet /camera/depth_registered_rectify_depth from manager camera_nodelet_manager
1598957678.483277979 INFO /camera/depth_registered_hw_metric_rect [/tmp/binarydeb/ros-melodic-nodelet-1.9.16/src/nodelet.cpp:159(unloadNodelet)] [topics: /rosout] Unloading nodelet /camera/depth_registered_hw_metric_rect from manager camera_nodelet_manager
1598957174.191528961 INFO /camera/depth_metric [/tmp/binarydeb/ros-melodic-nodelet-1.9.16/src/nodelet.cpp:202(loadNodelet)] [topics: /rosout] /camera/image -> /camera/depth/image
1598957174.191571201 INFO /camera/depth_metric [/tmp/binarydeb/ros-melodic-nodelet-1.9.16/src/nodelet.cpp:202(loadNodelet)] [topics: /rosout] /camera/image_raw -> /camera/depth/image_raw
1598957678.491627477 INFO /camera/depth_metric [/tmp/binarydeb/ros-melodic-nodelet-1.9.16/src/nodelet.cpp:159(unloadNodelet)] [topics: /rosout] Unloading nodelet /camera/depth_metric from manager camera_nodelet_manager
1598957174.276018188 INFO /camera/depth_points [/tmp/binarydeb/ros-melodic-nodelet-1.9.16/src/nodelet.cpp:202(loadNodelet)] [topics: /rosout] /camera/image_rect -> /camera/depth/image_rect_raw
1598957174.276056150 INFO /camera/depth_points [/tmp/binarydeb/ros-melodic-nodelet-1.9.16/src/nodelet.cpp:202(loadNodelet)] [topics: /rosout] /camera/points -> /camera/depth/points
1598957678.496306752 INFO /camera/depth_points [/tmp/binarydeb/ros-melodic-nodelet-1.9.16/src/nodelet.cpp:159(unloadNodelet)] [topics: /rosout] Unloading nodelet /camera/depth_points from manager camera_nodelet_manager
1598957678.666736291 INFO /camera/depth_metric_rect [/tmp/binarydeb/ros-melodic-nodelet-1.9.16/src/nodelet.cpp:159(unloadNodelet)] [topics: /rosout] Unloading nodelet /camera/depth_metric_rect from manager camera_nodelet_manager
1598957678.776014257 INFO /camera/depth_rectify_depth [/tmp/binarydeb/ros-melodic-nodelet-1.9.16/src/nodelet.cpp:159(unloadNodelet)] [topics: /rosout] Unloading nodelet /camera/depth_rectify_depth from manager camera_nodelet_manager
1598957174.031130269 INFO /camera/rgb_rectify_color [/tmp/binarydeb/ros-melodic-nodelet-1.9.16/src/nodelet.cpp:202(loadNodelet)] [topics: /rosout] /camera/image_mono -> /camera/rgb/image_raw
1598957174.031164473 INFO /camera/rgb_rectify_color [/tmp/binarydeb/ros-melodic-nodelet-1.9.16/src/nodelet.cpp:202(loadNodelet)] [topics: /rosout] /camera/image_rect -> /camera/rgb/image_rect_color
1598957678.798766480 INFO /camera/rgb_rectify_color [/tmp/binarydeb/ros-melodic-nodelet-1.9.16/src/nodelet.cpp:159(unloadNodelet)] [topics: /rosout] Unloading nodelet /camera/rgb_rectify_color from manager camera_nodelet_manager
1598957678.866024485 INFO /camera/driver [/tmp/binarydeb/ros-melodic-nodelet-1.9.16/src/nodelet.cpp:159(unloadNodelet)] [topics: /rosout, /camera/camera_nodelet_manager/bond] Unloading nodelet /camera/driver from manager camera_nodelet_manager
