[rosmaster.main][INFO] 2020-09-01 09:15:11,383: initialization complete, waiting for shutdown
[rosmaster.main][INFO] 2020-09-01 09:15:11,383: Starting ROS Master Node
[xmlrpc][INFO] 2020-09-01 09:15:11,385: XML-RPC server binding to 0.0.0.0:11311
[rosmaster.master][INFO] 2020-09-01 09:15:11,386: Master initialized: port[11311], uri[http://ubuntu:11311/]
[xmlrpc][INFO] 2020-09-01 09:15:11,386: Started XML-RPC server [http://ubuntu:11311/]
[xmlrpc][INFO] 2020-09-01 09:15:11,387: xml rpc node: starting XML-RPC server
[rosmaster.master][INFO] 2020-09-01 09:15:11,478: +PARAM [/run_id] by /roslaunch
[rosmaster.master][INFO] 2020-09-01 09:15:11,482: +PARAM [/roslaunch/uris/host_ubuntu__33235] by /roslaunch
[rosmaster.master][INFO] 2020-09-01 09:15:11,562: +PARAM [/camera/driver/auto_exposure] by /roslaunch
[rosmaster.master][INFO] 2020-09-01 09:15:11,562: +PARAM [/camera/camera_rgb/serial] by /roslaunch
[rosmaster.master][INFO] 2020-09-01 09:15:11,563: +PARAM [/camera/depth_rectify_depth/interpolation] by /roslaunch
[rosmaster.master][INFO] 2020-09-01 09:15:11,563: +PARAM [/camera/driver/depth_registration] by /roslaunch
[rosmaster.master][INFO] 2020-09-01 09:15:11,564: +PARAM [/camera/driver/devnums] by /roslaunch
[rosmaster.master][INFO] 2020-09-01 09:15:11,564: +PARAM [/camera/driver/rgb_frame_id] by /roslaunch
[rosmaster.master][INFO] 2020-09-01 09:15:11,564: +PARAM [/camera/camera_rgb/product] by /roslaunch
[rosmaster.master][INFO] 2020-09-01 09:15:11,564: +PARAM [/camera/camera_nodelet_manager/num_worker_threads] by /roslaunch
[rosmaster.master][INFO] 2020-09-01 09:15:11,565: +PARAM [/camera/camera_rgb/height] by /roslaunch
[rosmaster.master][INFO] 2020-09-01 09:15:11,565: +PARAM [/camera/driver/auto_white_balance] by /roslaunch
[rosmaster.master][INFO] 2020-09-01 09:15:11,565: +PARAM [/rosdistro] by /roslaunch
[rosmaster.master][INFO] 2020-09-01 09:15:11,565: +PARAM [/camera/driver/rgb_camera_info_url] by /roslaunch
[rosmaster.master][INFO] 2020-09-01 09:15:11,566: +PARAM [/camera/camera_rgb/vendor] by /roslaunch
[rosmaster.master][INFO] 2020-09-01 09:15:11,566: +PARAM [/camera/driver/device_id] by /roslaunch
[rosmaster.master][INFO] 2020-09-01 09:15:11,566: +PARAM [/camera/camera_rgb/width] by /roslaunch
[rosmaster.master][INFO] 2020-09-01 09:15:11,566: +PARAM [/camera/driver/depth_camera_info_url] by /roslaunch
[rosmaster.master][INFO] 2020-09-01 09:15:11,567: +PARAM [/camera/depth_registered_rectify_depth/interpolation] by /roslaunch
[rosmaster.master][INFO] 2020-09-01 09:15:11,567: +PARAM [/camera/camera_rgb/index] by /roslaunch
[rosmaster.master][INFO] 2020-09-01 09:15:11,567: +PARAM [/camera/driver/bootorder] by /roslaunch
[rosmaster.master][INFO] 2020-09-01 09:15:11,567: +PARAM [/rosversion] by /roslaunch
[rosmaster.master][INFO] 2020-09-01 09:15:11,568: +PARAM [/camera/camera_rgb/timestamp_method] by /roslaunch
[rosmaster.master][INFO] 2020-09-01 09:15:11,568: +PARAM [/camera/driver/depth_frame_id] by /roslaunch
[rosmaster.master][INFO] 2020-09-01 09:15:11,568: +PARAM [/camera/camera_rgb/camera_info_url] by /roslaunch
[rosmaster.master][INFO] 2020-09-01 09:15:11,568: +PARAM [/camera/camera_rgb/frame_rate] by /roslaunch
[rosmaster.master][INFO] 2020-09-01 09:15:11,569: +PARAM [/camera/camera_rgb/video_mode] by /roslaunch
[rosmaster.master][INFO] 2020-09-01 09:15:11,569: +PARAM [/camera/driver/color_depth_synchronization] by /roslaunch
[rosmaster.master][INFO] 2020-09-01 09:15:11,592: +SERVICE [/rosout/get_loggers] /rosout http://ubuntu:39679/
[rosmaster.master][INFO] 2020-09-01 09:15:11,594: +SERVICE [/rosout/set_logger_level] /rosout http://ubuntu:39679/
[rosmaster.master][INFO] 2020-09-01 09:15:11,596: +PUB [/rosout_agg] /rosout http://ubuntu:39679/
[rosmaster.master][INFO] 2020-09-01 09:15:11,603: +SUB [/rosout] /rosout http://ubuntu:39679/
[rosmaster.master][INFO] 2020-09-01 09:15:11,680: +PUB [/rosout] /camera/camera_rgb http://ubuntu:40415/
[rosmaster.master][INFO] 2020-09-01 09:15:11,683: +SERVICE [/camera/camera_rgb/get_loggers] /camera/camera_rgb http://ubuntu:40415/
[rosmaster.master][INFO] 2020-09-01 09:15:11,685: publisherUpdate[/rosout] -> http://ubuntu:39679/ ['http://ubuntu:40415/']
[rosmaster.master][INFO] 2020-09-01 09:15:11,697: +SERVICE [/camera/camera_rgb/set_logger_level] /camera/camera_rgb http://ubuntu:40415/
[rosmaster.master][INFO] 2020-09-01 09:15:11,700: publisherUpdate[/rosout] -> http://ubuntu:39679/ ['http://ubuntu:40415/']: sec=0.01, result=[1, '', 0]
[rosmaster.master][INFO] 2020-09-01 09:15:11,745: +SERVICE [/camera/camera_rgb/set_parameters] /camera/camera_rgb http://ubuntu:40415/
[rosmaster.master][INFO] 2020-09-01 09:15:11,749: +PUB [/rosout] /camera/driver http://ubuntu:35335/
[rosmaster.master][INFO] 2020-09-01 09:15:11,751: +PUB [/camera/camera_rgb/parameter_descriptions] /camera/camera_rgb http://ubuntu:40415/
[rosmaster.master][INFO] 2020-09-01 09:15:11,752: +PUB [/rosout] /camera/camera_nodelet_manager http://ubuntu:36467/
[rosmaster.master][INFO] 2020-09-01 09:15:11,754: +SERVICE [/camera/driver/get_loggers] /camera/driver http://ubuntu:35335/
[rosmaster.master][INFO] 2020-09-01 09:15:11,757: +SERVICE [/camera/camera_nodelet_manager/get_loggers] /camera/camera_nodelet_manager http://ubuntu:36467/
[rosmaster.master][INFO] 2020-09-01 09:15:11,758: +PUB [/camera/camera_rgb/parameter_updates] /camera/camera_rgb http://ubuntu:40415/
[rosmaster.master][INFO] 2020-09-01 09:15:11,760: +SERVICE [/camera/driver/set_logger_level] /camera/driver http://ubuntu:35335/
[rosmaster.master][INFO] 2020-09-01 09:15:11,761: +SERVICE [/camera/camera_nodelet_manager/set_logger_level] /camera/camera_nodelet_manager http://ubuntu:36467/
[rosmaster.master][INFO] 2020-09-01 09:15:11,779: +SERVICE [/camera/camera_nodelet_manager/load_nodelet] /camera/camera_nodelet_manager http://ubuntu:36467/
[rosmaster.master][INFO] 2020-09-01 09:15:11,784: +SERVICE [/camera/camera_nodelet_manager/unload_nodelet] /camera/camera_nodelet_manager http://ubuntu:36467/
[rosmaster.master][INFO] 2020-09-01 09:15:11,786: +PARAM [/camera/driver] by /camera/driver
[rosmaster.master][INFO] 2020-09-01 09:15:11,787: publisherUpdate[/rosout] -> http://ubuntu:39679/ ['http://ubuntu:40415/', 'http://ubuntu:35335/']
[rosmaster.master][INFO] 2020-09-01 09:15:11,789: +SERVICE [/camera/camera_nodelet_manager/list] /camera/camera_nodelet_manager http://ubuntu:36467/
[rosmaster.master][INFO] 2020-09-01 09:15:11,799: publisherUpdate[/rosout] -> http://ubuntu:39679/ ['http://ubuntu:40415/', 'http://ubuntu:35335/']: sec=0.01, result=[1, '', 0]
[rosmaster.master][INFO] 2020-09-01 09:15:11,802: publisherUpdate[/rosout] -> http://ubuntu:39679/ ['http://ubuntu:40415/', 'http://ubuntu:35335/', 'http://ubuntu:36467/']
[rosmaster.master][INFO] 2020-09-01 09:15:11,815: publisherUpdate[/rosout] -> http://ubuntu:39679/ ['http://ubuntu:40415/', 'http://ubuntu:35335/', 'http://ubuntu:36467/']: sec=0.01, result=[1, '', 0]
[rosmaster.master][INFO] 2020-09-01 09:15:11,848: +PUB [/rosout] /camera/rgb_rectify_color http://ubuntu:39431/
[rosmaster.master][INFO] 2020-09-01 09:15:11,852: +SERVICE [/camera/rgb_rectify_color/get_loggers] /camera/rgb_rectify_color http://ubuntu:39431/
[rosmaster.master][INFO] 2020-09-01 09:15:11,863: +SERVICE [/camera/rgb_rectify_color/set_logger_level] /camera/rgb_rectify_color http://ubuntu:39431/
[rosmaster.master][INFO] 2020-09-01 09:15:11,891: +PUB [/rosout] /camera/depth_metric_rect http://ubuntu:33439/
[rosmaster.master][INFO] 2020-09-01 09:15:11,894: publisherUpdate[/rosout] -> http://ubuntu:39679/ ['http://ubuntu:40415/', 'http://ubuntu:35335/', 'http://ubuntu:36467/', 'http://ubuntu:39431/']
[rosmaster.master][INFO] 2020-09-01 09:15:11,914: +PARAM [/camera/camera_rgb/vendor] by /camera/camera_rgb
[rosmaster.master][INFO] 2020-09-01 09:15:11,915: publisherUpdate[/rosout] -> http://ubuntu:39679/ ['http://ubuntu:40415/', 'http://ubuntu:35335/', 'http://ubuntu:36467/', 'http://ubuntu:39431/']: sec=0.01, result=[1, '', 0]
[rosmaster.master][INFO] 2020-09-01 09:15:11,919: +PARAM [/camera/camera_rgb/product] by /camera/camera_rgb
[rosmaster.master][INFO] 2020-09-01 09:15:11,920: +SERVICE [/camera/depth_metric_rect/get_loggers] /camera/depth_metric_rect http://ubuntu:33439/
[rosmaster.master][INFO] 2020-09-01 09:15:11,921: publisherUpdate[/rosout] -> http://ubuntu:39679/ ['http://ubuntu:40415/', 'http://ubuntu:35335/', 'http://ubuntu:36467/', 'http://ubuntu:39431/', 'http://ubuntu:33439/']
[rosmaster.master][INFO] 2020-09-01 09:15:11,927: publisherUpdate[/rosout] -> http://ubuntu:39679/ ['http://ubuntu:40415/', 'http://ubuntu:35335/', 'http://ubuntu:36467/', 'http://ubuntu:39431/', 'http://ubuntu:33439/']: sec=0.00, result=[1, '', 0]
[rosmaster.master][INFO] 2020-09-01 09:15:11,929: +PARAM [/camera/camera_rgb/serial] by /camera/camera_rgb
[rosmaster.master][INFO] 2020-09-01 09:15:11,932: +SERVICE [/camera/depth_metric_rect/set_logger_level] /camera/depth_metric_rect http://ubuntu:33439/
[rosmaster.master][INFO] 2020-09-01 09:15:11,935: +PARAM [/camera/camera_rgb/index] by /camera/camera_rgb
[rosmaster.master][INFO] 2020-09-01 09:15:11,946: +PUB [/rosout] /camera/depth_metric http://ubuntu:33339/
[rosmaster.master][INFO] 2020-09-01 09:15:11,952: +PARAM [/camera/camera_rgb/width] by /camera/camera_rgb
[rosmaster.master][INFO] 2020-09-01 09:15:11,963: +SERVICE [/camera/depth_metric/get_loggers] /camera/depth_metric http://ubuntu:33339/
[rosmaster.master][INFO] 2020-09-01 09:15:11,973: +PUB [/rosout] /camera/depth_rectify_depth http://ubuntu:37543/
[rosmaster.master][INFO] 2020-09-01 09:15:11,980: +SERVICE [/camera/depth_metric/set_logger_level] /camera/depth_metric http://ubuntu:33339/
[rosmaster.master][INFO] 2020-09-01 09:15:11,980: +PARAM [/camera/camera_rgb/height] by /camera/camera_rgb
[rosmaster.master][INFO] 2020-09-01 09:15:11,987: +PARAM [/camera/camera_rgb/video_mode] by /camera/camera_rgb
[rosmaster.master][INFO] 2020-09-01 09:15:11,992: +PARAM [/camera/camera_rgb/frame_rate] by /camera/camera_rgb
[rosmaster.master][INFO] 2020-09-01 09:15:11,994: +PARAM [/camera/camera_rgb/timestamp_method] by /camera/camera_rgb
[rosmaster.master][INFO] 2020-09-01 09:15:11,984: +SERVICE [/camera/depth_rectify_depth/get_loggers] /camera/depth_rectify_depth http://ubuntu:37543/
[rosmaster.master][INFO] 2020-09-01 09:15:11,998: +PARAM [/camera/camera_rgb/frame_id] by /camera/camera_rgb
[rosmaster.master][INFO] 2020-09-01 09:15:12,002: +SERVICE [/camera/depth_rectify_depth/set_logger_level] /camera/depth_rectify_depth http://ubuntu:37543/
[rosmaster.master][INFO] 2020-09-01 09:15:12,011: +PARAM [/camera/camera_rgb/camera_info_url] by /camera/camera_rgb
[rosmaster.master][INFO] 2020-09-01 09:15:12,006: publisherUpdate[/rosout] -> http://ubuntu:39679/ ['http://ubuntu:40415/', 'http://ubuntu:35335/', 'http://ubuntu:36467/', 'http://ubuntu:39431/', 'http://ubuntu:33439/', 'http://ubuntu:33339/']
[rosmaster.master][INFO] 2020-09-01 09:15:12,015: +PUB [/rosout] /camera/depth_points http://ubuntu:35799/
[rosmaster.master][INFO] 2020-09-01 09:15:12,018: +PARAM [/camera/camera_rgb/scanning_mode] by /camera/camera_rgb
[rosmaster.master][INFO] 2020-09-01 09:15:12,019: publisherUpdate[/rosout] -> http://ubuntu:39679/ ['http://ubuntu:40415/', 'http://ubuntu:35335/', 'http://ubuntu:36467/', 'http://ubuntu:39431/', 'http://ubuntu:33439/', 'http://ubuntu:33339/']: sec=0.00, result=[1, '', 0]
[rosmaster.master][INFO] 2020-09-01 09:15:12,022: publisherUpdate[/rosout] -> http://ubuntu:39679/ ['http://ubuntu:40415/', 'http://ubuntu:35335/', 'http://ubuntu:36467/', 'http://ubuntu:39431/', 'http://ubuntu:33439/', 'http://ubuntu:33339/', 'http://ubuntu:37543/']
[rosmaster.master][INFO] 2020-09-01 09:15:12,024: +SERVICE [/camera/depth_points/get_loggers] /camera/depth_points http://ubuntu:35799/
[rosmaster.master][INFO] 2020-09-01 09:15:12,027: +PARAM [/camera/camera_rgb/auto_exposure] by /camera/camera_rgb
[rosmaster.master][INFO] 2020-09-01 09:15:12,029: publisherUpdate[/rosout] -> http://ubuntu:39679/ ['http://ubuntu:40415/', 'http://ubuntu:35335/', 'http://ubuntu:36467/', 'http://ubuntu:39431/', 'http://ubuntu:33439/', 'http://ubuntu:33339/', 'http://ubuntu:37543/']: sec=0.01, result=[1, '', 0]
[rosmaster.master][INFO] 2020-09-01 09:15:12,032: +SERVICE [/camera/depth_points/set_logger_level] /camera/depth_points http://ubuntu:35799/
[rosmaster.master][INFO] 2020-09-01 09:15:12,036: publisherUpdate[/rosout] -> http://ubuntu:39679/ ['http://ubuntu:40415/', 'http://ubuntu:35335/', 'http://ubuntu:36467/', 'http://ubuntu:39431/', 'http://ubuntu:33439/', 'http://ubuntu:33339/', 'http://ubuntu:37543/', 'http://ubuntu:35799/']
[rosmaster.master][INFO] 2020-09-01 09:15:12,036: +PARAM [/camera/camera_rgb/auto_exposure_priority] by /camera/camera_rgb
[rosmaster.master][INFO] 2020-09-01 09:15:12,042: +PARAM [/camera/depth_rectify_depth] by /camera/depth_rectify_depth
[rosmaster.master][INFO] 2020-09-01 09:15:12,045: publisherUpdate[/rosout] -> http://ubuntu:39679/ ['http://ubuntu:40415/', 'http://ubuntu:35335/', 'http://ubuntu:36467/', 'http://ubuntu:39431/', 'http://ubuntu:33439/', 'http://ubuntu:33339/', 'http://ubuntu:37543/', 'http://ubuntu:35799/']: sec=0.01, result=[1, '', 0]
[rosmaster.master][INFO] 2020-09-01 09:15:12,046: +PARAM [/camera/camera_rgb/exposure_absolute] by /camera/camera_rgb
[rosmaster.master][INFO] 2020-09-01 09:15:12,056: +PARAM [/camera/camera_rgb/iris_absolute] by /camera/camera_rgb
[rosmaster.master][INFO] 2020-09-01 09:15:12,061: +PARAM [/camera/camera_rgb/auto_focus] by /camera/camera_rgb
[rosmaster.master][INFO] 2020-09-01 09:15:12,064: +PARAM [/camera/camera_rgb/focus_absolute] by /camera/camera_rgb
[rosmaster.master][INFO] 2020-09-01 09:15:12,080: +PARAM [/camera/camera_rgb/pan_absolute] by /camera/camera_rgb
[rosmaster.master][INFO] 2020-09-01 09:15:12,087: +PARAM [/camera/camera_rgb/tilt_absolute] by /camera/camera_rgb
[rosmaster.master][INFO] 2020-09-01 09:15:12,103: +PARAM [/camera/camera_rgb/roll_absolute] by /camera/camera_rgb
[rosmaster.master][INFO] 2020-09-01 09:15:12,109: +PARAM [/camera/camera_rgb/privacy] by /camera/camera_rgb
[rosmaster.master][INFO] 2020-09-01 09:15:12,115: +PARAM [/camera/camera_rgb/backlight_compensation] by /camera/camera_rgb
[rosmaster.master][INFO] 2020-09-01 09:15:12,118: +PUB [/rosout] /camera/depth_registered_rectify_depth http://ubuntu:36657/
[rosmaster.master][INFO] 2020-09-01 09:15:12,120: +SERVICE [/camera/depth_registered_rectify_depth/get_loggers] /camera/depth_registered_rectify_depth http://ubuntu:36657/
[rosmaster.master][INFO] 2020-09-01 09:15:12,122: +PARAM [/camera/camera_rgb/brightness] by /camera/camera_rgb
[rosmaster.master][INFO] 2020-09-01 09:15:12,125: +SERVICE [/camera/depth_registered_rectify_depth/set_logger_level] /camera/depth_registered_rectify_depth http://ubuntu:36657/
[rosmaster.master][INFO] 2020-09-01 09:15:12,128: publisherUpdate[/rosout] -> http://ubuntu:39679/ ['http://ubuntu:40415/', 'http://ubuntu:35335/', 'http://ubuntu:36467/', 'http://ubuntu:39431/', 'http://ubuntu:33439/', 'http://ubuntu:33339/', 'http://ubuntu:37543/', 'http://ubuntu:35799/', 'http://ubuntu:36657/']
[rosmaster.master][INFO] 2020-09-01 09:15:12,131: +PARAM [/camera/camera_rgb/contrast] by /camera/camera_rgb
[rosmaster.master][INFO] 2020-09-01 09:15:12,139: +PARAM [/camera/camera_rgb/gain] by /camera/camera_rgb
[rosmaster.master][INFO] 2020-09-01 09:15:12,142: publisherUpdate[/rosout] -> http://ubuntu:39679/ ['http://ubuntu:40415/', 'http://ubuntu:35335/', 'http://ubuntu:36467/', 'http://ubuntu:39431/', 'http://ubuntu:33439/', 'http://ubuntu:33339/', 'http://ubuntu:37543/', 'http://ubuntu:35799/', 'http://ubuntu:36657/']: sec=0.01, result=[1, '', 0]
[rosmaster.master][INFO] 2020-09-01 09:15:12,155: +PARAM [/camera/camera_rgb/power_line_frequency] by /camera/camera_rgb
[rosmaster.master][INFO] 2020-09-01 09:15:12,172: +PARAM [/camera/camera_rgb/auto_hue] by /camera/camera_rgb
[rosmaster.master][INFO] 2020-09-01 09:15:12,174: +PUB [/rosout] /camera/points_xyzrgb_hw_registered http://ubuntu:41781/
[rosmaster.master][INFO] 2020-09-01 09:15:12,176: +PARAM [/camera/camera_rgb/hue] by /camera/camera_rgb
[rosmaster.master][INFO] 2020-09-01 09:15:12,178: +PARAM [/camera/depth_registered_rectify_depth] by /camera/depth_registered_rectify_depth
[rosmaster.master][INFO] 2020-09-01 09:15:12,184: +PUB [/rosout] /camera/depth_registered_metric http://ubuntu:33909/
[rosmaster.master][INFO] 2020-09-01 09:15:12,187: +PARAM [/camera/camera_rgb/saturation] by /camera/camera_rgb
[rosmaster.master][INFO] 2020-09-01 09:15:12,187: +PUB [/rosout] /camera/depth_registered_hw_metric_rect http://ubuntu:35859/
[rosmaster.master][INFO] 2020-09-01 09:15:12,191: +PARAM [/camera/camera_rgb/sharpness] by /camera/camera_rgb
[rosmaster.master][INFO] 2020-09-01 09:15:12,191: +SERVICE [/camera/points_xyzrgb_hw_registered/get_loggers] /camera/points_xyzrgb_hw_registered http://ubuntu:41781/
[rosmaster.master][INFO] 2020-09-01 09:15:12,195: +PARAM [/camera/camera_rgb/gamma] by /camera/camera_rgb
[rosmaster.master][INFO] 2020-09-01 09:15:12,197: +SERVICE [/camera/depth_registered_metric/get_loggers] /camera/depth_registered_metric http://ubuntu:33909/
[rosmaster.master][INFO] 2020-09-01 09:15:12,198: +PARAM [/camera/camera_rgb/auto_white_balance] by /camera/camera_rgb
[rosmaster.master][INFO] 2020-09-01 09:15:12,201: +SERVICE [/camera/depth_registered_metric/set_logger_level] /camera/depth_registered_metric http://ubuntu:33909/
[rosmaster.master][INFO] 2020-09-01 09:15:12,201: +SERVICE [/camera/depth_registered_hw_metric_rect/get_loggers] /camera/depth_registered_hw_metric_rect http://ubuntu:35859/
[rosmaster.master][INFO] 2020-09-01 09:15:12,203: +PARAM [/camera/camera_rgb/white_balance_temperature] by /camera/camera_rgb
[rosmaster.master][INFO] 2020-09-01 09:15:12,203: +SERVICE [/camera/points_xyzrgb_hw_registered/set_logger_level] /camera/points_xyzrgb_hw_registered http://ubuntu:41781/
[rosmaster.master][INFO] 2020-09-01 09:15:12,208: +PARAM [/camera/camera_rgb/white_balance_BU] by /camera/camera_rgb
[rosmaster.master][INFO] 2020-09-01 09:15:12,210: +SERVICE [/camera/depth_registered_hw_metric_rect/set_logger_level] /camera/depth_registered_hw_metric_rect http://ubuntu:35859/
[rosmaster.master][INFO] 2020-09-01 09:15:12,213: +PARAM [/camera/camera_rgb/white_balance_RV] by /camera/camera_rgb
[rosmaster.master][INFO] 2020-09-01 09:15:12,219: +SERVICE [/camera/set_camera_info] /camera/camera_rgb http://ubuntu:40415/
[rosmaster.master][INFO] 2020-09-01 09:15:12,233: +PUB [/camera/rgb/image_raw] /camera/camera_rgb http://ubuntu:40415/
[rosmaster.master][INFO] 2020-09-01 09:15:12,236: +PUB [/camera/rgb/camera_info] /camera/camera_rgb http://ubuntu:40415/
[rosmaster.master][INFO] 2020-09-01 09:15:12,237: publisherUpdate[/rosout] -> http://ubuntu:39679/ ['http://ubuntu:40415/', 'http://ubuntu:35335/', 'http://ubuntu:36467/', 'http://ubuntu:39431/', 'http://ubuntu:33439/', 'http://ubuntu:33339/', 'http://ubuntu:37543/', 'http://ubuntu:35799/', 'http://ubuntu:36657/', 'http://ubuntu:41781/']
[rosmaster.master][INFO] 2020-09-01 09:15:12,260: publisherUpdate[/rosout] -> http://ubuntu:39679/ ['http://ubuntu:40415/', 'http://ubuntu:35335/', 'http://ubuntu:36467/', 'http://ubuntu:39431/', 'http://ubuntu:33439/', 'http://ubuntu:33339/', 'http://ubuntu:37543/', 'http://ubuntu:35799/', 'http://ubuntu:36657/', 'http://ubuntu:41781/']: sec=0.01, result=[1, '', 0]
[rosmaster.master][INFO] 2020-09-01 09:15:12,261: publisherUpdate[/rosout] -> http://ubuntu:39679/ ['http://ubuntu:40415/', 'http://ubuntu:35335/', 'http://ubuntu:36467/', 'http://ubuntu:39431/', 'http://ubuntu:33439/', 'http://ubuntu:33339/', 'http://ubuntu:37543/', 'http://ubuntu:35799/', 'http://ubuntu:36657/', 'http://ubuntu:41781/', 'http://ubuntu:33909/']
[rosmaster.master][INFO] 2020-09-01 09:15:12,269: +SERVICE [/camera/get_uvc_exposure] /camera/camera_rgb http://ubuntu:40415/
[rosmaster.master][INFO] 2020-09-01 09:15:12,271: +SERVICE [/camera/set_uvc_exposure] /camera/camera_rgb http://ubuntu:40415/
[rosmaster.master][INFO] 2020-09-01 09:15:12,275: +SERVICE [/camera/get_uvc_gain] /camera/camera_rgb http://ubuntu:40415/
[rosmaster.master][INFO] 2020-09-01 09:15:12,277: publisherUpdate[/rosout] -> http://ubuntu:39679/ ['http://ubuntu:40415/', 'http://ubuntu:35335/', 'http://ubuntu:36467/', 'http://ubuntu:39431/', 'http://ubuntu:33439/', 'http://ubuntu:33339/', 'http://ubuntu:37543/', 'http://ubuntu:35799/', 'http://ubuntu:36657/', 'http://ubuntu:41781/', 'http://ubuntu:33909/']: sec=0.02, result=[1, '', 0]
[rosmaster.master][INFO] 2020-09-01 09:15:12,278: publisherUpdate[/rosout] -> http://ubuntu:39679/ ['http://ubuntu:40415/', 'http://ubuntu:35335/', 'http://ubuntu:36467/', 'http://ubuntu:39431/', 'http://ubuntu:33439/', 'http://ubuntu:33339/', 'http://ubuntu:37543/', 'http://ubuntu:35799/', 'http://ubuntu:36657/', 'http://ubuntu:41781/', 'http://ubuntu:33909/', 'http://ubuntu:35859/']
[rosmaster.master][INFO] 2020-09-01 09:15:12,280: +SERVICE [/camera/set_uvc_gain] /camera/camera_rgb http://ubuntu:40415/
[rosmaster.master][INFO] 2020-09-01 09:15:12,281: publisherUpdate[/rosout] -> http://ubuntu:39679/ ['http://ubuntu:40415/', 'http://ubuntu:35335/', 'http://ubuntu:36467/', 'http://ubuntu:39431/', 'http://ubuntu:33439/', 'http://ubuntu:33339/', 'http://ubuntu:37543/', 'http://ubuntu:35799/', 'http://ubuntu:36657/', 'http://ubuntu:41781/', 'http://ubuntu:33909/', 'http://ubuntu:35859/']: sec=0.00, result=[1, '', 0]
[rosmaster.master][INFO] 2020-09-01 09:15:12,283: +SERVICE [/camera/get_uvc_white_balance] /camera/camera_rgb http://ubuntu:40415/
[rosmaster.master][INFO] 2020-09-01 09:15:12,287: +SERVICE [/camera/set_uvc_white_balance] /camera/camera_rgb http://ubuntu:40415/
[rosmaster.master][INFO] 2020-09-01 09:15:12,289: +PUB [/rosout] /camera_base_link1 http://ubuntu:36573/
[rosmaster.master][INFO] 2020-09-01 09:15:12,292: +SERVICE [/camera_base_link1/get_loggers] /camera_base_link1 http://ubuntu:36573/
[rosmaster.master][INFO] 2020-09-01 09:15:12,294: +SERVICE [/camera_base_link1/set_logger_level] /camera_base_link1 http://ubuntu:36573/
[rosmaster.master][INFO] 2020-09-01 09:15:12,302: +PUB [/tf_static] /camera_base_link1 http://ubuntu:36573/
[rosmaster.master][INFO] 2020-09-01 09:15:12,304: +PUB [/rosout] /camera_base_link http://ubuntu:42449/
[rosmaster.master][INFO] 2020-09-01 09:15:12,321: +SERVICE [/camera_base_link/get_loggers] /camera_base_link http://ubuntu:42449/
[rosmaster.master][INFO] 2020-09-01 09:15:12,323: +SERVICE [/camera_base_link/set_logger_level] /camera_base_link http://ubuntu:42449/
[rosmaster.master][INFO] 2020-09-01 09:15:12,327: +PUB [/tf_static] /camera_base_link http://ubuntu:42449/
[rosmaster.master][INFO] 2020-09-01 09:15:12,330: +PUB [/rosout] /camera_base_link2 http://ubuntu:40581/
[rosmaster.master][INFO] 2020-09-01 09:15:12,333: +SERVICE [/camera_base_link2/get_loggers] /camera_base_link2 http://ubuntu:40581/
[rosmaster.master][INFO] 2020-09-01 09:15:12,335: +SERVICE [/camera_base_link2/set_logger_level] /camera_base_link2 http://ubuntu:40581/
[rosmaster.master][INFO] 2020-09-01 09:15:12,338: +PUB [/tf_static] /camera_base_link2 http://ubuntu:40581/
[rosmaster.master][INFO] 2020-09-01 09:15:12,343: publisherUpdate[/rosout] -> http://ubuntu:39679/ ['http://ubuntu:40415/', 'http://ubuntu:35335/', 'http://ubuntu:36467/', 'http://ubuntu:39431/', 'http://ubuntu:33439/', 'http://ubuntu:33339/', 'http://ubuntu:37543/', 'http://ubuntu:35799/', 'http://ubuntu:36657/', 'http://ubuntu:41781/', 'http://ubuntu:33909/', 'http://ubuntu:35859/', 'http://ubuntu:36573/']
[rosmaster.master][INFO] 2020-09-01 09:15:12,346: publisherUpdate[/rosout] -> http://ubuntu:39679/ ['http://ubuntu:40415/', 'http://ubuntu:35335/', 'http://ubuntu:36467/', 'http://ubuntu:39431/', 'http://ubuntu:33439/', 'http://ubuntu:33339/', 'http://ubuntu:37543/', 'http://ubuntu:35799/', 'http://ubuntu:36657/', 'http://ubuntu:41781/', 'http://ubuntu:33909/', 'http://ubuntu:35859/', 'http://ubuntu:36573/']: sec=0.00, result=[1, '', 0]
[rosmaster.master][INFO] 2020-09-01 09:15:12,347: publisherUpdate[/rosout] -> http://ubuntu:39679/ ['http://ubuntu:40415/', 'http://ubuntu:35335/', 'http://ubuntu:36467/', 'http://ubuntu:39431/', 'http://ubuntu:33439/', 'http://ubuntu:33339/', 'http://ubuntu:37543/', 'http://ubuntu:35799/', 'http://ubuntu:36657/', 'http://ubuntu:41781/', 'http://ubuntu:33909/', 'http://ubuntu:35859/', 'http://ubuntu:36573/', 'http://ubuntu:42449/']
[rosmaster.master][INFO] 2020-09-01 09:15:12,349: publisherUpdate[/rosout] -> http://ubuntu:39679/ ['http://ubuntu:40415/', 'http://ubuntu:35335/', 'http://ubuntu:36467/', 'http://ubuntu:39431/', 'http://ubuntu:33439/', 'http://ubuntu:33339/', 'http://ubuntu:37543/', 'http://ubuntu:35799/', 'http://ubuntu:36657/', 'http://ubuntu:41781/', 'http://ubuntu:33909/', 'http://ubuntu:35859/', 'http://ubuntu:36573/', 'http://ubuntu:42449/']: sec=0.00, result=[1, '', 0]
[rosmaster.master][INFO] 2020-09-01 09:15:12,350: publisherUpdate[/rosout] -> http://ubuntu:39679/ ['http://ubuntu:40415/', 'http://ubuntu:35335/', 'http://ubuntu:36467/', 'http://ubuntu:39431/', 'http://ubuntu:33439/', 'http://ubuntu:33339/', 'http://ubuntu:37543/', 'http://ubuntu:35799/', 'http://ubuntu:36657/', 'http://ubuntu:41781/', 'http://ubuntu:33909/', 'http://ubuntu:35859/', 'http://ubuntu:36573/', 'http://ubuntu:42449/', 'http://ubuntu:40581/']
[rosmaster.master][INFO] 2020-09-01 09:15:12,352: publisherUpdate[/rosout] -> http://ubuntu:39679/ ['http://ubuntu:40415/', 'http://ubuntu:35335/', 'http://ubuntu:36467/', 'http://ubuntu:39431/', 'http://ubuntu:33439/', 'http://ubuntu:33339/', 'http://ubuntu:37543/', 'http://ubuntu:35799/', 'http://ubuntu:36657/', 'http://ubuntu:41781/', 'http://ubuntu:33909/', 'http://ubuntu:35859/', 'http://ubuntu:36573/', 'http://ubuntu:42449/', 'http://ubuntu:40581/']: sec=0.00, result=[1, '', 0]
[rosmaster.master][INFO] 2020-09-01 09:15:12,366: +PUB [/rosout] /camera_base_link3 http://ubuntu:34821/
[rosmaster.master][INFO] 2020-09-01 09:15:12,368: +SERVICE [/camera_base_link3/get_loggers] /camera_base_link3 http://ubuntu:34821/
[rosmaster.master][INFO] 2020-09-01 09:15:12,369: +SERVICE [/camera_base_link3/set_logger_level] /camera_base_link3 http://ubuntu:34821/
[rosmaster.master][INFO] 2020-09-01 09:15:12,372: +PUB [/tf_static] /camera_base_link3 http://ubuntu:34821/
[rosmaster.master][INFO] 2020-09-01 09:15:12,382: publisherUpdate[/rosout] -> http://ubuntu:39679/ ['http://ubuntu:40415/', 'http://ubuntu:35335/', 'http://ubuntu:36467/', 'http://ubuntu:39431/', 'http://ubuntu:33439/', 'http://ubuntu:33339/', 'http://ubuntu:37543/', 'http://ubuntu:35799/', 'http://ubuntu:36657/', 'http://ubuntu:41781/', 'http://ubuntu:33909/', 'http://ubuntu:35859/', 'http://ubuntu:36573/', 'http://ubuntu:42449/', 'http://ubuntu:40581/', 'http://ubuntu:34821/']
[rosmaster.master][INFO] 2020-09-01 09:15:12,385: publisherUpdate[/rosout] -> http://ubuntu:39679/ ['http://ubuntu:40415/', 'http://ubuntu:35335/', 'http://ubuntu:36467/', 'http://ubuntu:39431/', 'http://ubuntu:33439/', 'http://ubuntu:33339/', 'http://ubuntu:37543/', 'http://ubuntu:35799/', 'http://ubuntu:36657/', 'http://ubuntu:41781/', 'http://ubuntu:33909/', 'http://ubuntu:35859/', 'http://ubuntu:36573/', 'http://ubuntu:42449/', 'http://ubuntu:40581/', 'http://ubuntu:34821/']: sec=0.00, result=[1, '', 0]
[rosmaster.master][INFO] 2020-09-01 09:15:12,930: +PARAM [/camera/camera_rgb/vendor] by /camera/camera_rgb
[rosmaster.master][INFO] 2020-09-01 09:15:12,934: +PARAM [/camera/camera_rgb/product] by /camera/camera_rgb
[rosmaster.master][INFO] 2020-09-01 09:15:12,937: +PARAM [/camera/camera_rgb/serial] by /camera/camera_rgb
[rosmaster.master][INFO] 2020-09-01 09:15:12,938: +PARAM [/camera/camera_rgb/index] by /camera/camera_rgb
[rosmaster.master][INFO] 2020-09-01 09:15:12,939: +PARAM [/camera/camera_rgb/width] by /camera/camera_rgb
[rosmaster.master][INFO] 2020-09-01 09:15:12,941: +PARAM [/camera/camera_rgb/height] by /camera/camera_rgb
[rosmaster.master][INFO] 2020-09-01 09:15:12,942: +PARAM [/camera/camera_rgb/video_mode] by /camera/camera_rgb
[rosmaster.master][INFO] 2020-09-01 09:15:12,943: +PARAM [/camera/camera_rgb/frame_rate] by /camera/camera_rgb
[rosmaster.master][INFO] 2020-09-01 09:15:12,944: +PARAM [/camera/camera_rgb/timestamp_method] by /camera/camera_rgb
[rosmaster.master][INFO] 2020-09-01 09:15:12,946: +PARAM [/camera/camera_rgb/frame_id] by /camera/camera_rgb
[rosmaster.master][INFO] 2020-09-01 09:15:12,947: +PARAM [/camera/camera_rgb/camera_info_url] by /camera/camera_rgb
[rosmaster.master][INFO] 2020-09-01 09:15:12,948: +PARAM [/camera/camera_rgb/scanning_mode] by /camera/camera_rgb
[rosmaster.master][INFO] 2020-09-01 09:15:12,950: +PARAM [/camera/camera_rgb/auto_exposure] by /camera/camera_rgb
[rosmaster.master][INFO] 2020-09-01 09:15:12,951: +PARAM [/camera/camera_rgb/auto_exposure_priority] by /camera/camera_rgb
[rosmaster.master][INFO] 2020-09-01 09:15:12,952: +PARAM [/camera/camera_rgb/exposure_absolute] by /camera/camera_rgb
[rosmaster.master][INFO] 2020-09-01 09:15:12,954: +PARAM [/camera/camera_rgb/iris_absolute] by /camera/camera_rgb
[rosmaster.master][INFO] 2020-09-01 09:15:12,955: +PARAM [/camera/camera_rgb/auto_focus] by /camera/camera_rgb
[rosmaster.master][INFO] 2020-09-01 09:15:12,956: +PARAM [/camera/camera_rgb/focus_absolute] by /camera/camera_rgb
[rosmaster.master][INFO] 2020-09-01 09:15:12,957: +PARAM [/camera/camera_rgb/pan_absolute] by /camera/camera_rgb
[rosmaster.master][INFO] 2020-09-01 09:15:12,959: +PARAM [/camera/camera_rgb/tilt_absolute] by /camera/camera_rgb
[rosmaster.master][INFO] 2020-09-01 09:15:12,960: +PARAM [/camera/camera_rgb/roll_absolute] by /camera/camera_rgb
[rosmaster.master][INFO] 2020-09-01 09:15:12,961: +PARAM [/camera/camera_rgb/privacy] by /camera/camera_rgb
[rosmaster.master][INFO] 2020-09-01 09:15:12,962: +PARAM [/camera/camera_rgb/backlight_compensation] by /camera/camera_rgb
[rosmaster.master][INFO] 2020-09-01 09:15:12,963: +PARAM [/camera/camera_rgb/brightness] by /camera/camera_rgb
[rosmaster.master][INFO] 2020-09-01 09:15:12,965: +PARAM [/camera/camera_rgb/contrast] by /camera/camera_rgb
[rosmaster.master][INFO] 2020-09-01 09:15:12,966: +PARAM [/camera/camera_rgb/gain] by /camera/camera_rgb
[rosmaster.master][INFO] 2020-09-01 09:15:12,967: +PARAM [/camera/camera_rgb/power_line_frequency] by /camera/camera_rgb
[rosmaster.master][INFO] 2020-09-01 09:15:12,968: +PARAM [/camera/camera_rgb/auto_hue] by /camera/camera_rgb
[rosmaster.master][INFO] 2020-09-01 09:15:12,970: +PARAM [/camera/camera_rgb/hue] by /camera/camera_rgb
[rosmaster.master][INFO] 2020-09-01 09:15:12,971: +PARAM [/camera/camera_rgb/saturation] by /camera/camera_rgb
[rosmaster.master][INFO] 2020-09-01 09:15:12,972: +PARAM [/camera/camera_rgb/sharpness] by /camera/camera_rgb
[rosmaster.master][INFO] 2020-09-01 09:15:12,973: +PARAM [/camera/camera_rgb/gamma] by /camera/camera_rgb
[rosmaster.master][INFO] 2020-09-01 09:15:12,975: +PARAM [/camera/camera_rgb/auto_white_balance] by /camera/camera_rgb
[rosmaster.master][INFO] 2020-09-01 09:15:12,976: +PARAM [/camera/camera_rgb/white_balance_temperature] by /camera/camera_rgb
[rosmaster.master][INFO] 2020-09-01 09:15:12,977: +PARAM [/camera/camera_rgb/white_balance_BU] by /camera/camera_rgb
[rosmaster.master][INFO] 2020-09-01 09:15:12,979: +PARAM [/camera/camera_rgb/white_balance_RV] by /camera/camera_rgb
[rosmaster.master][INFO] 2020-09-01 09:15:17,140: +SERVICE [/camera/driver/set_parameters] /camera/camera_nodelet_manager http://ubuntu:36467/
[rosmaster.master][INFO] 2020-09-01 09:15:17,143: +PUB [/camera/driver/parameter_descriptions] /camera/camera_nodelet_manager http://ubuntu:36467/
[rosmaster.master][INFO] 2020-09-01 09:15:17,146: +PUB [/camera/driver/parameter_updates] /camera/camera_nodelet_manager http://ubuntu:36467/
[rosmaster.master][INFO] 2020-09-01 09:15:17,161: +PARAM [/camera/driver/rgb_preferred] by /camera/camera_nodelet_manager
[rosmaster.master][INFO] 2020-09-01 09:15:17,162: +PARAM [/camera/driver/ir_mode] by /camera/camera_nodelet_manager
[rosmaster.master][INFO] 2020-09-01 09:15:17,163: +PARAM [/camera/driver/color_mode] by /camera/camera_nodelet_manager
[rosmaster.master][INFO] 2020-09-01 09:15:17,164: +PARAM [/camera/driver/depth_mode] by /camera/camera_nodelet_manager
[rosmaster.master][INFO] 2020-09-01 09:15:17,166: +PARAM [/camera/driver/depth_registration] by /camera/camera_nodelet_manager
[rosmaster.master][INFO] 2020-09-01 09:15:17,167: +PARAM [/camera/driver/color_depth_synchronization] by /camera/camera_nodelet_manager
[rosmaster.master][INFO] 2020-09-01 09:15:17,168: +PARAM [/camera/driver/auto_exposure] by /camera/camera_nodelet_manager
[rosmaster.master][INFO] 2020-09-01 09:15:17,169: +PARAM [/camera/driver/auto_white_balance] by /camera/camera_nodelet_manager
[rosmaster.master][INFO] 2020-09-01 09:15:17,171: +PARAM [/camera/driver/data_skip] by /camera/camera_nodelet_manager
[rosmaster.master][INFO] 2020-09-01 09:15:17,172: +PARAM [/camera/driver/ir_time_offset] by /camera/camera_nodelet_manager
[rosmaster.master][INFO] 2020-09-01 09:15:17,174: +PARAM [/camera/driver/color_time_offset] by /camera/camera_nodelet_manager
[rosmaster.master][INFO] 2020-09-01 09:15:17,176: +PARAM [/camera/driver/depth_time_offset] by /camera/camera_nodelet_manager
[rosmaster.master][INFO] 2020-09-01 09:15:17,178: +PARAM [/camera/driver/depth_ir_offset_x] by /camera/camera_nodelet_manager
[rosmaster.master][INFO] 2020-09-01 09:15:17,179: +PARAM [/camera/driver/depth_ir_offset_y] by /camera/camera_nodelet_manager
[rosmaster.master][INFO] 2020-09-01 09:15:17,180: +PARAM [/camera/driver/z_offset_mm] by /camera/camera_nodelet_manager
[rosmaster.master][INFO] 2020-09-01 09:15:17,182: +PARAM [/camera/driver/z_scaling] by /camera/camera_nodelet_manager
[rosmaster.master][INFO] 2020-09-01 09:15:17,183: +PARAM [/camera/driver/use_device_time] by /camera/camera_nodelet_manager
[rosmaster.master][INFO] 2020-09-01 09:15:17,283: +PARAM [/camera/driver/rgb_preferred] by /camera/camera_nodelet_manager
[rosmaster.master][INFO] 2020-09-01 09:15:17,284: +PARAM [/camera/driver/ir_mode] by /camera/camera_nodelet_manager
[rosmaster.master][INFO] 2020-09-01 09:15:17,286: +PARAM [/camera/driver/color_mode] by /camera/camera_nodelet_manager
[rosmaster.master][INFO] 2020-09-01 09:15:17,287: +PARAM [/camera/driver/depth_mode] by /camera/camera_nodelet_manager
[rosmaster.master][INFO] 2020-09-01 09:15:17,288: +PARAM [/camera/driver/depth_registration] by /camera/camera_nodelet_manager
[rosmaster.master][INFO] 2020-09-01 09:15:17,290: +PARAM [/camera/driver/color_depth_synchronization] by /camera/camera_nodelet_manager
[rosmaster.master][INFO] 2020-09-01 09:15:17,292: +PARAM [/camera/driver/auto_exposure] by /camera/camera_nodelet_manager
[rosmaster.master][INFO] 2020-09-01 09:15:17,294: +PARAM [/camera/driver/auto_white_balance] by /camera/camera_nodelet_manager
[rosmaster.master][INFO] 2020-09-01 09:15:17,298: +PARAM [/camera/driver/data_skip] by /camera/camera_nodelet_manager
[rosmaster.master][INFO] 2020-09-01 09:15:17,300: +PARAM [/camera/driver/ir_time_offset] by /camera/camera_nodelet_manager
[rosmaster.master][INFO] 2020-09-01 09:15:17,302: +PARAM [/camera/driver/color_time_offset] by /camera/camera_nodelet_manager
[rosmaster.master][INFO] 2020-09-01 09:15:17,303: +PARAM [/camera/driver/depth_time_offset] by /camera/camera_nodelet_manager
[rosmaster.master][INFO] 2020-09-01 09:15:17,304: +PARAM [/camera/driver/depth_ir_offset_x] by /camera/camera_nodelet_manager
[rosmaster.master][INFO] 2020-09-01 09:15:17,306: +PARAM [/camera/driver/depth_ir_offset_y] by /camera/camera_nodelet_manager
[rosmaster.master][INFO] 2020-09-01 09:15:17,307: +PARAM [/camera/driver/z_offset_mm] by /camera/camera_nodelet_manager
[rosmaster.master][INFO] 2020-09-01 09:15:17,308: +PARAM [/camera/driver/z_scaling] by /camera/camera_nodelet_manager
[rosmaster.master][INFO] 2020-09-01 09:15:17,310: +PARAM [/camera/driver/use_device_time] by /camera/camera_nodelet_manager
[rosmaster.master][INFO] 2020-09-01 09:15:17,318: +PUB [/camera/ir/image] /camera/camera_nodelet_manager http://ubuntu:36467/
[rosmaster.master][INFO] 2020-09-01 09:15:17,319: +PUB [/camera/ir/camera_info] /camera/camera_nodelet_manager http://ubuntu:36467/
[rosmaster.master][INFO] 2020-09-01 09:15:17,323: +PUB [/camera/depth/image_raw] /camera/camera_nodelet_manager http://ubuntu:36467/
[rosmaster.master][INFO] 2020-09-01 09:15:17,325: +PUB [/camera/depth/camera_info] /camera/camera_nodelet_manager http://ubuntu:36467/
[rosmaster.master][INFO] 2020-09-01 09:15:17,329: +PUB [/camera/depth_registered/image_raw] /camera/camera_nodelet_manager http://ubuntu:36467/
[rosmaster.master][INFO] 2020-09-01 09:15:17,331: +PUB [/camera/depth_registered/camera_info] /camera/camera_nodelet_manager http://ubuntu:36467/
[rosmaster.master][INFO] 2020-09-01 09:15:17,333: +PUB [/camera/projector/camera_info] /camera/camera_nodelet_manager http://ubuntu:36467/
[rosmaster.master][INFO] 2020-09-01 09:15:17,336: +SERVICE [/camera/rgb/set_camera_info] /camera/camera_nodelet_manager http://ubuntu:36467/
[rosmaster.master][INFO] 2020-09-01 09:15:17,338: +SERVICE [/camera/ir/set_camera_info] /camera/camera_nodelet_manager http://ubuntu:36467/
[rosmaster.master][INFO] 2020-09-01 09:15:17,339: +SERVICE [/camera/get_serial] /camera/camera_nodelet_manager http://ubuntu:36467/
[rosmaster.master][INFO] 2020-09-01 09:15:17,341: +SERVICE [/camera/get_device_type] /camera/camera_nodelet_manager http://ubuntu:36467/
[rosmaster.master][INFO] 2020-09-01 09:15:17,344: +SERVICE [/camera/get_ir_gain] /camera/camera_nodelet_manager http://ubuntu:36467/
[rosmaster.master][INFO] 2020-09-01 09:15:17,346: +SERVICE [/camera/set_ir_gain] /camera/camera_nodelet_manager http://ubuntu:36467/
[rosmaster.master][INFO] 2020-09-01 09:15:17,349: +SERVICE [/camera/get_ir_exposure] /camera/camera_nodelet_manager http://ubuntu:36467/
[rosmaster.master][INFO] 2020-09-01 09:15:17,351: +SERVICE [/camera/set_ir_exposure] /camera/camera_nodelet_manager http://ubuntu:36467/
[rosmaster.master][INFO] 2020-09-01 09:15:17,353: +SERVICE [/camera/set_ir_flood] /camera/camera_nodelet_manager http://ubuntu:36467/
[rosmaster.master][INFO] 2020-09-01 09:15:17,355: +SERVICE [/camera/set_laser] /camera/camera_nodelet_manager http://ubuntu:36467/
[rosmaster.master][INFO] 2020-09-01 09:15:17,357: +SERVICE [/camera/set_ldp] /camera/camera_nodelet_manager http://ubuntu:36467/
[rosmaster.master][INFO] 2020-09-01 09:15:17,359: +SERVICE [/camera/reset_ir_gain] /camera/camera_nodelet_manager http://ubuntu:36467/
[rosmaster.master][INFO] 2020-09-01 09:15:17,361: +SERVICE [/camera/reset_ir_exposure] /camera/camera_nodelet_manager http://ubuntu:36467/
[rosmaster.master][INFO] 2020-09-01 09:15:17,363: +SERVICE [/camera/get_camera_info] /camera/camera_nodelet_manager http://ubuntu:36467/
[rosmaster.master][INFO] 2020-09-01 09:15:17,366: +PUB [/camera/camera_nodelet_manager/bond] /camera/camera_nodelet_manager http://ubuntu:36467/
[rosmaster.master][INFO] 2020-09-01 09:15:17,373: +SUB [/camera/camera_nodelet_manager/bond] /camera/camera_nodelet_manager http://ubuntu:36467/
[rosmaster.master][INFO] 2020-09-01 09:15:17,430: +PUB [/camera/camera_nodelet_manager/bond] /camera/driver http://ubuntu:35335/
[rosmaster.master][INFO] 2020-09-01 09:15:17,437: +SUB [/camera/camera_nodelet_manager/bond] /camera/driver http://ubuntu:35335/
[rosmaster.master][INFO] 2020-09-01 09:15:17,466: publisherUpdate[/camera/camera_nodelet_manager/bond] -> http://ubuntu:36467/ ['http://ubuntu:36467/', 'http://ubuntu:35335/']
[rosmaster.master][INFO] 2020-09-01 09:15:17,469: publisherUpdate[/camera/camera_nodelet_manager/bond] -> http://ubuntu:36467/ ['http://ubuntu:36467/', 'http://ubuntu:35335/']: sec=0.00, result=[1, '', 0]
[rosmaster.master][INFO] 2020-09-01 09:15:17,618: +SERVICE [/camera/rgb_rectify_color/set_parameters] /camera/camera_nodelet_manager http://ubuntu:36467/
[rosmaster.master][INFO] 2020-09-01 09:15:17,619: +PUB [/camera/rgb_rectify_color/parameter_descriptions] /camera/camera_nodelet_manager http://ubuntu:36467/
[rosmaster.master][INFO] 2020-09-01 09:15:17,621: +PUB [/camera/rgb_rectify_color/parameter_updates] /camera/camera_nodelet_manager http://ubuntu:36467/
[rosmaster.master][INFO] 2020-09-01 09:15:17,623: +PARAM [/camera/rgb_rectify_color/interpolation] by /camera/camera_nodelet_manager
[rosmaster.master][INFO] 2020-09-01 09:15:17,624: +PARAM [/camera/rgb_rectify_color/interpolation] by /camera/camera_nodelet_manager
[rosmaster.master][INFO] 2020-09-01 09:15:17,627: +PUB [/camera/rgb/image_rect_color] /camera/camera_nodelet_manager http://ubuntu:36467/
[rosmaster.master][INFO] 2020-09-01 09:15:17,668: +PUB [/camera/depth/image_rect] /camera/camera_nodelet_manager http://ubuntu:36467/
[rosmaster.master][INFO] 2020-09-01 09:15:17,675: +PUB [/camera/depth/image] /camera/camera_nodelet_manager http://ubuntu:36467/
[rosmaster.master][INFO] 2020-09-01 09:15:17,679: +SERVICE [/camera/depth_rectify_depth/set_parameters] /camera/camera_nodelet_manager http://ubuntu:36467/
[rosmaster.master][INFO] 2020-09-01 09:15:17,680: +PUB [/camera/depth_rectify_depth/parameter_descriptions] /camera/camera_nodelet_manager http://ubuntu:36467/
[rosmaster.master][INFO] 2020-09-01 09:15:17,682: +PUB [/camera/depth_rectify_depth/parameter_updates] /camera/camera_nodelet_manager http://ubuntu:36467/
[rosmaster.master][INFO] 2020-09-01 09:15:17,684: +PARAM [/camera/depth_rectify_depth/interpolation] by /camera/camera_nodelet_manager
[rosmaster.master][INFO] 2020-09-01 09:15:17,685: +PARAM [/camera/depth_rectify_depth/interpolation] by /camera/camera_nodelet_manager
[rosmaster.master][INFO] 2020-09-01 09:15:17,688: +PUB [/camera/depth/image_rect_raw] /camera/camera_nodelet_manager http://ubuntu:36467/
[rosmaster.master][INFO] 2020-09-01 09:15:17,692: +PUB [/camera/depth/points] /camera/camera_nodelet_manager http://ubuntu:36467/
[rosmaster.master][INFO] 2020-09-01 09:15:17,697: +SERVICE [/camera/depth_registered_rectify_depth/set_parameters] /camera/camera_nodelet_manager http://ubuntu:36467/
[rosmaster.master][INFO] 2020-09-01 09:15:17,699: +PUB [/camera/depth_registered_rectify_depth/parameter_descriptions] /camera/camera_nodelet_manager http://ubuntu:36467/
[rosmaster.master][INFO] 2020-09-01 09:15:17,701: +PUB [/camera/depth_registered_rectify_depth/parameter_updates] /camera/camera_nodelet_manager http://ubuntu:36467/
[rosmaster.master][INFO] 2020-09-01 09:15:17,704: +PARAM [/camera/depth_registered_rectify_depth/interpolation] by /camera/camera_nodelet_manager
[rosmaster.master][INFO] 2020-09-01 09:15:17,706: +PARAM [/camera/depth_registered_rectify_depth/interpolation] by /camera/camera_nodelet_manager
[rosmaster.master][INFO] 2020-09-01 09:15:17,709: +PUB [/camera/depth_registered/hw_registered/image_rect_raw] /camera/camera_nodelet_manager http://ubuntu:36467/
[rosmaster.master][INFO] 2020-09-01 09:15:17,715: +PUB [/camera/depth_registered/points] /camera/camera_nodelet_manager http://ubuntu:36467/
[rosmaster.master][INFO] 2020-09-01 09:15:17,721: +PUB [/camera/depth_registered/image] /camera/camera_nodelet_manager http://ubuntu:36467/
[rosmaster.master][INFO] 2020-09-01 09:15:17,726: +PUB [/camera/depth_registered/hw_registered/image_rect] /camera/camera_nodelet_manager http://ubuntu:36467/
[rosmaster.master][INFO] 2020-09-01 09:15:58,452: +PUB [/rosout] /rqt_gui_cpp_node_4991 http://192.168.1.12:33071/
[rosmaster.master][INFO] 2020-09-01 09:15:58,453: publisherUpdate[/rosout] -> http://ubuntu:39679/ ['http://ubuntu:40415/', 'http://ubuntu:35335/', 'http://ubuntu:36467/', 'http://ubuntu:39431/', 'http://ubuntu:33439/', 'http://ubuntu:33339/', 'http://ubuntu:37543/', 'http://ubuntu:35799/', 'http://ubuntu:36657/', 'http://ubuntu:41781/', 'http://ubuntu:33909/', 'http://ubuntu:35859/', 'http://ubuntu:36573/', 'http://ubuntu:42449/', 'http://ubuntu:40581/', 'http://ubuntu:34821/', 'http://192.168.1.12:33071/']
[rosmaster.master][INFO] 2020-09-01 09:15:58,456: publisherUpdate[/rosout] -> http://ubuntu:39679/ ['http://ubuntu:40415/', 'http://ubuntu:35335/', 'http://ubuntu:36467/', 'http://ubuntu:39431/', 'http://ubuntu:33439/', 'http://ubuntu:33339/', 'http://ubuntu:37543/', 'http://ubuntu:35799/', 'http://ubuntu:36657/', 'http://ubuntu:41781/', 'http://ubuntu:33909/', 'http://ubuntu:35859/', 'http://ubuntu:36573/', 'http://ubuntu:42449/', 'http://ubuntu:40581/', 'http://ubuntu:34821/', 'http://192.168.1.12:33071/']: sec=0.00, result=[1, '', 0]
[rosmaster.master][INFO] 2020-09-01 09:15:58,493: +SERVICE [/rqt_gui_cpp_node_4991/get_loggers] /rqt_gui_cpp_node_4991 http://192.168.1.12:33071/
[rosmaster.master][INFO] 2020-09-01 09:15:58,500: +SERVICE [/rqt_gui_cpp_node_4991/set_logger_level] /rqt_gui_cpp_node_4991 http://192.168.1.12:33071/
[rosmaster.master][INFO] 2020-09-01 09:15:58,729: +SUB [/camera/rgb/image_raw] /rqt_gui_cpp_node_4991 http://192.168.1.12:33071/
[rosmaster.master][INFO] 2020-09-01 09:16:08,201: -SUB [/camera/rgb/image_raw] /rqt_gui_cpp_node_4991 http://192.168.1.12:33071/
[rosmaster.master][INFO] 2020-09-01 09:16:08,254: +SUB [/camera/ir/image] /rqt_gui_cpp_node_4991 http://192.168.1.12:33071/
[rosmaster.master][INFO] 2020-09-01 09:16:08,826: -SUB [/camera/ir/image] /rqt_gui_cpp_node_4991 http://192.168.1.12:33071/
[rosmaster.master][INFO] 2020-09-01 09:16:08,889: +SUB [/camera/ir/image] /rqt_gui_cpp_node_4991 http://192.168.1.12:33071/
[rosmaster.master][INFO] 2020-09-01 09:16:09,620: -SUB [/camera/ir/image] /rqt_gui_cpp_node_4991 http://192.168.1.12:33071/
[rosmaster.master][INFO] 2020-09-01 09:16:09,669: +SUB [/camera/ir/image] /rqt_gui_cpp_node_4991 http://192.168.1.12:33071/
[rosmaster.master][INFO] 2020-09-01 09:16:09,836: -SUB [/camera/ir/image] /rqt_gui_cpp_node_4991 http://192.168.1.12:33071/
[rosmaster.master][INFO] 2020-09-01 09:16:09,881: +SUB [/camera/ir/image] /rqt_gui_cpp_node_4991 http://192.168.1.12:33071/
[rosmaster.master][INFO] 2020-09-01 09:16:11,117: -SUB [/camera/ir/image] /rqt_gui_cpp_node_4991 http://192.168.1.12:33071/
[rosmaster.master][INFO] 2020-09-01 09:16:15,171: +PUB [/rosout] /rviz_1598951775137850074 http://192.168.1.12:43013/
[rosmaster.master][INFO] 2020-09-01 09:16:15,178: +SERVICE [/rviz_1598951775137850074/get_loggers] /rviz_1598951775137850074 http://192.168.1.12:43013/
[rosmaster.master][INFO] 2020-09-01 09:16:15,184: +SERVICE [/rviz_1598951775137850074/set_logger_level] /rviz_1598951775137850074 http://192.168.1.12:43013/
[rosmaster.master][INFO] 2020-09-01 09:16:15,186: publisherUpdate[/rosout] -> http://ubuntu:39679/ ['http://ubuntu:40415/', 'http://ubuntu:35335/', 'http://ubuntu:36467/', 'http://ubuntu:39431/', 'http://ubuntu:33439/', 'http://ubuntu:33339/', 'http://ubuntu:37543/', 'http://ubuntu:35799/', 'http://ubuntu:36657/', 'http://ubuntu:41781/', 'http://ubuntu:33909/', 'http://ubuntu:35859/', 'http://ubuntu:36573/', 'http://ubuntu:42449/', 'http://ubuntu:40581/', 'http://ubuntu:34821/', 'http://192.168.1.12:33071/', 'http://192.168.1.12:43013/']
[rosmaster.master][INFO] 2020-09-01 09:16:15,190: publisherUpdate[/rosout] -> http://ubuntu:39679/ ['http://ubuntu:40415/', 'http://ubuntu:35335/', 'http://ubuntu:36467/', 'http://ubuntu:39431/', 'http://ubuntu:33439/', 'http://ubuntu:33339/', 'http://ubuntu:37543/', 'http://ubuntu:35799/', 'http://ubuntu:36657/', 'http://ubuntu:41781/', 'http://ubuntu:33909/', 'http://ubuntu:35859/', 'http://ubuntu:36573/', 'http://ubuntu:42449/', 'http://ubuntu:40581/', 'http://ubuntu:34821/', 'http://192.168.1.12:33071/', 'http://192.168.1.12:43013/']: sec=0.00, result=[1, '', 0]
[rosmaster.master][INFO] 2020-09-01 09:16:15,541: +SUB [/tf] /rviz_1598951775137850074 http://192.168.1.12:43013/
[rosmaster.master][INFO] 2020-09-01 09:16:15,587: +SUB [/tf_static] /rviz_1598951775137850074 http://192.168.1.12:43013/
[rosmaster.master][INFO] 2020-09-01 09:16:15,719: +PUB [/initialpose] /rviz_1598951775137850074 http://192.168.1.12:43013/
[rosmaster.master][INFO] 2020-09-01 09:16:15,732: +PUB [/goal] /rviz_1598951775137850074 http://192.168.1.12:43013/
[rosmaster.master][INFO] 2020-09-01 09:16:15,792: +SUB [/map] /rviz_1598951775137850074 http://192.168.1.12:43013/
[rosmaster.master][INFO] 2020-09-01 09:16:15,833: +SUB [/map_updates] /rviz_1598951775137850074 http://192.168.1.12:43013/
[rosmaster.master][INFO] 2020-09-01 09:16:15,868: +SUB [/scan] /rviz_1598951775137850074 http://192.168.1.12:43013/
[rosmaster.master][INFO] 2020-09-01 09:16:15,878: -PUB [/goal] /rviz_1598951775137850074 http://192.168.1.12:43013/
[rosmaster.master][INFO] 2020-09-01 09:16:15,883: -PUB [/initialpose] /rviz_1598951775137850074 http://192.168.1.12:43013/
[rosmaster.master][INFO] 2020-09-01 09:16:15,899: +PUB [/initialpose] /rviz_1598951775137850074 http://192.168.1.12:43013/
[rosmaster.master][INFO] 2020-09-01 09:16:15,911: +PUB [/goal] /rviz_1598951775137850074 http://192.168.1.12:43013/
[rosmaster.master][INFO] 2020-09-01 09:16:15,918: +PUB [/move_base_simple/goal] /rviz_1598951775137850074 http://192.168.1.12:43013/
[rosmaster.master][INFO] 2020-09-01 09:16:15,925: -PUB [/goal] /rviz_1598951775137850074 http://192.168.1.12:43013/
[rosmaster.master][INFO] 2020-09-01 09:16:15,929: +PUB [/clicked_point] /rviz_1598951775137850074 http://192.168.1.12:43013/
[rosmaster.master][INFO] 2020-09-01 09:16:16,093: +SERVICE [/rviz_1598951775137850074/reload_shaders] /rviz_1598951775137850074 http://192.168.1.12:43013/
[rosmaster.master][INFO] 2020-09-01 09:16:16,099: +SERVICE [/rviz_1598951775137850074/load_config] /rviz_1598951775137850074 http://192.168.1.12:43013/
[rosmaster.master][INFO] 2020-09-01 09:16:16,120: +SERVICE [/rviz_1598951775137850074/save_config] /rviz_1598951775137850074 http://192.168.1.12:43013/
[rosmaster.master][INFO] 2020-09-01 09:16:29,038: +SUB [/camera/rgb/image_raw] /rviz_1598951775137850074 http://192.168.1.12:43013/
[rosmaster.master][INFO] 2020-09-01 09:16:29,069: +SUB [/camera/rgb/camera_info] /rviz_1598951775137850074 http://192.168.1.12:43013/
[rosmaster.master][INFO] 2020-09-01 09:16:44,403: -PUB [/camera/depth_registered/image] /camera/camera_nodelet_manager http://ubuntu:36467/
[rosmaster.master][INFO] 2020-09-01 09:16:44,410: -PUB [/camera/depth_registered/hw_registered/image_rect] /camera/camera_nodelet_manager http://ubuntu:36467/
[rosmaster.master][INFO] 2020-09-01 09:16:44,415: -PUB [/camera/depth/image] /camera/camera_nodelet_manager http://ubuntu:36467/
[rosmaster.master][INFO] 2020-09-01 09:16:44,428: -PUB [/camera/depth_registered_rectify_depth/parameter_descriptions] /camera/camera_nodelet_manager http://ubuntu:36467/
[rosmaster.master][INFO] 2020-09-01 09:16:44,430: -PUB [/camera/depth_registered_rectify_depth/parameter_updates] /camera/camera_nodelet_manager http://ubuntu:36467/
[rosmaster.master][INFO] 2020-09-01 09:16:44,433: -SERVICE [/camera/depth_registered_rectify_depth/set_parameters] /camera/camera_nodelet_manager rosrpc://ubuntu:40515
[rosmaster.master][INFO] 2020-09-01 09:16:44,434: -PUB [/camera/depth_registered/hw_registered/image_rect_raw] /camera/camera_nodelet_manager http://ubuntu:36467/
[rosmaster.master][INFO] 2020-09-01 09:16:44,454: -PUB [/camera/depth/points] /camera/camera_nodelet_manager http://ubuntu:36467/
[rosmaster.master][INFO] 2020-09-01 09:16:44,456: -PUB [/camera/depth_registered/points] /camera/camera_nodelet_manager http://ubuntu:36467/
[rosmaster.master][INFO] 2020-09-01 09:16:44,534: -PUB [/rosout] /camera_base_link1 http://ubuntu:36573/
[rosmaster.master][INFO] 2020-09-01 09:16:44,535: -PUB [/rosout] /camera_base_link http://ubuntu:42449/
[rosmaster.master][INFO] 2020-09-01 09:16:44,537: -PUB [/tf_static] /camera_base_link1 http://ubuntu:36573/
[rosmaster.master][INFO] 2020-09-01 09:16:44,538: -PUB [/tf_static] /camera_base_link http://ubuntu:42449/
[rosmaster.master][INFO] 2020-09-01 09:16:44,541: -SERVICE [/camera_base_link1/get_loggers] /camera_base_link1 rosrpc://ubuntu:38709
[rosmaster.master][INFO] 2020-09-01 09:16:44,542: -PUB [/rosout] /camera_base_link2 http://ubuntu:40581/
[rosmaster.master][INFO] 2020-09-01 09:16:44,543: -PUB [/rosout] /camera_base_link3 http://ubuntu:34821/
[rosmaster.master][INFO] 2020-09-01 09:16:44,544: -SERVICE [/camera_base_link/get_loggers] /camera_base_link rosrpc://ubuntu:40265
[rosmaster.master][INFO] 2020-09-01 09:16:44,546: -SERVICE [/camera_base_link1/set_logger_level] /camera_base_link1 rosrpc://ubuntu:38709
[rosmaster.master][INFO] 2020-09-01 09:16:44,547: -PUB [/tf_static] /camera_base_link3 http://ubuntu:34821/
[rosmaster.master][INFO] 2020-09-01 09:16:44,550: publisherUpdate[/rosout] -> http://ubuntu:39679/ ['http://ubuntu:40415/', 'http://ubuntu:35335/', 'http://ubuntu:36467/', 'http://ubuntu:39431/', 'http://ubuntu:33439/', 'http://ubuntu:33339/', 'http://ubuntu:37543/', 'http://ubuntu:35799/', 'http://ubuntu:36657/', 'http://ubuntu:41781/', 'http://ubuntu:33909/', 'http://ubuntu:35859/', 'http://ubuntu:42449/', 'http://ubuntu:40581/', 'http://ubuntu:34821/', 'http://192.168.1.12:33071/', 'http://192.168.1.12:43013/']
[rosmaster.master][INFO] 2020-09-01 09:16:44,550: -PUB [/tf_static] /camera_base_link2 http://ubuntu:40581/
[rosmaster.master][INFO] 2020-09-01 09:16:44,551: publisherUpdate[/tf_static] -> http://192.168.1.12:43013/ ['http://ubuntu:42449/', 'http://ubuntu:40581/', 'http://ubuntu:34821/']
[rosmaster.master][INFO] 2020-09-01 09:16:44,553: -SERVICE [/camera_base_link/set_logger_level] /camera_base_link rosrpc://ubuntu:40265
[rosmaster.master][INFO] 2020-09-01 09:16:44,555: publisherUpdate[/rosout] -> http://ubuntu:39679/ ['http://ubuntu:40415/', 'http://ubuntu:35335/', 'http://ubuntu:36467/', 'http://ubuntu:39431/', 'http://ubuntu:33439/', 'http://ubuntu:33339/', 'http://ubuntu:37543/', 'http://ubuntu:35799/', 'http://ubuntu:36657/', 'http://ubuntu:41781/', 'http://ubuntu:33909/', 'http://ubuntu:35859/', 'http://ubuntu:42449/', 'http://ubuntu:40581/', 'http://ubuntu:34821/', 'http://192.168.1.12:33071/', 'http://192.168.1.12:43013/']: sec=0.00, result=[1, '', 0]
[rosmaster.master][INFO] 2020-09-01 09:16:44,556: -PUB [/rosout] /camera/depth_registered_hw_metric_rect http://ubuntu:35859/
[rosmaster.master][INFO] 2020-09-01 09:16:44,557: publisherUpdate[/rosout] -> http://ubuntu:39679/ ['http://ubuntu:40415/', 'http://ubuntu:35335/', 'http://ubuntu:36467/', 'http://ubuntu:39431/', 'http://ubuntu:33439/', 'http://ubuntu:33339/', 'http://ubuntu:37543/', 'http://ubuntu:35799/', 'http://ubuntu:36657/', 'http://ubuntu:41781/', 'http://ubuntu:33909/', 'http://ubuntu:35859/', 'http://ubuntu:40581/', 'http://ubuntu:34821/', 'http://192.168.1.12:33071/', 'http://192.168.1.12:43013/']
[rosmaster.master][INFO] 2020-09-01 09:16:44,557: -SERVICE [/camera_base_link3/get_loggers] /camera_base_link3 rosrpc://ubuntu:60177
[rosmaster.master][INFO] 2020-09-01 09:16:44,560: -SERVICE [/camera_base_link2/get_loggers] /camera_base_link2 rosrpc://ubuntu:59275
[rosmaster.master][INFO] 2020-09-01 09:16:44,561: -PUB [/rosout] /camera/depth_registered_metric http://ubuntu:33909/
[rosmaster.master][INFO] 2020-09-01 09:16:44,561: -SERVICE [/camera/depth_registered_hw_metric_rect/get_loggers] /camera/depth_registered_hw_metric_rect rosrpc://ubuntu:41659
[rosmaster.master][INFO] 2020-09-01 09:16:44,564: publisherUpdate[/rosout] -> http://ubuntu:39679/ ['http://ubuntu:40415/', 'http://ubuntu:35335/', 'http://ubuntu:36467/', 'http://ubuntu:39431/', 'http://ubuntu:33439/', 'http://ubuntu:33339/', 'http://ubuntu:37543/', 'http://ubuntu:35799/', 'http://ubuntu:36657/', 'http://ubuntu:41781/', 'http://ubuntu:33909/', 'http://ubuntu:35859/', 'http://ubuntu:40581/', 'http://ubuntu:34821/', 'http://192.168.1.12:33071/', 'http://192.168.1.12:43013/']: sec=0.01, result=[1, '', 0]
[rosmaster.master][INFO] 2020-09-01 09:16:44,567: publisherUpdate[/rosout] -> http://ubuntu:39679/ ['http://ubuntu:40415/', 'http://ubuntu:35335/', 'http://ubuntu:36467/', 'http://ubuntu:39431/', 'http://ubuntu:33439/', 'http://ubuntu:33339/', 'http://ubuntu:37543/', 'http://ubuntu:35799/', 'http://ubuntu:36657/', 'http://ubuntu:41781/', 'http://ubuntu:33909/', 'http://ubuntu:35859/', 'http://ubuntu:34821/', 'http://192.168.1.12:33071/', 'http://192.168.1.12:43013/']
[rosmaster.master][INFO] 2020-09-01 09:16:44,565: publisherUpdate[/tf_static] -> http://192.168.1.12:43013/ ['http://ubuntu:42449/', 'http://ubuntu:40581/', 'http://ubuntu:34821/']: sec=0.01, result=[1, '', 0]
[rosmaster.master][INFO] 2020-09-01 09:16:44,568: publisherUpdate[/tf_static] -> http://192.168.1.12:43013/ ['http://ubuntu:40581/', 'http://ubuntu:34821/']
[rosmaster.master][INFO] 2020-09-01 09:16:44,565: -SERVICE [/camera/depth_registered_metric/get_loggers] /camera/depth_registered_metric rosrpc://ubuntu:52515
[rosmaster.master][INFO] 2020-09-01 09:16:44,569: -SERVICE [/camera_base_link3/set_logger_level] /camera_base_link3 rosrpc://ubuntu:60177
[rosmaster.master][INFO] 2020-09-01 09:16:44,570: -SERVICE [/camera_base_link2/set_logger_level] /camera_base_link2 rosrpc://ubuntu:59275
[rosmaster.master][INFO] 2020-09-01 09:16:44,570: -SERVICE [/camera/depth_registered_hw_metric_rect/set_logger_level] /camera/depth_registered_hw_metric_rect rosrpc://ubuntu:41659
[rosmaster.master][INFO] 2020-09-01 09:16:44,572: publisherUpdate[/rosout] -> http://ubuntu:39679/ ['http://ubuntu:40415/', 'http://ubuntu:35335/', 'http://ubuntu:36467/', 'http://ubuntu:39431/', 'http://ubuntu:33439/', 'http://ubuntu:33339/', 'http://ubuntu:37543/', 'http://ubuntu:35799/', 'http://ubuntu:36657/', 'http://ubuntu:41781/', 'http://ubuntu:33909/', 'http://ubuntu:35859/', 'http://ubuntu:34821/', 'http://192.168.1.12:33071/', 'http://192.168.1.12:43013/']: sec=0.01, result=[1, '', 0]
[rosmaster.master][INFO] 2020-09-01 09:16:44,573: publisherUpdate[/rosout] -> http://ubuntu:39679/ ['http://ubuntu:40415/', 'http://ubuntu:35335/', 'http://ubuntu:36467/', 'http://ubuntu:39431/', 'http://ubuntu:33439/', 'http://ubuntu:33339/', 'http://ubuntu:37543/', 'http://ubuntu:35799/', 'http://ubuntu:36657/', 'http://ubuntu:41781/', 'http://ubuntu:33909/', 'http://ubuntu:35859/', 'http://192.168.1.12:33071/', 'http://192.168.1.12:43013/']
[rosmaster.master][INFO] 2020-09-01 09:16:44,574: -SERVICE [/camera/depth_registered_metric/set_logger_level] /camera/depth_registered_metric rosrpc://ubuntu:52515
[rosmaster.master][INFO] 2020-09-01 09:16:44,575: publisherUpdate[/rosout] -> http://ubuntu:39679/ ['http://ubuntu:40415/', 'http://ubuntu:35335/', 'http://ubuntu:36467/', 'http://ubuntu:39431/', 'http://ubuntu:33439/', 'http://ubuntu:33339/', 'http://ubuntu:37543/', 'http://ubuntu:35799/', 'http://ubuntu:36657/', 'http://ubuntu:41781/', 'http://ubuntu:33909/', 'http://ubuntu:35859/', 'http://192.168.1.12:33071/', 'http://192.168.1.12:43013/']: sec=0.00, result=[1, '', 0]
[rosmaster.master][INFO] 2020-09-01 09:16:44,576: publisherUpdate[/rosout] -> http://ubuntu:39679/ ['http://ubuntu:40415/', 'http://ubuntu:35335/', 'http://ubuntu:36467/', 'http://ubuntu:39431/', 'http://ubuntu:33439/', 'http://ubuntu:33339/', 'http://ubuntu:37543/', 'http://ubuntu:35799/', 'http://ubuntu:36657/', 'http://ubuntu:41781/', 'http://ubuntu:33909/', 'http://192.168.1.12:33071/', 'http://192.168.1.12:43013/']
[rosmaster.master][INFO] 2020-09-01 09:16:44,585: publisherUpdate[/rosout] -> http://ubuntu:39679/ ['http://ubuntu:40415/', 'http://ubuntu:35335/', 'http://ubuntu:36467/', 'http://ubuntu:39431/', 'http://ubuntu:33439/', 'http://ubuntu:33339/', 'http://ubuntu:37543/', 'http://ubuntu:35799/', 'http://ubuntu:36657/', 'http://ubuntu:41781/', 'http://ubuntu:33909/', 'http://192.168.1.12:33071/', 'http://192.168.1.12:43013/']: sec=0.01, result=[1, '', 0]
[rosmaster.master][INFO] 2020-09-01 09:16:44,585: publisherUpdate[/rosout] -> http://ubuntu:39679/ ['http://ubuntu:40415/', 'http://ubuntu:35335/', 'http://ubuntu:36467/', 'http://ubuntu:39431/', 'http://ubuntu:33439/', 'http://ubuntu:33339/', 'http://ubuntu:37543/', 'http://ubuntu:35799/', 'http://ubuntu:36657/', 'http://ubuntu:41781/', 'http://192.168.1.12:33071/', 'http://192.168.1.12:43013/']
[rosmaster.master][INFO] 2020-09-01 09:16:44,590: publisherUpdate[/rosout] -> http://ubuntu:39679/ ['http://ubuntu:40415/', 'http://ubuntu:35335/', 'http://ubuntu:36467/', 'http://ubuntu:39431/', 'http://ubuntu:33439/', 'http://ubuntu:33339/', 'http://ubuntu:37543/', 'http://ubuntu:35799/', 'http://ubuntu:36657/', 'http://ubuntu:41781/', 'http://192.168.1.12:33071/', 'http://192.168.1.12:43013/']: sec=0.00, result=[1, '', 0]
[rosmaster.master][INFO] 2020-09-01 09:16:44,599: publisherUpdate[/tf_static] -> http://192.168.1.12:43013/ ['http://ubuntu:40581/', 'http://ubuntu:34821/']: sec=0.03, result=[1, '', 0]
[rosmaster.master][INFO] 2020-09-01 09:16:44,600: -PUB [/rosout] /camera/depth_metric http://ubuntu:33339/
[rosmaster.master][INFO] 2020-09-01 09:16:44,600: publisherUpdate[/tf_static] -> http://192.168.1.12:43013/ ['http://ubuntu:40581/']
[rosmaster.master][INFO] 2020-09-01 09:16:44,602: -SERVICE [/camera/depth_metric/get_loggers] /camera/depth_metric rosrpc://ubuntu:35947
[rosmaster.master][INFO] 2020-09-01 09:16:44,603: -SERVICE [/camera/depth_metric/set_logger_level] /camera/depth_metric rosrpc://ubuntu:35947
[rosmaster.master][INFO] 2020-09-01 09:16:44,613: publisherUpdate[/tf_static] -> http://192.168.1.12:43013/ ['http://ubuntu:40581/']: sec=0.01, result=[1, '', 0]
[rosmaster.master][INFO] 2020-09-01 09:16:44,614: publisherUpdate[/tf_static] -> http://192.168.1.12:43013/ []
[rosmaster.master][INFO] 2020-09-01 09:16:44,630: -PUB [/rosout] /camera/depth_points http://ubuntu:35799/
[rosmaster.master][INFO] 2020-09-01 09:16:44,631: -PUB [/rosout] /camera/depth_registered_rectify_depth http://ubuntu:36657/
[rosmaster.master][INFO] 2020-09-01 09:16:44,633: -SERVICE [/camera/depth_points/get_loggers] /camera/depth_points rosrpc://ubuntu:45115
[rosmaster.master][INFO] 2020-09-01 09:16:44,634: -SERVICE [/camera/depth_registered_rectify_depth/get_loggers] /camera/depth_registered_rectify_depth rosrpc://ubuntu:54467
[rosmaster.master][INFO] 2020-09-01 09:16:44,636: -SERVICE [/camera/depth_points/set_logger_level] /camera/depth_points rosrpc://ubuntu:45115
[rosmaster.master][INFO] 2020-09-01 09:16:44,637: -PUB [/rosout] /camera/points_xyzrgb_hw_registered http://ubuntu:41781/
[rosmaster.master][INFO] 2020-09-01 09:16:44,638: -SERVICE [/camera/depth_registered_rectify_depth/set_logger_level] /camera/depth_registered_rectify_depth rosrpc://ubuntu:54467
[rosmaster.master][INFO] 2020-09-01 09:16:44,639: -SERVICE [/camera/points_xyzrgb_hw_registered/get_loggers] /camera/points_xyzrgb_hw_registered rosrpc://ubuntu:45033
[rosmaster.master][INFO] 2020-09-01 09:16:44,641: -SERVICE [/camera/points_xyzrgb_hw_registered/set_logger_level] /camera/points_xyzrgb_hw_registered rosrpc://ubuntu:45033
[rosmaster.master][INFO] 2020-09-01 09:16:44,663: publisherUpdate[/tf_static] -> http://192.168.1.12:43013/ []: sec=0.05, result=[1, '', 0]
[rosmaster.master][INFO] 2020-09-01 09:16:44,664: publisherUpdate[/rosout] -> http://ubuntu:39679/ ['http://ubuntu:40415/', 'http://ubuntu:35335/', 'http://ubuntu:36467/', 'http://ubuntu:39431/', 'http://ubuntu:33439/', 'http://ubuntu:37543/', 'http://ubuntu:35799/', 'http://ubuntu:36657/', 'http://ubuntu:41781/', 'http://192.168.1.12:33071/', 'http://192.168.1.12:43013/']
[rosmaster.master][INFO] 2020-09-01 09:16:44,666: publisherUpdate[/rosout] -> http://ubuntu:39679/ ['http://ubuntu:40415/', 'http://ubuntu:35335/', 'http://ubuntu:36467/', 'http://ubuntu:39431/', 'http://ubuntu:33439/', 'http://ubuntu:37543/', 'http://ubuntu:35799/', 'http://ubuntu:36657/', 'http://ubuntu:41781/', 'http://192.168.1.12:33071/', 'http://192.168.1.12:43013/']: sec=0.00, result=[1, '', 0]
[rosmaster.master][INFO] 2020-09-01 09:16:44,667: publisherUpdate[/rosout] -> http://ubuntu:39679/ ['http://ubuntu:40415/', 'http://ubuntu:35335/', 'http://ubuntu:36467/', 'http://ubuntu:39431/', 'http://ubuntu:33439/', 'http://ubuntu:37543/', 'http://ubuntu:36657/', 'http://ubuntu:41781/', 'http://192.168.1.12:33071/', 'http://192.168.1.12:43013/']
[rosmaster.master][INFO] 2020-09-01 09:16:44,670: publisherUpdate[/rosout] -> http://ubuntu:39679/ ['http://ubuntu:40415/', 'http://ubuntu:35335/', 'http://ubuntu:36467/', 'http://ubuntu:39431/', 'http://ubuntu:33439/', 'http://ubuntu:37543/', 'http://ubuntu:36657/', 'http://ubuntu:41781/', 'http://192.168.1.12:33071/', 'http://192.168.1.12:43013/']: sec=0.00, result=[1, '', 0]
[rosmaster.master][INFO] 2020-09-01 09:16:44,670: publisherUpdate[/rosout] -> http://ubuntu:39679/ ['http://ubuntu:40415/', 'http://ubuntu:35335/', 'http://ubuntu:36467/', 'http://ubuntu:39431/', 'http://ubuntu:33439/', 'http://ubuntu:37543/', 'http://ubuntu:41781/', 'http://192.168.1.12:33071/', 'http://192.168.1.12:43013/']
[rosmaster.master][INFO] 2020-09-01 09:16:44,672: publisherUpdate[/rosout] -> http://ubuntu:39679/ ['http://ubuntu:40415/', 'http://ubuntu:35335/', 'http://ubuntu:36467/', 'http://ubuntu:39431/', 'http://ubuntu:33439/', 'http://ubuntu:37543/', 'http://ubuntu:41781/', 'http://192.168.1.12:33071/', 'http://192.168.1.12:43013/']: sec=0.00, result=[1, '', 0]
[rosmaster.master][INFO] 2020-09-01 09:16:44,672: publisherUpdate[/rosout] -> http://ubuntu:39679/ ['http://ubuntu:40415/', 'http://ubuntu:35335/', 'http://ubuntu:36467/', 'http://ubuntu:39431/', 'http://ubuntu:33439/', 'http://ubuntu:37543/', 'http://192.168.1.12:33071/', 'http://192.168.1.12:43013/']
[rosmaster.master][INFO] 2020-09-01 09:16:44,675: publisherUpdate[/rosout] -> http://ubuntu:39679/ ['http://ubuntu:40415/', 'http://ubuntu:35335/', 'http://ubuntu:36467/', 'http://ubuntu:39431/', 'http://ubuntu:33439/', 'http://ubuntu:37543/', 'http://192.168.1.12:33071/', 'http://192.168.1.12:43013/']: sec=0.00, result=[1, '', 0]
[rosmaster.master][INFO] 2020-09-01 09:16:44,699: -PUB [/camera/depth/image_rect] /camera/camera_nodelet_manager http://ubuntu:36467/
[rosmaster.master][INFO] 2020-09-01 09:16:44,712: -PUB [/camera/depth_rectify_depth/parameter_descriptions] /camera/camera_nodelet_manager http://ubuntu:36467/
[rosmaster.master][INFO] 2020-09-01 09:16:44,713: -PUB [/camera/depth_rectify_depth/parameter_updates] /camera/camera_nodelet_manager http://ubuntu:36467/
[rosmaster.master][INFO] 2020-09-01 09:16:44,714: -SERVICE [/camera/depth_rectify_depth/set_parameters] /camera/camera_nodelet_manager rosrpc://ubuntu:40515
[rosmaster.master][INFO] 2020-09-01 09:16:44,716: -PUB [/camera/depth/image_rect_raw] /camera/camera_nodelet_manager http://ubuntu:36467/
[rosmaster.master][INFO] 2020-09-01 09:16:44,750: -PUB [/rosout] /camera/camera_rgb http://ubuntu:40415/
[rosmaster.master][INFO] 2020-09-01 09:16:44,752: -PUB [/camera/camera_rgb/parameter_descriptions] /camera/camera_rgb http://ubuntu:40415/
[rosmaster.master][INFO] 2020-09-01 09:16:44,753: -PUB [/camera/camera_rgb/parameter_updates] /camera/camera_rgb http://ubuntu:40415/
[rosmaster.master][INFO] 2020-09-01 09:16:44,755: -PUB [/camera/rgb/image_raw] /camera/camera_rgb http://ubuntu:40415/
[rosmaster.master][INFO] 2020-09-01 09:16:44,756: -PUB [/camera/rgb/camera_info] /camera/camera_rgb http://ubuntu:40415/
[rosmaster.master][INFO] 2020-09-01 09:16:44,757: -SERVICE [/camera/camera_rgb/get_loggers] /camera/camera_rgb rosrpc://ubuntu:45229
[rosmaster.master][INFO] 2020-09-01 09:16:44,759: -SERVICE [/camera/camera_rgb/set_logger_level] /camera/camera_rgb rosrpc://ubuntu:45229
[rosmaster.master][INFO] 2020-09-01 09:16:44,761: -SERVICE [/camera/camera_rgb/set_parameters] /camera/camera_rgb rosrpc://ubuntu:45229
[rosmaster.master][INFO] 2020-09-01 09:16:44,763: -SERVICE [/camera/set_camera_info] /camera/camera_rgb rosrpc://ubuntu:45229
[rosmaster.master][INFO] 2020-09-01 09:16:44,765: -SERVICE [/camera/get_uvc_exposure] /camera/camera_rgb rosrpc://ubuntu:45229
[rosmaster.master][INFO] 2020-09-01 09:16:44,765: publisherUpdate[/rosout] -> http://ubuntu:39679/ ['http://ubuntu:35335/', 'http://ubuntu:36467/', 'http://ubuntu:39431/', 'http://ubuntu:33439/', 'http://ubuntu:37543/', 'http://192.168.1.12:33071/', 'http://192.168.1.12:43013/']
[rosmaster.master][INFO] 2020-09-01 09:16:44,768: publisherUpdate[/rosout] -> http://ubuntu:39679/ ['http://ubuntu:35335/', 'http://ubuntu:36467/', 'http://ubuntu:39431/', 'http://ubuntu:33439/', 'http://ubuntu:37543/', 'http://192.168.1.12:33071/', 'http://192.168.1.12:43013/']: sec=0.00, result=[1, '', 0]
[rosmaster.master][INFO] 2020-09-01 09:16:44,768: publisherUpdate[/camera/rgb/image_raw] -> http://192.168.1.12:43013/ []
[rosmaster.master][INFO] 2020-09-01 09:16:44,770: -SERVICE [/camera/set_uvc_exposure] /camera/camera_rgb rosrpc://ubuntu:45229
[rosmaster.master][INFO] 2020-09-01 09:16:44,772: -SERVICE [/camera/get_uvc_gain] /camera/camera_rgb rosrpc://ubuntu:45229
[rosmaster.master][INFO] 2020-09-01 09:16:44,775: -SERVICE [/camera/set_uvc_gain] /camera/camera_rgb rosrpc://ubuntu:45229
[rosmaster.master][INFO] 2020-09-01 09:16:44,777: -SERVICE [/camera/get_uvc_white_balance] /camera/camera_rgb rosrpc://ubuntu:45229
[rosmaster.master][INFO] 2020-09-01 09:16:44,779: -SERVICE [/camera/set_uvc_white_balance] /camera/camera_rgb rosrpc://ubuntu:45229
[rosmaster.master][INFO] 2020-09-01 09:16:44,804: -PUB [/rosout] /camera/camera_nodelet_manager http://ubuntu:36467/
[rosmaster.master][INFO] 2020-09-01 09:16:44,806: -PUB [/camera/driver/parameter_descriptions] /camera/camera_nodelet_manager http://ubuntu:36467/
[rosmaster.master][INFO] 2020-09-01 09:16:44,808: -PUB [/camera/driver/parameter_updates] /camera/camera_nodelet_manager http://ubuntu:36467/
[rosmaster.master][INFO] 2020-09-01 09:16:44,809: -PUB [/camera/ir/image] /camera/camera_nodelet_manager http://ubuntu:36467/
[rosmaster.master][INFO] 2020-09-01 09:16:44,811: -PUB [/camera/ir/camera_info] /camera/camera_nodelet_manager http://ubuntu:36467/
[rosmaster.master][INFO] 2020-09-01 09:16:44,812: -PUB [/camera/depth/image_raw] /camera/camera_nodelet_manager http://ubuntu:36467/
[rosmaster.master][INFO] 2020-09-01 09:16:44,814: -PUB [/camera/depth/camera_info] /camera/camera_nodelet_manager http://ubuntu:36467/
[rosmaster.master][INFO] 2020-09-01 09:16:44,816: -PUB [/camera/depth_registered/image_raw] /camera/camera_nodelet_manager http://ubuntu:36467/
[rosmaster.master][INFO] 2020-09-01 09:16:44,818: -PUB [/camera/depth_registered/camera_info] /camera/camera_nodelet_manager http://ubuntu:36467/
[rosmaster.master][INFO] 2020-09-01 09:16:44,822: -PUB [/camera/projector/camera_info] /camera/camera_nodelet_manager http://ubuntu:36467/
[rosmaster.master][INFO] 2020-09-01 09:16:44,826: -PUB [/camera/camera_nodelet_manager/bond] /camera/camera_nodelet_manager http://ubuntu:36467/
[rosmaster.master][INFO] 2020-09-01 09:16:44,829: -PUB [/camera/rgb_rectify_color/parameter_descriptions] /camera/camera_nodelet_manager http://ubuntu:36467/
[rosmaster.master][INFO] 2020-09-01 09:16:44,830: -PUB [/rosout] /camera/depth_rectify_depth http://ubuntu:37543/
[rosmaster.master][INFO] 2020-09-01 09:16:44,833: -PUB [/camera/rgb_rectify_color/parameter_updates] /camera/camera_nodelet_manager http://ubuntu:36467/
[rosmaster.master][INFO] 2020-09-01 09:16:44,834: publisherUpdate[/camera/rgb/image_raw] -> http://192.168.1.12:43013/ []: sec=0.07, result=[1, '', 0]
[rosmaster.master][INFO] 2020-09-01 09:16:44,836: -SERVICE [/camera/depth_rectify_depth/get_loggers] /camera/depth_rectify_depth rosrpc://ubuntu:51311
[rosmaster.master][INFO] 2020-09-01 09:16:44,837: publisherUpdate[/camera/rgb/camera_info] -> http://192.168.1.12:43013/ []
[rosmaster.master][INFO] 2020-09-01 09:16:44,839: -PUB [/camera/rgb/image_rect_color] /camera/camera_nodelet_manager http://ubuntu:36467/
[rosmaster.master][INFO] 2020-09-01 09:16:44,839: -SERVICE [/camera/depth_rectify_depth/set_logger_level] /camera/depth_rectify_depth rosrpc://ubuntu:51311
[rosmaster.master][INFO] 2020-09-01 09:16:44,842: -SUB [/camera/camera_nodelet_manager/bond] /camera/camera_nodelet_manager http://ubuntu:36467/
[rosmaster.master][INFO] 2020-09-01 09:16:44,843: -SERVICE [/camera/camera_nodelet_manager/get_loggers] /camera/camera_nodelet_manager rosrpc://ubuntu:40515
[rosmaster.master][INFO] 2020-09-01 09:16:44,845: -SERVICE [/camera/camera_nodelet_manager/set_logger_level] /camera/camera_nodelet_manager rosrpc://ubuntu:40515
[rosmaster.master][INFO] 2020-09-01 09:16:44,847: -SERVICE [/camera/camera_nodelet_manager/load_nodelet] /camera/camera_nodelet_manager rosrpc://ubuntu:40515
[rosmaster.master][INFO] 2020-09-01 09:16:44,850: -SERVICE [/camera/camera_nodelet_manager/unload_nodelet] /camera/camera_nodelet_manager rosrpc://ubuntu:40515
[rosmaster.master][INFO] 2020-09-01 09:16:44,854: -SERVICE [/camera/camera_nodelet_manager/list] /camera/camera_nodelet_manager rosrpc://ubuntu:40515
[rosmaster.master][INFO] 2020-09-01 09:16:44,858: -SERVICE [/camera/driver/set_parameters] /camera/camera_nodelet_manager rosrpc://ubuntu:40515
[rosmaster.master][INFO] 2020-09-01 09:16:44,857: publisherUpdate[/camera/rgb/camera_info] -> http://192.168.1.12:43013/ []: sec=0.02, result=[1, '', 0]
[rosmaster.master][INFO] 2020-09-01 09:16:44,859: publisherUpdate[/rosout] -> http://ubuntu:39679/ ['http://ubuntu:35335/', 'http://ubuntu:39431/', 'http://ubuntu:33439/', 'http://ubuntu:37543/', 'http://192.168.1.12:33071/', 'http://192.168.1.12:43013/']
[rosmaster.master][INFO] 2020-09-01 09:16:44,861: publisherUpdate[/rosout] -> http://ubuntu:39679/ ['http://ubuntu:35335/', 'http://ubuntu:39431/', 'http://ubuntu:33439/', 'http://ubuntu:37543/', 'http://192.168.1.12:33071/', 'http://192.168.1.12:43013/']: sec=0.00, result=[1, '', 0]
[rosmaster.master][INFO] 2020-09-01 09:16:44,861: publisherUpdate[/camera/camera_nodelet_manager/bond] -> http://ubuntu:36467/ ['http://ubuntu:35335/']
[rosmaster.master][INFO] 2020-09-01 09:16:44,863: publisherUpdate[/camera/camera_nodelet_manager/bond] -> http://ubuntu:36467/ ['http://ubuntu:35335/']: sec=0.00, exception=<Fault -1: 'publisherUpdate: unknown method name'>
[rosmaster.master][INFO] 2020-09-01 09:16:44,865: -SERVICE [/camera/rgb/set_camera_info] /camera/camera_nodelet_manager rosrpc://ubuntu:40515
[rosmaster.threadpool][ERROR] 2020-09-01 09:16:44,867: Traceback (most recent call last):
  File "/opt/ros/melodic/lib/python2.7/dist-packages/rosmaster/threadpool.py", line 218, in run
    result = cmd(*args)
  File "/opt/ros/melodic/lib/python2.7/dist-packages/rosmaster/master_api.py", line 210, in publisher_update_task
    ret = xmlrpcapi(api).publisherUpdate('/master', topic, pub_uris)
  File "/usr/lib/python2.7/xmlrpclib.py", line 1243, in __call__
    return self.__send(self.__name, args)
  File "/usr/lib/python2.7/xmlrpclib.py", line 1602, in __request
    verbose=self.__verbose
  File "/usr/lib/python2.7/xmlrpclib.py", line 1283, in request
    return self.single_request(host, handler, request_body, verbose)
  File "/usr/lib/python2.7/xmlrpclib.py", line 1316, in single_request
    return self.parse_response(response)
  File "/usr/lib/python2.7/xmlrpclib.py", line 1493, in parse_response
    return u.close()
  File "/usr/lib/python2.7/xmlrpclib.py", line 800, in close
    raise Fault(**self._stack[0])
Fault: <Fault -1: 'publisherUpdate: unknown method name'>

[rosmaster.master][INFO] 2020-09-01 09:16:44,868: publisherUpdate[/camera/camera_nodelet_manager/bond] -> http://ubuntu:35335/ ['http://ubuntu:35335/']
[rosmaster.master][INFO] 2020-09-01 09:16:44,870: -SERVICE [/camera/ir/set_camera_info] /camera/camera_nodelet_manager rosrpc://ubuntu:40515
[rosmaster.master][INFO] 2020-09-01 09:16:44,871: -SERVICE [/camera/get_serial] /camera/camera_nodelet_manager rosrpc://ubuntu:40515
[rosmaster.master][INFO] 2020-09-01 09:16:44,873: -SERVICE [/camera/get_device_type] /camera/camera_nodelet_manager rosrpc://ubuntu:40515
[rosmaster.master][INFO] 2020-09-01 09:16:44,876: -SERVICE [/camera/get_ir_gain] /camera/camera_nodelet_manager rosrpc://ubuntu:40515
[rosmaster.master][INFO] 2020-09-01 09:16:44,877: publisherUpdate[/camera/camera_nodelet_manager/bond] -> http://ubuntu:35335/ ['http://ubuntu:35335/']: sec=0.01, result=[1, '', 0]
[rosmaster.master][INFO] 2020-09-01 09:16:44,877: publisherUpdate[/rosout] -> http://ubuntu:39679/ ['http://ubuntu:35335/', 'http://ubuntu:39431/', 'http://ubuntu:33439/', 'http://192.168.1.12:33071/', 'http://192.168.1.12:43013/']
[rosmaster.master][INFO] 2020-09-01 09:16:44,880: -SERVICE [/camera/set_ir_gain] /camera/camera_nodelet_manager rosrpc://ubuntu:40515
[rosmaster.master][INFO] 2020-09-01 09:16:44,881: publisherUpdate[/rosout] -> http://ubuntu:39679/ ['http://ubuntu:35335/', 'http://ubuntu:39431/', 'http://ubuntu:33439/', 'http://192.168.1.12:33071/', 'http://192.168.1.12:43013/']: sec=0.00, result=[1, '', 0]
[rosmaster.master][INFO] 2020-09-01 09:16:44,883: -SERVICE [/camera/get_ir_exposure] /camera/camera_nodelet_manager rosrpc://ubuntu:40515
[rosmaster.master][INFO] 2020-09-01 09:16:44,887: -SERVICE [/camera/set_ir_exposure] /camera/camera_nodelet_manager rosrpc://ubuntu:40515
[rosmaster.master][INFO] 2020-09-01 09:16:44,890: -SERVICE [/camera/set_ir_flood] /camera/camera_nodelet_manager rosrpc://ubuntu:40515
[rosmaster.master][INFO] 2020-09-01 09:16:44,893: -SERVICE [/camera/set_laser] /camera/camera_nodelet_manager rosrpc://ubuntu:40515
[rosmaster.master][INFO] 2020-09-01 09:16:44,895: -SERVICE [/camera/set_ldp] /camera/camera_nodelet_manager rosrpc://ubuntu:40515
[rosmaster.master][INFO] 2020-09-01 09:16:44,900: -SERVICE [/camera/reset_ir_gain] /camera/camera_nodelet_manager rosrpc://ubuntu:40515
[rosmaster.master][INFO] 2020-09-01 09:16:44,904: -SERVICE [/camera/reset_ir_exposure] /camera/camera_nodelet_manager rosrpc://ubuntu:40515
[rosmaster.master][INFO] 2020-09-01 09:16:44,906: -PUB [/rosout] /camera/depth_metric_rect http://ubuntu:33439/
[rosmaster.master][INFO] 2020-09-01 09:16:44,915: -SERVICE [/camera/get_camera_info] /camera/camera_nodelet_manager rosrpc://ubuntu:40515
[rosmaster.master][INFO] 2020-09-01 09:16:44,917: -SERVICE [/camera/depth_metric_rect/get_loggers] /camera/depth_metric_rect rosrpc://ubuntu:48819
[rosmaster.master][INFO] 2020-09-01 09:16:44,920: -SERVICE [/camera/rgb_rectify_color/set_parameters] /camera/camera_nodelet_manager rosrpc://ubuntu:40515
[rosmaster.master][INFO] 2020-09-01 09:16:44,921: -SERVICE [/camera/depth_metric_rect/set_logger_level] /camera/depth_metric_rect rosrpc://ubuntu:48819
[rosmaster.master][INFO] 2020-09-01 09:16:44,978: publisherUpdate[/rosout] -> http://ubuntu:39679/ ['http://ubuntu:35335/', 'http://ubuntu:39431/', 'http://192.168.1.12:33071/', 'http://192.168.1.12:43013/']
[rosmaster.master][INFO] 2020-09-01 09:16:44,980: publisherUpdate[/rosout] -> http://ubuntu:39679/ ['http://ubuntu:35335/', 'http://ubuntu:39431/', 'http://192.168.1.12:33071/', 'http://192.168.1.12:43013/']: sec=0.00, result=[1, '', 0]
[rosmaster.master][INFO] 2020-09-01 09:16:45,001: -PUB [/rosout] /camera/rgb_rectify_color http://ubuntu:39431/
[rosmaster.master][INFO] 2020-09-01 09:16:45,003: -SERVICE [/camera/rgb_rectify_color/get_loggers] /camera/rgb_rectify_color rosrpc://ubuntu:41569
[rosmaster.master][INFO] 2020-09-01 09:16:45,004: -SERVICE [/camera/rgb_rectify_color/set_logger_level] /camera/rgb_rectify_color rosrpc://ubuntu:41569
[rosmaster.master][INFO] 2020-09-01 09:16:45,076: -PUB [/rosout] /camera/driver http://ubuntu:35335/
[rosmaster.master][INFO] 2020-09-01 09:16:45,078: -PUB [/camera/camera_nodelet_manager/bond] /camera/driver http://ubuntu:35335/
[rosmaster.master][INFO] 2020-09-01 09:16:45,081: publisherUpdate[/rosout] -> http://ubuntu:39679/ ['http://ubuntu:35335/', 'http://192.168.1.12:33071/', 'http://192.168.1.12:43013/']
[rosmaster.master][INFO] 2020-09-01 09:16:45,080: -SUB [/camera/camera_nodelet_manager/bond] /camera/driver http://ubuntu:35335/
[rosmaster.master][INFO] 2020-09-01 09:16:45,082: publisherUpdate[/camera/camera_nodelet_manager/bond] -> http://ubuntu:35335/ []
[rosmaster.master][INFO] 2020-09-01 09:16:45,083: publisherUpdate[/rosout] -> http://ubuntu:39679/ ['http://ubuntu:35335/', 'http://192.168.1.12:33071/', 'http://192.168.1.12:43013/']: sec=0.00, result=[1, '', 0]
[rosmaster.master][INFO] 2020-09-01 09:16:45,085: -SERVICE [/camera/driver/get_loggers] /camera/driver rosrpc://ubuntu:48065
[rosmaster.master][INFO] 2020-09-01 09:16:45,085: publisherUpdate[/rosout] -> http://ubuntu:39679/ ['http://192.168.1.12:33071/', 'http://192.168.1.12:43013/']
[rosmaster.master][INFO] 2020-09-01 09:16:45,087: publisherUpdate[/camera/camera_nodelet_manager/bond] -> http://ubuntu:35335/ []: sec=0.00, exception=<Fault -1: 'publisherUpdate: unknown method name'>
[rosmaster.master][INFO] 2020-09-01 09:16:45,088: -SERVICE [/camera/driver/set_logger_level] /camera/driver rosrpc://ubuntu:48065
[rosmaster.master][INFO] 2020-09-01 09:16:45,090: publisherUpdate[/rosout] -> http://ubuntu:39679/ ['http://192.168.1.12:33071/', 'http://192.168.1.12:43013/']: sec=0.00, result=[1, '', 0]
[rosmaster.threadpool][ERROR] 2020-09-01 09:16:45,091: Traceback (most recent call last):
  File "/opt/ros/melodic/lib/python2.7/dist-packages/rosmaster/threadpool.py", line 218, in run
    result = cmd(*args)
  File "/opt/ros/melodic/lib/python2.7/dist-packages/rosmaster/master_api.py", line 210, in publisher_update_task
    ret = xmlrpcapi(api).publisherUpdate('/master', topic, pub_uris)
  File "/usr/lib/python2.7/xmlrpclib.py", line 1243, in __call__
    return self.__send(self.__name, args)
  File "/usr/lib/python2.7/xmlrpclib.py", line 1602, in __request
    verbose=self.__verbose
  File "/usr/lib/python2.7/xmlrpclib.py", line 1283, in request
    return self.single_request(host, handler, request_body, verbose)
  File "/usr/lib/python2.7/xmlrpclib.py", line 1316, in single_request
    return self.parse_response(response)
  File "/usr/lib/python2.7/xmlrpclib.py", line 1493, in parse_response
    return u.close()
  File "/usr/lib/python2.7/xmlrpclib.py", line 800, in close
    raise Fault(**self._stack[0])
Fault: <Fault -1: 'publisherUpdate: unknown method name'>

[rosmaster.master][INFO] 2020-09-01 09:16:45,391: -PUB [/rosout_agg] /rosout http://ubuntu:39679/
[rosmaster.master][INFO] 2020-09-01 09:16:45,392: -SUB [/rosout] /rosout http://ubuntu:39679/
[rosmaster.master][INFO] 2020-09-01 09:16:45,394: -SERVICE [/rosout/get_loggers] /rosout rosrpc://ubuntu:59867
[rosmaster.master][INFO] 2020-09-01 09:16:45,395: -SERVICE [/rosout/set_logger_level] /rosout rosrpc://ubuntu:59867
[rosmaster.main][INFO] 2020-09-01 09:16:45,411: keyboard interrupt, will exit
[rosmaster.main][INFO] 2020-09-01 09:16:45,411: stopping master...
[rospy.core][INFO] 2020-09-01 09:16:45,412: signal_shutdown [atexit]
