[rosmaster.main][INFO] 2020-09-01 08:39:42,081: initialization complete, waiting for shutdown
[rosmaster.main][INFO] 2020-09-01 08:39:42,087: Starting ROS Master Node
[xmlrpc][INFO] 2020-09-01 08:39:42,089: XML-RPC server binding to 0.0.0.0:11311
[rosmaster.master][INFO] 2020-09-01 08:39:42,090: Master initialized: port[11311], uri[http://ubuntu:11311/]
[xmlrpc][INFO] 2020-09-01 08:39:42,090: Started XML-RPC server [http://ubuntu:11311/]
[xmlrpc][INFO] 2020-09-01 08:39:42,091: xml rpc node: starting XML-RPC server
[rosmaster.master][INFO] 2020-09-01 08:39:42,155: +PARAM [/run_id] by /roslaunch
[rosmaster.master][INFO] 2020-09-01 08:39:42,159: +PARAM [/roslaunch/uris/host_ubuntu__39011] by /roslaunch
[rosmaster.master][INFO] 2020-09-01 08:39:42,264: +PARAM [/camera/driver/auto_exposure] by /roslaunch
[rosmaster.master][INFO] 2020-09-01 08:39:42,265: +PARAM [/camera/camera_rgb/serial] by /roslaunch
[rosmaster.master][INFO] 2020-09-01 08:39:42,265: +PARAM [/camera/depth_rectify_depth/interpolation] by /roslaunch
[rosmaster.master][INFO] 2020-09-01 08:39:42,265: +PARAM [/camera/driver/depth_registration] by /roslaunch
[rosmaster.master][INFO] 2020-09-01 08:39:42,266: +PARAM [/camera/driver/devnums] by /roslaunch
[rosmaster.master][INFO] 2020-09-01 08:39:42,266: +PARAM [/camera/driver/rgb_frame_id] by /roslaunch
[rosmaster.master][INFO] 2020-09-01 08:39:42,266: +PARAM [/camera/camera_rgb/product] by /roslaunch
[rosmaster.master][INFO] 2020-09-01 08:39:42,267: +PARAM [/camera/camera_nodelet_manager/num_worker_threads] by /roslaunch
[rosmaster.master][INFO] 2020-09-01 08:39:42,267: +PARAM [/camera/camera_rgb/height] by /roslaunch
[rosmaster.master][INFO] 2020-09-01 08:39:42,267: +PARAM [/camera/driver/auto_white_balance] by /roslaunch
[rosmaster.master][INFO] 2020-09-01 08:39:42,267: +PARAM [/rosdistro] by /roslaunch
[rosmaster.master][INFO] 2020-09-01 08:39:42,268: +PARAM [/camera/driver/rgb_camera_info_url] by /roslaunch
[rosmaster.master][INFO] 2020-09-01 08:39:42,268: +PARAM [/camera/camera_rgb/vendor] by /roslaunch
[rosmaster.master][INFO] 2020-09-01 08:39:42,268: +PARAM [/camera/driver/device_id] by /roslaunch
[rosmaster.master][INFO] 2020-09-01 08:39:42,268: +PARAM [/camera/camera_rgb/width] by /roslaunch
[rosmaster.master][INFO] 2020-09-01 08:39:42,269: +PARAM [/camera/driver/depth_camera_info_url] by /roslaunch
[rosmaster.master][INFO] 2020-09-01 08:39:42,269: +PARAM [/camera/depth_registered_rectify_depth/interpolation] by /roslaunch
[rosmaster.master][INFO] 2020-09-01 08:39:42,269: +PARAM [/camera/camera_rgb/index] by /roslaunch
[rosmaster.master][INFO] 2020-09-01 08:39:42,269: +PARAM [/camera/driver/bootorder] by /roslaunch
[rosmaster.master][INFO] 2020-09-01 08:39:42,270: +PARAM [/rosversion] by /roslaunch
[rosmaster.master][INFO] 2020-09-01 08:39:42,270: +PARAM [/camera/camera_rgb/timestamp_method] by /roslaunch
[rosmaster.master][INFO] 2020-09-01 08:39:42,270: +PARAM [/camera/driver/depth_frame_id] by /roslaunch
[rosmaster.master][INFO] 2020-09-01 08:39:42,270: +PARAM [/camera/camera_rgb/camera_info_url] by /roslaunch
[rosmaster.master][INFO] 2020-09-01 08:39:42,271: +PARAM [/camera/camera_rgb/frame_rate] by /roslaunch
[rosmaster.master][INFO] 2020-09-01 08:39:42,271: +PARAM [/camera/camera_rgb/video_mode] by /roslaunch
[rosmaster.master][INFO] 2020-09-01 08:39:42,271: +PARAM [/camera/driver/color_depth_synchronization] by /roslaunch
[rosmaster.master][INFO] 2020-09-01 08:39:42,295: +SERVICE [/rosout/get_loggers] /rosout http://ubuntu:33317/
[rosmaster.master][INFO] 2020-09-01 08:39:42,297: +SERVICE [/rosout/set_logger_level] /rosout http://ubuntu:33317/
[rosmaster.master][INFO] 2020-09-01 08:39:42,299: +PUB [/rosout_agg] /rosout http://ubuntu:33317/
[rosmaster.master][INFO] 2020-09-01 08:39:42,306: +SUB [/rosout] /rosout http://ubuntu:33317/
[rosmaster.master][INFO] 2020-09-01 08:39:42,386: +PUB [/rosout] /camera/camera_rgb http://ubuntu:41543/
[rosmaster.master][INFO] 2020-09-01 08:39:42,389: +SERVICE [/camera/camera_rgb/get_loggers] /camera/camera_rgb http://ubuntu:41543/
[rosmaster.master][INFO] 2020-09-01 08:39:42,390: publisherUpdate[/rosout] -> http://ubuntu:33317/ ['http://ubuntu:41543/']
[rosmaster.master][INFO] 2020-09-01 08:39:42,404: +SERVICE [/camera/camera_rgb/set_logger_level] /camera/camera_rgb http://ubuntu:41543/
[rosmaster.master][INFO] 2020-09-01 08:39:42,408: publisherUpdate[/rosout] -> http://ubuntu:33317/ ['http://ubuntu:41543/']: sec=0.01, result=[1, '', 0]
[rosmaster.master][INFO] 2020-09-01 08:39:42,446: +PUB [/rosout] /camera/driver http://ubuntu:33063/
[rosmaster.master][INFO] 2020-09-01 08:39:42,448: +SERVICE [/camera/driver/get_loggers] /camera/driver http://ubuntu:33063/
[rosmaster.master][INFO] 2020-09-01 08:39:42,450: +SERVICE [/camera/driver/set_logger_level] /camera/driver http://ubuntu:33063/
[rosmaster.master][INFO] 2020-09-01 08:39:42,457: +SERVICE [/camera/camera_rgb/set_parameters] /camera/camera_rgb http://ubuntu:41543/
[rosmaster.master][INFO] 2020-09-01 08:39:42,462: +PUB [/camera/camera_rgb/parameter_descriptions] /camera/camera_rgb http://ubuntu:41543/
[rosmaster.master][INFO] 2020-09-01 08:39:42,466: +PARAM [/camera/driver] by /camera/driver
[rosmaster.master][INFO] 2020-09-01 08:39:42,468: +PUB [/rosout] /camera/camera_nodelet_manager http://ubuntu:44343/
[rosmaster.master][INFO] 2020-09-01 08:39:42,471: +PUB [/camera/camera_rgb/parameter_updates] /camera/camera_rgb http://ubuntu:41543/
[rosmaster.master][INFO] 2020-09-01 08:39:42,475: +SERVICE [/camera/camera_nodelet_manager/get_loggers] /camera/camera_nodelet_manager http://ubuntu:44343/
[rosmaster.master][INFO] 2020-09-01 08:39:42,487: +SERVICE [/camera/camera_nodelet_manager/set_logger_level] /camera/camera_nodelet_manager http://ubuntu:44343/
[rosmaster.master][INFO] 2020-09-01 08:39:42,492: publisherUpdate[/rosout] -> http://ubuntu:33317/ ['http://ubuntu:41543/', 'http://ubuntu:33063/']
[rosmaster.master][INFO] 2020-09-01 08:39:42,499: publisherUpdate[/rosout] -> http://ubuntu:33317/ ['http://ubuntu:41543/', 'http://ubuntu:33063/']: sec=0.00, result=[1, '', 0]
[rosmaster.master][INFO] 2020-09-01 08:39:42,502: publisherUpdate[/rosout] -> http://ubuntu:33317/ ['http://ubuntu:41543/', 'http://ubuntu:33063/', 'http://ubuntu:44343/']
[rosmaster.master][INFO] 2020-09-01 08:39:42,506: publisherUpdate[/rosout] -> http://ubuntu:33317/ ['http://ubuntu:41543/', 'http://ubuntu:33063/', 'http://ubuntu:44343/']: sec=0.00, result=[1, '', 0]
[rosmaster.master][INFO] 2020-09-01 08:39:42,508: +SERVICE [/camera/camera_nodelet_manager/load_nodelet] /camera/camera_nodelet_manager http://ubuntu:44343/
[rosmaster.master][INFO] 2020-09-01 08:39:42,534: +SERVICE [/camera/camera_nodelet_manager/unload_nodelet] /camera/camera_nodelet_manager http://ubuntu:44343/
[rosmaster.master][INFO] 2020-09-01 08:39:42,540: +SERVICE [/camera/camera_nodelet_manager/list] /camera/camera_nodelet_manager http://ubuntu:44343/
[rosmaster.master][INFO] 2020-09-01 08:39:42,548: +PUB [/rosout] /camera/depth_rectify_depth http://ubuntu:41309/
[rosmaster.master][INFO] 2020-09-01 08:39:42,551: +SERVICE [/camera/depth_rectify_depth/get_loggers] /camera/depth_rectify_depth http://ubuntu:41309/
[rosmaster.master][INFO] 2020-09-01 08:39:42,553: +SERVICE [/camera/depth_rectify_depth/set_logger_level] /camera/depth_rectify_depth http://ubuntu:41309/
[rosmaster.master][INFO] 2020-09-01 08:39:42,572: +PUB [/rosout] /camera/rgb_rectify_color http://ubuntu:44735/
[rosmaster.master][INFO] 2020-09-01 08:39:42,582: +SERVICE [/camera/rgb_rectify_color/get_loggers] /camera/rgb_rectify_color http://ubuntu:44735/
[rosmaster.master][INFO] 2020-09-01 08:39:42,594: +PARAM [/camera/depth_rectify_depth] by /camera/depth_rectify_depth
[rosmaster.master][INFO] 2020-09-01 08:39:42,594: publisherUpdate[/rosout] -> http://ubuntu:33317/ ['http://ubuntu:41543/', 'http://ubuntu:33063/', 'http://ubuntu:44343/', 'http://ubuntu:41309/']
[rosmaster.master][INFO] 2020-09-01 08:39:42,595: +SERVICE [/camera/rgb_rectify_color/set_logger_level] /camera/rgb_rectify_color http://ubuntu:44735/
[rosmaster.master][INFO] 2020-09-01 08:39:42,611: publisherUpdate[/rosout] -> http://ubuntu:33317/ ['http://ubuntu:41543/', 'http://ubuntu:33063/', 'http://ubuntu:44343/', 'http://ubuntu:41309/']: sec=0.01, result=[1, '', 0]
[rosmaster.master][INFO] 2020-09-01 08:39:42,616: publisherUpdate[/rosout] -> http://ubuntu:33317/ ['http://ubuntu:41543/', 'http://ubuntu:33063/', 'http://ubuntu:44343/', 'http://ubuntu:41309/', 'http://ubuntu:44735/']
[rosmaster.master][INFO] 2020-09-01 08:39:42,624: publisherUpdate[/rosout] -> http://ubuntu:33317/ ['http://ubuntu:41543/', 'http://ubuntu:33063/', 'http://ubuntu:44343/', 'http://ubuntu:41309/', 'http://ubuntu:44735/']: sec=0.00, result=[1, '', 0]
[rosmaster.master][INFO] 2020-09-01 08:39:42,646: +PUB [/rosout] /camera/depth_metric_rect http://ubuntu:35843/
[rosmaster.master][INFO] 2020-09-01 08:39:42,652: +SERVICE [/camera/depth_metric_rect/get_loggers] /camera/depth_metric_rect http://ubuntu:35843/
[rosmaster.master][INFO] 2020-09-01 08:39:42,663: +SERVICE [/camera/depth_metric_rect/set_logger_level] /camera/depth_metric_rect http://ubuntu:35843/
[rosmaster.master][INFO] 2020-09-01 08:39:42,671: +PUB [/rosout] /camera/depth_metric http://ubuntu:36459/
[rosmaster.master][INFO] 2020-09-01 08:39:42,673: +PARAM [/camera/camera_rgb/vendor] by /camera/camera_rgb
[rosmaster.master][INFO] 2020-09-01 08:39:42,679: +PARAM [/camera/camera_rgb/product] by /camera/camera_rgb
[rosmaster.master][INFO] 2020-09-01 08:39:42,679: +SERVICE [/camera/depth_metric/get_loggers] /camera/depth_metric http://ubuntu:36459/
[rosmaster.master][INFO] 2020-09-01 08:39:42,682: +PARAM [/camera/camera_rgb/serial] by /camera/camera_rgb
[rosmaster.master][INFO] 2020-09-01 08:39:42,684: +SERVICE [/camera/depth_metric/set_logger_level] /camera/depth_metric http://ubuntu:36459/
[rosmaster.master][INFO] 2020-09-01 08:39:42,687: +PARAM [/camera/camera_rgb/index] by /camera/camera_rgb
[rosmaster.master][INFO] 2020-09-01 08:39:42,697: +PARAM [/camera/camera_rgb/width] by /camera/camera_rgb
[rosmaster.master][INFO] 2020-09-01 08:39:42,722: +PARAM [/camera/camera_rgb/height] by /camera/camera_rgb
[rosmaster.master][INFO] 2020-09-01 08:39:42,726: publisherUpdate[/rosout] -> http://ubuntu:33317/ ['http://ubuntu:41543/', 'http://ubuntu:33063/', 'http://ubuntu:44343/', 'http://ubuntu:41309/', 'http://ubuntu:44735/', 'http://ubuntu:35843/']
[rosmaster.master][INFO] 2020-09-01 08:39:42,734: +PARAM [/camera/camera_rgb/video_mode] by /camera/camera_rgb
[rosmaster.master][INFO] 2020-09-01 08:39:42,744: publisherUpdate[/rosout] -> http://ubuntu:33317/ ['http://ubuntu:41543/', 'http://ubuntu:33063/', 'http://ubuntu:44343/', 'http://ubuntu:41309/', 'http://ubuntu:44735/', 'http://ubuntu:35843/']: sec=0.01, result=[1, '', 0]
[rosmaster.master][INFO] 2020-09-01 08:39:42,746: publisherUpdate[/rosout] -> http://ubuntu:33317/ ['http://ubuntu:41543/', 'http://ubuntu:33063/', 'http://ubuntu:44343/', 'http://ubuntu:41309/', 'http://ubuntu:44735/', 'http://ubuntu:35843/', 'http://ubuntu:36459/']
[rosmaster.master][INFO] 2020-09-01 08:39:42,749: +PARAM [/camera/camera_rgb/frame_rate] by /camera/camera_rgb
[rosmaster.master][INFO] 2020-09-01 08:39:42,755: +PUB [/rosout] /camera/depth_registered_rectify_depth http://ubuntu:45165/
[rosmaster.master][INFO] 2020-09-01 08:39:42,755: publisherUpdate[/rosout] -> http://ubuntu:33317/ ['http://ubuntu:41543/', 'http://ubuntu:33063/', 'http://ubuntu:44343/', 'http://ubuntu:41309/', 'http://ubuntu:44735/', 'http://ubuntu:35843/', 'http://ubuntu:36459/']: sec=0.01, result=[1, '', 0]
[rosmaster.master][INFO] 2020-09-01 08:39:42,759: publisherUpdate[/rosout] -> http://ubuntu:33317/ ['http://ubuntu:41543/', 'http://ubuntu:33063/', 'http://ubuntu:44343/', 'http://ubuntu:41309/', 'http://ubuntu:44735/', 'http://ubuntu:35843/', 'http://ubuntu:36459/', 'http://ubuntu:45165/']
[rosmaster.master][INFO] 2020-09-01 08:39:42,765: +SERVICE [/camera/depth_registered_rectify_depth/get_loggers] /camera/depth_registered_rectify_depth http://ubuntu:45165/
[rosmaster.master][INFO] 2020-09-01 08:39:42,765: +PARAM [/camera/camera_rgb/timestamp_method] by /camera/camera_rgb
[rosmaster.master][INFO] 2020-09-01 08:39:42,772: +SERVICE [/camera/depth_registered_rectify_depth/set_logger_level] /camera/depth_registered_rectify_depth http://ubuntu:45165/
[rosmaster.master][INFO] 2020-09-01 08:39:42,775: publisherUpdate[/rosout] -> http://ubuntu:33317/ ['http://ubuntu:41543/', 'http://ubuntu:33063/', 'http://ubuntu:44343/', 'http://ubuntu:41309/', 'http://ubuntu:44735/', 'http://ubuntu:35843/', 'http://ubuntu:36459/', 'http://ubuntu:45165/']: sec=0.01, result=[1, '', 0]
[rosmaster.master][INFO] 2020-09-01 08:39:42,784: +PARAM [/camera/camera_rgb/frame_id] by /camera/camera_rgb
[rosmaster.master][INFO] 2020-09-01 08:39:42,792: +PARAM [/camera/camera_rgb/camera_info_url] by /camera/camera_rgb
[rosmaster.master][INFO] 2020-09-01 08:39:42,815: +PARAM [/camera/depth_registered_rectify_depth] by /camera/depth_registered_rectify_depth
[rosmaster.master][INFO] 2020-09-01 08:39:42,817: +SERVICE [/camera/driver/set_parameters] /camera/camera_nodelet_manager http://ubuntu:44343/
[rosmaster.master][INFO] 2020-09-01 08:39:42,822: +PUB [/camera/driver/parameter_descriptions] /camera/camera_nodelet_manager http://ubuntu:44343/
[rosmaster.master][INFO] 2020-09-01 08:39:42,823: +PARAM [/camera/camera_rgb/scanning_mode] by /camera/camera_rgb
[rosmaster.master][INFO] 2020-09-01 08:39:42,833: +PUB [/camera/driver/parameter_updates] /camera/camera_nodelet_manager http://ubuntu:44343/
[rosmaster.master][INFO] 2020-09-01 08:39:42,848: +PUB [/rosout] /camera/depth_points http://ubuntu:36033/
[rosmaster.master][INFO] 2020-09-01 08:39:42,851: +PUB [/rosout] /camera/points_xyzrgb_hw_registered http://ubuntu:37073/
[rosmaster.master][INFO] 2020-09-01 08:39:42,841: +PARAM [/camera/camera_rgb/auto_exposure] by /camera/camera_rgb
[rosmaster.master][INFO] 2020-09-01 08:39:42,856: +SERVICE [/camera/depth_points/get_loggers] /camera/depth_points http://ubuntu:36033/
[rosmaster.master][INFO] 2020-09-01 08:39:42,860: +SERVICE [/camera/points_xyzrgb_hw_registered/get_loggers] /camera/points_xyzrgb_hw_registered http://ubuntu:37073/
[rosmaster.master][INFO] 2020-09-01 08:39:42,859: +PARAM [/camera/camera_rgb/auto_exposure_priority] by /camera/camera_rgb
[rosmaster.master][INFO] 2020-09-01 08:39:42,863: +SERVICE [/camera/depth_points/set_logger_level] /camera/depth_points http://ubuntu:36033/
[rosmaster.master][INFO] 2020-09-01 08:39:42,867: +SERVICE [/camera/points_xyzrgb_hw_registered/set_logger_level] /camera/points_xyzrgb_hw_registered http://ubuntu:37073/
[rosmaster.master][INFO] 2020-09-01 08:39:42,868: +PARAM [/camera/camera_rgb/exposure_absolute] by /camera/camera_rgb
[rosmaster.master][INFO] 2020-09-01 08:39:42,875: +PARAM [/camera/camera_rgb/iris_absolute] by /camera/camera_rgb
[rosmaster.master][INFO] 2020-09-01 08:39:42,881: +PUB [/rosout] /camera/depth_registered_hw_metric_rect http://ubuntu:33427/
[rosmaster.master][INFO] 2020-09-01 08:39:42,884: publisherUpdate[/rosout] -> http://ubuntu:33317/ ['http://ubuntu:41543/', 'http://ubuntu:33063/', 'http://ubuntu:44343/', 'http://ubuntu:41309/', 'http://ubuntu:44735/', 'http://ubuntu:35843/', 'http://ubuntu:36459/', 'http://ubuntu:45165/', 'http://ubuntu:36033/']
[rosmaster.master][INFO] 2020-09-01 08:39:42,897: +SERVICE [/camera/depth_registered_hw_metric_rect/get_loggers] /camera/depth_registered_hw_metric_rect http://ubuntu:33427/
[rosmaster.master][INFO] 2020-09-01 08:39:42,898: +PARAM [/camera/camera_rgb/auto_focus] by /camera/camera_rgb
[rosmaster.master][INFO] 2020-09-01 08:39:42,907: +SERVICE [/camera/depth_registered_hw_metric_rect/set_logger_level] /camera/depth_registered_hw_metric_rect http://ubuntu:33427/
[rosmaster.master][INFO] 2020-09-01 08:39:42,909: publisherUpdate[/rosout] -> http://ubuntu:33317/ ['http://ubuntu:41543/', 'http://ubuntu:33063/', 'http://ubuntu:44343/', 'http://ubuntu:41309/', 'http://ubuntu:44735/', 'http://ubuntu:35843/', 'http://ubuntu:36459/', 'http://ubuntu:45165/', 'http://ubuntu:36033/']: sec=0.01, result=[1, '', 0]
[rosmaster.master][INFO] 2020-09-01 08:39:42,913: +PARAM [/camera/camera_rgb/focus_absolute] by /camera/camera_rgb
[rosmaster.master][INFO] 2020-09-01 08:39:42,924: publisherUpdate[/rosout] -> http://ubuntu:33317/ ['http://ubuntu:41543/', 'http://ubuntu:33063/', 'http://ubuntu:44343/', 'http://ubuntu:41309/', 'http://ubuntu:44735/', 'http://ubuntu:35843/', 'http://ubuntu:36459/', 'http://ubuntu:45165/', 'http://ubuntu:36033/', 'http://ubuntu:37073/']
[rosmaster.master][INFO] 2020-09-01 08:39:42,935: +PARAM [/camera/camera_rgb/pan_absolute] by /camera/camera_rgb
[rosmaster.master][INFO] 2020-09-01 08:39:42,947: publisherUpdate[/rosout] -> http://ubuntu:33317/ ['http://ubuntu:41543/', 'http://ubuntu:33063/', 'http://ubuntu:44343/', 'http://ubuntu:41309/', 'http://ubuntu:44735/', 'http://ubuntu:35843/', 'http://ubuntu:36459/', 'http://ubuntu:45165/', 'http://ubuntu:36033/', 'http://ubuntu:37073/']: sec=0.00, result=[1, '', 0]
[rosmaster.master][INFO] 2020-09-01 08:39:42,950: publisherUpdate[/rosout] -> http://ubuntu:33317/ ['http://ubuntu:41543/', 'http://ubuntu:33063/', 'http://ubuntu:44343/', 'http://ubuntu:41309/', 'http://ubuntu:44735/', 'http://ubuntu:35843/', 'http://ubuntu:36459/', 'http://ubuntu:45165/', 'http://ubuntu:36033/', 'http://ubuntu:37073/', 'http://ubuntu:33427/']
[rosmaster.master][INFO] 2020-09-01 08:39:42,953: +PARAM [/camera/camera_rgb/tilt_absolute] by /camera/camera_rgb
[rosmaster.master][INFO] 2020-09-01 08:39:42,961: publisherUpdate[/rosout] -> http://ubuntu:33317/ ['http://ubuntu:41543/', 'http://ubuntu:33063/', 'http://ubuntu:44343/', 'http://ubuntu:41309/', 'http://ubuntu:44735/', 'http://ubuntu:35843/', 'http://ubuntu:36459/', 'http://ubuntu:45165/', 'http://ubuntu:36033/', 'http://ubuntu:37073/', 'http://ubuntu:33427/']: sec=0.01, result=[1, '', 0]
[rosmaster.master][INFO] 2020-09-01 08:39:42,962: +PARAM [/camera/camera_rgb/roll_absolute] by /camera/camera_rgb
[rosmaster.master][INFO] 2020-09-01 08:39:42,966: +PARAM [/camera/driver/rgb_preferred] by /camera/camera_nodelet_manager
[rosmaster.master][INFO] 2020-09-01 08:39:42,969: +PUB [/rosout] /camera/depth_registered_metric http://ubuntu:44585/
[rosmaster.master][INFO] 2020-09-01 08:39:42,971: +PARAM [/camera/driver/ir_mode] by /camera/camera_nodelet_manager
[rosmaster.master][INFO] 2020-09-01 08:39:42,976: +PARAM [/camera/camera_rgb/privacy] by /camera/camera_rgb
[rosmaster.master][INFO] 2020-09-01 08:39:42,983: +PUB [/rosout] /camera_base_link http://ubuntu:46195/
[rosmaster.master][INFO] 2020-09-01 08:39:42,997: +SERVICE [/camera/depth_registered_metric/get_loggers] /camera/depth_registered_metric http://ubuntu:44585/
[rosmaster.master][INFO] 2020-09-01 08:39:42,999: +PARAM [/camera/camera_rgb/backlight_compensation] by /camera/camera_rgb
[rosmaster.master][INFO] 2020-09-01 08:39:43,001: +SERVICE [/camera/depth_registered_metric/set_logger_level] /camera/depth_registered_metric http://ubuntu:44585/
[rosmaster.master][INFO] 2020-09-01 08:39:43,004: +SERVICE [/camera_base_link/get_loggers] /camera_base_link http://ubuntu:46195/
[rosmaster.master][INFO] 2020-09-01 08:39:43,008: +SERVICE [/camera_base_link/set_logger_level] /camera_base_link http://ubuntu:46195/
[rosmaster.master][INFO] 2020-09-01 08:39:43,009: +PARAM [/camera/camera_rgb/brightness] by /camera/camera_rgb
[rosmaster.master][INFO] 2020-09-01 08:39:43,012: +PARAM [/camera/driver/color_mode] by /camera/camera_nodelet_manager
[rosmaster.master][INFO] 2020-09-01 08:39:43,016: +PARAM [/camera/camera_rgb/contrast] by /camera/camera_rgb
[rosmaster.master][INFO] 2020-09-01 08:39:43,019: +PUB [/tf_static] /camera_base_link http://ubuntu:46195/
[rosmaster.master][INFO] 2020-09-01 08:39:43,023: +PARAM [/camera/driver/depth_mode] by /camera/camera_nodelet_manager
[rosmaster.master][INFO] 2020-09-01 08:39:43,025: +PUB [/rosout] /camera_base_link2 http://ubuntu:40817/
[rosmaster.master][INFO] 2020-09-01 08:39:43,027: +PARAM [/camera/camera_rgb/gain] by /camera/camera_rgb
[rosmaster.master][INFO] 2020-09-01 08:39:43,029: +PARAM [/camera/driver/depth_registration] by /camera/camera_nodelet_manager
[rosmaster.master][INFO] 2020-09-01 08:39:43,030: +PUB [/rosout] /camera_base_link1 http://ubuntu:32971/
[rosmaster.master][INFO] 2020-09-01 08:39:43,033: +PARAM [/camera/camera_rgb/power_line_frequency] by /camera/camera_rgb
[rosmaster.master][INFO] 2020-09-01 08:39:43,036: +PARAM [/camera/driver/color_depth_synchronization] by /camera/camera_nodelet_manager
[rosmaster.master][INFO] 2020-09-01 08:39:43,037: +SERVICE [/camera_base_link2/get_loggers] /camera_base_link2 http://ubuntu:40817/
[rosmaster.master][INFO] 2020-09-01 08:39:43,038: publisherUpdate[/rosout] -> http://ubuntu:33317/ ['http://ubuntu:41543/', 'http://ubuntu:33063/', 'http://ubuntu:44343/', 'http://ubuntu:41309/', 'http://ubuntu:44735/', 'http://ubuntu:35843/', 'http://ubuntu:36459/', 'http://ubuntu:45165/', 'http://ubuntu:36033/', 'http://ubuntu:37073/', 'http://ubuntu:33427/', 'http://ubuntu:44585/']
[rosmaster.master][INFO] 2020-09-01 08:39:43,050: +PARAM [/camera/camera_rgb/auto_hue] by /camera/camera_rgb
[rosmaster.master][INFO] 2020-09-01 08:39:43,051: +SERVICE [/camera_base_link1/get_loggers] /camera_base_link1 http://ubuntu:32971/
[rosmaster.master][INFO] 2020-09-01 08:39:43,054: +PARAM [/camera/driver/auto_exposure] by /camera/camera_nodelet_manager
[rosmaster.master][INFO] 2020-09-01 08:39:43,056: publisherUpdate[/rosout] -> http://ubuntu:33317/ ['http://ubuntu:41543/', 'http://ubuntu:33063/', 'http://ubuntu:44343/', 'http://ubuntu:41309/', 'http://ubuntu:44735/', 'http://ubuntu:35843/', 'http://ubuntu:36459/', 'http://ubuntu:45165/', 'http://ubuntu:36033/', 'http://ubuntu:37073/', 'http://ubuntu:33427/', 'http://ubuntu:44585/']: sec=0.00, result=[1, '', 0]
[rosmaster.master][INFO] 2020-09-01 08:39:43,057: +PARAM [/camera/camera_rgb/hue] by /camera/camera_rgb
[rosmaster.master][INFO] 2020-09-01 08:39:43,060: +SERVICE [/camera_base_link2/set_logger_level] /camera_base_link2 http://ubuntu:40817/
[rosmaster.master][INFO] 2020-09-01 08:39:43,062: publisherUpdate[/rosout] -> http://ubuntu:33317/ ['http://ubuntu:41543/', 'http://ubuntu:33063/', 'http://ubuntu:44343/', 'http://ubuntu:41309/', 'http://ubuntu:44735/', 'http://ubuntu:35843/', 'http://ubuntu:36459/', 'http://ubuntu:45165/', 'http://ubuntu:36033/', 'http://ubuntu:37073/', 'http://ubuntu:33427/', 'http://ubuntu:44585/', 'http://ubuntu:46195/']
[rosmaster.master][INFO] 2020-09-01 08:39:43,064: +PARAM [/camera/driver/auto_white_balance] by /camera/camera_nodelet_manager
[rosmaster.master][INFO] 2020-09-01 08:39:43,064: +PARAM [/camera/camera_rgb/saturation] by /camera/camera_rgb
[rosmaster.master][INFO] 2020-09-01 08:39:43,066: +SERVICE [/camera_base_link1/set_logger_level] /camera_base_link1 http://ubuntu:32971/
[rosmaster.master][INFO] 2020-09-01 08:39:43,069: publisherUpdate[/rosout] -> http://ubuntu:33317/ ['http://ubuntu:41543/', 'http://ubuntu:33063/', 'http://ubuntu:44343/', 'http://ubuntu:41309/', 'http://ubuntu:44735/', 'http://ubuntu:35843/', 'http://ubuntu:36459/', 'http://ubuntu:45165/', 'http://ubuntu:36033/', 'http://ubuntu:37073/', 'http://ubuntu:33427/', 'http://ubuntu:44585/', 'http://ubuntu:46195/']: sec=0.00, result=[1, '', 0]
[rosmaster.master][INFO] 2020-09-01 08:39:43,075: publisherUpdate[/rosout] -> http://ubuntu:33317/ ['http://ubuntu:41543/', 'http://ubuntu:33063/', 'http://ubuntu:44343/', 'http://ubuntu:41309/', 'http://ubuntu:44735/', 'http://ubuntu:35843/', 'http://ubuntu:36459/', 'http://ubuntu:45165/', 'http://ubuntu:36033/', 'http://ubuntu:37073/', 'http://ubuntu:33427/', 'http://ubuntu:44585/', 'http://ubuntu:46195/', 'http://ubuntu:40817/']
[rosmaster.master][INFO] 2020-09-01 08:39:43,073: +PARAM [/camera/camera_rgb/sharpness] by /camera/camera_rgb
[rosmaster.master][INFO] 2020-09-01 08:39:43,071: +PARAM [/camera/driver/data_skip] by /camera/camera_nodelet_manager
[rosmaster.master][INFO] 2020-09-01 08:39:43,073: +PUB [/rosout] /camera_base_link3 http://ubuntu:45547/
[rosmaster.master][INFO] 2020-09-01 08:39:43,078: publisherUpdate[/rosout] -> http://ubuntu:33317/ ['http://ubuntu:41543/', 'http://ubuntu:33063/', 'http://ubuntu:44343/', 'http://ubuntu:41309/', 'http://ubuntu:44735/', 'http://ubuntu:35843/', 'http://ubuntu:36459/', 'http://ubuntu:45165/', 'http://ubuntu:36033/', 'http://ubuntu:37073/', 'http://ubuntu:33427/', 'http://ubuntu:44585/', 'http://ubuntu:46195/', 'http://ubuntu:40817/']: sec=0.00, result=[1, '', 0]
[rosmaster.master][INFO] 2020-09-01 08:39:43,080: +PARAM [/camera/camera_rgb/gamma] by /camera/camera_rgb
[rosmaster.master][INFO] 2020-09-01 08:39:43,082: +PUB [/tf_static] /camera_base_link2 http://ubuntu:40817/
[rosmaster.master][INFO] 2020-09-01 08:39:43,083: +PARAM [/camera/driver/ir_time_offset] by /camera/camera_nodelet_manager
[rosmaster.master][INFO] 2020-09-01 08:39:43,085: publisherUpdate[/rosout] -> http://ubuntu:33317/ ['http://ubuntu:41543/', 'http://ubuntu:33063/', 'http://ubuntu:44343/', 'http://ubuntu:41309/', 'http://ubuntu:44735/', 'http://ubuntu:35843/', 'http://ubuntu:36459/', 'http://ubuntu:45165/', 'http://ubuntu:36033/', 'http://ubuntu:37073/', 'http://ubuntu:33427/', 'http://ubuntu:44585/', 'http://ubuntu:46195/', 'http://ubuntu:40817/', 'http://ubuntu:32971/']
[rosmaster.master][INFO] 2020-09-01 08:39:43,088: +PARAM [/camera/camera_rgb/auto_white_balance] by /camera/camera_rgb
[rosmaster.master][INFO] 2020-09-01 08:39:43,088: +PUB [/tf_static] /camera_base_link1 http://ubuntu:32971/
[rosmaster.master][INFO] 2020-09-01 08:39:43,091: +PARAM [/camera/driver/color_time_offset] by /camera/camera_nodelet_manager
[rosmaster.master][INFO] 2020-09-01 08:39:43,094: +SERVICE [/camera_base_link3/get_loggers] /camera_base_link3 http://ubuntu:45547/
[rosmaster.master][INFO] 2020-09-01 08:39:43,095: publisherUpdate[/rosout] -> http://ubuntu:33317/ ['http://ubuntu:41543/', 'http://ubuntu:33063/', 'http://ubuntu:44343/', 'http://ubuntu:41309/', 'http://ubuntu:44735/', 'http://ubuntu:35843/', 'http://ubuntu:36459/', 'http://ubuntu:45165/', 'http://ubuntu:36033/', 'http://ubuntu:37073/', 'http://ubuntu:33427/', 'http://ubuntu:44585/', 'http://ubuntu:46195/', 'http://ubuntu:40817/', 'http://ubuntu:32971/']: sec=0.00, result=[1, '', 0]
[rosmaster.master][INFO] 2020-09-01 08:39:43,096: +PARAM [/camera/camera_rgb/white_balance_temperature] by /camera/camera_rgb
[rosmaster.master][INFO] 2020-09-01 08:39:43,100: +PARAM [/camera/driver/depth_time_offset] by /camera/camera_nodelet_manager
[rosmaster.master][INFO] 2020-09-01 08:39:43,105: +SERVICE [/camera_base_link3/set_logger_level] /camera_base_link3 http://ubuntu:45547/
[rosmaster.master][INFO] 2020-09-01 08:39:43,105: publisherUpdate[/rosout] -> http://ubuntu:33317/ ['http://ubuntu:41543/', 'http://ubuntu:33063/', 'http://ubuntu:44343/', 'http://ubuntu:41309/', 'http://ubuntu:44735/', 'http://ubuntu:35843/', 'http://ubuntu:36459/', 'http://ubuntu:45165/', 'http://ubuntu:36033/', 'http://ubuntu:37073/', 'http://ubuntu:33427/', 'http://ubuntu:44585/', 'http://ubuntu:46195/', 'http://ubuntu:40817/', 'http://ubuntu:32971/', 'http://ubuntu:45547/']
[rosmaster.master][INFO] 2020-09-01 08:39:43,107: +PARAM [/camera/camera_rgb/white_balance_BU] by /camera/camera_rgb
[rosmaster.master][INFO] 2020-09-01 08:39:43,112: +PARAM [/camera/driver/depth_ir_offset_x] by /camera/camera_nodelet_manager
[rosmaster.master][INFO] 2020-09-01 08:39:43,116: publisherUpdate[/rosout] -> http://ubuntu:33317/ ['http://ubuntu:41543/', 'http://ubuntu:33063/', 'http://ubuntu:44343/', 'http://ubuntu:41309/', 'http://ubuntu:44735/', 'http://ubuntu:35843/', 'http://ubuntu:36459/', 'http://ubuntu:45165/', 'http://ubuntu:36033/', 'http://ubuntu:37073/', 'http://ubuntu:33427/', 'http://ubuntu:44585/', 'http://ubuntu:46195/', 'http://ubuntu:40817/', 'http://ubuntu:32971/', 'http://ubuntu:45547/']: sec=0.01, result=[1, '', 0]
[rosmaster.master][INFO] 2020-09-01 08:39:43,117: +PARAM [/camera/camera_rgb/white_balance_RV] by /camera/camera_rgb
[rosmaster.master][INFO] 2020-09-01 08:39:43,117: +PUB [/tf_static] /camera_base_link3 http://ubuntu:45547/
[rosmaster.master][INFO] 2020-09-01 08:39:43,119: +PARAM [/camera/driver/depth_ir_offset_y] by /camera/camera_nodelet_manager
[rosmaster.master][INFO] 2020-09-01 08:39:43,123: +SERVICE [/camera/set_camera_info] /camera/camera_rgb http://ubuntu:41543/
[rosmaster.master][INFO] 2020-09-01 08:39:43,125: +PARAM [/camera/driver/z_offset_mm] by /camera/camera_nodelet_manager
[rosmaster.master][INFO] 2020-09-01 08:39:43,131: +PARAM [/camera/driver/z_scaling] by /camera/camera_nodelet_manager
[rosmaster.master][INFO] 2020-09-01 08:39:43,133: +PUB [/camera/rgb/image_raw] /camera/camera_rgb http://ubuntu:41543/
[rosmaster.master][INFO] 2020-09-01 08:39:43,136: +PARAM [/camera/driver/use_device_time] by /camera/camera_nodelet_manager
[rosmaster.master][INFO] 2020-09-01 08:39:43,138: +PUB [/camera/rgb/camera_info] /camera/camera_rgb http://ubuntu:41543/
[rosmaster.master][INFO] 2020-09-01 08:39:43,142: +SERVICE [/camera/get_uvc_exposure] /camera/camera_rgb http://ubuntu:41543/
[rosmaster.master][INFO] 2020-09-01 08:39:43,146: +SERVICE [/camera/set_uvc_exposure] /camera/camera_rgb http://ubuntu:41543/
[rosmaster.master][INFO] 2020-09-01 08:39:43,149: +SERVICE [/camera/get_uvc_gain] /camera/camera_rgb http://ubuntu:41543/
[rosmaster.master][INFO] 2020-09-01 08:39:43,154: +SERVICE [/camera/set_uvc_gain] /camera/camera_rgb http://ubuntu:41543/
[rosmaster.master][INFO] 2020-09-01 08:39:43,158: +SERVICE [/camera/get_uvc_white_balance] /camera/camera_rgb http://ubuntu:41543/
[rosmaster.master][INFO] 2020-09-01 08:39:43,159: +SERVICE [/camera/set_uvc_white_balance] /camera/camera_rgb http://ubuntu:41543/
[rosmaster.master][INFO] 2020-09-01 08:39:43,244: +PARAM [/camera/driver/rgb_preferred] by /camera/camera_nodelet_manager
[rosmaster.master][INFO] 2020-09-01 08:39:43,245: +PARAM [/camera/driver/ir_mode] by /camera/camera_nodelet_manager
[rosmaster.master][INFO] 2020-09-01 08:39:43,247: +PARAM [/camera/driver/color_mode] by /camera/camera_nodelet_manager
[rosmaster.master][INFO] 2020-09-01 08:39:43,248: +PARAM [/camera/driver/depth_mode] by /camera/camera_nodelet_manager
[rosmaster.master][INFO] 2020-09-01 08:39:43,250: +PARAM [/camera/driver/depth_registration] by /camera/camera_nodelet_manager
[rosmaster.master][INFO] 2020-09-01 08:39:43,253: +PARAM [/camera/driver/color_depth_synchronization] by /camera/camera_nodelet_manager
[rosmaster.master][INFO] 2020-09-01 08:39:43,255: +PARAM [/camera/driver/auto_exposure] by /camera/camera_nodelet_manager
[rosmaster.master][INFO] 2020-09-01 08:39:43,256: +PARAM [/camera/driver/auto_white_balance] by /camera/camera_nodelet_manager
[rosmaster.master][INFO] 2020-09-01 08:39:43,258: +PARAM [/camera/driver/data_skip] by /camera/camera_nodelet_manager
[rosmaster.master][INFO] 2020-09-01 08:39:43,259: +PARAM [/camera/driver/ir_time_offset] by /camera/camera_nodelet_manager
[rosmaster.master][INFO] 2020-09-01 08:39:43,260: +PARAM [/camera/driver/color_time_offset] by /camera/camera_nodelet_manager
[rosmaster.master][INFO] 2020-09-01 08:39:43,262: +PARAM [/camera/driver/depth_time_offset] by /camera/camera_nodelet_manager
[rosmaster.master][INFO] 2020-09-01 08:39:43,263: +PARAM [/camera/driver/depth_ir_offset_x] by /camera/camera_nodelet_manager
[rosmaster.master][INFO] 2020-09-01 08:39:43,264: +PARAM [/camera/driver/depth_ir_offset_y] by /camera/camera_nodelet_manager
[rosmaster.master][INFO] 2020-09-01 08:39:43,265: +PARAM [/camera/driver/z_offset_mm] by /camera/camera_nodelet_manager
[rosmaster.master][INFO] 2020-09-01 08:39:43,267: +PARAM [/camera/driver/z_scaling] by /camera/camera_nodelet_manager
[rosmaster.master][INFO] 2020-09-01 08:39:43,268: +PARAM [/camera/driver/use_device_time] by /camera/camera_nodelet_manager
[rosmaster.master][INFO] 2020-09-01 08:39:43,278: +PUB [/camera/ir/image] /camera/camera_nodelet_manager http://ubuntu:44343/
[rosmaster.master][INFO] 2020-09-01 08:39:43,279: +PUB [/camera/ir/camera_info] /camera/camera_nodelet_manager http://ubuntu:44343/
[rosmaster.master][INFO] 2020-09-01 08:39:43,282: +PUB [/camera/depth/image_raw] /camera/camera_nodelet_manager http://ubuntu:44343/
[rosmaster.master][INFO] 2020-09-01 08:39:43,283: +PUB [/camera/depth/camera_info] /camera/camera_nodelet_manager http://ubuntu:44343/
[rosmaster.master][INFO] 2020-09-01 08:39:43,289: +PUB [/camera/depth_registered/image_raw] /camera/camera_nodelet_manager http://ubuntu:44343/
[rosmaster.master][INFO] 2020-09-01 08:39:43,291: +PUB [/camera/depth_registered/camera_info] /camera/camera_nodelet_manager http://ubuntu:44343/
[rosmaster.master][INFO] 2020-09-01 08:39:43,294: +PUB [/camera/projector/camera_info] /camera/camera_nodelet_manager http://ubuntu:44343/
[rosmaster.master][INFO] 2020-09-01 08:39:43,297: +SERVICE [/camera/rgb/set_camera_info] /camera/camera_nodelet_manager http://ubuntu:44343/
[rosmaster.master][INFO] 2020-09-01 08:39:43,299: +SERVICE [/camera/ir/set_camera_info] /camera/camera_nodelet_manager http://ubuntu:44343/
[rosmaster.master][INFO] 2020-09-01 08:39:43,301: +SERVICE [/camera/get_serial] /camera/camera_nodelet_manager http://ubuntu:44343/
[rosmaster.master][INFO] 2020-09-01 08:39:43,303: +SERVICE [/camera/get_device_type] /camera/camera_nodelet_manager http://ubuntu:44343/
[rosmaster.master][INFO] 2020-09-01 08:39:43,304: +SERVICE [/camera/get_ir_gain] /camera/camera_nodelet_manager http://ubuntu:44343/
[rosmaster.master][INFO] 2020-09-01 08:39:43,306: +SERVICE [/camera/set_ir_gain] /camera/camera_nodelet_manager http://ubuntu:44343/
[rosmaster.master][INFO] 2020-09-01 08:39:43,308: +SERVICE [/camera/get_ir_exposure] /camera/camera_nodelet_manager http://ubuntu:44343/
[rosmaster.master][INFO] 2020-09-01 08:39:43,310: +SERVICE [/camera/set_ir_exposure] /camera/camera_nodelet_manager http://ubuntu:44343/
[rosmaster.master][INFO] 2020-09-01 08:39:43,312: +SERVICE [/camera/set_ir_flood] /camera/camera_nodelet_manager http://ubuntu:44343/
[rosmaster.master][INFO] 2020-09-01 08:39:43,313: +SERVICE [/camera/set_laser] /camera/camera_nodelet_manager http://ubuntu:44343/
[rosmaster.master][INFO] 2020-09-01 08:39:43,315: +SERVICE [/camera/set_ldp] /camera/camera_nodelet_manager http://ubuntu:44343/
[rosmaster.master][INFO] 2020-09-01 08:39:43,317: +SERVICE [/camera/reset_ir_gain] /camera/camera_nodelet_manager http://ubuntu:44343/
[rosmaster.master][INFO] 2020-09-01 08:39:43,319: +SERVICE [/camera/reset_ir_exposure] /camera/camera_nodelet_manager http://ubuntu:44343/
[rosmaster.master][INFO] 2020-09-01 08:39:43,322: +SERVICE [/camera/get_camera_info] /camera/camera_nodelet_manager http://ubuntu:44343/
[rosmaster.master][INFO] 2020-09-01 08:39:43,325: +PUB [/camera/camera_nodelet_manager/bond] /camera/camera_nodelet_manager http://ubuntu:44343/
[rosmaster.master][INFO] 2020-09-01 08:39:43,331: +SUB [/camera/camera_nodelet_manager/bond] /camera/camera_nodelet_manager http://ubuntu:44343/
[rosmaster.master][INFO] 2020-09-01 08:39:43,426: +PUB [/camera/camera_nodelet_manager/bond] /camera/driver http://ubuntu:33063/
[rosmaster.master][INFO] 2020-09-01 08:39:43,434: +SUB [/camera/camera_nodelet_manager/bond] /camera/driver http://ubuntu:33063/
[rosmaster.master][INFO] 2020-09-01 08:39:43,452: publisherUpdate[/camera/camera_nodelet_manager/bond] -> http://ubuntu:44343/ ['http://ubuntu:44343/', 'http://ubuntu:33063/']
[rosmaster.master][INFO] 2020-09-01 08:39:43,454: publisherUpdate[/camera/camera_nodelet_manager/bond] -> http://ubuntu:44343/ ['http://ubuntu:44343/', 'http://ubuntu:33063/']: sec=0.00, result=[1, '', 0]
[rosmaster.master][INFO] 2020-09-01 08:39:43,567: +SERVICE [/camera/depth_rectify_depth/set_parameters] /camera/camera_nodelet_manager http://ubuntu:44343/
[rosmaster.master][INFO] 2020-09-01 08:39:43,569: +PUB [/camera/depth_rectify_depth/parameter_descriptions] /camera/camera_nodelet_manager http://ubuntu:44343/
[rosmaster.master][INFO] 2020-09-01 08:39:43,570: +PUB [/camera/depth_rectify_depth/parameter_updates] /camera/camera_nodelet_manager http://ubuntu:44343/
[rosmaster.master][INFO] 2020-09-01 08:39:43,573: +PARAM [/camera/depth_rectify_depth/interpolation] by /camera/camera_nodelet_manager
[rosmaster.master][INFO] 2020-09-01 08:39:43,575: +PARAM [/camera/depth_rectify_depth/interpolation] by /camera/camera_nodelet_manager
[rosmaster.master][INFO] 2020-09-01 08:39:43,579: +PUB [/camera/depth/image_rect_raw] /camera/camera_nodelet_manager http://ubuntu:44343/
[rosmaster.master][INFO] 2020-09-01 08:39:43,583: +SERVICE [/camera/rgb_rectify_color/set_parameters] /camera/camera_nodelet_manager http://ubuntu:44343/
[rosmaster.master][INFO] 2020-09-01 08:39:43,585: +PUB [/camera/rgb_rectify_color/parameter_descriptions] /camera/camera_nodelet_manager http://ubuntu:44343/
[rosmaster.master][INFO] 2020-09-01 08:39:43,586: +PUB [/camera/rgb_rectify_color/parameter_updates] /camera/camera_nodelet_manager http://ubuntu:44343/
[rosmaster.master][INFO] 2020-09-01 08:39:43,588: +PARAM [/camera/rgb_rectify_color/interpolation] by /camera/camera_nodelet_manager
[rosmaster.master][INFO] 2020-09-01 08:39:43,590: +PARAM [/camera/rgb_rectify_color/interpolation] by /camera/camera_nodelet_manager
[rosmaster.master][INFO] 2020-09-01 08:39:43,593: +PUB [/camera/rgb/image_rect_color] /camera/camera_nodelet_manager http://ubuntu:44343/
[rosmaster.master][INFO] 2020-09-01 08:39:43,630: +PUB [/camera/depth/image_rect] /camera/camera_nodelet_manager http://ubuntu:44343/
[rosmaster.master][INFO] 2020-09-01 08:39:43,634: +PUB [/camera/depth/image] /camera/camera_nodelet_manager http://ubuntu:44343/
[rosmaster.master][INFO] 2020-09-01 08:39:43,638: +SERVICE [/camera/depth_registered_rectify_depth/set_parameters] /camera/camera_nodelet_manager http://ubuntu:44343/
[rosmaster.master][INFO] 2020-09-01 08:39:43,639: +PUB [/camera/depth_registered_rectify_depth/parameter_descriptions] /camera/camera_nodelet_manager http://ubuntu:44343/
[rosmaster.master][INFO] 2020-09-01 08:39:43,641: +PUB [/camera/depth_registered_rectify_depth/parameter_updates] /camera/camera_nodelet_manager http://ubuntu:44343/
[rosmaster.master][INFO] 2020-09-01 08:39:43,643: +PARAM [/camera/depth_registered_rectify_depth/interpolation] by /camera/camera_nodelet_manager
[rosmaster.master][INFO] 2020-09-01 08:39:43,644: +PARAM [/camera/depth_registered_rectify_depth/interpolation] by /camera/camera_nodelet_manager
[rosmaster.master][INFO] 2020-09-01 08:39:43,647: +PUB [/camera/depth_registered/hw_registered/image_rect_raw] /camera/camera_nodelet_manager http://ubuntu:44343/
[rosmaster.master][INFO] 2020-09-01 08:39:43,653: +PUB [/camera/depth_registered/points] /camera/camera_nodelet_manager http://ubuntu:44343/
[rosmaster.master][INFO] 2020-09-01 08:39:43,659: +PUB [/camera/depth_registered/hw_registered/image_rect] /camera/camera_nodelet_manager http://ubuntu:44343/
[rosmaster.master][INFO] 2020-09-01 08:39:43,665: +PUB [/camera/depth/points] /camera/camera_nodelet_manager http://ubuntu:44343/
[rosmaster.master][INFO] 2020-09-01 08:39:43,670: +PUB [/camera/depth_registered/image] /camera/camera_nodelet_manager http://ubuntu:44343/
[rosmaster.master][INFO] 2020-09-01 08:39:43,771: +PARAM [/camera/camera_rgb/vendor] by /camera/camera_rgb
[rosmaster.master][INFO] 2020-09-01 08:39:43,773: +PARAM [/camera/camera_rgb/product] by /camera/camera_rgb
[rosmaster.master][INFO] 2020-09-01 08:39:43,775: +PARAM [/camera/camera_rgb/serial] by /camera/camera_rgb
[rosmaster.master][INFO] 2020-09-01 08:39:43,778: +PARAM [/camera/camera_rgb/index] by /camera/camera_rgb
[rosmaster.master][INFO] 2020-09-01 08:39:43,780: +PARAM [/camera/camera_rgb/width] by /camera/camera_rgb
[rosmaster.master][INFO] 2020-09-01 08:39:43,782: +PARAM [/camera/camera_rgb/height] by /camera/camera_rgb
[rosmaster.master][INFO] 2020-09-01 08:39:43,783: +PARAM [/camera/camera_rgb/video_mode] by /camera/camera_rgb
[rosmaster.master][INFO] 2020-09-01 08:39:43,785: +PARAM [/camera/camera_rgb/frame_rate] by /camera/camera_rgb
[rosmaster.master][INFO] 2020-09-01 08:39:43,786: +PARAM [/camera/camera_rgb/timestamp_method] by /camera/camera_rgb
[rosmaster.master][INFO] 2020-09-01 08:39:43,787: +PARAM [/camera/camera_rgb/frame_id] by /camera/camera_rgb
[rosmaster.master][INFO] 2020-09-01 08:39:43,788: +PARAM [/camera/camera_rgb/camera_info_url] by /camera/camera_rgb
[rosmaster.master][INFO] 2020-09-01 08:39:43,790: +PARAM [/camera/camera_rgb/scanning_mode] by /camera/camera_rgb
[rosmaster.master][INFO] 2020-09-01 08:39:43,791: +PARAM [/camera/camera_rgb/auto_exposure] by /camera/camera_rgb
[rosmaster.master][INFO] 2020-09-01 08:39:43,792: +PARAM [/camera/camera_rgb/auto_exposure_priority] by /camera/camera_rgb
[rosmaster.master][INFO] 2020-09-01 08:39:43,794: +PARAM [/camera/camera_rgb/exposure_absolute] by /camera/camera_rgb
[rosmaster.master][INFO] 2020-09-01 08:39:43,795: +PARAM [/camera/camera_rgb/iris_absolute] by /camera/camera_rgb
[rosmaster.master][INFO] 2020-09-01 08:39:43,796: +PARAM [/camera/camera_rgb/auto_focus] by /camera/camera_rgb
[rosmaster.master][INFO] 2020-09-01 08:39:43,797: +PARAM [/camera/camera_rgb/focus_absolute] by /camera/camera_rgb
[rosmaster.master][INFO] 2020-09-01 08:39:43,799: +PARAM [/camera/camera_rgb/pan_absolute] by /camera/camera_rgb
[rosmaster.master][INFO] 2020-09-01 08:39:43,800: +PARAM [/camera/camera_rgb/tilt_absolute] by /camera/camera_rgb
[rosmaster.master][INFO] 2020-09-01 08:39:43,801: +PARAM [/camera/camera_rgb/roll_absolute] by /camera/camera_rgb
[rosmaster.master][INFO] 2020-09-01 08:39:43,802: +PARAM [/camera/camera_rgb/privacy] by /camera/camera_rgb
[rosmaster.master][INFO] 2020-09-01 08:39:43,803: +PARAM [/camera/camera_rgb/backlight_compensation] by /camera/camera_rgb
[rosmaster.master][INFO] 2020-09-01 08:39:43,805: +PARAM [/camera/camera_rgb/brightness] by /camera/camera_rgb
[rosmaster.master][INFO] 2020-09-01 08:39:43,806: +PARAM [/camera/camera_rgb/contrast] by /camera/camera_rgb
[rosmaster.master][INFO] 2020-09-01 08:39:43,807: +PARAM [/camera/camera_rgb/gain] by /camera/camera_rgb
[rosmaster.master][INFO] 2020-09-01 08:39:43,808: +PARAM [/camera/camera_rgb/power_line_frequency] by /camera/camera_rgb
[rosmaster.master][INFO] 2020-09-01 08:39:43,810: +PARAM [/camera/camera_rgb/auto_hue] by /camera/camera_rgb
[rosmaster.master][INFO] 2020-09-01 08:39:43,811: +PARAM [/camera/camera_rgb/hue] by /camera/camera_rgb
[rosmaster.master][INFO] 2020-09-01 08:39:43,812: +PARAM [/camera/camera_rgb/saturation] by /camera/camera_rgb
[rosmaster.master][INFO] 2020-09-01 08:39:43,814: +PARAM [/camera/camera_rgb/sharpness] by /camera/camera_rgb
[rosmaster.master][INFO] 2020-09-01 08:39:43,815: +PARAM [/camera/camera_rgb/gamma] by /camera/camera_rgb
[rosmaster.master][INFO] 2020-09-01 08:39:43,816: +PARAM [/camera/camera_rgb/auto_white_balance] by /camera/camera_rgb
[rosmaster.master][INFO] 2020-09-01 08:39:43,817: +PARAM [/camera/camera_rgb/white_balance_temperature] by /camera/camera_rgb
[rosmaster.master][INFO] 2020-09-01 08:39:43,819: +PARAM [/camera/camera_rgb/white_balance_BU] by /camera/camera_rgb
[rosmaster.master][INFO] 2020-09-01 08:39:43,820: +PARAM [/camera/camera_rgb/white_balance_RV] by /camera/camera_rgb
[rosmaster.master][INFO] 2020-09-01 08:40:05,232: +PUB [/rosout] /rqt_gui_cpp_node_3980 http://192.168.1.12:40293/
[rosmaster.master][INFO] 2020-09-01 08:40:05,254: +SERVICE [/rqt_gui_cpp_node_3980/get_loggers] /rqt_gui_cpp_node_3980 http://192.168.1.12:40293/
[rosmaster.master][INFO] 2020-09-01 08:40:05,256: publisherUpdate[/rosout] -> http://ubuntu:33317/ ['http://ubuntu:41543/', 'http://ubuntu:33063/', 'http://ubuntu:44343/', 'http://ubuntu:41309/', 'http://ubuntu:44735/', 'http://ubuntu:35843/', 'http://ubuntu:36459/', 'http://ubuntu:45165/', 'http://ubuntu:36033/', 'http://ubuntu:37073/', 'http://ubuntu:33427/', 'http://ubuntu:44585/', 'http://ubuntu:46195/', 'http://ubuntu:40817/', 'http://ubuntu:32971/', 'http://ubuntu:45547/', 'http://192.168.1.12:40293/']
[rosmaster.master][INFO] 2020-09-01 08:40:05,260: +SERVICE [/rqt_gui_cpp_node_3980/set_logger_level] /rqt_gui_cpp_node_3980 http://192.168.1.12:40293/
[rosmaster.master][INFO] 2020-09-01 08:40:05,262: publisherUpdate[/rosout] -> http://ubuntu:33317/ ['http://ubuntu:41543/', 'http://ubuntu:33063/', 'http://ubuntu:44343/', 'http://ubuntu:41309/', 'http://ubuntu:44735/', 'http://ubuntu:35843/', 'http://ubuntu:36459/', 'http://ubuntu:45165/', 'http://ubuntu:36033/', 'http://ubuntu:37073/', 'http://ubuntu:33427/', 'http://ubuntu:44585/', 'http://ubuntu:46195/', 'http://ubuntu:40817/', 'http://ubuntu:32971/', 'http://ubuntu:45547/', 'http://192.168.1.12:40293/']: sec=0.01, result=[1, '', 0]
[rosmaster.master][INFO] 2020-09-01 08:40:05,490: +SUB [/camera/rgb/image_raw/compressed] /rqt_gui_cpp_node_3980 http://192.168.1.12:40293/
[rosmaster.master][INFO] 2020-09-01 08:40:16,487: -SUB [/camera/rgb/image_raw/compressed] /rqt_gui_cpp_node_3980 http://192.168.1.12:40293/
[rosmaster.master][INFO] 2020-09-01 08:40:16,605: +SUB [/camera/rgb/image_raw/compressed] /rqt_gui_cpp_node_3980 http://192.168.1.12:40293/
[rosmaster.master][INFO] 2020-09-01 08:40:18,240: -SUB [/camera/rgb/image_raw/compressed] /rqt_gui_cpp_node_3980 http://192.168.1.12:40293/
[rosmaster.master][INFO] 2020-09-01 08:40:18,310: +SUB [/camera/rgb/image_raw/compressed] /rqt_gui_cpp_node_3980 http://192.168.1.12:40293/
[rosmaster.master][INFO] 2020-09-01 08:40:23,535: -SUB [/camera/rgb/image_raw/compressed] /rqt_gui_cpp_node_3980 http://192.168.1.12:40293/
[rosmaster.master][INFO] 2020-09-01 08:40:23,584: +SUB [/camera/ir/image] /rqt_gui_cpp_node_3980 http://192.168.1.12:40293/
[rosmaster.master][INFO] 2020-09-01 08:40:31,176: -SUB [/camera/ir/image] /rqt_gui_cpp_node_3980 http://192.168.1.12:40293/
[rosmaster.master][INFO] 2020-09-01 08:40:31,226: +SUB [/camera/ir/image] /rqt_gui_cpp_node_3980 http://192.168.1.12:40293/
[rosmaster.master][INFO] 2020-09-01 08:40:42,071: -SUB [/camera/ir/image] /rqt_gui_cpp_node_3980 http://192.168.1.12:40293/
[rosmaster.master][INFO] 2020-09-01 08:40:44,115: -PUB [/camera/depth_registered/image] /camera/camera_nodelet_manager http://ubuntu:44343/
[rosmaster.master][INFO] 2020-09-01 08:40:44,133: -PUB [/camera/depth_registered_rectify_depth/parameter_descriptions] /camera/camera_nodelet_manager http://ubuntu:44343/
[rosmaster.master][INFO] 2020-09-01 08:40:44,150: -PUB [/camera/depth_registered_rectify_depth/parameter_updates] /camera/camera_nodelet_manager http://ubuntu:44343/
[rosmaster.master][INFO] 2020-09-01 08:40:44,153: -SERVICE [/camera/depth_registered_rectify_depth/set_parameters] /camera/camera_nodelet_manager rosrpc://ubuntu:44331
[rosmaster.master][INFO] 2020-09-01 08:40:44,158: -PUB [/camera/depth_registered/hw_registered/image_rect_raw] /camera/camera_nodelet_manager http://ubuntu:44343/
[rosmaster.master][INFO] 2020-09-01 08:40:44,160: -PUB [/camera/depth/points] /camera/camera_nodelet_manager http://ubuntu:44343/
[rosmaster.master][INFO] 2020-09-01 08:40:44,163: -PUB [/camera/depth/image] /camera/camera_nodelet_manager http://ubuntu:44343/
[rosmaster.master][INFO] 2020-09-01 08:40:44,170: -PUB [/camera/depth_registered/points] /camera/camera_nodelet_manager http://ubuntu:44343/
[rosmaster.master][INFO] 2020-09-01 08:40:44,187: -PUB [/camera/depth_registered/hw_registered/image_rect] /camera/camera_nodelet_manager http://ubuntu:44343/
[rosmaster.master][INFO] 2020-09-01 08:40:44,219: -PUB [/rosout] /camera_base_link1 http://ubuntu:32971/
[rosmaster.master][INFO] 2020-09-01 08:40:44,221: -PUB [/rosout] /camera_base_link2 http://ubuntu:40817/
[rosmaster.master][INFO] 2020-09-01 08:40:44,223: -PUB [/tf_static] /camera_base_link1 http://ubuntu:32971/
[rosmaster.master][INFO] 2020-09-01 08:40:44,226: -PUB [/rosout] /camera_base_link http://ubuntu:46195/
[rosmaster.master][INFO] 2020-09-01 08:40:44,227: -PUB [/rosout] /camera/depth_registered_metric http://ubuntu:44585/
[rosmaster.master][INFO] 2020-09-01 08:40:44,229: -PUB [/tf_static] /camera_base_link2 http://ubuntu:40817/
[rosmaster.master][INFO] 2020-09-01 08:40:44,231: -PUB [/rosout] /camera_base_link3 http://ubuntu:45547/
[rosmaster.master][INFO] 2020-09-01 08:40:44,231: -SERVICE [/camera_base_link1/get_loggers] /camera_base_link1 rosrpc://ubuntu:35701
[rosmaster.master][INFO] 2020-09-01 08:40:44,233: -PUB [/tf_static] /camera_base_link http://ubuntu:46195/
[rosmaster.master][INFO] 2020-09-01 08:40:44,234: -SERVICE [/camera/depth_registered_metric/get_loggers] /camera/depth_registered_metric rosrpc://ubuntu:37209
[rosmaster.master][INFO] 2020-09-01 08:40:44,236: -SERVICE [/camera_base_link2/get_loggers] /camera_base_link2 rosrpc://ubuntu:32929
[rosmaster.master][INFO] 2020-09-01 08:40:44,236: publisherUpdate[/rosout] -> http://ubuntu:33317/ ['http://ubuntu:41543/', 'http://ubuntu:33063/', 'http://ubuntu:44343/', 'http://ubuntu:41309/', 'http://ubuntu:44735/', 'http://ubuntu:35843/', 'http://ubuntu:36459/', 'http://ubuntu:45165/', 'http://ubuntu:36033/', 'http://ubuntu:37073/', 'http://ubuntu:33427/', 'http://ubuntu:44585/', 'http://ubuntu:46195/', 'http://ubuntu:40817/', 'http://ubuntu:45547/', 'http://192.168.1.12:40293/']
[rosmaster.master][INFO] 2020-09-01 08:40:44,237: -PUB [/tf_static] /camera_base_link3 http://ubuntu:45547/
[rosmaster.master][INFO] 2020-09-01 08:40:44,240: publisherUpdate[/rosout] -> http://ubuntu:33317/ ['http://ubuntu:41543/', 'http://ubuntu:33063/', 'http://ubuntu:44343/', 'http://ubuntu:41309/', 'http://ubuntu:44735/', 'http://ubuntu:35843/', 'http://ubuntu:36459/', 'http://ubuntu:45165/', 'http://ubuntu:36033/', 'http://ubuntu:37073/', 'http://ubuntu:33427/', 'http://ubuntu:44585/', 'http://ubuntu:46195/', 'http://ubuntu:40817/', 'http://ubuntu:45547/', 'http://192.168.1.12:40293/']: sec=0.00, result=[1, '', 0]
[rosmaster.master][INFO] 2020-09-01 08:40:44,241: -SERVICE [/camera_base_link1/set_logger_level] /camera_base_link1 rosrpc://ubuntu:35701
[rosmaster.master][INFO] 2020-09-01 08:40:44,242: publisherUpdate[/rosout] -> http://ubuntu:33317/ ['http://ubuntu:41543/', 'http://ubuntu:33063/', 'http://ubuntu:44343/', 'http://ubuntu:41309/', 'http://ubuntu:44735/', 'http://ubuntu:35843/', 'http://ubuntu:36459/', 'http://ubuntu:45165/', 'http://ubuntu:36033/', 'http://ubuntu:37073/', 'http://ubuntu:33427/', 'http://ubuntu:44585/', 'http://ubuntu:46195/', 'http://ubuntu:45547/', 'http://192.168.1.12:40293/']
[rosmaster.master][INFO] 2020-09-01 08:40:44,243: -SERVICE [/camera_base_link/get_loggers] /camera_base_link rosrpc://ubuntu:55133
[rosmaster.master][INFO] 2020-09-01 08:40:44,245: -SERVICE [/camera/depth_registered_metric/set_logger_level] /camera/depth_registered_metric rosrpc://ubuntu:37209
[rosmaster.master][INFO] 2020-09-01 08:40:44,246: publisherUpdate[/rosout] -> http://ubuntu:33317/ ['http://ubuntu:41543/', 'http://ubuntu:33063/', 'http://ubuntu:44343/', 'http://ubuntu:41309/', 'http://ubuntu:44735/', 'http://ubuntu:35843/', 'http://ubuntu:36459/', 'http://ubuntu:45165/', 'http://ubuntu:36033/', 'http://ubuntu:37073/', 'http://ubuntu:33427/', 'http://ubuntu:44585/', 'http://ubuntu:46195/', 'http://ubuntu:45547/', 'http://192.168.1.12:40293/']: sec=0.00, result=[1, '', 0]
[rosmaster.master][INFO] 2020-09-01 08:40:44,246: -SERVICE [/camera_base_link2/set_logger_level] /camera_base_link2 rosrpc://ubuntu:32929
[rosmaster.master][INFO] 2020-09-01 08:40:44,247: publisherUpdate[/rosout] -> http://ubuntu:33317/ ['http://ubuntu:41543/', 'http://ubuntu:33063/', 'http://ubuntu:44343/', 'http://ubuntu:41309/', 'http://ubuntu:44735/', 'http://ubuntu:35843/', 'http://ubuntu:36459/', 'http://ubuntu:45165/', 'http://ubuntu:36033/', 'http://ubuntu:37073/', 'http://ubuntu:33427/', 'http://ubuntu:44585/', 'http://ubuntu:45547/', 'http://192.168.1.12:40293/']
[rosmaster.master][INFO] 2020-09-01 08:40:44,247: -SERVICE [/camera_base_link3/get_loggers] /camera_base_link3 rosrpc://ubuntu:53623
[rosmaster.master][INFO] 2020-09-01 08:40:44,250: publisherUpdate[/rosout] -> http://ubuntu:33317/ ['http://ubuntu:41543/', 'http://ubuntu:33063/', 'http://ubuntu:44343/', 'http://ubuntu:41309/', 'http://ubuntu:44735/', 'http://ubuntu:35843/', 'http://ubuntu:36459/', 'http://ubuntu:45165/', 'http://ubuntu:36033/', 'http://ubuntu:37073/', 'http://ubuntu:33427/', 'http://ubuntu:44585/', 'http://ubuntu:45547/', 'http://192.168.1.12:40293/']: sec=0.00, result=[1, '', 0]
[rosmaster.master][INFO] 2020-09-01 08:40:44,250: -SERVICE [/camera_base_link/set_logger_level] /camera_base_link rosrpc://ubuntu:55133
[rosmaster.master][INFO] 2020-09-01 08:40:44,251: publisherUpdate[/rosout] -> http://ubuntu:33317/ ['http://ubuntu:41543/', 'http://ubuntu:33063/', 'http://ubuntu:44343/', 'http://ubuntu:41309/', 'http://ubuntu:44735/', 'http://ubuntu:35843/', 'http://ubuntu:36459/', 'http://ubuntu:45165/', 'http://ubuntu:36033/', 'http://ubuntu:37073/', 'http://ubuntu:33427/', 'http://ubuntu:45547/', 'http://192.168.1.12:40293/']
[rosmaster.master][INFO] 2020-09-01 08:40:44,252: -SERVICE [/camera_base_link3/set_logger_level] /camera_base_link3 rosrpc://ubuntu:53623
[rosmaster.master][INFO] 2020-09-01 08:40:44,256: publisherUpdate[/rosout] -> http://ubuntu:33317/ ['http://ubuntu:41543/', 'http://ubuntu:33063/', 'http://ubuntu:44343/', 'http://ubuntu:41309/', 'http://ubuntu:44735/', 'http://ubuntu:35843/', 'http://ubuntu:36459/', 'http://ubuntu:45165/', 'http://ubuntu:36033/', 'http://ubuntu:37073/', 'http://ubuntu:33427/', 'http://ubuntu:45547/', 'http://192.168.1.12:40293/']: sec=0.00, result=[1, '', 0]
[rosmaster.master][INFO] 2020-09-01 08:40:44,257: publisherUpdate[/rosout] -> http://ubuntu:33317/ ['http://ubuntu:41543/', 'http://ubuntu:33063/', 'http://ubuntu:44343/', 'http://ubuntu:41309/', 'http://ubuntu:44735/', 'http://ubuntu:35843/', 'http://ubuntu:36459/', 'http://ubuntu:45165/', 'http://ubuntu:36033/', 'http://ubuntu:37073/', 'http://ubuntu:33427/', 'http://192.168.1.12:40293/']
[rosmaster.master][INFO] 2020-09-01 08:40:44,260: publisherUpdate[/rosout] -> http://ubuntu:33317/ ['http://ubuntu:41543/', 'http://ubuntu:33063/', 'http://ubuntu:44343/', 'http://ubuntu:41309/', 'http://ubuntu:44735/', 'http://ubuntu:35843/', 'http://ubuntu:36459/', 'http://ubuntu:45165/', 'http://ubuntu:36033/', 'http://ubuntu:37073/', 'http://ubuntu:33427/', 'http://192.168.1.12:40293/']: sec=0.00, result=[1, '', 0]
[rosmaster.master][INFO] 2020-09-01 08:40:44,323: -PUB [/rosout] /camera/depth_points http://ubuntu:36033/
[rosmaster.master][INFO] 2020-09-01 08:40:44,325: -PUB [/rosout] /camera/depth_registered_hw_metric_rect http://ubuntu:33427/
[rosmaster.master][INFO] 2020-09-01 08:40:44,326: -SERVICE [/camera/depth_points/get_loggers] /camera/depth_points rosrpc://ubuntu:52901
[rosmaster.master][INFO] 2020-09-01 08:40:44,328: -SERVICE [/camera/depth_registered_hw_metric_rect/get_loggers] /camera/depth_registered_hw_metric_rect rosrpc://ubuntu:55379
[rosmaster.master][INFO] 2020-09-01 08:40:44,331: -SERVICE [/camera/depth_points/set_logger_level] /camera/depth_points rosrpc://ubuntu:52901
[rosmaster.master][INFO] 2020-09-01 08:40:44,336: -PUB [/rosout] /camera/points_xyzrgb_hw_registered http://ubuntu:37073/
[rosmaster.master][INFO] 2020-09-01 08:40:44,337: -SERVICE [/camera/depth_registered_hw_metric_rect/set_logger_level] /camera/depth_registered_hw_metric_rect rosrpc://ubuntu:55379
[rosmaster.master][INFO] 2020-09-01 08:40:44,339: -SERVICE [/camera/points_xyzrgb_hw_registered/get_loggers] /camera/points_xyzrgb_hw_registered rosrpc://ubuntu:50183
[rosmaster.master][INFO] 2020-09-01 08:40:44,341: -SERVICE [/camera/points_xyzrgb_hw_registered/set_logger_level] /camera/points_xyzrgb_hw_registered rosrpc://ubuntu:50183
[rosmaster.master][INFO] 2020-09-01 08:40:44,358: -PUB [/rosout] /camera/depth_registered_rectify_depth http://ubuntu:45165/
[rosmaster.master][INFO] 2020-09-01 08:40:44,360: -PUB [/rosout] /camera/depth_metric http://ubuntu:36459/
[rosmaster.master][INFO] 2020-09-01 08:40:44,361: -SERVICE [/camera/depth_registered_rectify_depth/get_loggers] /camera/depth_registered_rectify_depth rosrpc://ubuntu:47053
[rosmaster.master][INFO] 2020-09-01 08:40:44,361: publisherUpdate[/rosout] -> http://ubuntu:33317/ ['http://ubuntu:41543/', 'http://ubuntu:33063/', 'http://ubuntu:44343/', 'http://ubuntu:41309/', 'http://ubuntu:44735/', 'http://ubuntu:35843/', 'http://ubuntu:36459/', 'http://ubuntu:45165/', 'http://ubuntu:37073/', 'http://ubuntu:33427/', 'http://192.168.1.12:40293/']
[rosmaster.master][INFO] 2020-09-01 08:40:44,362: -SERVICE [/camera/depth_metric/get_loggers] /camera/depth_metric rosrpc://ubuntu:45137
[rosmaster.master][INFO] 2020-09-01 08:40:44,365: publisherUpdate[/rosout] -> http://ubuntu:33317/ ['http://ubuntu:41543/', 'http://ubuntu:33063/', 'http://ubuntu:44343/', 'http://ubuntu:41309/', 'http://ubuntu:44735/', 'http://ubuntu:35843/', 'http://ubuntu:36459/', 'http://ubuntu:45165/', 'http://ubuntu:37073/', 'http://ubuntu:33427/', 'http://192.168.1.12:40293/']: sec=0.00, result=[1, '', 0]
[rosmaster.master][INFO] 2020-09-01 08:40:44,365: -SERVICE [/camera/depth_registered_rectify_depth/set_logger_level] /camera/depth_registered_rectify_depth rosrpc://ubuntu:47053
[rosmaster.master][INFO] 2020-09-01 08:40:44,366: publisherUpdate[/rosout] -> http://ubuntu:33317/ ['http://ubuntu:41543/', 'http://ubuntu:33063/', 'http://ubuntu:44343/', 'http://ubuntu:41309/', 'http://ubuntu:44735/', 'http://ubuntu:35843/', 'http://ubuntu:36459/', 'http://ubuntu:45165/', 'http://ubuntu:37073/', 'http://192.168.1.12:40293/']
[rosmaster.master][INFO] 2020-09-01 08:40:44,367: -SERVICE [/camera/depth_metric/set_logger_level] /camera/depth_metric rosrpc://ubuntu:45137
[rosmaster.master][INFO] 2020-09-01 08:40:44,369: publisherUpdate[/rosout] -> http://ubuntu:33317/ ['http://ubuntu:41543/', 'http://ubuntu:33063/', 'http://ubuntu:44343/', 'http://ubuntu:41309/', 'http://ubuntu:44735/', 'http://ubuntu:35843/', 'http://ubuntu:36459/', 'http://ubuntu:45165/', 'http://ubuntu:37073/', 'http://192.168.1.12:40293/']: sec=0.00, result=[1, '', 0]
[rosmaster.master][INFO] 2020-09-01 08:40:44,369: publisherUpdate[/rosout] -> http://ubuntu:33317/ ['http://ubuntu:41543/', 'http://ubuntu:33063/', 'http://ubuntu:44343/', 'http://ubuntu:41309/', 'http://ubuntu:44735/', 'http://ubuntu:35843/', 'http://ubuntu:36459/', 'http://ubuntu:45165/', 'http://192.168.1.12:40293/']
[rosmaster.master][INFO] 2020-09-01 08:40:44,372: publisherUpdate[/rosout] -> http://ubuntu:33317/ ['http://ubuntu:41543/', 'http://ubuntu:33063/', 'http://ubuntu:44343/', 'http://ubuntu:41309/', 'http://ubuntu:44735/', 'http://ubuntu:35843/', 'http://ubuntu:36459/', 'http://ubuntu:45165/', 'http://192.168.1.12:40293/']: sec=0.00, result=[1, '', 0]
[rosmaster.master][INFO] 2020-09-01 08:40:44,372: publisherUpdate[/rosout] -> http://ubuntu:33317/ ['http://ubuntu:41543/', 'http://ubuntu:33063/', 'http://ubuntu:44343/', 'http://ubuntu:41309/', 'http://ubuntu:44735/', 'http://ubuntu:35843/', 'http://ubuntu:36459/', 'http://192.168.1.12:40293/']
[rosmaster.master][INFO] 2020-09-01 08:40:44,374: publisherUpdate[/rosout] -> http://ubuntu:33317/ ['http://ubuntu:41543/', 'http://ubuntu:33063/', 'http://ubuntu:44343/', 'http://ubuntu:41309/', 'http://ubuntu:44735/', 'http://ubuntu:35843/', 'http://ubuntu:36459/', 'http://192.168.1.12:40293/']: sec=0.00, result=[1, '', 0]
[rosmaster.master][INFO] 2020-09-01 08:40:44,374: publisherUpdate[/rosout] -> http://ubuntu:33317/ ['http://ubuntu:41543/', 'http://ubuntu:33063/', 'http://ubuntu:44343/', 'http://ubuntu:41309/', 'http://ubuntu:44735/', 'http://ubuntu:35843/', 'http://192.168.1.12:40293/']
[rosmaster.master][INFO] 2020-09-01 08:40:44,379: publisherUpdate[/rosout] -> http://ubuntu:33317/ ['http://ubuntu:41543/', 'http://ubuntu:33063/', 'http://ubuntu:44343/', 'http://ubuntu:41309/', 'http://ubuntu:44735/', 'http://ubuntu:35843/', 'http://192.168.1.12:40293/']: sec=0.00, result=[1, '', 0]
[rosmaster.master][INFO] 2020-09-01 08:40:44,410: -PUB [/camera/depth/image_rect] /camera/camera_nodelet_manager http://ubuntu:44343/
[rosmaster.master][INFO] 2020-09-01 08:40:44,423: -PUB [/camera/depth_rectify_depth/parameter_descriptions] /camera/camera_nodelet_manager http://ubuntu:44343/
[rosmaster.master][INFO] 2020-09-01 08:40:44,428: -PUB [/camera/depth_rectify_depth/parameter_updates] /camera/camera_nodelet_manager http://ubuntu:44343/
[rosmaster.master][INFO] 2020-09-01 08:40:44,439: -SERVICE [/camera/depth_rectify_depth/set_parameters] /camera/camera_nodelet_manager rosrpc://ubuntu:44331
[rosmaster.master][INFO] 2020-09-01 08:40:44,442: -PUB [/camera/depth/image_rect_raw] /camera/camera_nodelet_manager http://ubuntu:44343/
[rosmaster.master][INFO] 2020-09-01 08:40:44,553: -PUB [/rosout] /camera/camera_nodelet_manager http://ubuntu:44343/
[rosmaster.master][INFO] 2020-09-01 08:40:44,554: -PUB [/camera/driver/parameter_descriptions] /camera/camera_nodelet_manager http://ubuntu:44343/
[rosmaster.master][INFO] 2020-09-01 08:40:44,555: -PUB [/camera/driver/parameter_updates] /camera/camera_nodelet_manager http://ubuntu:44343/
[rosmaster.master][INFO] 2020-09-01 08:40:44,557: -PUB [/camera/ir/image] /camera/camera_nodelet_manager http://ubuntu:44343/
[rosmaster.master][INFO] 2020-09-01 08:40:44,558: -PUB [/camera/ir/camera_info] /camera/camera_nodelet_manager http://ubuntu:44343/
[rosmaster.master][INFO] 2020-09-01 08:40:44,559: -PUB [/camera/depth/image_raw] /camera/camera_nodelet_manager http://ubuntu:44343/
[rosmaster.master][INFO] 2020-09-01 08:40:44,561: -PUB [/rosout] /camera/depth_metric_rect http://ubuntu:35843/
[rosmaster.master][INFO] 2020-09-01 08:40:44,563: -SERVICE [/camera/depth_metric_rect/get_loggers] /camera/depth_metric_rect rosrpc://ubuntu:38665
[rosmaster.master][INFO] 2020-09-01 08:40:44,564: -SERVICE [/camera/depth_metric_rect/set_logger_level] /camera/depth_metric_rect rosrpc://ubuntu:38665
[rosmaster.master][INFO] 2020-09-01 08:40:44,565: -PUB [/camera/depth/camera_info] /camera/camera_nodelet_manager http://ubuntu:44343/
[rosmaster.master][INFO] 2020-09-01 08:40:44,567: -PUB [/camera/depth_registered/image_raw] /camera/camera_nodelet_manager http://ubuntu:44343/
[rosmaster.master][INFO] 2020-09-01 08:40:44,568: -PUB [/camera/depth_registered/camera_info] /camera/camera_nodelet_manager http://ubuntu:44343/
[rosmaster.master][INFO] 2020-09-01 08:40:44,569: -PUB [/camera/projector/camera_info] /camera/camera_nodelet_manager http://ubuntu:44343/
[rosmaster.master][INFO] 2020-09-01 08:40:44,570: -PUB [/camera/camera_nodelet_manager/bond] /camera/camera_nodelet_manager http://ubuntu:44343/
[rosmaster.master][INFO] 2020-09-01 08:40:44,573: -PUB [/camera/rgb_rectify_color/parameter_descriptions] /camera/camera_nodelet_manager http://ubuntu:44343/
[rosmaster.master][INFO] 2020-09-01 08:40:44,576: -PUB [/camera/rgb_rectify_color/parameter_updates] /camera/camera_nodelet_manager http://ubuntu:44343/
[rosmaster.master][INFO] 2020-09-01 08:40:44,577: publisherUpdate[/rosout] -> http://ubuntu:33317/ ['http://ubuntu:41543/', 'http://ubuntu:33063/', 'http://ubuntu:41309/', 'http://ubuntu:44735/', 'http://ubuntu:35843/', 'http://192.168.1.12:40293/']
[rosmaster.master][INFO] 2020-09-01 08:40:44,577: publisherUpdate[/camera/camera_nodelet_manager/bond] -> http://ubuntu:44343/ ['http://ubuntu:33063/']
[rosmaster.master][INFO] 2020-09-01 08:40:44,578: -PUB [/rosout] /camera/depth_rectify_depth http://ubuntu:41309/
[rosmaster.master][INFO] 2020-09-01 08:40:44,581: publisherUpdate[/rosout] -> http://ubuntu:33317/ ['http://ubuntu:41543/', 'http://ubuntu:33063/', 'http://ubuntu:41309/', 'http://ubuntu:44735/', 'http://ubuntu:35843/', 'http://192.168.1.12:40293/']: sec=0.00, result=[1, '', 0]
[rosmaster.master][INFO] 2020-09-01 08:40:44,581: publisherUpdate[/camera/camera_nodelet_manager/bond] -> http://ubuntu:33063/ ['http://ubuntu:33063/']
[rosmaster.master][INFO] 2020-09-01 08:40:44,582: -PUB [/camera/rgb/image_rect_color] /camera/camera_nodelet_manager http://ubuntu:44343/
[rosmaster.master][INFO] 2020-09-01 08:40:44,582: publisherUpdate[/rosout] -> http://ubuntu:33317/ ['http://ubuntu:41543/', 'http://ubuntu:33063/', 'http://ubuntu:41309/', 'http://ubuntu:44735/', 'http://192.168.1.12:40293/']
[rosmaster.master][INFO] 2020-09-01 08:40:44,583: publisherUpdate[/camera/camera_nodelet_manager/bond] -> http://ubuntu:44343/ ['http://ubuntu:33063/']: sec=0.00, exception=<Fault -1: 'publisherUpdate: unknown method name'>
[rosmaster.master][INFO] 2020-09-01 08:40:44,586: -SERVICE [/camera/depth_rectify_depth/get_loggers] /camera/depth_rectify_depth rosrpc://ubuntu:51239
[rosmaster.master][INFO] 2020-09-01 08:40:44,587: publisherUpdate[/camera/camera_nodelet_manager/bond] -> http://ubuntu:33063/ ['http://ubuntu:33063/']: sec=0.00, result=[1, '', 0]
[rosmaster.master][INFO] 2020-09-01 08:40:44,589: publisherUpdate[/rosout] -> http://ubuntu:33317/ ['http://ubuntu:41543/', 'http://ubuntu:33063/', 'http://ubuntu:41309/', 'http://ubuntu:44735/', 'http://192.168.1.12:40293/']: sec=0.00, result=[1, '', 0]
[rosmaster.master][INFO] 2020-09-01 08:40:44,589: -SUB [/camera/camera_nodelet_manager/bond] /camera/camera_nodelet_manager http://ubuntu:44343/
[rosmaster.master][INFO] 2020-09-01 08:40:44,591: publisherUpdate[/rosout] -> http://ubuntu:33317/ ['http://ubuntu:41543/', 'http://ubuntu:33063/', 'http://ubuntu:44735/', 'http://192.168.1.12:40293/']
[rosmaster.master][INFO] 2020-09-01 08:40:44,593: -SERVICE [/camera/depth_rectify_depth/set_logger_level] /camera/depth_rectify_depth rosrpc://ubuntu:51239
[rosmaster.master][INFO] 2020-09-01 08:40:44,595: -SERVICE [/camera/camera_nodelet_manager/get_loggers] /camera/camera_nodelet_manager rosrpc://ubuntu:44331
[rosmaster.master][INFO] 2020-09-01 08:40:44,596: publisherUpdate[/rosout] -> http://ubuntu:33317/ ['http://ubuntu:41543/', 'http://ubuntu:33063/', 'http://ubuntu:44735/', 'http://192.168.1.12:40293/']: sec=0.00, result=[1, '', 0]
[rosmaster.master][INFO] 2020-09-01 08:40:44,598: -SERVICE [/camera/camera_nodelet_manager/set_logger_level] /camera/camera_nodelet_manager rosrpc://ubuntu:44331
[rosmaster.threadpool][ERROR] 2020-09-01 08:40:44,599: Traceback (most recent call last):
  File "/opt/ros/melodic/lib/python2.7/dist-packages/rosmaster/threadpool.py", line 218, in run
    result = cmd(*args)
  File "/opt/ros/melodic/lib/python2.7/dist-packages/rosmaster/master_api.py", line 210, in publisher_update_task
    ret = xmlrpcapi(api).publisherUpdate('/master', topic, pub_uris)
  File "/usr/lib/python2.7/xmlrpclib.py", line 1243, in __call__
    return self.__send(self.__name, args)
  File "/usr/lib/python2.7/xmlrpclib.py", line 1602, in __request
    verbose=self.__verbose
  File "/usr/lib/python2.7/xmlrpclib.py", line 1283, in request
    return self.single_request(host, handler, request_body, verbose)
  File "/usr/lib/python2.7/xmlrpclib.py", line 1316, in single_request
    return self.parse_response(response)
  File "/usr/lib/python2.7/xmlrpclib.py", line 1493, in parse_response
    return u.close()
  File "/usr/lib/python2.7/xmlrpclib.py", line 800, in close
    raise Fault(**self._stack[0])
Fault: <Fault -1: 'publisherUpdate: unknown method name'>

[rosmaster.master][INFO] 2020-09-01 08:40:44,600: -SERVICE [/camera/camera_nodelet_manager/load_nodelet] /camera/camera_nodelet_manager rosrpc://ubuntu:44331
[rosmaster.master][INFO] 2020-09-01 08:40:44,601: -SERVICE [/camera/camera_nodelet_manager/unload_nodelet] /camera/camera_nodelet_manager rosrpc://ubuntu:44331
[rosmaster.master][INFO] 2020-09-01 08:40:44,603: -PUB [/rosout] /camera/camera_rgb http://ubuntu:41543/
[rosmaster.master][INFO] 2020-09-01 08:40:44,604: -PUB [/camera/camera_rgb/parameter_descriptions] /camera/camera_rgb http://ubuntu:41543/
[rosmaster.master][INFO] 2020-09-01 08:40:44,606: -SERVICE [/camera/camera_nodelet_manager/list] /camera/camera_nodelet_manager rosrpc://ubuntu:44331
[rosmaster.master][INFO] 2020-09-01 08:40:44,607: -PUB [/camera/camera_rgb/parameter_updates] /camera/camera_rgb http://ubuntu:41543/
[rosmaster.master][INFO] 2020-09-01 08:40:44,608: -SERVICE [/camera/driver/set_parameters] /camera/camera_nodelet_manager rosrpc://ubuntu:44331
[rosmaster.master][INFO] 2020-09-01 08:40:44,609: -PUB [/camera/rgb/image_raw] /camera/camera_rgb http://ubuntu:41543/
[rosmaster.master][INFO] 2020-09-01 08:40:44,611: -SERVICE [/camera/rgb/set_camera_info] /camera/camera_nodelet_manager rosrpc://ubuntu:44331
[rosmaster.master][INFO] 2020-09-01 08:40:44,612: -PUB [/camera/rgb/camera_info] /camera/camera_rgb http://ubuntu:41543/
[rosmaster.master][INFO] 2020-09-01 08:40:44,613: -SERVICE [/camera/ir/set_camera_info] /camera/camera_nodelet_manager rosrpc://ubuntu:44331
[rosmaster.master][INFO] 2020-09-01 08:40:44,615: -SERVICE [/camera/camera_rgb/get_loggers] /camera/camera_rgb rosrpc://ubuntu:49277
[rosmaster.master][INFO] 2020-09-01 08:40:44,616: -SERVICE [/camera/get_serial] /camera/camera_nodelet_manager rosrpc://ubuntu:44331
[rosmaster.master][INFO] 2020-09-01 08:40:44,617: -SERVICE [/camera/camera_rgb/set_logger_level] /camera/camera_rgb rosrpc://ubuntu:49277
[rosmaster.master][INFO] 2020-09-01 08:40:44,619: -SERVICE [/camera/get_device_type] /camera/camera_nodelet_manager rosrpc://ubuntu:44331
[rosmaster.master][INFO] 2020-09-01 08:40:44,620: -SERVICE [/camera/camera_rgb/set_parameters] /camera/camera_rgb rosrpc://ubuntu:49277
[rosmaster.master][INFO] 2020-09-01 08:40:44,621: -SERVICE [/camera/get_ir_gain] /camera/camera_nodelet_manager rosrpc://ubuntu:44331
[rosmaster.master][INFO] 2020-09-01 08:40:44,622: -SERVICE [/camera/set_camera_info] /camera/camera_rgb rosrpc://ubuntu:49277
[rosmaster.master][INFO] 2020-09-01 08:40:44,625: -SERVICE [/camera/set_ir_gain] /camera/camera_nodelet_manager rosrpc://ubuntu:44331
[rosmaster.master][INFO] 2020-09-01 08:40:44,627: -SERVICE [/camera/get_uvc_exposure] /camera/camera_rgb rosrpc://ubuntu:49277
[rosmaster.master][INFO] 2020-09-01 08:40:44,628: -SERVICE [/camera/get_ir_exposure] /camera/camera_nodelet_manager rosrpc://ubuntu:44331
[rosmaster.master][INFO] 2020-09-01 08:40:44,629: -SERVICE [/camera/set_uvc_exposure] /camera/camera_rgb rosrpc://ubuntu:49277
[rosmaster.master][INFO] 2020-09-01 08:40:44,631: -SERVICE [/camera/set_ir_exposure] /camera/camera_nodelet_manager rosrpc://ubuntu:44331
[rosmaster.master][INFO] 2020-09-01 08:40:44,632: -SERVICE [/camera/get_uvc_gain] /camera/camera_rgb rosrpc://ubuntu:49277
[rosmaster.master][INFO] 2020-09-01 08:40:44,633: -SERVICE [/camera/set_ir_flood] /camera/camera_nodelet_manager rosrpc://ubuntu:44331
[rosmaster.master][INFO] 2020-09-01 08:40:44,635: -SERVICE [/camera/set_uvc_gain] /camera/camera_rgb rosrpc://ubuntu:49277
[rosmaster.master][INFO] 2020-09-01 08:40:44,636: -SERVICE [/camera/set_laser] /camera/camera_nodelet_manager rosrpc://ubuntu:44331
[rosmaster.master][INFO] 2020-09-01 08:40:44,637: -SERVICE [/camera/get_uvc_white_balance] /camera/camera_rgb rosrpc://ubuntu:49277
[rosmaster.master][INFO] 2020-09-01 08:40:44,639: -SERVICE [/camera/set_ldp] /camera/camera_nodelet_manager rosrpc://ubuntu:44331
[rosmaster.master][INFO] 2020-09-01 08:40:44,640: -SERVICE [/camera/set_uvc_white_balance] /camera/camera_rgb rosrpc://ubuntu:49277
[rosmaster.master][INFO] 2020-09-01 08:40:44,641: -SERVICE [/camera/reset_ir_gain] /camera/camera_nodelet_manager rosrpc://ubuntu:44331
[rosmaster.master][INFO] 2020-09-01 08:40:44,643: -SERVICE [/camera/reset_ir_exposure] /camera/camera_nodelet_manager rosrpc://ubuntu:44331
[rosmaster.master][INFO] 2020-09-01 08:40:44,644: -SERVICE [/camera/get_camera_info] /camera/camera_nodelet_manager rosrpc://ubuntu:44331
[rosmaster.master][INFO] 2020-09-01 08:40:44,649: -SERVICE [/camera/rgb_rectify_color/set_parameters] /camera/camera_nodelet_manager rosrpc://ubuntu:44331
[rosmaster.master][INFO] 2020-09-01 08:40:44,691: publisherUpdate[/rosout] -> http://ubuntu:33317/ ['http://ubuntu:33063/', 'http://ubuntu:44735/', 'http://192.168.1.12:40293/']
[rosmaster.master][INFO] 2020-09-01 08:40:44,694: publisherUpdate[/rosout] -> http://ubuntu:33317/ ['http://ubuntu:33063/', 'http://ubuntu:44735/', 'http://192.168.1.12:40293/']: sec=0.00, result=[1, '', 0]
[rosmaster.master][INFO] 2020-09-01 08:40:44,778: -PUB [/rosout] /camera/rgb_rectify_color http://ubuntu:44735/
[rosmaster.master][INFO] 2020-09-01 08:40:44,780: -SERVICE [/camera/rgb_rectify_color/get_loggers] /camera/rgb_rectify_color rosrpc://ubuntu:33879
[rosmaster.master][INFO] 2020-09-01 08:40:44,781: -SERVICE [/camera/rgb_rectify_color/set_logger_level] /camera/rgb_rectify_color rosrpc://ubuntu:33879
[rosmaster.master][INFO] 2020-09-01 08:40:44,787: -PUB [/rosout] /camera/driver http://ubuntu:33063/
[rosmaster.master][INFO] 2020-09-01 08:40:44,793: -PUB [/camera/camera_nodelet_manager/bond] /camera/driver http://ubuntu:33063/
[rosmaster.master][INFO] 2020-09-01 08:40:44,794: -SUB [/camera/camera_nodelet_manager/bond] /camera/driver http://ubuntu:33063/
[rosmaster.master][INFO] 2020-09-01 08:40:44,795: publisherUpdate[/rosout] -> http://ubuntu:33317/ ['http://ubuntu:33063/', 'http://192.168.1.12:40293/']
[rosmaster.master][INFO] 2020-09-01 08:40:44,798: -SERVICE [/camera/driver/get_loggers] /camera/driver rosrpc://ubuntu:41411
[rosmaster.master][INFO] 2020-09-01 08:40:44,798: publisherUpdate[/camera/camera_nodelet_manager/bond] -> http://ubuntu:33063/ []
[rosmaster.master][INFO] 2020-09-01 08:40:44,799: publisherUpdate[/rosout] -> http://ubuntu:33317/ ['http://ubuntu:33063/', 'http://192.168.1.12:40293/']: sec=0.00, result=[1, '', 0]
[rosmaster.master][INFO] 2020-09-01 08:40:44,801: -SERVICE [/camera/driver/set_logger_level] /camera/driver rosrpc://ubuntu:41411
[rosmaster.master][INFO] 2020-09-01 08:40:44,801: publisherUpdate[/rosout] -> http://ubuntu:33317/ ['http://192.168.1.12:40293/']
[rosmaster.master][INFO] 2020-09-01 08:40:44,802: publisherUpdate[/camera/camera_nodelet_manager/bond] -> http://ubuntu:33063/ []: sec=0.00, exception=<Fault -1: 'publisherUpdate: unknown method name'>
[rosmaster.master][INFO] 2020-09-01 08:40:44,804: publisherUpdate[/rosout] -> http://ubuntu:33317/ ['http://192.168.1.12:40293/']: sec=0.00, result=[1, '', 0]
[rosmaster.threadpool][ERROR] 2020-09-01 08:40:44,805: Traceback (most recent call last):
  File "/opt/ros/melodic/lib/python2.7/dist-packages/rosmaster/threadpool.py", line 218, in run
    result = cmd(*args)
  File "/opt/ros/melodic/lib/python2.7/dist-packages/rosmaster/master_api.py", line 210, in publisher_update_task
    ret = xmlrpcapi(api).publisherUpdate('/master', topic, pub_uris)
  File "/usr/lib/python2.7/xmlrpclib.py", line 1243, in __call__
    return self.__send(self.__name, args)
  File "/usr/lib/python2.7/xmlrpclib.py", line 1602, in __request
    verbose=self.__verbose
  File "/usr/lib/python2.7/xmlrpclib.py", line 1283, in request
    return self.single_request(host, handler, request_body, verbose)
  File "/usr/lib/python2.7/xmlrpclib.py", line 1316, in single_request
    return self.parse_response(response)
  File "/usr/lib/python2.7/xmlrpclib.py", line 1493, in parse_response
    return u.close()
  File "/usr/lib/python2.7/xmlrpclib.py", line 800, in close
    raise Fault(**self._stack[0])
Fault: <Fault -1: 'publisherUpdate: unknown method name'>

[rosmaster.master][INFO] 2020-09-01 08:40:45,005: -PUB [/rosout_agg] /rosout http://ubuntu:33317/
[rosmaster.master][INFO] 2020-09-01 08:40:45,006: -SUB [/rosout] /rosout http://ubuntu:33317/
[rosmaster.master][INFO] 2020-09-01 08:40:45,008: -SERVICE [/rosout/get_loggers] /rosout rosrpc://ubuntu:48107
[rosmaster.master][INFO] 2020-09-01 08:40:45,009: -SERVICE [/rosout/set_logger_level] /rosout rosrpc://ubuntu:48107
[rosmaster.main][INFO] 2020-09-01 08:40:45,031: keyboard interrupt, will exit
[rosmaster.main][INFO] 2020-09-01 08:40:45,031: stopping master...
[rospy.core][INFO] 2020-09-01 08:40:45,032: signal_shutdown [atexit]
