[rosmaster.main][INFO] 2020-09-01 08:20:35,703: initialization complete, waiting for shutdown
[rosmaster.main][INFO] 2020-09-01 08:20:35,703: Starting ROS Master Node
[xmlrpc][INFO] 2020-09-01 08:20:35,705: XML-RPC server binding to 0.0.0.0:11311
[rosmaster.master][INFO] 2020-09-01 08:20:35,706: Master initialized: port[11311], uri[http://ubuntu:11311/]
[xmlrpc][INFO] 2020-09-01 08:20:35,706: Started XML-RPC server [http://ubuntu:11311/]
[xmlrpc][INFO] 2020-09-01 08:20:35,706: xml rpc node: starting XML-RPC server
[rosmaster.master][INFO] 2020-09-01 08:20:35,772: +PARAM [/run_id] by /roslaunch
[rosmaster.master][INFO] 2020-09-01 08:20:35,775: +PARAM [/roslaunch/uris/host_ubuntu__33147] by /roslaunch
[rosmaster.master][INFO] 2020-09-01 08:20:35,890: +PARAM [/camera/driver/auto_exposure] by /roslaunch
[rosmaster.master][INFO] 2020-09-01 08:20:35,890: +PARAM [/camera/camera_rgb/serial] by /roslaunch
[rosmaster.master][INFO] 2020-09-01 08:20:35,891: +PARAM [/camera/depth_rectify_depth/interpolation] by /roslaunch
[rosmaster.master][INFO] 2020-09-01 08:20:35,891: +PARAM [/camera/driver/depth_registration] by /roslaunch
[rosmaster.master][INFO] 2020-09-01 08:20:35,891: +PARAM [/camera/driver/devnums] by /roslaunch
[rosmaster.master][INFO] 2020-09-01 08:20:35,891: +PARAM [/camera/driver/rgb_frame_id] by /roslaunch
[rosmaster.master][INFO] 2020-09-01 08:20:35,892: +PARAM [/camera/camera_rgb/product] by /roslaunch
[rosmaster.master][INFO] 2020-09-01 08:20:35,892: +PARAM [/camera/camera_nodelet_manager/num_worker_threads] by /roslaunch
[rosmaster.master][INFO] 2020-09-01 08:20:35,892: +PARAM [/camera/camera_rgb/height] by /roslaunch
[rosmaster.master][INFO] 2020-09-01 08:20:35,892: +PARAM [/camera/driver/auto_white_balance] by /roslaunch
[rosmaster.master][INFO] 2020-09-01 08:20:35,893: +PARAM [/rosdistro] by /roslaunch
[rosmaster.master][INFO] 2020-09-01 08:20:35,893: +PARAM [/camera/driver/rgb_camera_info_url] by /roslaunch
[rosmaster.master][INFO] 2020-09-01 08:20:35,893: +PARAM [/camera/camera_rgb/vendor] by /roslaunch
[rosmaster.master][INFO] 2020-09-01 08:20:35,893: +PARAM [/camera/driver/device_id] by /roslaunch
[rosmaster.master][INFO] 2020-09-01 08:20:35,893: +PARAM [/camera/camera_rgb/width] by /roslaunch
[rosmaster.master][INFO] 2020-09-01 08:20:35,894: +PARAM [/camera/driver/depth_camera_info_url] by /roslaunch
[rosmaster.master][INFO] 2020-09-01 08:20:35,894: +PARAM [/camera/depth_registered_rectify_depth/interpolation] by /roslaunch
[rosmaster.master][INFO] 2020-09-01 08:20:35,894: +PARAM [/camera/camera_rgb/index] by /roslaunch
[rosmaster.master][INFO] 2020-09-01 08:20:35,894: +PARAM [/camera/driver/bootorder] by /roslaunch
[rosmaster.master][INFO] 2020-09-01 08:20:35,895: +PARAM [/rosversion] by /roslaunch
[rosmaster.master][INFO] 2020-09-01 08:20:35,895: +PARAM [/camera/camera_rgb/timestamp_method] by /roslaunch
[rosmaster.master][INFO] 2020-09-01 08:20:35,895: +PARAM [/camera/driver/depth_frame_id] by /roslaunch
[rosmaster.master][INFO] 2020-09-01 08:20:35,895: +PARAM [/camera/camera_rgb/camera_info_url] by /roslaunch
[rosmaster.master][INFO] 2020-09-01 08:20:35,896: +PARAM [/camera/camera_rgb/frame_rate] by /roslaunch
[rosmaster.master][INFO] 2020-09-01 08:20:35,896: +PARAM [/camera/camera_rgb/video_mode] by /roslaunch
[rosmaster.master][INFO] 2020-09-01 08:20:35,896: +PARAM [/camera/driver/color_depth_synchronization] by /roslaunch
[rosmaster.master][INFO] 2020-09-01 08:20:36,039: +SERVICE [/rosout/get_loggers] /rosout http://ubuntu:35171/
[rosmaster.master][INFO] 2020-09-01 08:20:36,041: +SERVICE [/rosout/set_logger_level] /rosout http://ubuntu:35171/
[rosmaster.master][INFO] 2020-09-01 08:20:36,055: +PUB [/rosout_agg] /rosout http://ubuntu:35171/
[rosmaster.master][INFO] 2020-09-01 08:20:36,090: +SUB [/rosout] /rosout http://ubuntu:35171/
[rosmaster.master][INFO] 2020-09-01 08:20:36,102: +PUB [/rosout] /camera/driver http://ubuntu:43051/
[rosmaster.master][INFO] 2020-09-01 08:20:36,105: publisherUpdate[/rosout] -> http://ubuntu:35171/ ['http://ubuntu:43051/']
[rosmaster.master][INFO] 2020-09-01 08:20:36,116: publisherUpdate[/rosout] -> http://ubuntu:35171/ ['http://ubuntu:43051/']: sec=0.01, result=[1, '', 0]
[rosmaster.master][INFO] 2020-09-01 08:20:36,110: +SERVICE [/camera/driver/get_loggers] /camera/driver http://ubuntu:43051/
[rosmaster.master][INFO] 2020-09-01 08:20:36,124: +PUB [/rosout] /camera/camera_rgb http://ubuntu:33309/
[rosmaster.master][INFO] 2020-09-01 08:20:36,126: +SERVICE [/camera/driver/set_logger_level] /camera/driver http://ubuntu:43051/
[rosmaster.master][INFO] 2020-09-01 08:20:36,128: +SERVICE [/camera/camera_rgb/get_loggers] /camera/camera_rgb http://ubuntu:33309/
[rosmaster.master][INFO] 2020-09-01 08:20:36,133: +SERVICE [/camera/camera_rgb/set_logger_level] /camera/camera_rgb http://ubuntu:33309/
[rosmaster.master][INFO] 2020-09-01 08:20:36,141: +PARAM [/camera/driver] by /camera/driver
[rosmaster.master][INFO] 2020-09-01 08:20:36,148: +PUB [/rosout] /camera/rgb_rectify_color http://ubuntu:38629/
[rosmaster.master][INFO] 2020-09-01 08:20:36,151: +SERVICE [/camera/rgb_rectify_color/get_loggers] /camera/rgb_rectify_color http://ubuntu:38629/
[rosmaster.master][INFO] 2020-09-01 08:20:36,153: +SERVICE [/camera/rgb_rectify_color/set_logger_level] /camera/rgb_rectify_color http://ubuntu:38629/
[rosmaster.master][INFO] 2020-09-01 08:20:36,157: +PUB [/rosout] /camera/camera_nodelet_manager http://ubuntu:38735/
[rosmaster.master][INFO] 2020-09-01 08:20:36,161: +SERVICE [/camera/camera_nodelet_manager/get_loggers] /camera/camera_nodelet_manager http://ubuntu:38735/
[rosmaster.master][INFO] 2020-09-01 08:20:36,172: +SERVICE [/camera/camera_nodelet_manager/set_logger_level] /camera/camera_nodelet_manager http://ubuntu:38735/
[rosmaster.master][INFO] 2020-09-01 08:20:36,186: +PUB [/rosout] /camera/depth_rectify_depth http://ubuntu:39341/
[rosmaster.master][INFO] 2020-09-01 08:20:36,189: +SERVICE [/camera/depth_rectify_depth/get_loggers] /camera/depth_rectify_depth http://ubuntu:39341/
[rosmaster.master][INFO] 2020-09-01 08:20:36,193: +SERVICE [/camera/depth_rectify_depth/set_logger_level] /camera/depth_rectify_depth http://ubuntu:39341/
[rosmaster.master][INFO] 2020-09-01 08:20:36,195: +SERVICE [/camera/camera_nodelet_manager/load_nodelet] /camera/camera_nodelet_manager http://ubuntu:38735/
[rosmaster.master][INFO] 2020-09-01 08:20:36,198: +SERVICE [/camera/camera_nodelet_manager/unload_nodelet] /camera/camera_nodelet_manager http://ubuntu:38735/
[rosmaster.master][INFO] 2020-09-01 08:20:36,203: +SERVICE [/camera/camera_nodelet_manager/list] /camera/camera_nodelet_manager http://ubuntu:38735/
[rosmaster.master][INFO] 2020-09-01 08:20:36,207: publisherUpdate[/rosout] -> http://ubuntu:35171/ ['http://ubuntu:43051/', 'http://ubuntu:33309/']
[rosmaster.master][INFO] 2020-09-01 08:20:36,213: publisherUpdate[/rosout] -> http://ubuntu:35171/ ['http://ubuntu:43051/', 'http://ubuntu:33309/']: sec=0.01, result=[1, '', 0]
[rosmaster.master][INFO] 2020-09-01 08:20:36,221: publisherUpdate[/rosout] -> http://ubuntu:35171/ ['http://ubuntu:43051/', 'http://ubuntu:33309/', 'http://ubuntu:38629/']
[rosmaster.master][INFO] 2020-09-01 08:20:36,224: publisherUpdate[/rosout] -> http://ubuntu:35171/ ['http://ubuntu:43051/', 'http://ubuntu:33309/', 'http://ubuntu:38629/']: sec=0.00, result=[1, '', 0]
[rosmaster.master][INFO] 2020-09-01 08:20:36,225: publisherUpdate[/rosout] -> http://ubuntu:35171/ ['http://ubuntu:43051/', 'http://ubuntu:33309/', 'http://ubuntu:38629/', 'http://ubuntu:38735/']
[rosmaster.master][INFO] 2020-09-01 08:20:36,226: +PARAM [/camera/depth_rectify_depth] by /camera/depth_rectify_depth
[rosmaster.master][INFO] 2020-09-01 08:20:36,232: +SERVICE [/camera/camera_rgb/set_parameters] /camera/camera_rgb http://ubuntu:33309/
[rosmaster.master][INFO] 2020-09-01 08:20:36,235: publisherUpdate[/rosout] -> http://ubuntu:35171/ ['http://ubuntu:43051/', 'http://ubuntu:33309/', 'http://ubuntu:38629/', 'http://ubuntu:38735/']: sec=0.01, result=[1, '', 0]
[rosmaster.master][INFO] 2020-09-01 08:20:36,236: +PUB [/rosout] /camera/depth_metric_rect http://ubuntu:33103/
[rosmaster.master][INFO] 2020-09-01 08:20:36,237: publisherUpdate[/rosout] -> http://ubuntu:35171/ ['http://ubuntu:43051/', 'http://ubuntu:33309/', 'http://ubuntu:38629/', 'http://ubuntu:38735/', 'http://ubuntu:39341/']
[rosmaster.master][INFO] 2020-09-01 08:20:36,238: +PUB [/camera/camera_rgb/parameter_descriptions] /camera/camera_rgb http://ubuntu:33309/
[rosmaster.master][INFO] 2020-09-01 08:20:36,239: +SERVICE [/camera/depth_metric_rect/get_loggers] /camera/depth_metric_rect http://ubuntu:33103/
[rosmaster.master][INFO] 2020-09-01 08:20:36,242: +SERVICE [/camera/depth_metric_rect/set_logger_level] /camera/depth_metric_rect http://ubuntu:33103/
[rosmaster.master][INFO] 2020-09-01 08:20:36,244: +PUB [/camera/camera_rgb/parameter_updates] /camera/camera_rgb http://ubuntu:33309/
[rosmaster.master][INFO] 2020-09-01 08:20:36,247: publisherUpdate[/rosout] -> http://ubuntu:35171/ ['http://ubuntu:43051/', 'http://ubuntu:33309/', 'http://ubuntu:38629/', 'http://ubuntu:38735/', 'http://ubuntu:39341/']: sec=0.01, result=[1, '', 0]
[rosmaster.master][INFO] 2020-09-01 08:20:36,254: publisherUpdate[/rosout] -> http://ubuntu:35171/ ['http://ubuntu:43051/', 'http://ubuntu:33309/', 'http://ubuntu:38629/', 'http://ubuntu:38735/', 'http://ubuntu:39341/', 'http://ubuntu:33103/']
[rosmaster.master][INFO] 2020-09-01 08:20:36,260: publisherUpdate[/rosout] -> http://ubuntu:35171/ ['http://ubuntu:43051/', 'http://ubuntu:33309/', 'http://ubuntu:38629/', 'http://ubuntu:38735/', 'http://ubuntu:39341/', 'http://ubuntu:33103/']: sec=0.00, result=[1, '', 0]
[rosmaster.master][INFO] 2020-09-01 08:20:36,317: +PUB [/rosout] /camera/depth_metric http://ubuntu:43755/
[rosmaster.master][INFO] 2020-09-01 08:20:36,320: publisherUpdate[/rosout] -> http://ubuntu:35171/ ['http://ubuntu:43051/', 'http://ubuntu:33309/', 'http://ubuntu:38629/', 'http://ubuntu:38735/', 'http://ubuntu:39341/', 'http://ubuntu:33103/', 'http://ubuntu:43755/']
[rosmaster.master][INFO] 2020-09-01 08:20:36,321: +SERVICE [/camera/depth_metric/get_loggers] /camera/depth_metric http://ubuntu:43755/
[rosmaster.master][INFO] 2020-09-01 08:20:36,330: +PARAM [/camera/camera_rgb/vendor] by /camera/camera_rgb
[rosmaster.master][INFO] 2020-09-01 08:20:36,331: +SERVICE [/camera/depth_metric/set_logger_level] /camera/depth_metric http://ubuntu:43755/
[rosmaster.master][INFO] 2020-09-01 08:20:36,335: +PARAM [/camera/camera_rgb/product] by /camera/camera_rgb
[rosmaster.master][INFO] 2020-09-01 08:20:36,337: publisherUpdate[/rosout] -> http://ubuntu:35171/ ['http://ubuntu:43051/', 'http://ubuntu:33309/', 'http://ubuntu:38629/', 'http://ubuntu:38735/', 'http://ubuntu:39341/', 'http://ubuntu:33103/', 'http://ubuntu:43755/']: sec=0.01, result=[1, '', 0]
[rosmaster.master][INFO] 2020-09-01 08:20:36,350: +PARAM [/camera/camera_rgb/serial] by /camera/camera_rgb
[rosmaster.master][INFO] 2020-09-01 08:20:36,356: +PARAM [/camera/camera_rgb/index] by /camera/camera_rgb
[rosmaster.master][INFO] 2020-09-01 08:20:36,370: +PARAM [/camera/camera_rgb/width] by /camera/camera_rgb
[rosmaster.master][INFO] 2020-09-01 08:20:36,373: +PARAM [/camera/camera_rgb/height] by /camera/camera_rgb
[rosmaster.master][INFO] 2020-09-01 08:20:36,377: +PARAM [/camera/camera_rgb/video_mode] by /camera/camera_rgb
[rosmaster.master][INFO] 2020-09-01 08:20:36,386: +PUB [/rosout] /camera/depth_points http://ubuntu:33545/
[rosmaster.master][INFO] 2020-09-01 08:20:36,401: +PARAM [/camera/camera_rgb/frame_rate] by /camera/camera_rgb
[rosmaster.master][INFO] 2020-09-01 08:20:36,406: +PARAM [/camera/camera_rgb/timestamp_method] by /camera/camera_rgb
[rosmaster.master][INFO] 2020-09-01 08:20:36,409: +PARAM [/camera/camera_rgb/frame_id] by /camera/camera_rgb
[rosmaster.master][INFO] 2020-09-01 08:20:36,412: +PARAM [/camera/camera_rgb/camera_info_url] by /camera/camera_rgb
[rosmaster.master][INFO] 2020-09-01 08:20:36,416: +PARAM [/camera/camera_rgb/scanning_mode] by /camera/camera_rgb
[rosmaster.master][INFO] 2020-09-01 08:20:36,419: +PUB [/rosout] /camera/depth_registered_rectify_depth http://ubuntu:35521/
[rosmaster.master][INFO] 2020-09-01 08:20:36,426: publisherUpdate[/rosout] -> http://ubuntu:35171/ ['http://ubuntu:43051/', 'http://ubuntu:33309/', 'http://ubuntu:38629/', 'http://ubuntu:38735/', 'http://ubuntu:39341/', 'http://ubuntu:33103/', 'http://ubuntu:43755/', 'http://ubuntu:33545/']
[rosmaster.master][INFO] 2020-09-01 08:20:36,433: +SERVICE [/camera/depth_registered_rectify_depth/get_loggers] /camera/depth_registered_rectify_depth http://ubuntu:35521/
[rosmaster.master][INFO] 2020-09-01 08:20:36,434: publisherUpdate[/rosout] -> http://ubuntu:35171/ ['http://ubuntu:43051/', 'http://ubuntu:33309/', 'http://ubuntu:38629/', 'http://ubuntu:38735/', 'http://ubuntu:39341/', 'http://ubuntu:33103/', 'http://ubuntu:43755/', 'http://ubuntu:33545/']: sec=0.00, result=[1, '', 0]
[rosmaster.master][INFO] 2020-09-01 08:20:36,437: +SERVICE [/camera/depth_points/get_loggers] /camera/depth_points http://ubuntu:33545/
[rosmaster.master][INFO] 2020-09-01 08:20:36,439: +SERVICE [/camera/depth_registered_rectify_depth/set_logger_level] /camera/depth_registered_rectify_depth http://ubuntu:35521/
[rosmaster.master][INFO] 2020-09-01 08:20:36,439: publisherUpdate[/rosout] -> http://ubuntu:35171/ ['http://ubuntu:43051/', 'http://ubuntu:33309/', 'http://ubuntu:38629/', 'http://ubuntu:38735/', 'http://ubuntu:39341/', 'http://ubuntu:33103/', 'http://ubuntu:43755/', 'http://ubuntu:33545/', 'http://ubuntu:35521/']
[rosmaster.master][INFO] 2020-09-01 08:20:36,444: +PARAM [/camera/camera_rgb/auto_exposure] by /camera/camera_rgb
[rosmaster.master][INFO] 2020-09-01 08:20:36,453: +PARAM [/camera/camera_rgb/auto_exposure_priority] by /camera/camera_rgb
[rosmaster.master][INFO] 2020-09-01 08:20:36,455: +SERVICE [/camera/depth_points/set_logger_level] /camera/depth_points http://ubuntu:33545/
[rosmaster.master][INFO] 2020-09-01 08:20:36,461: +PARAM [/camera/camera_rgb/exposure_absolute] by /camera/camera_rgb
[rosmaster.master][INFO] 2020-09-01 08:20:36,462: publisherUpdate[/rosout] -> http://ubuntu:35171/ ['http://ubuntu:43051/', 'http://ubuntu:33309/', 'http://ubuntu:38629/', 'http://ubuntu:38735/', 'http://ubuntu:39341/', 'http://ubuntu:33103/', 'http://ubuntu:43755/', 'http://ubuntu:33545/', 'http://ubuntu:35521/']: sec=0.02, result=[1, '', 0]
[rosmaster.master][INFO] 2020-09-01 08:20:36,470: publisherUpdate[/rosout] -> http://ubuntu:35171/ ['http://ubuntu:43051/', 'http://ubuntu:33309/', 'http://ubuntu:38629/', 'http://ubuntu:38735/', 'http://ubuntu:39341/', 'http://ubuntu:33103/', 'http://ubuntu:43755/', 'http://ubuntu:33545/', 'http://ubuntu:35521/', 'http://ubuntu:36269/']
[rosmaster.master][INFO] 2020-09-01 08:20:36,468: +PARAM [/camera/depth_registered_rectify_depth] by /camera/depth_registered_rectify_depth
[rosmaster.master][INFO] 2020-09-01 08:20:36,465: +PUB [/rosout] /camera/points_xyzrgb_hw_registered http://ubuntu:36269/
[rosmaster.master][INFO] 2020-09-01 08:20:36,471: +PARAM [/camera/camera_rgb/iris_absolute] by /camera/camera_rgb
[rosmaster.master][INFO] 2020-09-01 08:20:36,475: publisherUpdate[/rosout] -> http://ubuntu:35171/ ['http://ubuntu:43051/', 'http://ubuntu:33309/', 'http://ubuntu:38629/', 'http://ubuntu:38735/', 'http://ubuntu:39341/', 'http://ubuntu:33103/', 'http://ubuntu:43755/', 'http://ubuntu:33545/', 'http://ubuntu:35521/', 'http://ubuntu:36269/']: sec=0.00, result=[1, '', 0]
[rosmaster.master][INFO] 2020-09-01 08:20:36,478: +SERVICE [/camera/points_xyzrgb_hw_registered/get_loggers] /camera/points_xyzrgb_hw_registered http://ubuntu:36269/
[rosmaster.master][INFO] 2020-09-01 08:20:36,487: +PARAM [/camera/camera_rgb/auto_focus] by /camera/camera_rgb
[rosmaster.master][INFO] 2020-09-01 08:20:36,489: +SERVICE [/camera/points_xyzrgb_hw_registered/set_logger_level] /camera/points_xyzrgb_hw_registered http://ubuntu:36269/
[rosmaster.master][INFO] 2020-09-01 08:20:36,497: +PARAM [/camera/camera_rgb/focus_absolute] by /camera/camera_rgb
[rosmaster.master][INFO] 2020-09-01 08:20:36,503: +PARAM [/camera/camera_rgb/pan_absolute] by /camera/camera_rgb
[rosmaster.master][INFO] 2020-09-01 08:20:36,521: +PARAM [/camera/camera_rgb/tilt_absolute] by /camera/camera_rgb
[rosmaster.master][INFO] 2020-09-01 08:20:36,526: +PARAM [/camera/camera_rgb/roll_absolute] by /camera/camera_rgb
[rosmaster.master][INFO] 2020-09-01 08:20:36,535: +PARAM [/camera/camera_rgb/privacy] by /camera/camera_rgb
[rosmaster.master][INFO] 2020-09-01 08:20:36,537: +PUB [/rosout] /camera/depth_registered_hw_metric_rect http://ubuntu:41601/
[rosmaster.master][INFO] 2020-09-01 08:20:36,538: +PARAM [/camera/camera_rgb/backlight_compensation] by /camera/camera_rgb
[rosmaster.master][INFO] 2020-09-01 08:20:36,541: +SERVICE [/camera/depth_registered_hw_metric_rect/get_loggers] /camera/depth_registered_hw_metric_rect http://ubuntu:41601/
[rosmaster.master][INFO] 2020-09-01 08:20:36,543: +PARAM [/camera/camera_rgb/brightness] by /camera/camera_rgb
[rosmaster.master][INFO] 2020-09-01 08:20:36,545: +SERVICE [/camera/depth_registered_hw_metric_rect/set_logger_level] /camera/depth_registered_hw_metric_rect http://ubuntu:41601/
[rosmaster.master][INFO] 2020-09-01 08:20:36,546: +PARAM [/camera/camera_rgb/contrast] by /camera/camera_rgb
[rosmaster.master][INFO] 2020-09-01 08:20:36,555: publisherUpdate[/rosout] -> http://ubuntu:35171/ ['http://ubuntu:43051/', 'http://ubuntu:33309/', 'http://ubuntu:38629/', 'http://ubuntu:38735/', 'http://ubuntu:39341/', 'http://ubuntu:33103/', 'http://ubuntu:43755/', 'http://ubuntu:33545/', 'http://ubuntu:35521/', 'http://ubuntu:36269/', 'http://ubuntu:41601/']
[rosmaster.master][INFO] 2020-09-01 08:20:36,558: publisherUpdate[/rosout] -> http://ubuntu:35171/ ['http://ubuntu:43051/', 'http://ubuntu:33309/', 'http://ubuntu:38629/', 'http://ubuntu:38735/', 'http://ubuntu:39341/', 'http://ubuntu:33103/', 'http://ubuntu:43755/', 'http://ubuntu:33545/', 'http://ubuntu:35521/', 'http://ubuntu:36269/', 'http://ubuntu:41601/']: sec=0.00, result=[1, '', 0]
[rosmaster.master][INFO] 2020-09-01 08:20:36,560: +PUB [/rosout] /camera/depth_registered_metric http://ubuntu:41559/
[rosmaster.master][INFO] 2020-09-01 08:20:36,565: publisherUpdate[/rosout] -> http://ubuntu:35171/ ['http://ubuntu:43051/', 'http://ubuntu:33309/', 'http://ubuntu:38629/', 'http://ubuntu:38735/', 'http://ubuntu:39341/', 'http://ubuntu:33103/', 'http://ubuntu:43755/', 'http://ubuntu:33545/', 'http://ubuntu:35521/', 'http://ubuntu:36269/', 'http://ubuntu:41601/', 'http://ubuntu:41559/']
[rosmaster.master][INFO] 2020-09-01 08:20:36,566: +PARAM [/camera/camera_rgb/gain] by /camera/camera_rgb
[rosmaster.master][INFO] 2020-09-01 08:20:36,570: +SERVICE [/camera/depth_registered_metric/get_loggers] /camera/depth_registered_metric http://ubuntu:41559/
[rosmaster.master][INFO] 2020-09-01 08:20:36,571: publisherUpdate[/rosout] -> http://ubuntu:35171/ ['http://ubuntu:43051/', 'http://ubuntu:33309/', 'http://ubuntu:38629/', 'http://ubuntu:38735/', 'http://ubuntu:39341/', 'http://ubuntu:33103/', 'http://ubuntu:43755/', 'http://ubuntu:33545/', 'http://ubuntu:35521/', 'http://ubuntu:36269/', 'http://ubuntu:41601/', 'http://ubuntu:41559/']: sec=0.00, result=[1, '', 0]
[rosmaster.master][INFO] 2020-09-01 08:20:36,575: +PARAM [/camera/camera_rgb/power_line_frequency] by /camera/camera_rgb
[rosmaster.master][INFO] 2020-09-01 08:20:36,578: +SERVICE [/camera/depth_registered_metric/set_logger_level] /camera/depth_registered_metric http://ubuntu:41559/
[rosmaster.master][INFO] 2020-09-01 08:20:36,581: +PARAM [/camera/camera_rgb/auto_hue] by /camera/camera_rgb
[rosmaster.master][INFO] 2020-09-01 08:20:36,591: +PARAM [/camera/camera_rgb/hue] by /camera/camera_rgb
[rosmaster.master][INFO] 2020-09-01 08:20:36,593: +PARAM [/camera/camera_rgb/saturation] by /camera/camera_rgb
[rosmaster.master][INFO] 2020-09-01 08:20:36,596: +PARAM [/camera/camera_rgb/sharpness] by /camera/camera_rgb
[rosmaster.master][INFO] 2020-09-01 08:20:36,601: +PARAM [/camera/camera_rgb/gamma] by /camera/camera_rgb
[rosmaster.master][INFO] 2020-09-01 08:20:36,606: +PARAM [/camera/camera_rgb/auto_white_balance] by /camera/camera_rgb
[rosmaster.master][INFO] 2020-09-01 08:20:36,609: +PARAM [/camera/camera_rgb/white_balance_temperature] by /camera/camera_rgb
[rosmaster.master][INFO] 2020-09-01 08:20:36,626: +PARAM [/camera/camera_rgb/white_balance_BU] by /camera/camera_rgb
[rosmaster.master][INFO] 2020-09-01 08:20:36,631: +PARAM [/camera/camera_rgb/white_balance_RV] by /camera/camera_rgb
[rosmaster.master][INFO] 2020-09-01 08:20:36,634: +SERVICE [/camera/set_camera_info] /camera/camera_rgb http://ubuntu:33309/
[rosmaster.master][INFO] 2020-09-01 08:20:36,637: +PUB [/rosout] /camera_base_link1 http://ubuntu:39409/
[rosmaster.master][INFO] 2020-09-01 08:20:36,642: +SERVICE [/camera_base_link1/get_loggers] /camera_base_link1 http://ubuntu:39409/
[rosmaster.master][INFO] 2020-09-01 08:20:36,646: +SERVICE [/camera_base_link1/set_logger_level] /camera_base_link1 http://ubuntu:39409/
[rosmaster.master][INFO] 2020-09-01 08:20:36,652: +PUB [/tf_static] /camera_base_link1 http://ubuntu:39409/
[rosmaster.master][INFO] 2020-09-01 08:20:36,659: +PUB [/camera/rgb/image_raw] /camera/camera_rgb http://ubuntu:33309/
[rosmaster.master][INFO] 2020-09-01 08:20:36,659: publisherUpdate[/rosout] -> http://ubuntu:35171/ ['http://ubuntu:43051/', 'http://ubuntu:33309/', 'http://ubuntu:38629/', 'http://ubuntu:38735/', 'http://ubuntu:39341/', 'http://ubuntu:33103/', 'http://ubuntu:43755/', 'http://ubuntu:33545/', 'http://ubuntu:35521/', 'http://ubuntu:36269/', 'http://ubuntu:41601/', 'http://ubuntu:41559/', 'http://ubuntu:39409/']
[rosmaster.master][INFO] 2020-09-01 08:20:36,665: +PUB [/camera/rgb/camera_info] /camera/camera_rgb http://ubuntu:33309/
[rosmaster.master][INFO] 2020-09-01 08:20:36,677: +SERVICE [/camera/get_uvc_exposure] /camera/camera_rgb http://ubuntu:33309/
[rosmaster.master][INFO] 2020-09-01 08:20:36,683: publisherUpdate[/rosout] -> http://ubuntu:35171/ ['http://ubuntu:43051/', 'http://ubuntu:33309/', 'http://ubuntu:38629/', 'http://ubuntu:38735/', 'http://ubuntu:39341/', 'http://ubuntu:33103/', 'http://ubuntu:43755/', 'http://ubuntu:33545/', 'http://ubuntu:35521/', 'http://ubuntu:36269/', 'http://ubuntu:41601/', 'http://ubuntu:41559/', 'http://ubuntu:39409/']: sec=0.01, result=[1, '', 0]
[rosmaster.master][INFO] 2020-09-01 08:20:36,686: +SERVICE [/camera/set_uvc_exposure] /camera/camera_rgb http://ubuntu:33309/
[rosmaster.master][INFO] 2020-09-01 08:20:36,689: +SERVICE [/camera/get_uvc_gain] /camera/camera_rgb http://ubuntu:33309/
[rosmaster.master][INFO] 2020-09-01 08:20:36,694: +PUB [/rosout] /camera_base_link http://ubuntu:34595/
[rosmaster.master][INFO] 2020-09-01 08:20:36,694: +SERVICE [/camera/set_uvc_gain] /camera/camera_rgb http://ubuntu:33309/
[rosmaster.master][INFO] 2020-09-01 08:20:36,697: +SERVICE [/camera_base_link/get_loggers] /camera_base_link http://ubuntu:34595/
[rosmaster.master][INFO] 2020-09-01 08:20:36,699: +SERVICE [/camera/get_uvc_white_balance] /camera/camera_rgb http://ubuntu:33309/
[rosmaster.master][INFO] 2020-09-01 08:20:36,708: +PUB [/rosout] /camera_base_link2 http://ubuntu:33875/
[rosmaster.master][INFO] 2020-09-01 08:20:36,711: +SERVICE [/camera_base_link/set_logger_level] /camera_base_link http://ubuntu:34595/
[rosmaster.master][INFO] 2020-09-01 08:20:36,712: +SERVICE [/camera/set_uvc_white_balance] /camera/camera_rgb http://ubuntu:33309/
[rosmaster.master][INFO] 2020-09-01 08:20:36,714: +SERVICE [/camera_base_link2/get_loggers] /camera_base_link2 http://ubuntu:33875/
[rosmaster.master][INFO] 2020-09-01 08:20:36,719: +PUB [/rosout] /camera_base_link3 http://ubuntu:42713/
[rosmaster.master][INFO] 2020-09-01 08:20:36,720: +PUB [/tf_static] /camera_base_link http://ubuntu:34595/
[rosmaster.master][INFO] 2020-09-01 08:20:36,722: +SERVICE [/camera_base_link3/get_loggers] /camera_base_link3 http://ubuntu:42713/
[rosmaster.master][INFO] 2020-09-01 08:20:36,723: +SERVICE [/camera_base_link2/set_logger_level] /camera_base_link2 http://ubuntu:33875/
[rosmaster.master][INFO] 2020-09-01 08:20:36,725: +SERVICE [/camera_base_link3/set_logger_level] /camera_base_link3 http://ubuntu:42713/
[rosmaster.master][INFO] 2020-09-01 08:20:36,731: +PUB [/tf_static] /camera_base_link2 http://ubuntu:33875/
[rosmaster.master][INFO] 2020-09-01 08:20:36,735: +PUB [/tf_static] /camera_base_link3 http://ubuntu:42713/
[rosmaster.master][INFO] 2020-09-01 08:20:36,782: publisherUpdate[/rosout] -> http://ubuntu:35171/ ['http://ubuntu:43051/', 'http://ubuntu:33309/', 'http://ubuntu:38629/', 'http://ubuntu:38735/', 'http://ubuntu:39341/', 'http://ubuntu:33103/', 'http://ubuntu:43755/', 'http://ubuntu:33545/', 'http://ubuntu:35521/', 'http://ubuntu:36269/', 'http://ubuntu:41601/', 'http://ubuntu:41559/', 'http://ubuntu:39409/', 'http://ubuntu:34595/']
[rosmaster.master][INFO] 2020-09-01 08:20:36,784: publisherUpdate[/rosout] -> http://ubuntu:35171/ ['http://ubuntu:43051/', 'http://ubuntu:33309/', 'http://ubuntu:38629/', 'http://ubuntu:38735/', 'http://ubuntu:39341/', 'http://ubuntu:33103/', 'http://ubuntu:43755/', 'http://ubuntu:33545/', 'http://ubuntu:35521/', 'http://ubuntu:36269/', 'http://ubuntu:41601/', 'http://ubuntu:41559/', 'http://ubuntu:39409/', 'http://ubuntu:34595/']: sec=0.00, result=[1, '', 0]
[rosmaster.master][INFO] 2020-09-01 08:20:36,784: publisherUpdate[/rosout] -> http://ubuntu:35171/ ['http://ubuntu:43051/', 'http://ubuntu:33309/', 'http://ubuntu:38629/', 'http://ubuntu:38735/', 'http://ubuntu:39341/', 'http://ubuntu:33103/', 'http://ubuntu:43755/', 'http://ubuntu:33545/', 'http://ubuntu:35521/', 'http://ubuntu:36269/', 'http://ubuntu:41601/', 'http://ubuntu:41559/', 'http://ubuntu:39409/', 'http://ubuntu:34595/', 'http://ubuntu:33875/']
[rosmaster.master][INFO] 2020-09-01 08:20:36,786: publisherUpdate[/rosout] -> http://ubuntu:35171/ ['http://ubuntu:43051/', 'http://ubuntu:33309/', 'http://ubuntu:38629/', 'http://ubuntu:38735/', 'http://ubuntu:39341/', 'http://ubuntu:33103/', 'http://ubuntu:43755/', 'http://ubuntu:33545/', 'http://ubuntu:35521/', 'http://ubuntu:36269/', 'http://ubuntu:41601/', 'http://ubuntu:41559/', 'http://ubuntu:39409/', 'http://ubuntu:34595/', 'http://ubuntu:33875/']: sec=0.00, result=[1, '', 0]
[rosmaster.master][INFO] 2020-09-01 08:20:36,787: publisherUpdate[/rosout] -> http://ubuntu:35171/ ['http://ubuntu:43051/', 'http://ubuntu:33309/', 'http://ubuntu:38629/', 'http://ubuntu:38735/', 'http://ubuntu:39341/', 'http://ubuntu:33103/', 'http://ubuntu:43755/', 'http://ubuntu:33545/', 'http://ubuntu:35521/', 'http://ubuntu:36269/', 'http://ubuntu:41601/', 'http://ubuntu:41559/', 'http://ubuntu:39409/', 'http://ubuntu:34595/', 'http://ubuntu:33875/', 'http://ubuntu:42713/']
[rosmaster.master][INFO] 2020-09-01 08:20:36,789: publisherUpdate[/rosout] -> http://ubuntu:35171/ ['http://ubuntu:43051/', 'http://ubuntu:33309/', 'http://ubuntu:38629/', 'http://ubuntu:38735/', 'http://ubuntu:39341/', 'http://ubuntu:33103/', 'http://ubuntu:43755/', 'http://ubuntu:33545/', 'http://ubuntu:35521/', 'http://ubuntu:36269/', 'http://ubuntu:41601/', 'http://ubuntu:41559/', 'http://ubuntu:39409/', 'http://ubuntu:34595/', 'http://ubuntu:33875/', 'http://ubuntu:42713/']: sec=0.00, result=[1, '', 0]
[rosmaster.master][INFO] 2020-09-01 08:20:37,348: +PARAM [/camera/camera_rgb/vendor] by /camera/camera_rgb
[rosmaster.master][INFO] 2020-09-01 08:20:37,349: +PARAM [/camera/camera_rgb/product] by /camera/camera_rgb
[rosmaster.master][INFO] 2020-09-01 08:20:37,351: +PARAM [/camera/camera_rgb/serial] by /camera/camera_rgb
[rosmaster.master][INFO] 2020-09-01 08:20:37,352: +PARAM [/camera/camera_rgb/index] by /camera/camera_rgb
[rosmaster.master][INFO] 2020-09-01 08:20:37,354: +PARAM [/camera/camera_rgb/width] by /camera/camera_rgb
[rosmaster.master][INFO] 2020-09-01 08:20:37,355: +PARAM [/camera/camera_rgb/height] by /camera/camera_rgb
[rosmaster.master][INFO] 2020-09-01 08:20:37,357: +PARAM [/camera/camera_rgb/video_mode] by /camera/camera_rgb
[rosmaster.master][INFO] 2020-09-01 08:20:37,358: +PARAM [/camera/camera_rgb/frame_rate] by /camera/camera_rgb
[rosmaster.master][INFO] 2020-09-01 08:20:37,360: +PARAM [/camera/camera_rgb/timestamp_method] by /camera/camera_rgb
[rosmaster.master][INFO] 2020-09-01 08:20:37,362: +PARAM [/camera/camera_rgb/frame_id] by /camera/camera_rgb
[rosmaster.master][INFO] 2020-09-01 08:20:37,363: +PARAM [/camera/camera_rgb/camera_info_url] by /camera/camera_rgb
[rosmaster.master][INFO] 2020-09-01 08:20:37,365: +PARAM [/camera/camera_rgb/scanning_mode] by /camera/camera_rgb
[rosmaster.master][INFO] 2020-09-01 08:20:37,366: +PARAM [/camera/camera_rgb/auto_exposure] by /camera/camera_rgb
[rosmaster.master][INFO] 2020-09-01 08:20:37,368: +PARAM [/camera/camera_rgb/auto_exposure_priority] by /camera/camera_rgb
[rosmaster.master][INFO] 2020-09-01 08:20:37,369: +PARAM [/camera/camera_rgb/exposure_absolute] by /camera/camera_rgb
[rosmaster.master][INFO] 2020-09-01 08:20:37,371: +PARAM [/camera/camera_rgb/iris_absolute] by /camera/camera_rgb
[rosmaster.master][INFO] 2020-09-01 08:20:37,372: +PARAM [/camera/camera_rgb/auto_focus] by /camera/camera_rgb
[rosmaster.master][INFO] 2020-09-01 08:20:37,374: +PARAM [/camera/camera_rgb/focus_absolute] by /camera/camera_rgb
[rosmaster.master][INFO] 2020-09-01 08:20:37,375: +PARAM [/camera/camera_rgb/pan_absolute] by /camera/camera_rgb
[rosmaster.master][INFO] 2020-09-01 08:20:37,377: +PARAM [/camera/camera_rgb/tilt_absolute] by /camera/camera_rgb
[rosmaster.master][INFO] 2020-09-01 08:20:37,378: +PARAM [/camera/camera_rgb/roll_absolute] by /camera/camera_rgb
[rosmaster.master][INFO] 2020-09-01 08:20:37,380: +PARAM [/camera/camera_rgb/privacy] by /camera/camera_rgb
[rosmaster.master][INFO] 2020-09-01 08:20:37,382: +PARAM [/camera/camera_rgb/backlight_compensation] by /camera/camera_rgb
[rosmaster.master][INFO] 2020-09-01 08:20:37,383: +PARAM [/camera/camera_rgb/brightness] by /camera/camera_rgb
[rosmaster.master][INFO] 2020-09-01 08:20:37,385: +PARAM [/camera/camera_rgb/contrast] by /camera/camera_rgb
[rosmaster.master][INFO] 2020-09-01 08:20:37,386: +PARAM [/camera/camera_rgb/gain] by /camera/camera_rgb
[rosmaster.master][INFO] 2020-09-01 08:20:37,388: +PARAM [/camera/camera_rgb/power_line_frequency] by /camera/camera_rgb
[rosmaster.master][INFO] 2020-09-01 08:20:37,390: +PARAM [/camera/camera_rgb/auto_hue] by /camera/camera_rgb
[rosmaster.master][INFO] 2020-09-01 08:20:37,391: +PARAM [/camera/camera_rgb/hue] by /camera/camera_rgb
[rosmaster.master][INFO] 2020-09-01 08:20:37,392: +PARAM [/camera/camera_rgb/saturation] by /camera/camera_rgb
[rosmaster.master][INFO] 2020-09-01 08:20:37,394: +PARAM [/camera/camera_rgb/sharpness] by /camera/camera_rgb
[rosmaster.master][INFO] 2020-09-01 08:20:37,395: +PARAM [/camera/camera_rgb/gamma] by /camera/camera_rgb
[rosmaster.master][INFO] 2020-09-01 08:20:37,396: +PARAM [/camera/camera_rgb/auto_white_balance] by /camera/camera_rgb
[rosmaster.master][INFO] 2020-09-01 08:20:37,398: +PARAM [/camera/camera_rgb/white_balance_temperature] by /camera/camera_rgb
[rosmaster.master][INFO] 2020-09-01 08:20:37,399: +PARAM [/camera/camera_rgb/white_balance_BU] by /camera/camera_rgb
[rosmaster.master][INFO] 2020-09-01 08:20:37,401: +PARAM [/camera/camera_rgb/white_balance_RV] by /camera/camera_rgb
[rosmaster.master][INFO] 2020-09-01 08:20:37,745: +SERVICE [/camera/rgb_rectify_color/set_parameters] /camera/camera_nodelet_manager http://ubuntu:38735/
[rosmaster.master][INFO] 2020-09-01 08:20:37,748: +PUB [/camera/rgb_rectify_color/parameter_descriptions] /camera/camera_nodelet_manager http://ubuntu:38735/
[rosmaster.master][INFO] 2020-09-01 08:20:37,750: +PUB [/camera/rgb_rectify_color/parameter_updates] /camera/camera_nodelet_manager http://ubuntu:38735/
[rosmaster.master][INFO] 2020-09-01 08:20:37,753: +PARAM [/camera/rgb_rectify_color/interpolation] by /camera/camera_nodelet_manager
[rosmaster.master][INFO] 2020-09-01 08:20:37,755: +PARAM [/camera/rgb_rectify_color/interpolation] by /camera/camera_nodelet_manager
[rosmaster.master][INFO] 2020-09-01 08:20:37,762: +PUB [/camera/rgb/image_rect_color] /camera/camera_nodelet_manager http://ubuntu:38735/
[rosmaster.master][INFO] 2020-09-01 08:20:37,934: +SERVICE [/camera/driver/set_parameters] /camera/camera_nodelet_manager http://ubuntu:38735/
[rosmaster.master][INFO] 2020-09-01 08:20:37,936: +PUB [/camera/driver/parameter_descriptions] /camera/camera_nodelet_manager http://ubuntu:38735/
[rosmaster.master][INFO] 2020-09-01 08:20:37,939: +PUB [/camera/driver/parameter_updates] /camera/camera_nodelet_manager http://ubuntu:38735/
[rosmaster.master][INFO] 2020-09-01 08:20:37,956: +PARAM [/camera/driver/rgb_preferred] by /camera/camera_nodelet_manager
[rosmaster.master][INFO] 2020-09-01 08:20:37,957: +PARAM [/camera/driver/ir_mode] by /camera/camera_nodelet_manager
[rosmaster.master][INFO] 2020-09-01 08:20:37,959: +PARAM [/camera/driver/color_mode] by /camera/camera_nodelet_manager
[rosmaster.master][INFO] 2020-09-01 08:20:37,960: +PARAM [/camera/driver/depth_mode] by /camera/camera_nodelet_manager
[rosmaster.master][INFO] 2020-09-01 08:20:37,961: +PARAM [/camera/driver/depth_registration] by /camera/camera_nodelet_manager
[rosmaster.master][INFO] 2020-09-01 08:20:37,963: +PARAM [/camera/driver/color_depth_synchronization] by /camera/camera_nodelet_manager
[rosmaster.master][INFO] 2020-09-01 08:20:37,964: +PARAM [/camera/driver/auto_exposure] by /camera/camera_nodelet_manager
[rosmaster.master][INFO] 2020-09-01 08:20:37,966: +PARAM [/camera/driver/auto_white_balance] by /camera/camera_nodelet_manager
[rosmaster.master][INFO] 2020-09-01 08:20:37,967: +PARAM [/camera/driver/data_skip] by /camera/camera_nodelet_manager
[rosmaster.master][INFO] 2020-09-01 08:20:37,968: +PARAM [/camera/driver/ir_time_offset] by /camera/camera_nodelet_manager
[rosmaster.master][INFO] 2020-09-01 08:20:37,969: +PARAM [/camera/driver/color_time_offset] by /camera/camera_nodelet_manager
[rosmaster.master][INFO] 2020-09-01 08:20:37,971: +PARAM [/camera/driver/depth_time_offset] by /camera/camera_nodelet_manager
[rosmaster.master][INFO] 2020-09-01 08:20:37,972: +PARAM [/camera/driver/depth_ir_offset_x] by /camera/camera_nodelet_manager
[rosmaster.master][INFO] 2020-09-01 08:20:37,973: +PARAM [/camera/driver/depth_ir_offset_y] by /camera/camera_nodelet_manager
[rosmaster.master][INFO] 2020-09-01 08:20:37,975: +PARAM [/camera/driver/z_offset_mm] by /camera/camera_nodelet_manager
[rosmaster.master][INFO] 2020-09-01 08:20:37,976: +PARAM [/camera/driver/z_scaling] by /camera/camera_nodelet_manager
[rosmaster.master][INFO] 2020-09-01 08:20:37,977: +PARAM [/camera/driver/use_device_time] by /camera/camera_nodelet_manager
[rosmaster.master][INFO] 2020-09-01 08:20:38,087: +PARAM [/camera/driver/rgb_preferred] by /camera/camera_nodelet_manager
[rosmaster.master][INFO] 2020-09-01 08:20:38,089: +PARAM [/camera/driver/ir_mode] by /camera/camera_nodelet_manager
[rosmaster.master][INFO] 2020-09-01 08:20:38,090: +PARAM [/camera/driver/color_mode] by /camera/camera_nodelet_manager
[rosmaster.master][INFO] 2020-09-01 08:20:38,092: +PARAM [/camera/driver/depth_mode] by /camera/camera_nodelet_manager
[rosmaster.master][INFO] 2020-09-01 08:20:38,093: +PARAM [/camera/driver/depth_registration] by /camera/camera_nodelet_manager
[rosmaster.master][INFO] 2020-09-01 08:20:38,095: +PARAM [/camera/driver/color_depth_synchronization] by /camera/camera_nodelet_manager
[rosmaster.master][INFO] 2020-09-01 08:20:38,097: +PARAM [/camera/driver/auto_exposure] by /camera/camera_nodelet_manager
[rosmaster.master][INFO] 2020-09-01 08:20:38,099: +PARAM [/camera/driver/auto_white_balance] by /camera/camera_nodelet_manager
[rosmaster.master][INFO] 2020-09-01 08:20:38,101: +PARAM [/camera/driver/data_skip] by /camera/camera_nodelet_manager
[rosmaster.master][INFO] 2020-09-01 08:20:38,103: +PARAM [/camera/driver/ir_time_offset] by /camera/camera_nodelet_manager
[rosmaster.master][INFO] 2020-09-01 08:20:38,106: +PARAM [/camera/driver/color_time_offset] by /camera/camera_nodelet_manager
[rosmaster.master][INFO] 2020-09-01 08:20:38,107: +PARAM [/camera/driver/depth_time_offset] by /camera/camera_nodelet_manager
[rosmaster.master][INFO] 2020-09-01 08:20:38,108: +PARAM [/camera/driver/depth_ir_offset_x] by /camera/camera_nodelet_manager
[rosmaster.master][INFO] 2020-09-01 08:20:38,110: +PARAM [/camera/driver/depth_ir_offset_y] by /camera/camera_nodelet_manager
[rosmaster.master][INFO] 2020-09-01 08:20:38,111: +PARAM [/camera/driver/z_offset_mm] by /camera/camera_nodelet_manager
[rosmaster.master][INFO] 2020-09-01 08:20:38,112: +PARAM [/camera/driver/z_scaling] by /camera/camera_nodelet_manager
[rosmaster.master][INFO] 2020-09-01 08:20:38,113: +PARAM [/camera/driver/use_device_time] by /camera/camera_nodelet_manager
[rosmaster.master][INFO] 2020-09-01 08:20:38,120: +PUB [/camera/ir/image] /camera/camera_nodelet_manager http://ubuntu:38735/
[rosmaster.master][INFO] 2020-09-01 08:20:38,122: +PUB [/camera/ir/camera_info] /camera/camera_nodelet_manager http://ubuntu:38735/
[rosmaster.master][INFO] 2020-09-01 08:20:38,125: +PUB [/camera/depth/image_raw] /camera/camera_nodelet_manager http://ubuntu:38735/
[rosmaster.master][INFO] 2020-09-01 08:20:38,127: +PUB [/camera/depth/camera_info] /camera/camera_nodelet_manager http://ubuntu:38735/
[rosmaster.master][INFO] 2020-09-01 08:20:38,131: +PUB [/camera/depth_registered/image_raw] /camera/camera_nodelet_manager http://ubuntu:38735/
[rosmaster.master][INFO] 2020-09-01 08:20:38,133: +PUB [/camera/depth_registered/camera_info] /camera/camera_nodelet_manager http://ubuntu:38735/
[rosmaster.master][INFO] 2020-09-01 08:20:38,135: +PUB [/camera/projector/camera_info] /camera/camera_nodelet_manager http://ubuntu:38735/
[rosmaster.master][INFO] 2020-09-01 08:20:38,138: +SERVICE [/camera/rgb/set_camera_info] /camera/camera_nodelet_manager http://ubuntu:38735/
[rosmaster.master][INFO] 2020-09-01 08:20:38,139: +SERVICE [/camera/ir/set_camera_info] /camera/camera_nodelet_manager http://ubuntu:38735/
[rosmaster.master][INFO] 2020-09-01 08:20:38,143: +SERVICE [/camera/get_serial] /camera/camera_nodelet_manager http://ubuntu:38735/
[rosmaster.master][INFO] 2020-09-01 08:20:38,147: +SERVICE [/camera/get_device_type] /camera/camera_nodelet_manager http://ubuntu:38735/
[rosmaster.master][INFO] 2020-09-01 08:20:38,151: +SERVICE [/camera/get_ir_gain] /camera/camera_nodelet_manager http://ubuntu:38735/
[rosmaster.master][INFO] 2020-09-01 08:20:38,155: +SERVICE [/camera/set_ir_gain] /camera/camera_nodelet_manager http://ubuntu:38735/
[rosmaster.master][INFO] 2020-09-01 08:20:38,158: +SERVICE [/camera/get_ir_exposure] /camera/camera_nodelet_manager http://ubuntu:38735/
[rosmaster.master][INFO] 2020-09-01 08:20:38,162: +SERVICE [/camera/set_ir_exposure] /camera/camera_nodelet_manager http://ubuntu:38735/
[rosmaster.master][INFO] 2020-09-01 08:20:38,165: +SERVICE [/camera/set_ir_flood] /camera/camera_nodelet_manager http://ubuntu:38735/
[rosmaster.master][INFO] 2020-09-01 08:20:38,169: +SERVICE [/camera/set_laser] /camera/camera_nodelet_manager http://ubuntu:38735/
[rosmaster.master][INFO] 2020-09-01 08:20:38,172: +SERVICE [/camera/set_ldp] /camera/camera_nodelet_manager http://ubuntu:38735/
[rosmaster.master][INFO] 2020-09-01 08:20:38,175: +SERVICE [/camera/reset_ir_gain] /camera/camera_nodelet_manager http://ubuntu:38735/
[rosmaster.master][INFO] 2020-09-01 08:20:38,179: +SERVICE [/camera/reset_ir_exposure] /camera/camera_nodelet_manager http://ubuntu:38735/
[rosmaster.master][INFO] 2020-09-01 08:20:38,183: +SERVICE [/camera/get_camera_info] /camera/camera_nodelet_manager http://ubuntu:38735/
[rosmaster.master][INFO] 2020-09-01 08:20:38,189: +PUB [/camera/camera_nodelet_manager/bond] /camera/camera_nodelet_manager http://ubuntu:38735/
[rosmaster.master][INFO] 2020-09-01 08:20:38,201: +SUB [/camera/camera_nodelet_manager/bond] /camera/camera_nodelet_manager http://ubuntu:38735/
[rosmaster.master][INFO] 2020-09-01 08:20:38,211: +SERVICE [/camera/depth_rectify_depth/set_parameters] /camera/camera_nodelet_manager http://ubuntu:38735/
[rosmaster.master][INFO] 2020-09-01 08:20:38,213: +PUB [/camera/depth_rectify_depth/parameter_descriptions] /camera/camera_nodelet_manager http://ubuntu:38735/
[rosmaster.master][INFO] 2020-09-01 08:20:38,215: +PUB [/camera/depth_rectify_depth/parameter_updates] /camera/camera_nodelet_manager http://ubuntu:38735/
[rosmaster.master][INFO] 2020-09-01 08:20:38,218: +PARAM [/camera/depth_rectify_depth/interpolation] by /camera/camera_nodelet_manager
[rosmaster.master][INFO] 2020-09-01 08:20:38,220: +PARAM [/camera/depth_rectify_depth/interpolation] by /camera/camera_nodelet_manager
[rosmaster.master][INFO] 2020-09-01 08:20:38,224: +PUB [/camera/depth/image_rect_raw] /camera/camera_nodelet_manager http://ubuntu:38735/
[rosmaster.master][INFO] 2020-09-01 08:20:38,237: +PUB [/camera/camera_nodelet_manager/bond] /camera/driver http://ubuntu:43051/
[rosmaster.master][INFO] 2020-09-01 08:20:38,249: +SUB [/camera/camera_nodelet_manager/bond] /camera/driver http://ubuntu:43051/
[rosmaster.master][INFO] 2020-09-01 08:20:38,289: publisherUpdate[/camera/camera_nodelet_manager/bond] -> http://ubuntu:38735/ ['http://ubuntu:38735/', 'http://ubuntu:43051/']
[rosmaster.master][INFO] 2020-09-01 08:20:38,292: publisherUpdate[/camera/camera_nodelet_manager/bond] -> http://ubuntu:38735/ ['http://ubuntu:38735/', 'http://ubuntu:43051/']: sec=0.00, result=[1, '', 0]
[rosmaster.master][INFO] 2020-09-01 08:20:38,304: +PUB [/camera/depth/image_rect] /camera/camera_nodelet_manager http://ubuntu:38735/
[rosmaster.master][INFO] 2020-09-01 08:20:38,310: +PUB [/camera/depth/image] /camera/camera_nodelet_manager http://ubuntu:38735/
[rosmaster.master][INFO] 2020-09-01 08:20:38,316: +SERVICE [/camera/depth_registered_rectify_depth/set_parameters] /camera/camera_nodelet_manager http://ubuntu:38735/
[rosmaster.master][INFO] 2020-09-01 08:20:38,318: +PUB [/camera/depth_registered_rectify_depth/parameter_descriptions] /camera/camera_nodelet_manager http://ubuntu:38735/
[rosmaster.master][INFO] 2020-09-01 08:20:38,320: +PUB [/camera/depth_registered_rectify_depth/parameter_updates] /camera/camera_nodelet_manager http://ubuntu:38735/
[rosmaster.master][INFO] 2020-09-01 08:20:38,323: +PARAM [/camera/depth_registered_rectify_depth/interpolation] by /camera/camera_nodelet_manager
[rosmaster.master][INFO] 2020-09-01 08:20:38,325: +PARAM [/camera/depth_registered_rectify_depth/interpolation] by /camera/camera_nodelet_manager
[rosmaster.master][INFO] 2020-09-01 08:20:38,328: +PUB [/camera/depth_registered/hw_registered/image_rect_raw] /camera/camera_nodelet_manager http://ubuntu:38735/
[rosmaster.master][INFO] 2020-09-01 08:20:38,333: +PUB [/camera/depth/points] /camera/camera_nodelet_manager http://ubuntu:38735/
[rosmaster.master][INFO] 2020-09-01 08:20:38,339: +PUB [/camera/depth_registered/points] /camera/camera_nodelet_manager http://ubuntu:38735/
[rosmaster.master][INFO] 2020-09-01 08:20:38,346: +PUB [/camera/depth_registered/hw_registered/image_rect] /camera/camera_nodelet_manager http://ubuntu:38735/
[rosmaster.master][INFO] 2020-09-01 08:20:38,352: +PUB [/camera/depth_registered/image] /camera/camera_nodelet_manager http://ubuntu:38735/
[rosmaster.master][INFO] 2020-09-01 08:23:27,365: -PUB [/camera/depth_registered/points] /camera/camera_nodelet_manager http://ubuntu:38735/
[rosmaster.master][INFO] 2020-09-01 08:23:27,374: -PUB [/camera/depth_registered_rectify_depth/parameter_descriptions] /camera/camera_nodelet_manager http://ubuntu:38735/
[rosmaster.master][INFO] 2020-09-01 08:23:27,376: -PUB [/camera/depth_registered_rectify_depth/parameter_updates] /camera/camera_nodelet_manager http://ubuntu:38735/
[rosmaster.master][INFO] 2020-09-01 08:23:27,377: -SERVICE [/camera/depth_registered_rectify_depth/set_parameters] /camera/camera_nodelet_manager rosrpc://ubuntu:42801
[rosmaster.master][INFO] 2020-09-01 08:23:27,379: -PUB [/camera/depth_registered/hw_registered/image_rect_raw] /camera/camera_nodelet_manager http://ubuntu:38735/
[rosmaster.master][INFO] 2020-09-01 08:23:27,401: -PUB [/camera/depth_registered/image] /camera/camera_nodelet_manager http://ubuntu:38735/
[rosmaster.master][INFO] 2020-09-01 08:23:27,403: -PUB [/camera/depth_registered/hw_registered/image_rect] /camera/camera_nodelet_manager http://ubuntu:38735/
[rosmaster.master][INFO] 2020-09-01 08:23:27,410: -PUB [/camera/depth/points] /camera/camera_nodelet_manager http://ubuntu:38735/
[rosmaster.master][INFO] 2020-09-01 08:23:27,412: -PUB [/camera/depth/image] /camera/camera_nodelet_manager http://ubuntu:38735/
[rosmaster.master][INFO] 2020-09-01 08:23:27,448: -PUB [/rosout] /camera_base_link1 http://ubuntu:39409/
[rosmaster.master][INFO] 2020-09-01 08:23:27,450: -PUB [/tf_static] /camera_base_link1 http://ubuntu:39409/
[rosmaster.master][INFO] 2020-09-01 08:23:27,451: -PUB [/rosout] /camera_base_link2 http://ubuntu:33875/
[rosmaster.master][INFO] 2020-09-01 08:23:27,453: -SERVICE [/camera_base_link1/get_loggers] /camera_base_link1 rosrpc://ubuntu:38705
[rosmaster.master][INFO] 2020-09-01 08:23:27,454: -PUB [/rosout] /camera_base_link3 http://ubuntu:42713/
[rosmaster.master][INFO] 2020-09-01 08:23:27,457: -PUB [/tf_static] /camera_base_link2 http://ubuntu:33875/
[rosmaster.master][INFO] 2020-09-01 08:23:27,458: -PUB [/rosout] /camera_base_link http://ubuntu:34595/
[rosmaster.master][INFO] 2020-09-01 08:23:27,460: -SERVICE [/camera_base_link1/set_logger_level] /camera_base_link1 rosrpc://ubuntu:38705
[rosmaster.master][INFO] 2020-09-01 08:23:27,461: -PUB [/tf_static] /camera_base_link3 http://ubuntu:42713/
[rosmaster.master][INFO] 2020-09-01 08:23:27,462: -SERVICE [/camera_base_link2/get_loggers] /camera_base_link2 rosrpc://ubuntu:44081
[rosmaster.master][INFO] 2020-09-01 08:23:27,463: -PUB [/tf_static] /camera_base_link http://ubuntu:34595/
[rosmaster.master][INFO] 2020-09-01 08:23:27,464: -SERVICE [/camera_base_link3/get_loggers] /camera_base_link3 rosrpc://ubuntu:49373
[rosmaster.master][INFO] 2020-09-01 08:23:27,466: -SERVICE [/camera_base_link2/set_logger_level] /camera_base_link2 rosrpc://ubuntu:44081
[rosmaster.master][INFO] 2020-09-01 08:23:27,467: -SERVICE [/camera_base_link3/set_logger_level] /camera_base_link3 rosrpc://ubuntu:49373
[rosmaster.master][INFO] 2020-09-01 08:23:27,468: -SERVICE [/camera_base_link/get_loggers] /camera_base_link rosrpc://ubuntu:37045
[rosmaster.master][INFO] 2020-09-01 08:23:27,470: -SERVICE [/camera_base_link/set_logger_level] /camera_base_link rosrpc://ubuntu:37045
[rosmaster.master][INFO] 2020-09-01 08:23:27,530: -PUB [/rosout] /camera/depth_points http://ubuntu:33545/
[rosmaster.master][INFO] 2020-09-01 08:23:27,531: -PUB [/rosout] /camera/depth_registered_rectify_depth http://ubuntu:35521/
[rosmaster.master][INFO] 2020-09-01 08:23:27,533: -PUB [/rosout] /camera/depth_metric http://ubuntu:43755/
[rosmaster.master][INFO] 2020-09-01 08:23:27,534: -SERVICE [/camera/depth_points/get_loggers] /camera/depth_points rosrpc://ubuntu:57249
[rosmaster.master][INFO] 2020-09-01 08:23:27,535: -SERVICE [/camera/depth_metric/get_loggers] /camera/depth_metric rosrpc://ubuntu:33679
[rosmaster.master][INFO] 2020-09-01 08:23:27,537: -SERVICE [/camera/depth_registered_rectify_depth/get_loggers] /camera/depth_registered_rectify_depth rosrpc://ubuntu:43977
[rosmaster.master][INFO] 2020-09-01 08:23:27,538: -SERVICE [/camera/depth_points/set_logger_level] /camera/depth_points rosrpc://ubuntu:57249
[rosmaster.master][INFO] 2020-09-01 08:23:27,539: -SERVICE [/camera/depth_metric/set_logger_level] /camera/depth_metric rosrpc://ubuntu:33679
[rosmaster.master][INFO] 2020-09-01 08:23:27,540: publisherUpdate[/rosout] -> http://ubuntu:35171/ ['http://ubuntu:43051/', 'http://ubuntu:33309/', 'http://ubuntu:38629/', 'http://ubuntu:38735/', 'http://ubuntu:39341/', 'http://ubuntu:33103/', 'http://ubuntu:43755/', 'http://ubuntu:33545/', 'http://ubuntu:35521/', 'http://ubuntu:36269/', 'http://ubuntu:41601/', 'http://ubuntu:41559/', 'http://ubuntu:34595/', 'http://ubuntu:33875/', 'http://ubuntu:42713/']
[rosmaster.master][INFO] 2020-09-01 08:23:27,540: -SERVICE [/camera/depth_registered_rectify_depth/set_logger_level] /camera/depth_registered_rectify_depth rosrpc://ubuntu:43977
[rosmaster.master][INFO] 2020-09-01 08:23:27,543: publisherUpdate[/rosout] -> http://ubuntu:35171/ ['http://ubuntu:43051/', 'http://ubuntu:33309/', 'http://ubuntu:38629/', 'http://ubuntu:38735/', 'http://ubuntu:39341/', 'http://ubuntu:33103/', 'http://ubuntu:43755/', 'http://ubuntu:33545/', 'http://ubuntu:35521/', 'http://ubuntu:36269/', 'http://ubuntu:41601/', 'http://ubuntu:41559/', 'http://ubuntu:34595/', 'http://ubuntu:33875/', 'http://ubuntu:42713/']: sec=0.00, result=[1, '', 0]
[rosmaster.master][INFO] 2020-09-01 08:23:27,544: publisherUpdate[/rosout] -> http://ubuntu:35171/ ['http://ubuntu:43051/', 'http://ubuntu:33309/', 'http://ubuntu:38629/', 'http://ubuntu:38735/', 'http://ubuntu:39341/', 'http://ubuntu:33103/', 'http://ubuntu:43755/', 'http://ubuntu:33545/', 'http://ubuntu:35521/', 'http://ubuntu:36269/', 'http://ubuntu:41601/', 'http://ubuntu:41559/', 'http://ubuntu:34595/', 'http://ubuntu:42713/']
[rosmaster.master][INFO] 2020-09-01 08:23:27,546: publisherUpdate[/rosout] -> http://ubuntu:35171/ ['http://ubuntu:43051/', 'http://ubuntu:33309/', 'http://ubuntu:38629/', 'http://ubuntu:38735/', 'http://ubuntu:39341/', 'http://ubuntu:33103/', 'http://ubuntu:43755/', 'http://ubuntu:33545/', 'http://ubuntu:35521/', 'http://ubuntu:36269/', 'http://ubuntu:41601/', 'http://ubuntu:41559/', 'http://ubuntu:34595/', 'http://ubuntu:42713/']: sec=0.00, result=[1, '', 0]
[rosmaster.master][INFO] 2020-09-01 08:23:27,546: publisherUpdate[/rosout] -> http://ubuntu:35171/ ['http://ubuntu:43051/', 'http://ubuntu:33309/', 'http://ubuntu:38629/', 'http://ubuntu:38735/', 'http://ubuntu:39341/', 'http://ubuntu:33103/', 'http://ubuntu:43755/', 'http://ubuntu:33545/', 'http://ubuntu:35521/', 'http://ubuntu:36269/', 'http://ubuntu:41601/', 'http://ubuntu:41559/', 'http://ubuntu:34595/']
[rosmaster.master][INFO] 2020-09-01 08:23:27,549: publisherUpdate[/rosout] -> http://ubuntu:35171/ ['http://ubuntu:43051/', 'http://ubuntu:33309/', 'http://ubuntu:38629/', 'http://ubuntu:38735/', 'http://ubuntu:39341/', 'http://ubuntu:33103/', 'http://ubuntu:43755/', 'http://ubuntu:33545/', 'http://ubuntu:35521/', 'http://ubuntu:36269/', 'http://ubuntu:41601/', 'http://ubuntu:41559/', 'http://ubuntu:34595/']: sec=0.00, result=[1, '', 0]
[rosmaster.master][INFO] 2020-09-01 08:23:27,550: -PUB [/rosout] /camera/points_xyzrgb_hw_registered http://ubuntu:36269/
[rosmaster.master][INFO] 2020-09-01 08:23:27,551: publisherUpdate[/rosout] -> http://ubuntu:35171/ ['http://ubuntu:43051/', 'http://ubuntu:33309/', 'http://ubuntu:38629/', 'http://ubuntu:38735/', 'http://ubuntu:39341/', 'http://ubuntu:33103/', 'http://ubuntu:43755/', 'http://ubuntu:33545/', 'http://ubuntu:35521/', 'http://ubuntu:36269/', 'http://ubuntu:41601/', 'http://ubuntu:41559/']
[rosmaster.master][INFO] 2020-09-01 08:23:27,551: -PUB [/rosout] /camera/depth_registered_hw_metric_rect http://ubuntu:41601/
[rosmaster.master][INFO] 2020-09-01 08:23:27,555: publisherUpdate[/rosout] -> http://ubuntu:35171/ ['http://ubuntu:43051/', 'http://ubuntu:33309/', 'http://ubuntu:38629/', 'http://ubuntu:38735/', 'http://ubuntu:39341/', 'http://ubuntu:33103/', 'http://ubuntu:43755/', 'http://ubuntu:33545/', 'http://ubuntu:35521/', 'http://ubuntu:36269/', 'http://ubuntu:41601/', 'http://ubuntu:41559/']: sec=0.00, result=[1, '', 0]
[rosmaster.master][INFO] 2020-09-01 08:23:27,557: -PUB [/rosout] /camera/depth_registered_metric http://ubuntu:41559/
[rosmaster.master][INFO] 2020-09-01 08:23:27,556: publisherUpdate[/rosout] -> http://ubuntu:35171/ ['http://ubuntu:43051/', 'http://ubuntu:33309/', 'http://ubuntu:38629/', 'http://ubuntu:38735/', 'http://ubuntu:39341/', 'http://ubuntu:33103/', 'http://ubuntu:43755/', 'http://ubuntu:35521/', 'http://ubuntu:36269/', 'http://ubuntu:41601/', 'http://ubuntu:41559/']
[rosmaster.master][INFO] 2020-09-01 08:23:27,558: -SERVICE [/camera/points_xyzrgb_hw_registered/get_loggers] /camera/points_xyzrgb_hw_registered rosrpc://ubuntu:38141
[rosmaster.master][INFO] 2020-09-01 08:23:27,563: publisherUpdate[/rosout] -> http://ubuntu:35171/ ['http://ubuntu:43051/', 'http://ubuntu:33309/', 'http://ubuntu:38629/', 'http://ubuntu:38735/', 'http://ubuntu:39341/', 'http://ubuntu:33103/', 'http://ubuntu:43755/', 'http://ubuntu:35521/', 'http://ubuntu:36269/', 'http://ubuntu:41601/', 'http://ubuntu:41559/']: sec=0.00, result=[1, '', 0]
[rosmaster.master][INFO] 2020-09-01 08:23:27,564: -SERVICE [/camera/depth_registered_hw_metric_rect/get_loggers] /camera/depth_registered_hw_metric_rect rosrpc://ubuntu:45017
[rosmaster.master][INFO] 2020-09-01 08:23:27,567: publisherUpdate[/rosout] -> http://ubuntu:35171/ ['http://ubuntu:43051/', 'http://ubuntu:33309/', 'http://ubuntu:38629/', 'http://ubuntu:38735/', 'http://ubuntu:39341/', 'http://ubuntu:33103/', 'http://ubuntu:43755/', 'http://ubuntu:36269/', 'http://ubuntu:41601/', 'http://ubuntu:41559/']
[rosmaster.master][INFO] 2020-09-01 08:23:27,568: -SERVICE [/camera/depth_registered_metric/get_loggers] /camera/depth_registered_metric rosrpc://ubuntu:37271
[rosmaster.master][INFO] 2020-09-01 08:23:27,570: -SERVICE [/camera/points_xyzrgb_hw_registered/set_logger_level] /camera/points_xyzrgb_hw_registered rosrpc://ubuntu:38141
[rosmaster.master][INFO] 2020-09-01 08:23:27,572: publisherUpdate[/rosout] -> http://ubuntu:35171/ ['http://ubuntu:43051/', 'http://ubuntu:33309/', 'http://ubuntu:38629/', 'http://ubuntu:38735/', 'http://ubuntu:39341/', 'http://ubuntu:33103/', 'http://ubuntu:43755/', 'http://ubuntu:36269/', 'http://ubuntu:41601/', 'http://ubuntu:41559/']: sec=0.00, result=[1, '', 0]
[rosmaster.master][INFO] 2020-09-01 08:23:27,573: -SERVICE [/camera/depth_registered_hw_metric_rect/set_logger_level] /camera/depth_registered_hw_metric_rect rosrpc://ubuntu:45017
[rosmaster.master][INFO] 2020-09-01 08:23:27,574: publisherUpdate[/rosout] -> http://ubuntu:35171/ ['http://ubuntu:43051/', 'http://ubuntu:33309/', 'http://ubuntu:38629/', 'http://ubuntu:38735/', 'http://ubuntu:39341/', 'http://ubuntu:33103/', 'http://ubuntu:36269/', 'http://ubuntu:41601/', 'http://ubuntu:41559/']
[rosmaster.master][INFO] 2020-09-01 08:23:27,578: -SERVICE [/camera/depth_registered_metric/set_logger_level] /camera/depth_registered_metric rosrpc://ubuntu:37271
[rosmaster.master][INFO] 2020-09-01 08:23:27,585: publisherUpdate[/rosout] -> http://ubuntu:35171/ ['http://ubuntu:43051/', 'http://ubuntu:33309/', 'http://ubuntu:38629/', 'http://ubuntu:38735/', 'http://ubuntu:39341/', 'http://ubuntu:33103/', 'http://ubuntu:36269/', 'http://ubuntu:41601/', 'http://ubuntu:41559/']: sec=0.01, result=[1, '', 0]
[rosmaster.master][INFO] 2020-09-01 08:23:27,586: -PUB [/camera/depth/image_rect] /camera/camera_nodelet_manager http://ubuntu:38735/
[rosmaster.master][INFO] 2020-09-01 08:23:27,587: publisherUpdate[/rosout] -> http://ubuntu:35171/ ['http://ubuntu:43051/', 'http://ubuntu:33309/', 'http://ubuntu:38629/', 'http://ubuntu:38735/', 'http://ubuntu:39341/', 'http://ubuntu:33103/', 'http://ubuntu:41601/', 'http://ubuntu:41559/']
[rosmaster.master][INFO] 2020-09-01 08:23:27,591: publisherUpdate[/rosout] -> http://ubuntu:35171/ ['http://ubuntu:43051/', 'http://ubuntu:33309/', 'http://ubuntu:38629/', 'http://ubuntu:38735/', 'http://ubuntu:39341/', 'http://ubuntu:33103/', 'http://ubuntu:41601/', 'http://ubuntu:41559/']: sec=0.00, result=[1, '', 0]
[rosmaster.master][INFO] 2020-09-01 08:23:27,591: publisherUpdate[/rosout] -> http://ubuntu:35171/ ['http://ubuntu:43051/', 'http://ubuntu:33309/', 'http://ubuntu:38629/', 'http://ubuntu:38735/', 'http://ubuntu:39341/', 'http://ubuntu:33103/', 'http://ubuntu:41559/']
[rosmaster.master][INFO] 2020-09-01 08:23:27,593: publisherUpdate[/rosout] -> http://ubuntu:35171/ ['http://ubuntu:43051/', 'http://ubuntu:33309/', 'http://ubuntu:38629/', 'http://ubuntu:38735/', 'http://ubuntu:39341/', 'http://ubuntu:33103/', 'http://ubuntu:41559/']: sec=0.00, result=[1, '', 0]
[rosmaster.master][INFO] 2020-09-01 08:23:27,593: publisherUpdate[/rosout] -> http://ubuntu:35171/ ['http://ubuntu:43051/', 'http://ubuntu:33309/', 'http://ubuntu:38629/', 'http://ubuntu:38735/', 'http://ubuntu:39341/', 'http://ubuntu:33103/']
[rosmaster.master][INFO] 2020-09-01 08:23:27,595: publisherUpdate[/rosout] -> http://ubuntu:35171/ ['http://ubuntu:43051/', 'http://ubuntu:33309/', 'http://ubuntu:38629/', 'http://ubuntu:38735/', 'http://ubuntu:39341/', 'http://ubuntu:33103/']: sec=0.00, result=[1, '', 0]
[rosmaster.master][INFO] 2020-09-01 08:23:27,656: -PUB [/camera/depth_rectify_depth/parameter_descriptions] /camera/camera_nodelet_manager http://ubuntu:38735/
[rosmaster.master][INFO] 2020-09-01 08:23:27,662: -PUB [/camera/depth_rectify_depth/parameter_updates] /camera/camera_nodelet_manager http://ubuntu:38735/
[rosmaster.master][INFO] 2020-09-01 08:23:27,668: -SERVICE [/camera/depth_rectify_depth/set_parameters] /camera/camera_nodelet_manager rosrpc://ubuntu:42801
[rosmaster.master][INFO] 2020-09-01 08:23:27,722: -PUB [/rosout] /camera/depth_metric_rect http://ubuntu:33103/
[rosmaster.master][INFO] 2020-09-01 08:23:27,723: -SERVICE [/camera/depth_metric_rect/get_loggers] /camera/depth_metric_rect rosrpc://ubuntu:49039
[rosmaster.master][INFO] 2020-09-01 08:23:27,725: -SERVICE [/camera/depth_metric_rect/set_logger_level] /camera/depth_metric_rect rosrpc://ubuntu:49039
[rosmaster.master][INFO] 2020-09-01 08:23:27,741: publisherUpdate[/rosout] -> http://ubuntu:35171/ ['http://ubuntu:43051/', 'http://ubuntu:33309/', 'http://ubuntu:38629/', 'http://ubuntu:38735/', 'http://ubuntu:39341/']
[rosmaster.master][INFO] 2020-09-01 08:23:27,743: publisherUpdate[/rosout] -> http://ubuntu:35171/ ['http://ubuntu:43051/', 'http://ubuntu:33309/', 'http://ubuntu:38629/', 'http://ubuntu:38735/', 'http://ubuntu:39341/']: sec=0.00, result=[1, '', 0]
[rosmaster.master][INFO] 2020-09-01 08:23:27,751: -PUB [/rosout] /camera/camera_nodelet_manager http://ubuntu:38735/
[rosmaster.master][INFO] 2020-09-01 08:23:27,752: -PUB [/camera/rgb_rectify_color/parameter_descriptions] /camera/camera_nodelet_manager http://ubuntu:38735/
[rosmaster.master][INFO] 2020-09-01 08:23:27,754: -PUB [/camera/rgb_rectify_color/parameter_updates] /camera/camera_nodelet_manager http://ubuntu:38735/
[rosmaster.master][INFO] 2020-09-01 08:23:27,755: -PUB [/camera/rgb/image_rect_color] /camera/camera_nodelet_manager http://ubuntu:38735/
[rosmaster.master][INFO] 2020-09-01 08:23:27,756: -PUB [/camera/driver/parameter_descriptions] /camera/camera_nodelet_manager http://ubuntu:38735/
[rosmaster.master][INFO] 2020-09-01 08:23:27,758: -PUB [/camera/driver/parameter_updates] /camera/camera_nodelet_manager http://ubuntu:38735/
[rosmaster.master][INFO] 2020-09-01 08:23:27,759: -PUB [/camera/ir/image] /camera/camera_nodelet_manager http://ubuntu:38735/
[rosmaster.master][INFO] 2020-09-01 08:23:27,761: -PUB [/camera/ir/camera_info] /camera/camera_nodelet_manager http://ubuntu:38735/
[rosmaster.master][INFO] 2020-09-01 08:23:27,764: -PUB [/camera/depth/image_raw] /camera/camera_nodelet_manager http://ubuntu:38735/
[rosmaster.master][INFO] 2020-09-01 08:23:27,767: -PUB [/camera/depth/camera_info] /camera/camera_nodelet_manager http://ubuntu:38735/
[rosmaster.master][INFO] 2020-09-01 08:23:27,769: -PUB [/camera/depth_registered/image_raw] /camera/camera_nodelet_manager http://ubuntu:38735/
[rosmaster.master][INFO] 2020-09-01 08:23:27,772: -PUB [/camera/depth_registered/camera_info] /camera/camera_nodelet_manager http://ubuntu:38735/
[rosmaster.master][INFO] 2020-09-01 08:23:27,774: -PUB [/camera/projector/camera_info] /camera/camera_nodelet_manager http://ubuntu:38735/
[rosmaster.master][INFO] 2020-09-01 08:23:27,777: -PUB [/camera/camera_nodelet_manager/bond] /camera/camera_nodelet_manager http://ubuntu:38735/
[rosmaster.master][INFO] 2020-09-01 08:23:27,779: -PUB [/camera/depth/image_rect_raw] /camera/camera_nodelet_manager http://ubuntu:38735/
[rosmaster.master][INFO] 2020-09-01 08:23:27,780: -SUB [/camera/camera_nodelet_manager/bond] /camera/camera_nodelet_manager http://ubuntu:38735/
[rosmaster.master][INFO] 2020-09-01 08:23:27,782: -SERVICE [/camera/camera_nodelet_manager/get_loggers] /camera/camera_nodelet_manager rosrpc://ubuntu:42801
[rosmaster.master][INFO] 2020-09-01 08:23:27,783: -SERVICE [/camera/camera_nodelet_manager/set_logger_level] /camera/camera_nodelet_manager rosrpc://ubuntu:42801
[rosmaster.master][INFO] 2020-09-01 08:23:27,785: -SERVICE [/camera/camera_nodelet_manager/load_nodelet] /camera/camera_nodelet_manager rosrpc://ubuntu:42801
[rosmaster.master][INFO] 2020-09-01 08:23:27,787: -SERVICE [/camera/camera_nodelet_manager/unload_nodelet] /camera/camera_nodelet_manager rosrpc://ubuntu:42801
[rosmaster.master][INFO] 2020-09-01 08:23:27,793: -SERVICE [/camera/camera_nodelet_manager/list] /camera/camera_nodelet_manager rosrpc://ubuntu:42801
[rosmaster.master][INFO] 2020-09-01 08:23:27,796: publisherUpdate[/rosout] -> http://ubuntu:35171/ ['http://ubuntu:43051/', 'http://ubuntu:33309/', 'http://ubuntu:38629/', 'http://ubuntu:39341/']
[rosmaster.master][INFO] 2020-09-01 08:23:27,797: publisherUpdate[/rosout] -> http://ubuntu:35171/ ['http://ubuntu:43051/', 'http://ubuntu:33309/', 'http://ubuntu:38629/', 'http://ubuntu:39341/']: sec=0.00, result=[1, '', 0]
[rosmaster.master][INFO] 2020-09-01 08:23:27,798: publisherUpdate[/camera/camera_nodelet_manager/bond] -> http://ubuntu:38735/ ['http://ubuntu:43051/']
[rosmaster.master][INFO] 2020-09-01 08:23:27,799: publisherUpdate[/camera/camera_nodelet_manager/bond] -> http://ubuntu:38735/ ['http://ubuntu:43051/']: sec=0.00, exception=<Fault -1: 'publisherUpdate: unknown method name'>
[rosmaster.master][INFO] 2020-09-01 08:23:27,800: -SERVICE [/camera/rgb_rectify_color/set_parameters] /camera/camera_nodelet_manager rosrpc://ubuntu:42801
[rosmaster.master][INFO] 2020-09-01 08:23:27,804: -SERVICE [/camera/driver/set_parameters] /camera/camera_nodelet_manager rosrpc://ubuntu:42801
[rosmaster.master][INFO] 2020-09-01 08:23:27,806: -PUB [/rosout] /camera/camera_rgb http://ubuntu:33309/
[rosmaster.master][INFO] 2020-09-01 08:23:27,808: -PUB [/camera/camera_rgb/parameter_descriptions] /camera/camera_rgb http://ubuntu:33309/
[rosmaster.master][INFO] 2020-09-01 08:23:27,810: -PUB [/camera/camera_rgb/parameter_updates] /camera/camera_rgb http://ubuntu:33309/
[rosmaster.threadpool][ERROR] 2020-09-01 08:23:27,812: Traceback (most recent call last):
  File "/opt/ros/melodic/lib/python2.7/dist-packages/rosmaster/threadpool.py", line 218, in run
    result = cmd(*args)
  File "/opt/ros/melodic/lib/python2.7/dist-packages/rosmaster/master_api.py", line 210, in publisher_update_task
    ret = xmlrpcapi(api).publisherUpdate('/master', topic, pub_uris)
  File "/usr/lib/python2.7/xmlrpclib.py", line 1243, in __call__
    return self.__send(self.__name, args)
  File "/usr/lib/python2.7/xmlrpclib.py", line 1602, in __request
    verbose=self.__verbose
  File "/usr/lib/python2.7/xmlrpclib.py", line 1283, in request
    return self.single_request(host, handler, request_body, verbose)
  File "/usr/lib/python2.7/xmlrpclib.py", line 1316, in single_request
    return self.parse_response(response)
  File "/usr/lib/python2.7/xmlrpclib.py", line 1493, in parse_response
    return u.close()
  File "/usr/lib/python2.7/xmlrpclib.py", line 800, in close
    raise Fault(**self._stack[0])
Fault: <Fault -1: 'publisherUpdate: unknown method name'>

[rosmaster.master][INFO] 2020-09-01 08:23:27,812: publisherUpdate[/camera/camera_nodelet_manager/bond] -> http://ubuntu:43051/ ['http://ubuntu:43051/']
[rosmaster.master][INFO] 2020-09-01 08:23:27,814: -PUB [/camera/rgb/image_raw] /camera/camera_rgb http://ubuntu:33309/
[rosmaster.master][INFO] 2020-09-01 08:23:27,816: publisherUpdate[/camera/camera_nodelet_manager/bond] -> http://ubuntu:43051/ ['http://ubuntu:43051/']: sec=0.00, result=[1, '', 0]
[rosmaster.master][INFO] 2020-09-01 08:23:27,816: publisherUpdate[/rosout] -> http://ubuntu:35171/ ['http://ubuntu:43051/', 'http://ubuntu:38629/', 'http://ubuntu:39341/']
[rosmaster.master][INFO] 2020-09-01 08:23:27,817: -PUB [/camera/rgb/camera_info] /camera/camera_rgb http://ubuntu:33309/
[rosmaster.master][INFO] 2020-09-01 08:23:27,819: publisherUpdate[/rosout] -> http://ubuntu:35171/ ['http://ubuntu:43051/', 'http://ubuntu:38629/', 'http://ubuntu:39341/']: sec=0.00, result=[1, '', 0]
[rosmaster.master][INFO] 2020-09-01 08:23:27,820: -PUB [/rosout] /camera/depth_rectify_depth http://ubuntu:39341/
[rosmaster.master][INFO] 2020-09-01 08:23:27,821: publisherUpdate[/rosout] -> http://ubuntu:35171/ ['http://ubuntu:43051/', 'http://ubuntu:38629/']
[rosmaster.master][INFO] 2020-09-01 08:23:27,822: -SERVICE [/camera/camera_rgb/get_loggers] /camera/camera_rgb rosrpc://ubuntu:56307
[rosmaster.master][INFO] 2020-09-01 08:23:27,825: -SERVICE [/camera/depth_rectify_depth/get_loggers] /camera/depth_rectify_depth rosrpc://ubuntu:60883
[rosmaster.master][INFO] 2020-09-01 08:23:27,827: -SERVICE [/camera/camera_rgb/set_logger_level] /camera/camera_rgb rosrpc://ubuntu:56307
[rosmaster.master][INFO] 2020-09-01 08:23:27,828: publisherUpdate[/rosout] -> http://ubuntu:35171/ ['http://ubuntu:43051/', 'http://ubuntu:38629/']: sec=0.00, result=[1, '', 0]
[rosmaster.master][INFO] 2020-09-01 08:23:27,830: -SERVICE [/camera/camera_rgb/set_parameters] /camera/camera_rgb rosrpc://ubuntu:56307
[rosmaster.master][INFO] 2020-09-01 08:23:27,830: -SERVICE [/camera/depth_rectify_depth/set_logger_level] /camera/depth_rectify_depth rosrpc://ubuntu:60883
[rosmaster.master][INFO] 2020-09-01 08:23:27,832: -SERVICE [/camera/rgb/set_camera_info] /camera/camera_nodelet_manager rosrpc://ubuntu:42801
[rosmaster.master][INFO] 2020-09-01 08:23:27,833: -SERVICE [/camera/set_camera_info] /camera/camera_rgb rosrpc://ubuntu:56307
[rosmaster.master][INFO] 2020-09-01 08:23:27,834: -SERVICE [/camera/ir/set_camera_info] /camera/camera_nodelet_manager rosrpc://ubuntu:42801
[rosmaster.master][INFO] 2020-09-01 08:23:27,835: -SERVICE [/camera/get_uvc_exposure] /camera/camera_rgb rosrpc://ubuntu:56307
[rosmaster.master][INFO] 2020-09-01 08:23:27,838: -SERVICE [/camera/get_serial] /camera/camera_nodelet_manager rosrpc://ubuntu:42801
[rosmaster.master][INFO] 2020-09-01 08:23:27,839: -SERVICE [/camera/get_device_type] /camera/camera_nodelet_manager rosrpc://ubuntu:42801
[rosmaster.master][INFO] 2020-09-01 08:23:27,841: -SERVICE [/camera/set_uvc_exposure] /camera/camera_rgb rosrpc://ubuntu:56307
[rosmaster.master][INFO] 2020-09-01 08:23:27,842: -SERVICE [/camera/get_ir_gain] /camera/camera_nodelet_manager rosrpc://ubuntu:42801
[rosmaster.master][INFO] 2020-09-01 08:23:27,844: -SERVICE [/camera/get_uvc_gain] /camera/camera_rgb rosrpc://ubuntu:56307
[rosmaster.master][INFO] 2020-09-01 08:23:27,849: -SERVICE [/camera/set_ir_gain] /camera/camera_nodelet_manager rosrpc://ubuntu:42801
[rosmaster.master][INFO] 2020-09-01 08:23:27,850: -SERVICE [/camera/set_uvc_gain] /camera/camera_rgb rosrpc://ubuntu:56307
[rosmaster.master][INFO] 2020-09-01 08:23:27,851: -SERVICE [/camera/get_ir_exposure] /camera/camera_nodelet_manager rosrpc://ubuntu:42801
[rosmaster.master][INFO] 2020-09-01 08:23:27,853: -SERVICE [/camera/get_uvc_white_balance] /camera/camera_rgb rosrpc://ubuntu:56307
[rosmaster.master][INFO] 2020-09-01 08:23:27,856: -SERVICE [/camera/set_ir_exposure] /camera/camera_nodelet_manager rosrpc://ubuntu:42801
[rosmaster.master][INFO] 2020-09-01 08:23:27,858: -SERVICE [/camera/set_uvc_white_balance] /camera/camera_rgb rosrpc://ubuntu:56307
[rosmaster.master][INFO] 2020-09-01 08:23:27,859: -SERVICE [/camera/set_ir_flood] /camera/camera_nodelet_manager rosrpc://ubuntu:42801
[rosmaster.master][INFO] 2020-09-01 08:23:27,864: -SERVICE [/camera/set_laser] /camera/camera_nodelet_manager rosrpc://ubuntu:42801
[rosmaster.master][INFO] 2020-09-01 08:23:27,868: -SERVICE [/camera/set_ldp] /camera/camera_nodelet_manager rosrpc://ubuntu:42801
[rosmaster.master][INFO] 2020-09-01 08:23:27,872: -SERVICE [/camera/reset_ir_gain] /camera/camera_nodelet_manager rosrpc://ubuntu:42801
[rosmaster.master][INFO] 2020-09-01 08:23:27,876: -SERVICE [/camera/reset_ir_exposure] /camera/camera_nodelet_manager rosrpc://ubuntu:42801
[rosmaster.master][INFO] 2020-09-01 08:23:27,877: -SERVICE [/camera/get_camera_info] /camera/camera_nodelet_manager rosrpc://ubuntu:42801
[rosmaster.master][INFO] 2020-09-01 08:23:27,919: -PUB [/rosout] /camera/rgb_rectify_color http://ubuntu:38629/
[rosmaster.master][INFO] 2020-09-01 08:23:27,921: -SERVICE [/camera/rgb_rectify_color/get_loggers] /camera/rgb_rectify_color rosrpc://ubuntu:44919
[rosmaster.master][INFO] 2020-09-01 08:23:27,923: -SERVICE [/camera/rgb_rectify_color/set_logger_level] /camera/rgb_rectify_color rosrpc://ubuntu:44919
[rosmaster.master][INFO] 2020-09-01 08:23:27,933: publisherUpdate[/rosout] -> http://ubuntu:35171/ ['http://ubuntu:43051/']
[rosmaster.master][INFO] 2020-09-01 08:23:27,935: publisherUpdate[/rosout] -> http://ubuntu:35171/ ['http://ubuntu:43051/']: sec=0.00, result=[1, '', 0]
[rosmaster.master][INFO] 2020-09-01 08:23:28,015: -PUB [/rosout] /camera/driver http://ubuntu:43051/
[rosmaster.master][INFO] 2020-09-01 08:23:28,017: -PUB [/camera/camera_nodelet_manager/bond] /camera/driver http://ubuntu:43051/
[rosmaster.master][INFO] 2020-09-01 08:23:28,019: -SUB [/camera/camera_nodelet_manager/bond] /camera/driver http://ubuntu:43051/
[rosmaster.master][INFO] 2020-09-01 08:23:28,021: -SERVICE [/camera/driver/get_loggers] /camera/driver rosrpc://ubuntu:47015
[rosmaster.master][INFO] 2020-09-01 08:23:28,023: -SERVICE [/camera/driver/set_logger_level] /camera/driver rosrpc://ubuntu:47015
[rosmaster.master][INFO] 2020-09-01 08:23:28,036: publisherUpdate[/rosout] -> http://ubuntu:35171/ []
[rosmaster.master][INFO] 2020-09-01 08:23:28,038: publisherUpdate[/rosout] -> http://ubuntu:35171/ []: sec=0.00, result=[1, '', 0]
[rosmaster.master][INFO] 2020-09-01 08:23:28,038: publisherUpdate[/camera/camera_nodelet_manager/bond] -> http://ubuntu:43051/ []
[rosmaster.master][INFO] 2020-09-01 08:23:28,039: publisherUpdate[/camera/camera_nodelet_manager/bond] -> http://ubuntu:43051/ []: sec=0.00, exception=[Errno 111] Connection refused
[rosmaster.threadpool][ERROR] 2020-09-01 08:23:28,047: Traceback (most recent call last):
  File "/opt/ros/melodic/lib/python2.7/dist-packages/rosmaster/threadpool.py", line 218, in run
    result = cmd(*args)
  File "/opt/ros/melodic/lib/python2.7/dist-packages/rosmaster/master_api.py", line 210, in publisher_update_task
    ret = xmlrpcapi(api).publisherUpdate('/master', topic, pub_uris)
  File "/usr/lib/python2.7/xmlrpclib.py", line 1243, in __call__
    return self.__send(self.__name, args)
  File "/usr/lib/python2.7/xmlrpclib.py", line 1602, in __request
    verbose=self.__verbose
  File "/usr/lib/python2.7/xmlrpclib.py", line 1283, in request
    return self.single_request(host, handler, request_body, verbose)
  File "/usr/lib/python2.7/xmlrpclib.py", line 1311, in single_request
    self.send_content(h, request_body)
  File "/usr/lib/python2.7/xmlrpclib.py", line 1459, in send_content
    connection.endheaders(request_body)
  File "/usr/lib/python2.7/httplib.py", line 1078, in endheaders
    self._send_output(message_body)
  File "/usr/lib/python2.7/httplib.py", line 894, in _send_output
    self.send(msg)
  File "/usr/lib/python2.7/httplib.py", line 856, in send
    self.connect()
  File "/usr/lib/python2.7/httplib.py", line 833, in connect
    self.timeout, self.source_address)
  File "/usr/lib/python2.7/socket.py", line 575, in create_connection
    raise err
error: [Errno 111] Connection refused

[rosmaster.master][INFO] 2020-09-01 08:23:28,138: -PUB [/rosout_agg] /rosout http://ubuntu:35171/
[rosmaster.master][INFO] 2020-09-01 08:23:28,140: -SUB [/rosout] /rosout http://ubuntu:35171/
[rosmaster.master][INFO] 2020-09-01 08:23:28,141: -SERVICE [/rosout/get_loggers] /rosout rosrpc://ubuntu:33519
[rosmaster.master][INFO] 2020-09-01 08:23:28,142: -SERVICE [/rosout/set_logger_level] /rosout rosrpc://ubuntu:33519
[rosmaster.main][INFO] 2020-09-01 08:23:28,174: keyboard interrupt, will exit
[rosmaster.main][INFO] 2020-09-01 08:23:28,174: stopping master...
[rospy.core][INFO] 2020-09-01 08:23:28,175: signal_shutdown [atexit]
