

1598948436.047004944  Node Startup
1598948436.221301024 INFO /camera/driver [/tmp/binarydeb/ros-melodic-roscpp-1.14.7/src/libros/service.cpp:123(service::waitForService)] [topics: /rosout] waitForService: Service [/camera/camera_nodelet_manager/load_nodelet] is now available.
1598948436.185712763 INFO /camera/camera_nodelet_manager [/tmp/binarydeb/ros-melodic-nodelet-1.9.16/src/loader.cpp:233(Loader::Impl::advertiseRosApi)] [topics: /rosout] Initializing nodelet with 4 worker threads.
1598948436.216993508 INFO /camera/depth_rectify_depth [/tmp/binarydeb/ros-melodic-nodelet-1.9.16/src/nodelet.cpp:202(loadNodelet)] [topics: /rosout] /camera/image_rect -> /camera/depth/image_rect_raw
1598948436.205395042 INFO /camera/rgb_rectify_color [/tmp/binarydeb/ros-melodic-roscpp-1.14.7/src/libros/service.cpp:123(service::waitForService)] [topics: /rosout] waitForService: Service [/camera/camera_nodelet_manager/load_nodelet] is now available.
1598948436.252283605 INFO /camera/depth_metric_rect [/tmp/binarydeb/ros-melodic-nodelet-1.9.16/src/nodelet.cpp:202(loadNodelet)] [topics: /rosout] /camera/image_raw -> /camera/depth/image_rect_raw
1598948436.341061463 INFO /camera/depth_metric [/tmp/binarydeb/ros-melodic-nodelet-1.9.16/src/nodelet.cpp:196(loadNodelet)] [topics: /rosout] Loading nodelet /camera/depth_metric of type depth_image_proc/convert_metric to manager camera_nodelet_manager with the following remappings:
1598948436.469194787 INFO /camera/depth_points [/tmp/binarydeb/ros-melodic-nodelet-1.9.16/src/nodelet.cpp:196(loadNodelet)] [topics: /rosout] Loading nodelet /camera/depth_points of type depth_image_proc/point_cloud_xyz to manager camera_nodelet_manager with the following remappings:
1598948436.443833764 INFO /camera/depth_registered_rectify_depth [/tmp/binarydeb/ros-melodic-nodelet-1.9.16/src/nodelet.cpp:196(loadNodelet)] [topics: /rosout] Loading nodelet /camera/depth_registered_rectify_depth of type image_proc/rectify to manager camera_nodelet_manager with the following remappings:
1598948436.502180276 INFO /camera/points_xyzrgb_hw_registered [/tmp/binarydeb/ros-melodic-nodelet-1.9.16/src/nodelet.cpp:202(loadNodelet)] [topics: /rosout] /camera/rgb/image_rect_color -> /camera/rgb/image_rect_color
1598948436.558545917 INFO /camera/depth_registered_hw_metric_rect [/tmp/binarydeb/ros-melodic-nodelet-1.9.16/src/nodelet.cpp:202(loadNodelet)] [topics: /rosout] /camera/image_raw -> /camera/depth_registered/hw_registered/image_rect_raw
1598948436.726843108 INFO /camera/camera_rgb [/home/zxcar/heima_ws/src/ros_astra_camera/src/libuvc_camera/camera_driver.cpp:494(CameraDriver::OpenCamera)] [topics: /rosout, /camera/camera_rgb/parameter_descriptions, /camera/camera_rgb/parameter_updates, /camera/rgb/image_raw, /camera/rgb/camera_info] Opening camera with vendor=0x2bc5, product=0x502, serial="", index=0
1598948436.587252391 INFO /camera/depth_registered_metric [/tmp/binarydeb/ros-melodic-nodelet-1.9.16/src/nodelet.cpp:196(loadNodelet)] [topics: /rosout] Loading nodelet /camera/depth_registered_metric of type depth_image_proc/convert_metric to manager camera_nodelet_manager with the following remappings:
1598948436.661345941 INFO /camera_base_link1 [/tmp/binarydeb/ros-melodic-tf2-ros-0.6.5/src/static_transform_broadcaster_program.cpp:142(main)] [topics: /rosout, /tf_static] Spinning until killed publishing /camera_link to /camera_rgb_frame
1598948436.722580870 INFO /camera_base_link [/tmp/binarydeb/ros-melodic-tf2-ros-0.6.5/src/static_transform_broadcaster_program.cpp:142(main)] [topics: /rosout, /tf_static] Spinning until killed publishing /camera_link to /camera_depth_frame
1598948436.733362288 INFO /camera_base_link2 [/tmp/binarydeb/ros-melodic-tf2-ros-0.6.5/src/static_transform_broadcaster_program.cpp:142(main)] [topics: /rosout, /tf_static] Spinning until killed publishing /camera_depth_frame to /camera_depth_optical_frame
1598948436.737686359 INFO /camera_base_link3 [/tmp/binarydeb/ros-melodic-tf2-ros-0.6.5/src/static_transform_broadcaster_program.cpp:142(main)] [topics: /rosout, /tf_static] Spinning until killed publishing /camera_rgb_frame to /camera_rgb_optical_frame
1598948437.333778286 WARN /camera/camera_rgb [/home/zxcar/heima_ws/src/ros_astra_camera/src/libuvc_camera/camera_driver.cpp:216(CameraDriver::ReconfigureCallback)] [topics: /rosout, /camera/camera_rgb/parameter_descriptions, /camera/camera_rgb/parameter_updates, /camera/rgb/image_raw, /camera/rgb/camera_info] Unable to set exposure_absolute to 1
1598948437.335064015 WARN /camera/camera_rgb [/home/zxcar/heima_ws/src/ros_astra_camera/src/libuvc_camera/camera_driver.cpp:217(CameraDriver::ReconfigureCallback)] [topics: /rosout, /camera/camera_rgb/parameter_descriptions, /camera/camera_rgb/parameter_updates, /camera/rgb/image_raw, /camera/rgb/camera_info] Unable to set auto_focus to 1
1598948437.336495298 WARN /camera/camera_rgb [/home/zxcar/heima_ws/src/ros_astra_camera/src/libuvc_camera/camera_driver.cpp:218(CameraDriver::ReconfigureCallback)] [topics: /rosout, /camera/camera_rgb/parameter_descriptions, /camera/camera_rgb/parameter_updates, /camera/rgb/image_raw, /camera/rgb/camera_info] Unable to set focus_absolute to 0
1598948437.339223161 WARN /camera/camera_rgb [/home/zxcar/heima_ws/src/ros_astra_camera/src/libuvc_camera/camera_driver.cpp:221(CameraDriver::ReconfigureCallback)] [topics: /rosout, /camera/camera_rgb/parameter_descriptions, /camera/camera_rgb/parameter_updates, /camera/rgb/image_raw, /camera/rgb/camera_info] Unable to set iris_absolute to 0
1598948437.347003015 WARN /camera/camera_rgb [/home/zxcar/heima_ws/src/ros_astra_camera/src/libuvc_camera/camera_driver.cpp:228(CameraDriver::ReconfigureCallback)] [topics: /rosout, /camera/camera_rgb/parameter_descriptions, /camera/camera_rgb/parameter_updates, /camera/rgb/image_raw, /camera/rgb/camera_info] Unable to set pantilt to 0, 0
1598948437.548765227 INFO /camera/camera_rgb [/tmp/binarydeb/ros-melodic-camera-info-manager-1.11.13/src/camera_info_manager.cpp:227(CameraInfoManager::loadCalibration)] [topics: /rosout, /camera/camera_rgb/parameter_descriptions, /camera/camera_rgb/parameter_updates, /camera/rgb/image_raw, /camera/rgb/camera_info] using default calibration URL
1598948437.549027651 INFO /camera/camera_rgb [/tmp/binarydeb/ros-melodic-camera-info-manager-1.11.13/src/camera_info_manager.cpp:220(CameraInfoManager::loadCalibration)] [topics: /rosout, /camera/camera_rgb/parameter_descriptions, /camera/camera_rgb/parameter_updates, /camera/rgb/image_raw, /camera/rgb/camera_info] camera calibration URL: file:///home/zxcar/.ros/camera_info/camera.yaml
1598948437.549358463 INFO /camera/camera_rgb [/tmp/binarydeb/ros-melodic-camera-calibration-parsers-1.11.13/src/parse_yml.cpp:231(readCalibrationYml)] [topics: /rosout, /camera/camera_rgb/parameter_descriptions, /camera/camera_rgb/parameter_updates, /camera/rgb/image_raw, /camera/rgb/camera_info] Unable to open camera calibration file [/home/zxcar/.ros/camera_info/camera.yaml]
1598948437.549514109 WARN /camera/camera_rgb [/tmp/binarydeb/ros-melodic-camera-info-manager-1.11.13/src/camera_info_manager.cpp:293(CameraInfoManager::loadCalibrationFile)] [topics: /rosout, /camera/camera_rgb/parameter_descriptions, /camera/camera_rgb/parameter_updates, /camera/rgb/image_raw, /camera/rgb/camera_info] Camera calibration file /home/zxcar/.ros/camera_info/camera.yaml not found.
1598948437.811424225 INFO /camera/camera_nodelet_manager [/home/zxcar/heima_ws/src/ros_astra_camera/src/astra_device_manager.cpp:116(AstraDeviceListener::onDeviceConnected)] [topics: /rosout, /camera/rgb_rectify_color/parameter_descriptions, /camera/rgb_rectify_color/parameter_updates, /camera/rgb/image_rect_color] Device "2bc5/0403@1/4" found.
1598948607.352052051 INFO /camera/depth_registered_hw_metric_rect [/tmp/binarydeb/ros-melodic-nodelet-1.9.16/src/nodelet.cpp:159(unloadNodelet)] [topics: /rosout] Unloading nodelet /camera/depth_registered_hw_metric_rect from manager camera_nodelet_manager
1598948436.595040577 INFO /camera/depth_registered_metric [/tmp/binarydeb/ros-melodic-nodelet-1.9.16/src/nodelet.cpp:202(loadNodelet)] [topics: /rosout] /camera/image -> /camera/depth_registered/image
1598948436.595075558 INFO /camera/depth_registered_metric [/tmp/binarydeb/ros-melodic-nodelet-1.9.16/src/nodelet.cpp:202(loadNodelet)] [topics: /rosout] /camera/image_raw -> /camera/depth_registered/image_raw
1598948607.353758443 INFO /camera/depth_registered_metric [/tmp/binarydeb/ros-melodic-nodelet-1.9.16/src/nodelet.cpp:159(unloadNodelet)] [topics: /rosout] Unloading nodelet /camera/depth_registered_metric from manager camera_nodelet_manager
1598948607.354730250 INFO /camera/points_xyzrgb_hw_registered [/tmp/binarydeb/ros-melodic-nodelet-1.9.16/src/nodelet.cpp:159(unloadNodelet)] [topics: /rosout] Unloading nodelet /camera/points_xyzrgb_hw_registered from manager camera_nodelet_manager
1598948436.464323610 INFO /camera/depth_registered_rectify_depth [/tmp/binarydeb/ros-melodic-nodelet-1.9.16/src/nodelet.cpp:202(loadNodelet)] [topics: /rosout] /camera/image_mono -> /camera/depth_registered/image_raw
1598948436.464362017 INFO /camera/depth_registered_rectify_depth [/tmp/binarydeb/ros-melodic-nodelet-1.9.16/src/nodelet.cpp:202(loadNodelet)] [topics: /rosout] /camera/image_rect -> /camera/depth_registered/hw_registered/image_rect_raw
1598948607.356714862 INFO /camera/depth_registered_rectify_depth [/tmp/binarydeb/ros-melodic-nodelet-1.9.16/src/nodelet.cpp:159(unloadNodelet)] [topics: /rosout] Unloading nodelet /camera/depth_registered_rectify_depth from manager camera_nodelet_manager
1598948436.481370711 INFO /camera/depth_points [/tmp/binarydeb/ros-melodic-nodelet-1.9.16/src/nodelet.cpp:202(loadNodelet)] [topics: /rosout] /camera/image_rect -> /camera/depth/image_rect_raw
1598948436.481406433 INFO /camera/depth_points [/tmp/binarydeb/ros-melodic-nodelet-1.9.16/src/nodelet.cpp:202(loadNodelet)] [topics: /rosout] /camera/points -> /camera/depth/points
1598948607.362576810 INFO /camera/depth_points [/tmp/binarydeb/ros-melodic-nodelet-1.9.16/src/nodelet.cpp:159(unloadNodelet)] [topics: /rosout] Unloading nodelet /camera/depth_points from manager camera_nodelet_manager
1598948436.345146629 INFO /camera/depth_metric [/tmp/binarydeb/ros-melodic-nodelet-1.9.16/src/nodelet.cpp:202(loadNodelet)] [topics: /rosout] /camera/image -> /camera/depth/image
1598948436.345185850 INFO /camera/depth_metric [/tmp/binarydeb/ros-melodic-nodelet-1.9.16/src/nodelet.cpp:202(loadNodelet)] [topics: /rosout] /camera/image_raw -> /camera/depth/image_raw
1598948607.368798588 INFO /camera/depth_metric [/tmp/binarydeb/ros-melodic-nodelet-1.9.16/src/nodelet.cpp:159(unloadNodelet)] [topics: /rosout] Unloading nodelet /camera/depth_metric from manager camera_nodelet_manager
1598948607.576756251 INFO /camera/depth_metric_rect [/tmp/binarydeb/ros-melodic-nodelet-1.9.16/src/nodelet.cpp:159(unloadNodelet)] [topics: /rosout] Unloading nodelet /camera/depth_metric_rect from manager camera_nodelet_manager
1598948607.647358387 INFO /camera/rgb_rectify_color [/tmp/binarydeb/ros-melodic-nodelet-1.9.16/src/nodelet.cpp:159(unloadNodelet)] [topics: /rosout] Unloading nodelet /camera/rgb_rectify_color from manager camera_nodelet_manager
1598948607.645026463 INFO /camera/depth_rectify_depth [/tmp/binarydeb/ros-melodic-nodelet-1.9.16/src/nodelet.cpp:159(unloadNodelet)] [topics: /rosout] Unloading nodelet /camera/depth_rectify_depth from manager camera_nodelet_manager
1598948607.651451165 INFO /camera/driver [/tmp/binarydeb/ros-melodic-nodelet-1.9.16/src/nodelet.cpp:159(unloadNodelet)] [topics: /rosout, /camera/camera_nodelet_manager/bond] Unloading nodelet /camera/driver from manager camera_nodelet_manager
