Determining if the pthread_create exist failed with the following output:
Change Dir: /home/zxcar/zxcar_ws/build/CMakeFiles/CMakeTmp

Run Build Command:"/usr/bin/make" "cmTC_65ecd/fast"
/usr/bin/make -f CMakeFiles/cmTC_65ecd.dir/build.make CMakeFiles/cmTC_65ecd.dir/build
make[1]: Entering directory '/home/zxcar/zxcar_ws/build/CMakeFiles/CMakeTmp'
Building C object CMakeFiles/cmTC_65ecd.dir/CheckSymbolExists.c.o
/usr/bin/cc    -o CMakeFiles/cmTC_65ecd.dir/CheckSymbolExists.c.o   -c /home/zxcar/zxcar_ws/build/CMakeFiles/CMakeTmp/CheckSymbolExists.c
Linking C executable cmTC_65ecd
/usr/bin/cmake -E cmake_link_script CMakeFiles/cmTC_65ecd.dir/link.txt --verbose=1
/usr/bin/cc      -rdynamic CMakeFiles/cmTC_65ecd.dir/CheckSymbolExists.c.o  -o cmTC_65ecd 
CMakeFiles/cmTC_65ecd.dir/CheckSymbolExists.c.o: In function `main':
CheckSymbolExists.c:(.text+0x14): undefined reference to `pthread_create'
CheckSymbolExists.c:(.text+0x18): undefined reference to `pthread_create'
collect2: error: ld returned 1 exit status
CMakeFiles/cmTC_65ecd.dir/build.make:97: recipe for target 'cmTC_65ecd' failed
make[1]: *** [cmTC_65ecd] Error 1
make[1]: Leaving directory '/home/zxcar/zxcar_ws/build/CMakeFiles/CMakeTmp'
Makefile:126: recipe for target 'cmTC_65ecd/fast' failed
make: *** [cmTC_65ecd/fast] Error 2

File /home/zxcar/zxcar_ws/build/CMakeFiles/CMakeTmp/CheckSymbolExists.c:
/* */
#include <pthread.h>

int main(int argc, char** argv)
{
  (void)argv;
#ifndef pthread_create
  return ((int*)(&pthread_create))[argc];
#else
  (void)argc;
  return 0;
#endif
}

Determining if the function pthread_create exists in the pthreads failed with the following output:
Change Dir: /home/zxcar/zxcar_ws/build/CMakeFiles/CMakeTmp

Run Build Command:"/usr/bin/make" "cmTC_5aafd/fast"
/usr/bin/make -f CMakeFiles/cmTC_5aafd.dir/build.make CMakeFiles/cmTC_5aafd.dir/build
make[1]: Entering directory '/home/zxcar/zxcar_ws/build/CMakeFiles/CMakeTmp'
Building C object CMakeFiles/cmTC_5aafd.dir/CheckFunctionExists.c.o
/usr/bin/cc   -DCHECK_FUNCTION_EXISTS=pthread_create   -o CMakeFiles/cmTC_5aafd.dir/CheckFunctionExists.c.o   -c /usr/share/cmake-3.10/Modules/CheckFunctionExists.c
Linking C executable cmTC_5aafd
/usr/bin/cmake -E cmake_link_script CMakeFiles/cmTC_5aafd.dir/link.txt --verbose=1
/usr/bin/cc  -DCHECK_FUNCTION_EXISTS=pthread_create    -rdynamic CMakeFiles/cmTC_5aafd.dir/CheckFunctionExists.c.o  -o cmTC_5aafd -lpthreads 
/usr/bin/ld: cannot find -lpthreads
collect2: error: ld returned 1 exit status
CMakeFiles/cmTC_5aafd.dir/build.make:97: recipe for target 'cmTC_5aafd' failed
make[1]: *** [cmTC_5aafd] Error 1
make[1]: Leaving directory '/home/zxcar/zxcar_ws/build/CMakeFiles/CMakeTmp'
Makefile:126: recipe for target 'cmTC_5aafd/fast' failed
make: *** [cmTC_5aafd/fast] Error 2


