[rosmaster.main][INFO] 2020-09-01 08:56:59,507: initialization complete, waiting for shutdown
[rosmaster.main][INFO] 2020-09-01 08:56:59,507: Starting ROS Master Node
[xmlrpc][INFO] 2020-09-01 08:56:59,509: XML-RPC server binding to 0.0.0.0:11311
[rosmaster.master][INFO] 2020-09-01 08:56:59,510: Master initialized: port[11311], uri[http://ubuntu:11311/]
[xmlrpc][INFO] 2020-09-01 08:56:59,510: Started XML-RPC server [http://ubuntu:11311/]
[xmlrpc][INFO] 2020-09-01 08:56:59,511: xml rpc node: starting XML-RPC server
[rosmaster.master][INFO] 2020-09-01 08:56:59,599: +PARAM [/run_id] by /roslaunch
[rosmaster.master][INFO] 2020-09-01 08:56:59,603: +PARAM [/roslaunch/uris/host_ubuntu__44131] by /roslaunch
[rosmaster.master][INFO] 2020-09-01 08:56:59,681: +PARAM [/rosdistro] by /roslaunch
[rosmaster.master][INFO] 2020-09-01 08:56:59,682: +PARAM [/camera/driver/rgb_frame_id] by /roslaunch
[rosmaster.master][INFO] 2020-09-01 08:56:59,682: +PARAM [/camera/driver/rgb_camera_info_url] by /roslaunch
[rosmaster.master][INFO] 2020-09-01 08:56:59,682: +PARAM [/camera/driver/depth_frame_id] by /roslaunch
[rosmaster.master][INFO] 2020-09-01 08:56:59,682: +PARAM [/camera/driver/auto_exposure] by /roslaunch
[rosmaster.master][INFO] 2020-09-01 08:56:59,683: +PARAM [/camera/depth_registered_rectify_depth/interpolation] by /roslaunch
[rosmaster.master][INFO] 2020-09-01 08:56:59,683: +PARAM [/camera/driver/bootorder] by /roslaunch
[rosmaster.master][INFO] 2020-09-01 08:56:59,683: +PARAM [/camera/depth_rectify_depth/interpolation] by /roslaunch
[rosmaster.master][INFO] 2020-09-01 08:56:59,684: +PARAM [/rosversion] by /roslaunch
[rosmaster.master][INFO] 2020-09-01 08:56:59,684: +PARAM [/camera/camera_nodelet_manager/num_worker_threads] by /roslaunch
[rosmaster.master][INFO] 2020-09-01 08:56:59,684: +PARAM [/camera/driver/device_id] by /roslaunch
[rosmaster.master][INFO] 2020-09-01 08:56:59,684: +PARAM [/camera/driver/color_depth_synchronization] by /roslaunch
[rosmaster.master][INFO] 2020-09-01 08:56:59,685: +PARAM [/camera/driver/depth_camera_info_url] by /roslaunch
[rosmaster.master][INFO] 2020-09-01 08:56:59,685: +PARAM [/camera/driver/devnums] by /roslaunch
[rosmaster.master][INFO] 2020-09-01 08:56:59,685: +PARAM [/camera/driver/auto_white_balance] by /roslaunch
[rosmaster.master][INFO] 2020-09-01 08:56:59,686: +PARAM [/camera/driver/depth_registration] by /roslaunch
[rosmaster.master][INFO] 2020-09-01 08:56:59,714: +SERVICE [/rosout/get_loggers] /rosout http://ubuntu:44677/
[rosmaster.master][INFO] 2020-09-01 08:56:59,716: +SERVICE [/rosout/set_logger_level] /rosout http://ubuntu:44677/
[rosmaster.master][INFO] 2020-09-01 08:56:59,720: +PUB [/rosout_agg] /rosout http://ubuntu:44677/
[rosmaster.master][INFO] 2020-09-01 08:56:59,727: +SUB [/rosout] /rosout http://ubuntu:44677/
[rosmaster.master][INFO] 2020-09-01 08:56:59,817: +PUB [/rosout] /camera/driver http://ubuntu:46723/
[rosmaster.master][INFO] 2020-09-01 08:56:59,819: +PUB [/rosout] /camera/camera_nodelet_manager http://ubuntu:35133/
[rosmaster.master][INFO] 2020-09-01 08:56:59,821: +SERVICE [/camera/driver/get_loggers] /camera/driver http://ubuntu:46723/
[rosmaster.master][INFO] 2020-09-01 08:56:59,824: +SERVICE [/camera/camera_nodelet_manager/get_loggers] /camera/camera_nodelet_manager http://ubuntu:35133/
[rosmaster.master][INFO] 2020-09-01 08:56:59,826: +SERVICE [/camera/driver/set_logger_level] /camera/driver http://ubuntu:46723/
[rosmaster.master][INFO] 2020-09-01 08:56:59,828: +SERVICE [/camera/camera_nodelet_manager/set_logger_level] /camera/camera_nodelet_manager http://ubuntu:35133/
[rosmaster.master][INFO] 2020-09-01 08:56:59,851: +PARAM [/camera/driver] by /camera/driver
[rosmaster.master][INFO] 2020-09-01 08:56:59,859: +SERVICE [/camera/camera_nodelet_manager/load_nodelet] /camera/camera_nodelet_manager http://ubuntu:35133/
[rosmaster.master][INFO] 2020-09-01 08:56:59,863: +PUB [/rosout] /camera/rgb_rectify_color http://ubuntu:39349/
[rosmaster.master][INFO] 2020-09-01 08:56:59,870: +SERVICE [/camera/camera_nodelet_manager/unload_nodelet] /camera/camera_nodelet_manager http://ubuntu:35133/
[rosmaster.master][INFO] 2020-09-01 08:56:59,873: +SERVICE [/camera/rgb_rectify_color/get_loggers] /camera/rgb_rectify_color http://ubuntu:39349/
[rosmaster.master][INFO] 2020-09-01 08:56:59,875: +SERVICE [/camera/camera_nodelet_manager/list] /camera/camera_nodelet_manager http://ubuntu:35133/
[rosmaster.master][INFO] 2020-09-01 08:56:59,879: +SERVICE [/camera/rgb_rectify_color/set_logger_level] /camera/rgb_rectify_color http://ubuntu:39349/
[rosmaster.master][INFO] 2020-09-01 08:56:59,912: publisherUpdate[/rosout] -> http://ubuntu:44677/ ['http://ubuntu:46723/']
[rosmaster.master][INFO] 2020-09-01 08:56:59,923: publisherUpdate[/rosout] -> http://ubuntu:44677/ ['http://ubuntu:46723/']: sec=0.01, result=[1, '', 0]
[rosmaster.master][INFO] 2020-09-01 08:56:59,924: publisherUpdate[/rosout] -> http://ubuntu:44677/ ['http://ubuntu:46723/', 'http://ubuntu:35133/']
[rosmaster.master][INFO] 2020-09-01 08:56:59,926: +PUB [/rosout] /camera/depth_rectify_depth http://ubuntu:38671/
[rosmaster.master][INFO] 2020-09-01 08:56:59,929: +SERVICE [/camera/depth_rectify_depth/get_loggers] /camera/depth_rectify_depth http://ubuntu:38671/
[rosmaster.master][INFO] 2020-09-01 08:56:59,933: publisherUpdate[/rosout] -> http://ubuntu:44677/ ['http://ubuntu:46723/', 'http://ubuntu:35133/']: sec=0.01, result=[1, '', 0]
[rosmaster.master][INFO] 2020-09-01 08:56:59,933: publisherUpdate[/rosout] -> http://ubuntu:44677/ ['http://ubuntu:46723/', 'http://ubuntu:35133/', 'http://ubuntu:39349/']
[rosmaster.master][INFO] 2020-09-01 08:56:59,936: +PUB [/rosout] /camera/depth_metric_rect http://ubuntu:42543/
[rosmaster.master][INFO] 2020-09-01 08:56:59,938: +SERVICE [/camera/depth_rectify_depth/set_logger_level] /camera/depth_rectify_depth http://ubuntu:38671/
[rosmaster.master][INFO] 2020-09-01 08:56:59,940: +SERVICE [/camera/depth_metric_rect/get_loggers] /camera/depth_metric_rect http://ubuntu:42543/
[rosmaster.master][INFO] 2020-09-01 08:56:59,943: publisherUpdate[/rosout] -> http://ubuntu:44677/ ['http://ubuntu:46723/', 'http://ubuntu:35133/', 'http://ubuntu:39349/']: sec=0.01, result=[1, '', 0]
[rosmaster.master][INFO] 2020-09-01 08:56:59,945: publisherUpdate[/rosout] -> http://ubuntu:44677/ ['http://ubuntu:46723/', 'http://ubuntu:35133/', 'http://ubuntu:39349/', 'http://ubuntu:38671/']
[rosmaster.master][INFO] 2020-09-01 08:56:59,945: +SERVICE [/camera/depth_metric_rect/set_logger_level] /camera/depth_metric_rect http://ubuntu:42543/
[rosmaster.master][INFO] 2020-09-01 08:56:59,949: publisherUpdate[/rosout] -> http://ubuntu:44677/ ['http://ubuntu:46723/', 'http://ubuntu:35133/', 'http://ubuntu:39349/', 'http://ubuntu:38671/']: sec=0.00, result=[1, '', 0]
[rosmaster.master][INFO] 2020-09-01 08:56:59,950: publisherUpdate[/rosout] -> http://ubuntu:44677/ ['http://ubuntu:46723/', 'http://ubuntu:35133/', 'http://ubuntu:39349/', 'http://ubuntu:38671/', 'http://ubuntu:42543/']
[rosmaster.master][INFO] 2020-09-01 08:56:59,954: publisherUpdate[/rosout] -> http://ubuntu:44677/ ['http://ubuntu:46723/', 'http://ubuntu:35133/', 'http://ubuntu:39349/', 'http://ubuntu:38671/', 'http://ubuntu:42543/']: sec=0.00, result=[1, '', 0]
[rosmaster.master][INFO] 2020-09-01 08:56:59,959: +PARAM [/camera/depth_rectify_depth] by /camera/depth_rectify_depth
[rosmaster.master][INFO] 2020-09-01 08:57:00,018: +PUB [/rosout] /camera/depth_metric http://ubuntu:45033/
[rosmaster.master][INFO] 2020-09-01 08:57:00,028: +SERVICE [/camera/depth_metric/get_loggers] /camera/depth_metric http://ubuntu:45033/
[rosmaster.master][INFO] 2020-09-01 08:57:00,035: +SERVICE [/camera/depth_metric/set_logger_level] /camera/depth_metric http://ubuntu:45033/
[rosmaster.master][INFO] 2020-09-01 08:57:00,050: +PUB [/rosout] /camera/depth_points http://ubuntu:38409/
[rosmaster.master][INFO] 2020-09-01 08:57:00,058: +SERVICE [/camera/depth_points/get_loggers] /camera/depth_points http://ubuntu:38409/
[rosmaster.master][INFO] 2020-09-01 08:57:00,060: publisherUpdate[/rosout] -> http://ubuntu:44677/ ['http://ubuntu:46723/', 'http://ubuntu:35133/', 'http://ubuntu:39349/', 'http://ubuntu:38671/', 'http://ubuntu:42543/', 'http://ubuntu:45033/']
[rosmaster.master][INFO] 2020-09-01 08:57:00,065: +SERVICE [/camera/depth_points/set_logger_level] /camera/depth_points http://ubuntu:38409/
[rosmaster.master][INFO] 2020-09-01 08:57:00,074: publisherUpdate[/rosout] -> http://ubuntu:44677/ ['http://ubuntu:46723/', 'http://ubuntu:35133/', 'http://ubuntu:39349/', 'http://ubuntu:38671/', 'http://ubuntu:42543/', 'http://ubuntu:45033/']: sec=0.00, result=[1, '', 0]
[rosmaster.master][INFO] 2020-09-01 08:57:00,078: publisherUpdate[/rosout] -> http://ubuntu:44677/ ['http://ubuntu:46723/', 'http://ubuntu:35133/', 'http://ubuntu:39349/', 'http://ubuntu:38671/', 'http://ubuntu:42543/', 'http://ubuntu:45033/', 'http://ubuntu:38409/']
[rosmaster.master][INFO] 2020-09-01 08:57:00,084: publisherUpdate[/rosout] -> http://ubuntu:44677/ ['http://ubuntu:46723/', 'http://ubuntu:35133/', 'http://ubuntu:39349/', 'http://ubuntu:38671/', 'http://ubuntu:42543/', 'http://ubuntu:45033/', 'http://ubuntu:38409/']: sec=0.00, result=[1, '', 0]
[rosmaster.master][INFO] 2020-09-01 08:57:00,093: +PUB [/rosout] /camera/depth_registered_rectify_depth http://ubuntu:32855/
[rosmaster.master][INFO] 2020-09-01 08:57:00,095: +SERVICE [/camera/depth_registered_rectify_depth/get_loggers] /camera/depth_registered_rectify_depth http://ubuntu:32855/
[rosmaster.master][INFO] 2020-09-01 08:57:00,098: +SERVICE [/camera/depth_registered_rectify_depth/set_logger_level] /camera/depth_registered_rectify_depth http://ubuntu:32855/
[rosmaster.master][INFO] 2020-09-01 08:57:00,110: +PARAM [/camera/depth_registered_rectify_depth] by /camera/depth_registered_rectify_depth
[rosmaster.master][INFO] 2020-09-01 08:57:00,120: publisherUpdate[/rosout] -> http://ubuntu:44677/ ['http://ubuntu:46723/', 'http://ubuntu:35133/', 'http://ubuntu:39349/', 'http://ubuntu:38671/', 'http://ubuntu:42543/', 'http://ubuntu:45033/', 'http://ubuntu:38409/', 'http://ubuntu:32855/']
[rosmaster.master][INFO] 2020-09-01 08:57:00,133: publisherUpdate[/rosout] -> http://ubuntu:44677/ ['http://ubuntu:46723/', 'http://ubuntu:35133/', 'http://ubuntu:39349/', 'http://ubuntu:38671/', 'http://ubuntu:42543/', 'http://ubuntu:45033/', 'http://ubuntu:38409/', 'http://ubuntu:32855/']: sec=0.01, result=[1, '', 0]
[rosmaster.master][INFO] 2020-09-01 08:57:00,150: +PUB [/rosout] /camera/points_xyzrgb_hw_registered http://ubuntu:36027/
[rosmaster.master][INFO] 2020-09-01 08:57:00,152: +SERVICE [/camera/points_xyzrgb_hw_registered/get_loggers] /camera/points_xyzrgb_hw_registered http://ubuntu:36027/
[rosmaster.master][INFO] 2020-09-01 08:57:00,160: +SERVICE [/camera/points_xyzrgb_hw_registered/set_logger_level] /camera/points_xyzrgb_hw_registered http://ubuntu:36027/
[rosmaster.master][INFO] 2020-09-01 08:57:00,162: +PUB [/rosout] /camera/depth_registered_hw_metric_rect http://ubuntu:33785/
[rosmaster.master][INFO] 2020-09-01 08:57:00,166: +SERVICE [/camera/depth_registered_hw_metric_rect/get_loggers] /camera/depth_registered_hw_metric_rect http://ubuntu:33785/
[rosmaster.master][INFO] 2020-09-01 08:57:00,170: +SERVICE [/camera/depth_registered_hw_metric_rect/set_logger_level] /camera/depth_registered_hw_metric_rect http://ubuntu:33785/
[rosmaster.master][INFO] 2020-09-01 08:57:00,189: publisherUpdate[/rosout] -> http://ubuntu:44677/ ['http://ubuntu:46723/', 'http://ubuntu:35133/', 'http://ubuntu:39349/', 'http://ubuntu:38671/', 'http://ubuntu:42543/', 'http://ubuntu:45033/', 'http://ubuntu:38409/', 'http://ubuntu:32855/', 'http://ubuntu:36027/']
[rosmaster.master][INFO] 2020-09-01 08:57:00,205: publisherUpdate[/rosout] -> http://ubuntu:44677/ ['http://ubuntu:46723/', 'http://ubuntu:35133/', 'http://ubuntu:39349/', 'http://ubuntu:38671/', 'http://ubuntu:42543/', 'http://ubuntu:45033/', 'http://ubuntu:38409/', 'http://ubuntu:32855/', 'http://ubuntu:36027/']: sec=0.02, result=[1, '', 0]
[rosmaster.master][INFO] 2020-09-01 08:57:00,206: +SERVICE [/camera/driver/set_parameters] /camera/camera_nodelet_manager http://ubuntu:35133/
[rosmaster.master][INFO] 2020-09-01 08:57:00,209: publisherUpdate[/rosout] -> http://ubuntu:44677/ ['http://ubuntu:46723/', 'http://ubuntu:35133/', 'http://ubuntu:39349/', 'http://ubuntu:38671/', 'http://ubuntu:42543/', 'http://ubuntu:45033/', 'http://ubuntu:38409/', 'http://ubuntu:32855/', 'http://ubuntu:36027/', 'http://ubuntu:33785/']
[rosmaster.master][INFO] 2020-09-01 08:57:00,216: publisherUpdate[/rosout] -> http://ubuntu:44677/ ['http://ubuntu:46723/', 'http://ubuntu:35133/', 'http://ubuntu:39349/', 'http://ubuntu:38671/', 'http://ubuntu:42543/', 'http://ubuntu:45033/', 'http://ubuntu:38409/', 'http://ubuntu:32855/', 'http://ubuntu:36027/', 'http://ubuntu:33785/']: sec=0.00, result=[1, '', 0]
[rosmaster.master][INFO] 2020-09-01 08:57:00,218: +PUB [/camera/driver/parameter_descriptions] /camera/camera_nodelet_manager http://ubuntu:35133/
[rosmaster.master][INFO] 2020-09-01 08:57:00,221: +PUB [/camera/driver/parameter_updates] /camera/camera_nodelet_manager http://ubuntu:35133/
[rosmaster.master][INFO] 2020-09-01 08:57:00,239: +PUB [/rosout] /camera/depth_registered_metric http://ubuntu:39583/
[rosmaster.master][INFO] 2020-09-01 08:57:00,259: +SERVICE [/camera/depth_registered_metric/get_loggers] /camera/depth_registered_metric http://ubuntu:39583/
[rosmaster.master][INFO] 2020-09-01 08:57:00,265: +SERVICE [/camera/depth_registered_metric/set_logger_level] /camera/depth_registered_metric http://ubuntu:39583/
[rosmaster.master][INFO] 2020-09-01 08:57:00,285: +PUB [/rosout] /camera_base_link http://ubuntu:38819/
[rosmaster.master][INFO] 2020-09-01 08:57:00,289: +PARAM [/camera/driver/rgb_preferred] by /camera/camera_nodelet_manager
[rosmaster.master][INFO] 2020-09-01 08:57:00,297: +SERVICE [/camera_base_link/get_loggers] /camera_base_link http://ubuntu:38819/
[rosmaster.master][INFO] 2020-09-01 08:57:00,299: +PARAM [/camera/driver/ir_mode] by /camera/camera_nodelet_manager
[rosmaster.master][INFO] 2020-09-01 08:57:00,303: +PARAM [/camera/driver/color_mode] by /camera/camera_nodelet_manager
[rosmaster.master][INFO] 2020-09-01 08:57:00,306: +PARAM [/camera/driver/depth_mode] by /camera/camera_nodelet_manager
[rosmaster.master][INFO] 2020-09-01 08:57:00,303: +PUB [/rosout] /camera_base_link1 http://ubuntu:38357/
[rosmaster.master][INFO] 2020-09-01 08:57:00,308: +SERVICE [/camera_base_link/set_logger_level] /camera_base_link http://ubuntu:38819/
[rosmaster.master][INFO] 2020-09-01 08:57:00,310: +PARAM [/camera/driver/depth_registration] by /camera/camera_nodelet_manager
[rosmaster.master][INFO] 2020-09-01 08:57:00,311: +SERVICE [/camera_base_link1/get_loggers] /camera_base_link1 http://ubuntu:38357/
[rosmaster.master][INFO] 2020-09-01 08:57:00,316: +PUB [/tf_static] /camera_base_link http://ubuntu:38819/
[rosmaster.master][INFO] 2020-09-01 08:57:00,318: publisherUpdate[/rosout] -> http://ubuntu:44677/ ['http://ubuntu:46723/', 'http://ubuntu:35133/', 'http://ubuntu:39349/', 'http://ubuntu:38671/', 'http://ubuntu:42543/', 'http://ubuntu:45033/', 'http://ubuntu:38409/', 'http://ubuntu:32855/', 'http://ubuntu:36027/', 'http://ubuntu:33785/', 'http://ubuntu:39583/']
[rosmaster.master][INFO] 2020-09-01 08:57:00,323: +PARAM [/camera/driver/color_depth_synchronization] by /camera/camera_nodelet_manager
[rosmaster.master][INFO] 2020-09-01 08:57:00,336: +SERVICE [/camera_base_link1/set_logger_level] /camera_base_link1 http://ubuntu:38357/
[rosmaster.master][INFO] 2020-09-01 08:57:00,339: +PARAM [/camera/driver/auto_exposure] by /camera/camera_nodelet_manager
[rosmaster.master][INFO] 2020-09-01 08:57:00,341: publisherUpdate[/rosout] -> http://ubuntu:44677/ ['http://ubuntu:46723/', 'http://ubuntu:35133/', 'http://ubuntu:39349/', 'http://ubuntu:38671/', 'http://ubuntu:42543/', 'http://ubuntu:45033/', 'http://ubuntu:38409/', 'http://ubuntu:32855/', 'http://ubuntu:36027/', 'http://ubuntu:33785/', 'http://ubuntu:39583/']: sec=0.02, result=[1, '', 0]
[rosmaster.master][INFO] 2020-09-01 08:57:00,343: +PUB [/tf_static] /camera_base_link1 http://ubuntu:38357/
[rosmaster.master][INFO] 2020-09-01 08:57:00,344: publisherUpdate[/rosout] -> http://ubuntu:44677/ ['http://ubuntu:46723/', 'http://ubuntu:35133/', 'http://ubuntu:39349/', 'http://ubuntu:38671/', 'http://ubuntu:42543/', 'http://ubuntu:45033/', 'http://ubuntu:38409/', 'http://ubuntu:32855/', 'http://ubuntu:36027/', 'http://ubuntu:33785/', 'http://ubuntu:39583/', 'http://ubuntu:38819/']
[rosmaster.master][INFO] 2020-09-01 08:57:00,345: +PARAM [/camera/driver/auto_white_balance] by /camera/camera_nodelet_manager
[rosmaster.master][INFO] 2020-09-01 08:57:00,352: publisherUpdate[/rosout] -> http://ubuntu:44677/ ['http://ubuntu:46723/', 'http://ubuntu:35133/', 'http://ubuntu:39349/', 'http://ubuntu:38671/', 'http://ubuntu:42543/', 'http://ubuntu:45033/', 'http://ubuntu:38409/', 'http://ubuntu:32855/', 'http://ubuntu:36027/', 'http://ubuntu:33785/', 'http://ubuntu:39583/', 'http://ubuntu:38819/']: sec=0.00, result=[1, '', 0]
[rosmaster.master][INFO] 2020-09-01 08:57:00,353: publisherUpdate[/rosout] -> http://ubuntu:44677/ ['http://ubuntu:46723/', 'http://ubuntu:35133/', 'http://ubuntu:39349/', 'http://ubuntu:38671/', 'http://ubuntu:42543/', 'http://ubuntu:45033/', 'http://ubuntu:38409/', 'http://ubuntu:32855/', 'http://ubuntu:36027/', 'http://ubuntu:33785/', 'http://ubuntu:39583/', 'http://ubuntu:38819/', 'http://ubuntu:38357/']
[rosmaster.master][INFO] 2020-09-01 08:57:00,354: +PARAM [/camera/driver/data_skip] by /camera/camera_nodelet_manager
[rosmaster.master][INFO] 2020-09-01 08:57:00,355: +PUB [/rosout] /camera_base_link2 http://ubuntu:43849/
[rosmaster.master][INFO] 2020-09-01 08:57:00,358: publisherUpdate[/rosout] -> http://ubuntu:44677/ ['http://ubuntu:46723/', 'http://ubuntu:35133/', 'http://ubuntu:39349/', 'http://ubuntu:38671/', 'http://ubuntu:42543/', 'http://ubuntu:45033/', 'http://ubuntu:38409/', 'http://ubuntu:32855/', 'http://ubuntu:36027/', 'http://ubuntu:33785/', 'http://ubuntu:39583/', 'http://ubuntu:38819/', 'http://ubuntu:38357/']: sec=0.00, result=[1, '', 0]
[rosmaster.master][INFO] 2020-09-01 08:57:00,360: publisherUpdate[/rosout] -> http://ubuntu:44677/ ['http://ubuntu:46723/', 'http://ubuntu:35133/', 'http://ubuntu:39349/', 'http://ubuntu:38671/', 'http://ubuntu:42543/', 'http://ubuntu:45033/', 'http://ubuntu:38409/', 'http://ubuntu:32855/', 'http://ubuntu:36027/', 'http://ubuntu:33785/', 'http://ubuntu:39583/', 'http://ubuntu:38819/', 'http://ubuntu:38357/', 'http://ubuntu:43849/']
[rosmaster.master][INFO] 2020-09-01 08:57:00,361: +PARAM [/camera/driver/ir_time_offset] by /camera/camera_nodelet_manager
[rosmaster.master][INFO] 2020-09-01 08:57:00,362: +SERVICE [/camera_base_link2/get_loggers] /camera_base_link2 http://ubuntu:43849/
[rosmaster.master][INFO] 2020-09-01 08:57:00,365: publisherUpdate[/rosout] -> http://ubuntu:44677/ ['http://ubuntu:46723/', 'http://ubuntu:35133/', 'http://ubuntu:39349/', 'http://ubuntu:38671/', 'http://ubuntu:42543/', 'http://ubuntu:45033/', 'http://ubuntu:38409/', 'http://ubuntu:32855/', 'http://ubuntu:36027/', 'http://ubuntu:33785/', 'http://ubuntu:39583/', 'http://ubuntu:38819/', 'http://ubuntu:38357/', 'http://ubuntu:43849/']: sec=0.00, result=[1, '', 0]
[rosmaster.master][INFO] 2020-09-01 08:57:00,368: +SERVICE [/camera_base_link2/set_logger_level] /camera_base_link2 http://ubuntu:43849/
[rosmaster.master][INFO] 2020-09-01 08:57:00,370: +PARAM [/camera/driver/color_time_offset] by /camera/camera_nodelet_manager
[rosmaster.master][INFO] 2020-09-01 08:57:00,383: +PUB [/tf_static] /camera_base_link2 http://ubuntu:43849/
[rosmaster.master][INFO] 2020-09-01 08:57:00,383: +PARAM [/camera/driver/depth_time_offset] by /camera/camera_nodelet_manager
[rosmaster.master][INFO] 2020-09-01 08:57:00,389: +PARAM [/camera/driver/depth_ir_offset_x] by /camera/camera_nodelet_manager
[rosmaster.master][INFO] 2020-09-01 08:57:00,390: +PUB [/rosout] /camera_base_link3 http://ubuntu:37633/
[rosmaster.master][INFO] 2020-09-01 08:57:00,391: +PARAM [/camera/driver/depth_ir_offset_y] by /camera/camera_nodelet_manager
[rosmaster.master][INFO] 2020-09-01 08:57:00,392: +SERVICE [/camera_base_link3/get_loggers] /camera_base_link3 http://ubuntu:37633/
[rosmaster.master][INFO] 2020-09-01 08:57:00,394: +PARAM [/camera/driver/z_offset_mm] by /camera/camera_nodelet_manager
[rosmaster.master][INFO] 2020-09-01 08:57:00,395: +SERVICE [/camera_base_link3/set_logger_level] /camera_base_link3 http://ubuntu:37633/
[rosmaster.master][INFO] 2020-09-01 08:57:00,397: +PARAM [/camera/driver/z_scaling] by /camera/camera_nodelet_manager
[rosmaster.master][INFO] 2020-09-01 08:57:00,400: +PARAM [/camera/driver/use_device_time] by /camera/camera_nodelet_manager
[rosmaster.master][INFO] 2020-09-01 08:57:00,401: +PUB [/tf_static] /camera_base_link3 http://ubuntu:37633/
[rosmaster.master][INFO] 2020-09-01 08:57:00,424: publisherUpdate[/rosout] -> http://ubuntu:44677/ ['http://ubuntu:46723/', 'http://ubuntu:35133/', 'http://ubuntu:39349/', 'http://ubuntu:38671/', 'http://ubuntu:42543/', 'http://ubuntu:45033/', 'http://ubuntu:38409/', 'http://ubuntu:32855/', 'http://ubuntu:36027/', 'http://ubuntu:33785/', 'http://ubuntu:39583/', 'http://ubuntu:38819/', 'http://ubuntu:38357/', 'http://ubuntu:43849/', 'http://ubuntu:37633/']
[rosmaster.master][INFO] 2020-09-01 08:57:00,428: publisherUpdate[/rosout] -> http://ubuntu:44677/ ['http://ubuntu:46723/', 'http://ubuntu:35133/', 'http://ubuntu:39349/', 'http://ubuntu:38671/', 'http://ubuntu:42543/', 'http://ubuntu:45033/', 'http://ubuntu:38409/', 'http://ubuntu:32855/', 'http://ubuntu:36027/', 'http://ubuntu:33785/', 'http://ubuntu:39583/', 'http://ubuntu:38819/', 'http://ubuntu:38357/', 'http://ubuntu:43849/', 'http://ubuntu:37633/']: sec=0.00, result=[1, '', 0]
[rosmaster.master][INFO] 2020-09-01 08:57:00,511: +PARAM [/camera/driver/rgb_preferred] by /camera/camera_nodelet_manager
[rosmaster.master][INFO] 2020-09-01 08:57:00,513: +PARAM [/camera/driver/ir_mode] by /camera/camera_nodelet_manager
[rosmaster.master][INFO] 2020-09-01 08:57:00,515: +PARAM [/camera/driver/color_mode] by /camera/camera_nodelet_manager
[rosmaster.master][INFO] 2020-09-01 08:57:00,516: +PARAM [/camera/driver/depth_mode] by /camera/camera_nodelet_manager
[rosmaster.master][INFO] 2020-09-01 08:57:00,517: +PARAM [/camera/driver/depth_registration] by /camera/camera_nodelet_manager
[rosmaster.master][INFO] 2020-09-01 08:57:00,518: +PARAM [/camera/driver/color_depth_synchronization] by /camera/camera_nodelet_manager
[rosmaster.master][INFO] 2020-09-01 08:57:00,520: +PARAM [/camera/driver/auto_exposure] by /camera/camera_nodelet_manager
[rosmaster.master][INFO] 2020-09-01 08:57:00,521: +PARAM [/camera/driver/auto_white_balance] by /camera/camera_nodelet_manager
[rosmaster.master][INFO] 2020-09-01 08:57:00,522: +PARAM [/camera/driver/data_skip] by /camera/camera_nodelet_manager
[rosmaster.master][INFO] 2020-09-01 08:57:00,523: +PARAM [/camera/driver/ir_time_offset] by /camera/camera_nodelet_manager
[rosmaster.master][INFO] 2020-09-01 08:57:00,525: +PARAM [/camera/driver/color_time_offset] by /camera/camera_nodelet_manager
[rosmaster.master][INFO] 2020-09-01 08:57:00,526: +PARAM [/camera/driver/depth_time_offset] by /camera/camera_nodelet_manager
[rosmaster.master][INFO] 2020-09-01 08:57:00,527: +PARAM [/camera/driver/depth_ir_offset_x] by /camera/camera_nodelet_manager
[rosmaster.master][INFO] 2020-09-01 08:57:00,529: +PARAM [/camera/driver/depth_ir_offset_y] by /camera/camera_nodelet_manager
[rosmaster.master][INFO] 2020-09-01 08:57:00,532: +PARAM [/camera/driver/z_offset_mm] by /camera/camera_nodelet_manager
[rosmaster.master][INFO] 2020-09-01 08:57:00,534: +PARAM [/camera/driver/z_scaling] by /camera/camera_nodelet_manager
[rosmaster.master][INFO] 2020-09-01 08:57:00,535: +PARAM [/camera/driver/use_device_time] by /camera/camera_nodelet_manager
[rosmaster.master][INFO] 2020-09-01 08:57:00,544: +PUB [/camera/ir/image] /camera/camera_nodelet_manager http://ubuntu:35133/
[rosmaster.master][INFO] 2020-09-01 08:57:00,546: +PUB [/camera/ir/camera_info] /camera/camera_nodelet_manager http://ubuntu:35133/
[rosmaster.master][INFO] 2020-09-01 08:57:00,549: +PUB [/camera/depth/image_raw] /camera/camera_nodelet_manager http://ubuntu:35133/
[rosmaster.master][INFO] 2020-09-01 08:57:00,551: +PUB [/camera/depth/camera_info] /camera/camera_nodelet_manager http://ubuntu:35133/
[rosmaster.master][INFO] 2020-09-01 08:57:00,555: +PUB [/camera/depth_registered/image_raw] /camera/camera_nodelet_manager http://ubuntu:35133/
[rosmaster.master][INFO] 2020-09-01 08:57:00,557: +PUB [/camera/depth_registered/camera_info] /camera/camera_nodelet_manager http://ubuntu:35133/
[rosmaster.master][INFO] 2020-09-01 08:57:00,558: +PUB [/camera/projector/camera_info] /camera/camera_nodelet_manager http://ubuntu:35133/
[rosmaster.master][INFO] 2020-09-01 08:57:00,561: +SERVICE [/camera/rgb/set_camera_info] /camera/camera_nodelet_manager http://ubuntu:35133/
[rosmaster.master][INFO] 2020-09-01 08:57:00,563: +SERVICE [/camera/ir/set_camera_info] /camera/camera_nodelet_manager http://ubuntu:35133/
[rosmaster.master][INFO] 2020-09-01 08:57:00,565: +SERVICE [/camera/get_serial] /camera/camera_nodelet_manager http://ubuntu:35133/
[rosmaster.master][INFO] 2020-09-01 08:57:00,566: +SERVICE [/camera/get_device_type] /camera/camera_nodelet_manager http://ubuntu:35133/
[rosmaster.master][INFO] 2020-09-01 08:57:00,568: +SERVICE [/camera/get_ir_gain] /camera/camera_nodelet_manager http://ubuntu:35133/
[rosmaster.master][INFO] 2020-09-01 08:57:00,570: +SERVICE [/camera/set_ir_gain] /camera/camera_nodelet_manager http://ubuntu:35133/
[rosmaster.master][INFO] 2020-09-01 08:57:00,572: +SERVICE [/camera/get_ir_exposure] /camera/camera_nodelet_manager http://ubuntu:35133/
[rosmaster.master][INFO] 2020-09-01 08:57:00,574: +SERVICE [/camera/set_ir_exposure] /camera/camera_nodelet_manager http://ubuntu:35133/
[rosmaster.master][INFO] 2020-09-01 08:57:00,575: +SERVICE [/camera/set_ir_flood] /camera/camera_nodelet_manager http://ubuntu:35133/
[rosmaster.master][INFO] 2020-09-01 08:57:00,577: +SERVICE [/camera/set_laser] /camera/camera_nodelet_manager http://ubuntu:35133/
[rosmaster.master][INFO] 2020-09-01 08:57:00,579: +SERVICE [/camera/set_ldp] /camera/camera_nodelet_manager http://ubuntu:35133/
[rosmaster.master][INFO] 2020-09-01 08:57:00,581: +SERVICE [/camera/reset_ir_gain] /camera/camera_nodelet_manager http://ubuntu:35133/
[rosmaster.master][INFO] 2020-09-01 08:57:00,583: +SERVICE [/camera/reset_ir_exposure] /camera/camera_nodelet_manager http://ubuntu:35133/
[rosmaster.master][INFO] 2020-09-01 08:57:00,584: +SERVICE [/camera/get_camera_info] /camera/camera_nodelet_manager http://ubuntu:35133/
[rosmaster.master][INFO] 2020-09-01 08:57:00,586: +PUB [/camera/camera_nodelet_manager/bond] /camera/camera_nodelet_manager http://ubuntu:35133/
[rosmaster.master][INFO] 2020-09-01 08:57:00,592: +SUB [/camera/camera_nodelet_manager/bond] /camera/camera_nodelet_manager http://ubuntu:35133/
[rosmaster.master][INFO] 2020-09-01 08:57:00,616: +PUB [/camera/camera_nodelet_manager/bond] /camera/driver http://ubuntu:46723/
[rosmaster.master][INFO] 2020-09-01 08:57:00,623: +SUB [/camera/camera_nodelet_manager/bond] /camera/driver http://ubuntu:46723/
[rosmaster.master][INFO] 2020-09-01 08:57:00,629: publisherUpdate[/camera/camera_nodelet_manager/bond] -> http://ubuntu:35133/ ['http://ubuntu:35133/', 'http://ubuntu:46723/']
[rosmaster.master][INFO] 2020-09-01 08:57:00,632: publisherUpdate[/camera/camera_nodelet_manager/bond] -> http://ubuntu:35133/ ['http://ubuntu:35133/', 'http://ubuntu:46723/']: sec=0.00, result=[1, '', 0]
[rosmaster.master][INFO] 2020-09-01 08:57:00,819: +SERVICE [/camera/rgb_rectify_color/set_parameters] /camera/camera_nodelet_manager http://ubuntu:35133/
[rosmaster.master][INFO] 2020-09-01 08:57:00,820: +PUB [/camera/rgb_rectify_color/parameter_descriptions] /camera/camera_nodelet_manager http://ubuntu:35133/
[rosmaster.master][INFO] 2020-09-01 08:57:00,822: +PUB [/camera/rgb_rectify_color/parameter_updates] /camera/camera_nodelet_manager http://ubuntu:35133/
[rosmaster.master][INFO] 2020-09-01 08:57:00,824: +PARAM [/camera/rgb_rectify_color/interpolation] by /camera/camera_nodelet_manager
[rosmaster.master][INFO] 2020-09-01 08:57:00,826: +PARAM [/camera/rgb_rectify_color/interpolation] by /camera/camera_nodelet_manager
[rosmaster.master][INFO] 2020-09-01 08:57:00,829: +PUB [/camera/rgb/image_rect_color] /camera/camera_nodelet_manager http://ubuntu:35133/
[rosmaster.master][INFO] 2020-09-01 08:57:00,836: +SERVICE [/camera/depth_rectify_depth/set_parameters] /camera/camera_nodelet_manager http://ubuntu:35133/
[rosmaster.master][INFO] 2020-09-01 08:57:00,838: +PUB [/camera/depth_rectify_depth/parameter_descriptions] /camera/camera_nodelet_manager http://ubuntu:35133/
[rosmaster.master][INFO] 2020-09-01 08:57:00,840: +PUB [/camera/depth_rectify_depth/parameter_updates] /camera/camera_nodelet_manager http://ubuntu:35133/
[rosmaster.master][INFO] 2020-09-01 08:57:00,843: +PARAM [/camera/depth_rectify_depth/interpolation] by /camera/camera_nodelet_manager
[rosmaster.master][INFO] 2020-09-01 08:57:00,844: +PARAM [/camera/depth_rectify_depth/interpolation] by /camera/camera_nodelet_manager
[rosmaster.master][INFO] 2020-09-01 08:57:00,848: +PUB [/camera/depth/image_rect_raw] /camera/camera_nodelet_manager http://ubuntu:35133/
[rosmaster.master][INFO] 2020-09-01 08:57:00,880: +PUB [/camera/depth/image_rect] /camera/camera_nodelet_manager http://ubuntu:35133/
[rosmaster.master][INFO] 2020-09-01 08:57:00,884: +PUB [/camera/depth/image] /camera/camera_nodelet_manager http://ubuntu:35133/
[rosmaster.master][INFO] 2020-09-01 08:57:00,888: +PUB [/camera/depth/points] /camera/camera_nodelet_manager http://ubuntu:35133/
[rosmaster.master][INFO] 2020-09-01 08:57:00,894: +SERVICE [/camera/depth_registered_rectify_depth/set_parameters] /camera/camera_nodelet_manager http://ubuntu:35133/
[rosmaster.master][INFO] 2020-09-01 08:57:00,896: +PUB [/camera/depth_registered_rectify_depth/parameter_descriptions] /camera/camera_nodelet_manager http://ubuntu:35133/
[rosmaster.master][INFO] 2020-09-01 08:57:00,898: +PUB [/camera/depth_registered_rectify_depth/parameter_updates] /camera/camera_nodelet_manager http://ubuntu:35133/
[rosmaster.master][INFO] 2020-09-01 08:57:00,900: +PARAM [/camera/depth_registered_rectify_depth/interpolation] by /camera/camera_nodelet_manager
[rosmaster.master][INFO] 2020-09-01 08:57:00,902: +PARAM [/camera/depth_registered_rectify_depth/interpolation] by /camera/camera_nodelet_manager
[rosmaster.master][INFO] 2020-09-01 08:57:00,904: +PUB [/camera/depth_registered/hw_registered/image_rect_raw] /camera/camera_nodelet_manager http://ubuntu:35133/
[rosmaster.master][INFO] 2020-09-01 08:57:00,911: +PUB [/camera/depth_registered/points] /camera/camera_nodelet_manager http://ubuntu:35133/
[rosmaster.master][INFO] 2020-09-01 08:57:00,915: +PUB [/camera/depth_registered/hw_registered/image_rect] /camera/camera_nodelet_manager http://ubuntu:35133/
[rosmaster.master][INFO] 2020-09-01 08:57:00,919: +PUB [/camera/depth_registered/image] /camera/camera_nodelet_manager http://ubuntu:35133/
[rosmaster.master][INFO] 2020-09-01 08:58:53,922: +PUB [/rosout] /rqt_gui_cpp_node_4611 http://192.168.1.12:37955/
[rosmaster.master][INFO] 2020-09-01 08:58:53,929: +SERVICE [/rqt_gui_cpp_node_4611/get_loggers] /rqt_gui_cpp_node_4611 http://192.168.1.12:37955/
[rosmaster.master][INFO] 2020-09-01 08:58:53,934: +SERVICE [/rqt_gui_cpp_node_4611/set_logger_level] /rqt_gui_cpp_node_4611 http://192.168.1.12:37955/
[rosmaster.master][INFO] 2020-09-01 08:58:53,943: publisherUpdate[/rosout] -> http://ubuntu:44677/ ['http://ubuntu:46723/', 'http://ubuntu:35133/', 'http://ubuntu:39349/', 'http://ubuntu:38671/', 'http://ubuntu:42543/', 'http://ubuntu:45033/', 'http://ubuntu:38409/', 'http://ubuntu:32855/', 'http://ubuntu:36027/', 'http://ubuntu:33785/', 'http://ubuntu:39583/', 'http://ubuntu:38819/', 'http://ubuntu:38357/', 'http://ubuntu:43849/', 'http://ubuntu:37633/', 'http://192.168.1.12:37955/']
[rosmaster.master][INFO] 2020-09-01 08:58:53,947: publisherUpdate[/rosout] -> http://ubuntu:44677/ ['http://ubuntu:46723/', 'http://ubuntu:35133/', 'http://ubuntu:39349/', 'http://ubuntu:38671/', 'http://ubuntu:42543/', 'http://ubuntu:45033/', 'http://ubuntu:38409/', 'http://ubuntu:32855/', 'http://ubuntu:36027/', 'http://ubuntu:33785/', 'http://ubuntu:39583/', 'http://ubuntu:38819/', 'http://ubuntu:38357/', 'http://ubuntu:43849/', 'http://ubuntu:37633/', 'http://192.168.1.12:37955/']: sec=0.00, result=[1, '', 0]
[rosmaster.master][INFO] 2020-09-01 08:58:54,107: +SUB [/camera/rgb/image_raw] /rqt_gui_cpp_node_4611 http://192.168.1.12:37955/
[rosmaster.master][INFO] 2020-09-01 08:58:57,548: -SUB [/camera/rgb/image_raw] /rqt_gui_cpp_node_4611 http://192.168.1.12:37955/
[rosmaster.master][INFO] 2020-09-01 08:58:57,631: +SUB [/camera/ir/image] /rqt_gui_cpp_node_4611 http://192.168.1.12:37955/
[rosmaster.master][INFO] 2020-09-01 08:59:04,498: -SUB [/camera/ir/image] /rqt_gui_cpp_node_4611 http://192.168.1.12:37955/
[rosmaster.master][INFO] 2020-09-01 08:59:04,588: +SUB [/camera/ir/image] /rqt_gui_cpp_node_4611 http://192.168.1.12:37955/
[rosmaster.master][INFO] 2020-09-01 08:59:26,013: -SUB [/camera/ir/image] /rqt_gui_cpp_node_4611 http://192.168.1.12:37955/
[rosmaster.master][INFO] 2020-09-01 08:59:52,494: -PUB [/camera/depth_registered/image] /camera/camera_nodelet_manager http://ubuntu:35133/
[rosmaster.master][INFO] 2020-09-01 08:59:52,497: -PUB [/camera/depth_registered/hw_registered/image_rect] /camera/camera_nodelet_manager http://ubuntu:35133/
[rosmaster.master][INFO] 2020-09-01 08:59:52,514: -PUB [/camera/depth_registered/points] /camera/camera_nodelet_manager http://ubuntu:35133/
[rosmaster.master][INFO] 2020-09-01 08:59:52,521: -PUB [/camera/depth/image] /camera/camera_nodelet_manager http://ubuntu:35133/
[rosmaster.master][INFO] 2020-09-01 08:59:52,533: -PUB [/camera/depth_registered_rectify_depth/parameter_descriptions] /camera/camera_nodelet_manager http://ubuntu:35133/
[rosmaster.master][INFO] 2020-09-01 08:59:52,535: -PUB [/camera/depth_registered_rectify_depth/parameter_updates] /camera/camera_nodelet_manager http://ubuntu:35133/
[rosmaster.master][INFO] 2020-09-01 08:59:52,536: -SERVICE [/camera/depth_registered_rectify_depth/set_parameters] /camera/camera_nodelet_manager rosrpc://ubuntu:59533
[rosmaster.master][INFO] 2020-09-01 08:59:52,537: -PUB [/camera/depth_registered/hw_registered/image_rect_raw] /camera/camera_nodelet_manager http://ubuntu:35133/
[rosmaster.master][INFO] 2020-09-01 08:59:52,539: -PUB [/camera/depth/points] /camera/camera_nodelet_manager http://ubuntu:35133/
[rosmaster.master][INFO] 2020-09-01 08:59:52,597: -PUB [/rosout] /camera_base_link1 http://ubuntu:38357/
[rosmaster.master][INFO] 2020-09-01 08:59:52,599: -PUB [/tf_static] /camera_base_link1 http://ubuntu:38357/
[rosmaster.master][INFO] 2020-09-01 08:59:52,601: -PUB [/rosout] /camera_base_link2 http://ubuntu:43849/
[rosmaster.master][INFO] 2020-09-01 08:59:52,601: -PUB [/rosout] /camera/depth_registered_hw_metric_rect http://ubuntu:33785/
[rosmaster.master][INFO] 2020-09-01 08:59:52,604: -SERVICE [/camera_base_link1/get_loggers] /camera_base_link1 rosrpc://ubuntu:35801
[rosmaster.master][INFO] 2020-09-01 08:59:52,606: -PUB [/tf_static] /camera_base_link2 http://ubuntu:43849/
[rosmaster.master][INFO] 2020-09-01 08:59:52,606: -PUB [/rosout] /camera_base_link3 http://ubuntu:37633/
[rosmaster.master][INFO] 2020-09-01 08:59:52,608: -PUB [/rosout] /camera/depth_registered_metric http://ubuntu:39583/
[rosmaster.master][INFO] 2020-09-01 08:59:52,609: -SERVICE [/camera/depth_registered_hw_metric_rect/get_loggers] /camera/depth_registered_hw_metric_rect rosrpc://ubuntu:58155
[rosmaster.master][INFO] 2020-09-01 08:59:52,611: -SERVICE [/camera_base_link2/get_loggers] /camera_base_link2 rosrpc://ubuntu:49145
[rosmaster.master][INFO] 2020-09-01 08:59:52,612: -SERVICE [/camera_base_link1/set_logger_level] /camera_base_link1 rosrpc://ubuntu:35801
[rosmaster.master][INFO] 2020-09-01 08:59:52,613: -PUB [/tf_static] /camera_base_link3 http://ubuntu:37633/
[rosmaster.master][INFO] 2020-09-01 08:59:52,614: -SERVICE [/camera/depth_registered_metric/get_loggers] /camera/depth_registered_metric rosrpc://ubuntu:40039
[rosmaster.master][INFO] 2020-09-01 08:59:52,615: -SERVICE [/camera/depth_registered_hw_metric_rect/set_logger_level] /camera/depth_registered_hw_metric_rect rosrpc://ubuntu:58155
[rosmaster.master][INFO] 2020-09-01 08:59:52,616: -SERVICE [/camera_base_link2/set_logger_level] /camera_base_link2 rosrpc://ubuntu:49145
[rosmaster.master][INFO] 2020-09-01 08:59:52,617: -SERVICE [/camera_base_link3/get_loggers] /camera_base_link3 rosrpc://ubuntu:46359
[rosmaster.master][INFO] 2020-09-01 08:59:52,618: -SERVICE [/camera/depth_registered_metric/set_logger_level] /camera/depth_registered_metric rosrpc://ubuntu:40039
[rosmaster.master][INFO] 2020-09-01 08:59:52,619: -SERVICE [/camera_base_link3/set_logger_level] /camera_base_link3 rosrpc://ubuntu:46359
[rosmaster.master][INFO] 2020-09-01 08:59:52,653: publisherUpdate[/rosout] -> http://ubuntu:44677/ ['http://ubuntu:46723/', 'http://ubuntu:35133/', 'http://ubuntu:39349/', 'http://ubuntu:38671/', 'http://ubuntu:42543/', 'http://ubuntu:45033/', 'http://ubuntu:38409/', 'http://ubuntu:32855/', 'http://ubuntu:36027/', 'http://ubuntu:33785/', 'http://ubuntu:39583/', 'http://ubuntu:38819/', 'http://ubuntu:43849/', 'http://ubuntu:37633/', 'http://192.168.1.12:37955/']
[rosmaster.master][INFO] 2020-09-01 08:59:52,655: publisherUpdate[/rosout] -> http://ubuntu:44677/ ['http://ubuntu:46723/', 'http://ubuntu:35133/', 'http://ubuntu:39349/', 'http://ubuntu:38671/', 'http://ubuntu:42543/', 'http://ubuntu:45033/', 'http://ubuntu:38409/', 'http://ubuntu:32855/', 'http://ubuntu:36027/', 'http://ubuntu:33785/', 'http://ubuntu:39583/', 'http://ubuntu:38819/', 'http://ubuntu:43849/', 'http://ubuntu:37633/', 'http://192.168.1.12:37955/']: sec=0.00, result=[1, '', 0]
[rosmaster.master][INFO] 2020-09-01 08:59:52,656: publisherUpdate[/rosout] -> http://ubuntu:44677/ ['http://ubuntu:46723/', 'http://ubuntu:35133/', 'http://ubuntu:39349/', 'http://ubuntu:38671/', 'http://ubuntu:42543/', 'http://ubuntu:45033/', 'http://ubuntu:38409/', 'http://ubuntu:32855/', 'http://ubuntu:36027/', 'http://ubuntu:33785/', 'http://ubuntu:39583/', 'http://ubuntu:38819/', 'http://ubuntu:37633/', 'http://192.168.1.12:37955/']
[rosmaster.master][INFO] 2020-09-01 08:59:52,657: publisherUpdate[/rosout] -> http://ubuntu:44677/ ['http://ubuntu:46723/', 'http://ubuntu:35133/', 'http://ubuntu:39349/', 'http://ubuntu:38671/', 'http://ubuntu:42543/', 'http://ubuntu:45033/', 'http://ubuntu:38409/', 'http://ubuntu:32855/', 'http://ubuntu:36027/', 'http://ubuntu:33785/', 'http://ubuntu:39583/', 'http://ubuntu:38819/', 'http://ubuntu:37633/', 'http://192.168.1.12:37955/']: sec=0.00, result=[1, '', 0]
[rosmaster.master][INFO] 2020-09-01 08:59:52,658: publisherUpdate[/rosout] -> http://ubuntu:44677/ ['http://ubuntu:46723/', 'http://ubuntu:35133/', 'http://ubuntu:39349/', 'http://ubuntu:38671/', 'http://ubuntu:42543/', 'http://ubuntu:45033/', 'http://ubuntu:38409/', 'http://ubuntu:32855/', 'http://ubuntu:36027/', 'http://ubuntu:39583/', 'http://ubuntu:38819/', 'http://ubuntu:37633/', 'http://192.168.1.12:37955/']
[rosmaster.master][INFO] 2020-09-01 08:59:52,659: publisherUpdate[/rosout] -> http://ubuntu:44677/ ['http://ubuntu:46723/', 'http://ubuntu:35133/', 'http://ubuntu:39349/', 'http://ubuntu:38671/', 'http://ubuntu:42543/', 'http://ubuntu:45033/', 'http://ubuntu:38409/', 'http://ubuntu:32855/', 'http://ubuntu:36027/', 'http://ubuntu:39583/', 'http://ubuntu:38819/', 'http://ubuntu:37633/', 'http://192.168.1.12:37955/']: sec=0.00, result=[1, '', 0]
[rosmaster.master][INFO] 2020-09-01 08:59:52,660: publisherUpdate[/rosout] -> http://ubuntu:44677/ ['http://ubuntu:46723/', 'http://ubuntu:35133/', 'http://ubuntu:39349/', 'http://ubuntu:38671/', 'http://ubuntu:42543/', 'http://ubuntu:45033/', 'http://ubuntu:38409/', 'http://ubuntu:32855/', 'http://ubuntu:36027/', 'http://ubuntu:39583/', 'http://ubuntu:38819/', 'http://192.168.1.12:37955/']
[rosmaster.master][INFO] 2020-09-01 08:59:52,661: publisherUpdate[/rosout] -> http://ubuntu:44677/ ['http://ubuntu:46723/', 'http://ubuntu:35133/', 'http://ubuntu:39349/', 'http://ubuntu:38671/', 'http://ubuntu:42543/', 'http://ubuntu:45033/', 'http://ubuntu:38409/', 'http://ubuntu:32855/', 'http://ubuntu:36027/', 'http://ubuntu:39583/', 'http://ubuntu:38819/', 'http://192.168.1.12:37955/']: sec=0.00, result=[1, '', 0]
[rosmaster.master][INFO] 2020-09-01 08:59:52,662: publisherUpdate[/rosout] -> http://ubuntu:44677/ ['http://ubuntu:46723/', 'http://ubuntu:35133/', 'http://ubuntu:39349/', 'http://ubuntu:38671/', 'http://ubuntu:42543/', 'http://ubuntu:45033/', 'http://ubuntu:38409/', 'http://ubuntu:32855/', 'http://ubuntu:36027/', 'http://ubuntu:38819/', 'http://192.168.1.12:37955/']
[rosmaster.master][INFO] 2020-09-01 08:59:52,663: publisherUpdate[/rosout] -> http://ubuntu:44677/ ['http://ubuntu:46723/', 'http://ubuntu:35133/', 'http://ubuntu:39349/', 'http://ubuntu:38671/', 'http://ubuntu:42543/', 'http://ubuntu:45033/', 'http://ubuntu:38409/', 'http://ubuntu:32855/', 'http://ubuntu:36027/', 'http://ubuntu:38819/', 'http://192.168.1.12:37955/']: sec=0.00, result=[1, '', 0]
[rosmaster.master][INFO] 2020-09-01 08:59:52,694: -PUB [/rosout] /camera/depth_metric http://ubuntu:45033/
[rosmaster.master][INFO] 2020-09-01 08:59:52,696: -PUB [/rosout] /camera/depth_registered_rectify_depth http://ubuntu:32855/
[rosmaster.master][INFO] 2020-09-01 08:59:52,697: -SERVICE [/camera/depth_metric/get_loggers] /camera/depth_metric rosrpc://ubuntu:51225
[rosmaster.master][INFO] 2020-09-01 08:59:52,700: -SERVICE [/camera/depth_registered_rectify_depth/get_loggers] /camera/depth_registered_rectify_depth rosrpc://ubuntu:51061
[rosmaster.master][INFO] 2020-09-01 08:59:52,701: -PUB [/rosout] /camera/depth_points http://ubuntu:38409/
[rosmaster.master][INFO] 2020-09-01 08:59:52,702: -PUB [/rosout] /camera_base_link http://ubuntu:38819/
[rosmaster.master][INFO] 2020-09-01 08:59:52,703: -PUB [/rosout] /camera/points_xyzrgb_hw_registered http://ubuntu:36027/
[rosmaster.master][INFO] 2020-09-01 08:59:52,705: -SERVICE [/camera/depth_metric/set_logger_level] /camera/depth_metric rosrpc://ubuntu:51225
[rosmaster.master][INFO] 2020-09-01 08:59:52,707: -SERVICE [/camera/depth_registered_rectify_depth/set_logger_level] /camera/depth_registered_rectify_depth rosrpc://ubuntu:51061
[rosmaster.master][INFO] 2020-09-01 08:59:52,708: -PUB [/tf_static] /camera_base_link http://ubuntu:38819/
[rosmaster.master][INFO] 2020-09-01 08:59:52,708: -SERVICE [/camera/depth_points/get_loggers] /camera/depth_points rosrpc://ubuntu:38773
[rosmaster.master][INFO] 2020-09-01 08:59:52,711: -SERVICE [/camera/points_xyzrgb_hw_registered/get_loggers] /camera/points_xyzrgb_hw_registered rosrpc://ubuntu:57821
[rosmaster.master][INFO] 2020-09-01 08:59:52,711: -SERVICE [/camera_base_link/get_loggers] /camera_base_link rosrpc://ubuntu:58709
[rosmaster.master][INFO] 2020-09-01 08:59:52,714: -SERVICE [/camera_base_link/set_logger_level] /camera_base_link rosrpc://ubuntu:58709
[rosmaster.master][INFO] 2020-09-01 08:59:52,718: -SERVICE [/camera/points_xyzrgb_hw_registered/set_logger_level] /camera/points_xyzrgb_hw_registered rosrpc://ubuntu:57821
[rosmaster.master][INFO] 2020-09-01 08:59:52,719: -SERVICE [/camera/depth_points/set_logger_level] /camera/depth_points rosrpc://ubuntu:38773
[rosmaster.master][INFO] 2020-09-01 08:59:52,755: publisherUpdate[/rosout] -> http://ubuntu:44677/ ['http://ubuntu:46723/', 'http://ubuntu:35133/', 'http://ubuntu:39349/', 'http://ubuntu:38671/', 'http://ubuntu:42543/', 'http://ubuntu:38409/', 'http://ubuntu:32855/', 'http://ubuntu:36027/', 'http://ubuntu:38819/', 'http://192.168.1.12:37955/']
[rosmaster.master][INFO] 2020-09-01 08:59:52,756: publisherUpdate[/rosout] -> http://ubuntu:44677/ ['http://ubuntu:46723/', 'http://ubuntu:35133/', 'http://ubuntu:39349/', 'http://ubuntu:38671/', 'http://ubuntu:42543/', 'http://ubuntu:38409/', 'http://ubuntu:32855/', 'http://ubuntu:36027/', 'http://ubuntu:38819/', 'http://192.168.1.12:37955/']: sec=0.00, result=[1, '', 0]
[rosmaster.master][INFO] 2020-09-01 08:59:52,757: publisherUpdate[/rosout] -> http://ubuntu:44677/ ['http://ubuntu:46723/', 'http://ubuntu:35133/', 'http://ubuntu:39349/', 'http://ubuntu:38671/', 'http://ubuntu:42543/', 'http://ubuntu:38409/', 'http://ubuntu:36027/', 'http://ubuntu:38819/', 'http://192.168.1.12:37955/']
[rosmaster.master][INFO] 2020-09-01 08:59:52,758: publisherUpdate[/rosout] -> http://ubuntu:44677/ ['http://ubuntu:46723/', 'http://ubuntu:35133/', 'http://ubuntu:39349/', 'http://ubuntu:38671/', 'http://ubuntu:42543/', 'http://ubuntu:38409/', 'http://ubuntu:36027/', 'http://ubuntu:38819/', 'http://192.168.1.12:37955/']: sec=0.00, result=[1, '', 0]
[rosmaster.master][INFO] 2020-09-01 08:59:52,759: publisherUpdate[/rosout] -> http://ubuntu:44677/ ['http://ubuntu:46723/', 'http://ubuntu:35133/', 'http://ubuntu:39349/', 'http://ubuntu:38671/', 'http://ubuntu:42543/', 'http://ubuntu:36027/', 'http://ubuntu:38819/', 'http://192.168.1.12:37955/']
[rosmaster.master][INFO] 2020-09-01 08:59:52,760: publisherUpdate[/rosout] -> http://ubuntu:44677/ ['http://ubuntu:46723/', 'http://ubuntu:35133/', 'http://ubuntu:39349/', 'http://ubuntu:38671/', 'http://ubuntu:42543/', 'http://ubuntu:36027/', 'http://ubuntu:38819/', 'http://192.168.1.12:37955/']: sec=0.00, result=[1, '', 0]
[rosmaster.master][INFO] 2020-09-01 08:59:52,761: publisherUpdate[/rosout] -> http://ubuntu:44677/ ['http://ubuntu:46723/', 'http://ubuntu:35133/', 'http://ubuntu:39349/', 'http://ubuntu:38671/', 'http://ubuntu:42543/', 'http://ubuntu:36027/', 'http://192.168.1.12:37955/']
[rosmaster.master][INFO] 2020-09-01 08:59:52,762: publisherUpdate[/rosout] -> http://ubuntu:44677/ ['http://ubuntu:46723/', 'http://ubuntu:35133/', 'http://ubuntu:39349/', 'http://ubuntu:38671/', 'http://ubuntu:42543/', 'http://ubuntu:36027/', 'http://192.168.1.12:37955/']: sec=0.00, result=[1, '', 0]
[rosmaster.master][INFO] 2020-09-01 08:59:52,762: publisherUpdate[/rosout] -> http://ubuntu:44677/ ['http://ubuntu:46723/', 'http://ubuntu:35133/', 'http://ubuntu:39349/', 'http://ubuntu:38671/', 'http://ubuntu:42543/', 'http://192.168.1.12:37955/']
[rosmaster.master][INFO] 2020-09-01 08:59:52,764: publisherUpdate[/rosout] -> http://ubuntu:44677/ ['http://ubuntu:46723/', 'http://ubuntu:35133/', 'http://ubuntu:39349/', 'http://ubuntu:38671/', 'http://ubuntu:42543/', 'http://192.168.1.12:37955/']: sec=0.00, result=[1, '', 0]
[rosmaster.master][INFO] 2020-09-01 08:59:52,780: -PUB [/camera/depth/image_rect] /camera/camera_nodelet_manager http://ubuntu:35133/
[rosmaster.master][INFO] 2020-09-01 08:59:52,793: -PUB [/camera/depth_rectify_depth/parameter_descriptions] /camera/camera_nodelet_manager http://ubuntu:35133/
[rosmaster.master][INFO] 2020-09-01 08:59:52,796: -PUB [/camera/depth_rectify_depth/parameter_updates] /camera/camera_nodelet_manager http://ubuntu:35133/
[rosmaster.master][INFO] 2020-09-01 08:59:52,797: -SERVICE [/camera/depth_rectify_depth/set_parameters] /camera/camera_nodelet_manager rosrpc://ubuntu:59533
[rosmaster.master][INFO] 2020-09-01 08:59:52,799: -PUB [/camera/depth/image_rect_raw] /camera/camera_nodelet_manager http://ubuntu:35133/
[xmlrpc][ERROR] 2020-09-01 08:59:52,802: Traceback (most recent call last):
  File "/usr/lib/python2.7/SocketServer.py", line 599, in process_request_thread
    self.finish_request(request, client_address)
  File "/usr/lib/python2.7/SocketServer.py", line 334, in finish_request
    self.RequestHandlerClass(request, client_address, self)
  File "/usr/lib/python2.7/SocketServer.py", line 655, in __init__
    self.handle()
  File "/usr/lib/python2.7/BaseHTTPServer.py", line 342, in handle
    self.handle_one_request()
  File "/usr/lib/python2.7/BaseHTTPServer.py", line 310, in handle_one_request
    self.raw_requestline = self.rfile.readline(65537)
  File "/usr/lib/python2.7/socket.py", line 480, in readline
    data = self._sock.recv(self._rbufsize)
error: [Errno 104] Connection reset by peer

[rosmaster.master][INFO] 2020-09-01 08:59:52,806: -PUB [/camera/rgb_rectify_color/parameter_descriptions] /camera/camera_nodelet_manager http://ubuntu:35133/
[rosmaster.master][INFO] 2020-09-01 08:59:52,818: -PUB [/camera/rgb_rectify_color/parameter_updates] /camera/camera_nodelet_manager http://ubuntu:35133/
[rosmaster.master][INFO] 2020-09-01 08:59:52,820: -SERVICE [/camera/rgb_rectify_color/set_parameters] /camera/camera_nodelet_manager rosrpc://ubuntu:59533
[rosmaster.master][INFO] 2020-09-01 08:59:52,822: -PUB [/camera/rgb/image_rect_color] /camera/camera_nodelet_manager http://ubuntu:35133/
[rosmaster.master][INFO] 2020-09-01 08:59:52,895: -PUB [/rosout] /camera/depth_metric_rect http://ubuntu:42543/
[rosmaster.master][INFO] 2020-09-01 08:59:52,897: -SERVICE [/camera/depth_metric_rect/get_loggers] /camera/depth_metric_rect rosrpc://ubuntu:46151
[rosmaster.master][INFO] 2020-09-01 08:59:52,898: -SERVICE [/camera/depth_metric_rect/set_logger_level] /camera/depth_metric_rect rosrpc://ubuntu:46151
[rosmaster.master][INFO] 2020-09-01 08:59:52,906: -PUB [/rosout] /camera/camera_nodelet_manager http://ubuntu:35133/
[rosmaster.master][INFO] 2020-09-01 08:59:52,908: -PUB [/camera/driver/parameter_descriptions] /camera/camera_nodelet_manager http://ubuntu:35133/
[rosmaster.master][INFO] 2020-09-01 08:59:52,909: -PUB [/camera/driver/parameter_updates] /camera/camera_nodelet_manager http://ubuntu:35133/
[rosmaster.master][INFO] 2020-09-01 08:59:52,911: -PUB [/camera/ir/image] /camera/camera_nodelet_manager http://ubuntu:35133/
[rosmaster.master][INFO] 2020-09-01 08:59:52,912: -PUB [/camera/ir/camera_info] /camera/camera_nodelet_manager http://ubuntu:35133/
[rosmaster.master][INFO] 2020-09-01 08:59:52,913: -PUB [/camera/depth/image_raw] /camera/camera_nodelet_manager http://ubuntu:35133/
[rosmaster.master][INFO] 2020-09-01 08:59:52,914: -PUB [/camera/depth/camera_info] /camera/camera_nodelet_manager http://ubuntu:35133/
[rosmaster.master][INFO] 2020-09-01 08:59:52,915: -PUB [/camera/depth_registered/image_raw] /camera/camera_nodelet_manager http://ubuntu:35133/
[rosmaster.master][INFO] 2020-09-01 08:59:52,916: -PUB [/camera/depth_registered/camera_info] /camera/camera_nodelet_manager http://ubuntu:35133/
[rosmaster.master][INFO] 2020-09-01 08:59:52,917: -PUB [/camera/projector/camera_info] /camera/camera_nodelet_manager http://ubuntu:35133/
[rosmaster.master][INFO] 2020-09-01 08:59:52,919: -PUB [/camera/camera_nodelet_manager/bond] /camera/camera_nodelet_manager http://ubuntu:35133/
[rosmaster.master][INFO] 2020-09-01 08:59:52,920: -SUB [/camera/camera_nodelet_manager/bond] /camera/camera_nodelet_manager http://ubuntu:35133/
[rosmaster.master][INFO] 2020-09-01 08:59:52,922: -SERVICE [/camera/camera_nodelet_manager/get_loggers] /camera/camera_nodelet_manager rosrpc://ubuntu:59533
[rosmaster.master][INFO] 2020-09-01 08:59:52,923: -SERVICE [/camera/camera_nodelet_manager/set_logger_level] /camera/camera_nodelet_manager rosrpc://ubuntu:59533
[rosmaster.master][INFO] 2020-09-01 08:59:52,924: -SERVICE [/camera/camera_nodelet_manager/load_nodelet] /camera/camera_nodelet_manager rosrpc://ubuntu:59533
[rosmaster.master][INFO] 2020-09-01 08:59:52,926: -SERVICE [/camera/camera_nodelet_manager/unload_nodelet] /camera/camera_nodelet_manager rosrpc://ubuntu:59533
[rosmaster.master][INFO] 2020-09-01 08:59:52,927: -SERVICE [/camera/camera_nodelet_manager/list] /camera/camera_nodelet_manager rosrpc://ubuntu:59533
[rosmaster.master][INFO] 2020-09-01 08:59:52,949: -SERVICE [/camera/driver/set_parameters] /camera/camera_nodelet_manager rosrpc://ubuntu:59533
[rosmaster.master][INFO] 2020-09-01 08:59:52,950: -SERVICE [/camera/rgb/set_camera_info] /camera/camera_nodelet_manager rosrpc://ubuntu:59533
[rosmaster.master][INFO] 2020-09-01 08:59:52,951: -SERVICE [/camera/ir/set_camera_info] /camera/camera_nodelet_manager rosrpc://ubuntu:59533
[rosmaster.master][INFO] 2020-09-01 08:59:52,952: -SERVICE [/camera/get_serial] /camera/camera_nodelet_manager rosrpc://ubuntu:59533
[rosmaster.master][INFO] 2020-09-01 08:59:52,954: -SERVICE [/camera/get_device_type] /camera/camera_nodelet_manager rosrpc://ubuntu:59533
[rosmaster.master][INFO] 2020-09-01 08:59:52,955: -SERVICE [/camera/get_ir_gain] /camera/camera_nodelet_manager rosrpc://ubuntu:59533
[rosmaster.master][INFO] 2020-09-01 08:59:52,956: -SERVICE [/camera/set_ir_gain] /camera/camera_nodelet_manager rosrpc://ubuntu:59533
[rosmaster.master][INFO] 2020-09-01 08:59:52,961: publisherUpdate[/rosout] -> http://ubuntu:44677/ ['http://ubuntu:46723/', 'http://ubuntu:35133/', 'http://ubuntu:39349/', 'http://ubuntu:38671/', 'http://192.168.1.12:37955/']
[rosmaster.master][INFO] 2020-09-01 08:59:52,962: -SERVICE [/camera/get_ir_exposure] /camera/camera_nodelet_manager rosrpc://ubuntu:59533
[rosmaster.master][INFO] 2020-09-01 08:59:52,964: publisherUpdate[/rosout] -> http://ubuntu:44677/ ['http://ubuntu:46723/', 'http://ubuntu:35133/', 'http://ubuntu:39349/', 'http://ubuntu:38671/', 'http://192.168.1.12:37955/']: sec=0.00, result=[1, '', 0]
[rosmaster.master][INFO] 2020-09-01 08:59:52,964: -SERVICE [/camera/set_ir_exposure] /camera/camera_nodelet_manager rosrpc://ubuntu:59533
[rosmaster.master][INFO] 2020-09-01 08:59:52,965: publisherUpdate[/camera/camera_nodelet_manager/bond] -> http://ubuntu:35133/ ['http://ubuntu:46723/']
[rosmaster.master][INFO] 2020-09-01 08:59:52,965: publisherUpdate[/rosout] -> http://ubuntu:44677/ ['http://ubuntu:46723/', 'http://ubuntu:39349/', 'http://ubuntu:38671/', 'http://192.168.1.12:37955/']
[rosmaster.master][INFO] 2020-09-01 08:59:52,965: publisherUpdate[/camera/camera_nodelet_manager/bond] -> http://ubuntu:46723/ ['http://ubuntu:46723/']
[rosmaster.master][INFO] 2020-09-01 08:59:52,967: -SERVICE [/camera/set_ir_flood] /camera/camera_nodelet_manager rosrpc://ubuntu:59533
[rosmaster.master][INFO] 2020-09-01 08:59:52,968: publisherUpdate[/camera/camera_nodelet_manager/bond] -> http://ubuntu:35133/ ['http://ubuntu:46723/']: sec=0.00, exception=<Fault -1: 'publisherUpdate: unknown method name'>
[rosmaster.master][INFO] 2020-09-01 08:59:52,970: publisherUpdate[/rosout] -> http://ubuntu:44677/ ['http://ubuntu:46723/', 'http://ubuntu:39349/', 'http://ubuntu:38671/', 'http://192.168.1.12:37955/']: sec=0.00, result=[1, '', 0]
[rosmaster.master][INFO] 2020-09-01 08:59:52,971: -SERVICE [/camera/set_laser] /camera/camera_nodelet_manager rosrpc://ubuntu:59533
[rosmaster.threadpool][ERROR] 2020-09-01 08:59:52,973: Traceback (most recent call last):
  File "/opt/ros/melodic/lib/python2.7/dist-packages/rosmaster/threadpool.py", line 218, in run
    result = cmd(*args)
  File "/opt/ros/melodic/lib/python2.7/dist-packages/rosmaster/master_api.py", line 210, in publisher_update_task
    ret = xmlrpcapi(api).publisherUpdate('/master', topic, pub_uris)
  File "/usr/lib/python2.7/xmlrpclib.py", line 1243, in __call__
    return self.__send(self.__name, args)
  File "/usr/lib/python2.7/xmlrpclib.py", line 1602, in __request
    verbose=self.__verbose
  File "/usr/lib/python2.7/xmlrpclib.py", line 1283, in request
    return self.single_request(host, handler, request_body, verbose)
  File "/usr/lib/python2.7/xmlrpclib.py", line 1316, in single_request
    return self.parse_response(response)
  File "/usr/lib/python2.7/xmlrpclib.py", line 1493, in parse_response
    return u.close()
  File "/usr/lib/python2.7/xmlrpclib.py", line 800, in close
    raise Fault(**self._stack[0])
Fault: <Fault -1: 'publisherUpdate: unknown method name'>

[rosmaster.master][INFO] 2020-09-01 08:59:52,974: publisherUpdate[/camera/camera_nodelet_manager/bond] -> http://ubuntu:46723/ ['http://ubuntu:46723/']: sec=0.01, result=[1, '', 0]
[rosmaster.master][INFO] 2020-09-01 08:59:52,976: -SERVICE [/camera/set_ldp] /camera/camera_nodelet_manager rosrpc://ubuntu:59533
[rosmaster.master][INFO] 2020-09-01 08:59:52,977: -SERVICE [/camera/reset_ir_gain] /camera/camera_nodelet_manager rosrpc://ubuntu:59533
[rosmaster.master][INFO] 2020-09-01 08:59:52,978: -SERVICE [/camera/reset_ir_exposure] /camera/camera_nodelet_manager rosrpc://ubuntu:59533
[rosmaster.master][INFO] 2020-09-01 08:59:52,979: -SERVICE [/camera/get_camera_info] /camera/camera_nodelet_manager rosrpc://ubuntu:59533
[rosmaster.master][INFO] 2020-09-01 08:59:52,993: -PUB [/rosout] /camera/depth_rectify_depth http://ubuntu:38671/
[rosmaster.master][INFO] 2020-09-01 08:59:52,995: -PUB [/rosout] /camera/rgb_rectify_color http://ubuntu:39349/
[rosmaster.master][INFO] 2020-09-01 08:59:52,996: -SERVICE [/camera/rgb_rectify_color/get_loggers] /camera/rgb_rectify_color rosrpc://ubuntu:33643
[rosmaster.master][INFO] 2020-09-01 08:59:52,998: -SERVICE [/camera/depth_rectify_depth/get_loggers] /camera/depth_rectify_depth rosrpc://ubuntu:54957
[rosmaster.master][INFO] 2020-09-01 08:59:52,999: -SERVICE [/camera/rgb_rectify_color/set_logger_level] /camera/rgb_rectify_color rosrpc://ubuntu:33643
[rosmaster.master][INFO] 2020-09-01 08:59:53,000: -SERVICE [/camera/depth_rectify_depth/set_logger_level] /camera/depth_rectify_depth rosrpc://ubuntu:54957
[rosmaster.master][INFO] 2020-09-01 08:59:53,074: publisherUpdate[/rosout] -> http://ubuntu:44677/ ['http://ubuntu:46723/', 'http://ubuntu:39349/', 'http://192.168.1.12:37955/']
[rosmaster.master][INFO] 2020-09-01 08:59:53,075: publisherUpdate[/rosout] -> http://ubuntu:44677/ ['http://ubuntu:46723/', 'http://ubuntu:39349/', 'http://192.168.1.12:37955/']: sec=0.00, result=[1, '', 0]
[rosmaster.master][INFO] 2020-09-01 08:59:53,076: publisherUpdate[/rosout] -> http://ubuntu:44677/ ['http://ubuntu:46723/', 'http://192.168.1.12:37955/']
[rosmaster.master][INFO] 2020-09-01 08:59:53,077: publisherUpdate[/rosout] -> http://ubuntu:44677/ ['http://ubuntu:46723/', 'http://192.168.1.12:37955/']: sec=0.00, result=[1, '', 0]
[rosmaster.master][INFO] 2020-09-01 08:59:53,175: -PUB [/rosout] /camera/driver http://ubuntu:46723/
[rosmaster.master][INFO] 2020-09-01 08:59:53,176: -PUB [/camera/camera_nodelet_manager/bond] /camera/driver http://ubuntu:46723/
[rosmaster.master][INFO] 2020-09-01 08:59:53,177: publisherUpdate[/rosout] -> http://ubuntu:44677/ ['http://192.168.1.12:37955/']
[rosmaster.master][INFO] 2020-09-01 08:59:53,177: publisherUpdate[/camera/camera_nodelet_manager/bond] -> http://ubuntu:46723/ []
[rosmaster.master][INFO] 2020-09-01 08:59:53,179: -SUB [/camera/camera_nodelet_manager/bond] /camera/driver http://ubuntu:46723/
[rosmaster.master][INFO] 2020-09-01 08:59:53,180: publisherUpdate[/rosout] -> http://ubuntu:44677/ ['http://192.168.1.12:37955/']: sec=0.00, result=[1, '', 0]
[rosmaster.master][INFO] 2020-09-01 08:59:53,181: -SERVICE [/camera/driver/get_loggers] /camera/driver rosrpc://ubuntu:41457
[rosmaster.master][INFO] 2020-09-01 08:59:53,183: -SERVICE [/camera/driver/set_logger_level] /camera/driver rosrpc://ubuntu:41457
[rosmaster.master][INFO] 2020-09-01 08:59:53,189: publisherUpdate[/camera/camera_nodelet_manager/bond] -> http://ubuntu:46723/ []: sec=0.01, exception=[Errno 111] Connection refused
[rosmaster.threadpool][ERROR] 2020-09-01 08:59:53,191: Traceback (most recent call last):
  File "/opt/ros/melodic/lib/python2.7/dist-packages/rosmaster/threadpool.py", line 218, in run
    result = cmd(*args)
  File "/opt/ros/melodic/lib/python2.7/dist-packages/rosmaster/master_api.py", line 210, in publisher_update_task
    ret = xmlrpcapi(api).publisherUpdate('/master', topic, pub_uris)
  File "/usr/lib/python2.7/xmlrpclib.py", line 1243, in __call__
    return self.__send(self.__name, args)
  File "/usr/lib/python2.7/xmlrpclib.py", line 1602, in __request
    verbose=self.__verbose
  File "/usr/lib/python2.7/xmlrpclib.py", line 1283, in request
    return self.single_request(host, handler, request_body, verbose)
  File "/usr/lib/python2.7/xmlrpclib.py", line 1311, in single_request
    self.send_content(h, request_body)
  File "/usr/lib/python2.7/xmlrpclib.py", line 1459, in send_content
    connection.endheaders(request_body)
  File "/usr/lib/python2.7/httplib.py", line 1078, in endheaders
    self._send_output(message_body)
  File "/usr/lib/python2.7/httplib.py", line 894, in _send_output
    self.send(msg)
  File "/usr/lib/python2.7/httplib.py", line 856, in send
    self.connect()
  File "/usr/lib/python2.7/httplib.py", line 833, in connect
    self.timeout, self.source_address)
  File "/usr/lib/python2.7/socket.py", line 575, in create_connection
    raise err
error: [Errno 111] Connection refused

[rosmaster.master][INFO] 2020-09-01 08:59:53,380: -PUB [/rosout_agg] /rosout http://ubuntu:44677/
[rosmaster.master][INFO] 2020-09-01 08:59:53,381: -SUB [/rosout] /rosout http://ubuntu:44677/
[rosmaster.master][INFO] 2020-09-01 08:59:53,382: -SERVICE [/rosout/get_loggers] /rosout rosrpc://ubuntu:54949
[rosmaster.master][INFO] 2020-09-01 08:59:53,383: -SERVICE [/rosout/set_logger_level] /rosout rosrpc://ubuntu:54949
[rosmaster.main][INFO] 2020-09-01 08:59:53,406: keyboard interrupt, will exit
[rosmaster.main][INFO] 2020-09-01 08:59:53,406: stopping master...
[rospy.core][INFO] 2020-09-01 08:59:53,407: signal_shutdown [atexit]
