

1598950619.718922049  Node Startup
1598950619.847299112 INFO /camera/driver [/tmp/binarydeb/ros-melodic-nodelet-1.9.16/src/nodelet.cpp:202(loadNodelet)] [topics: /rosout] /camera/rgb/image -> /camera/rgb/image_raw
1598950619.972875990 INFO /camera/camera_nodelet_manager [/home/zxcar/heima_ws/src/ros_astra_camera/src/astra_device_manager.cpp:116(AstraDeviceListener::onDeviceConnected)] [topics: /rosout] Device "2bc5/0403@1/22" found.
1598950619.956454305 INFO /camera/depth_metric_rect [/tmp/binarydeb/ros-melodic-nodelet-1.9.16/src/nodelet.cpp:196(loadNodelet)] [topics: /rosout] Loading nodelet /camera/depth_metric_rect of type depth_image_proc/convert_metric to manager camera_nodelet_manager with the following remappings:
1598950619.894954960 INFO /camera/rgb_rectify_color [/tmp/binarydeb/ros-melodic-nodelet-1.9.16/src/nodelet.cpp:202(loadNodelet)] [topics: /rosout] /camera/image_rect -> /camera/rgb/image_rect_color
1598950619.953494402 INFO /camera/depth_rectify_depth [/tmp/binarydeb/ros-melodic-nodelet-1.9.16/src/nodelet.cpp:202(loadNodelet)] [topics: /rosout] /camera/image_rect -> /camera/depth/image_rect_raw
1598950620.078537607 INFO /camera/depth_points [/tmp/binarydeb/ros-melodic-nodelet-1.9.16/src/nodelet.cpp:202(loadNodelet)] [topics: /rosout] /camera/points -> /camera/depth/points
1598950620.039391030 INFO /camera/depth_metric [/tmp/binarydeb/ros-melodic-nodelet-1.9.16/src/nodelet.cpp:196(loadNodelet)] [topics: /rosout] Loading nodelet /camera/depth_metric of type depth_image_proc/convert_metric to manager camera_nodelet_manager with the following remappings:
1598950620.173323649 INFO /camera/points_xyzrgb_hw_registered [/tmp/binarydeb/ros-melodic-nodelet-1.9.16/src/nodelet.cpp:202(loadNodelet)] [topics: /rosout] /camera/rgb/image_rect_color -> /camera/rgb/image_rect_color
1598950620.102916224 INFO /camera/depth_registered_rectify_depth [/tmp/binarydeb/ros-melodic-nodelet-1.9.16/src/nodelet.cpp:196(loadNodelet)] [topics: /rosout] Loading nodelet /camera/depth_registered_rectify_depth of type image_proc/rectify to manager camera_nodelet_manager with the following remappings:
1598950620.226585069 INFO /camera/depth_registered_hw_metric_rect [/tmp/binarydeb/ros-melodic-nodelet-1.9.16/src/nodelet.cpp:202(loadNodelet)] [topics: /rosout] /camera/image_raw -> /camera/depth_registered/hw_registered/image_rect_raw
1598950620.281395069 INFO /camera/depth_registered_metric [/tmp/binarydeb/ros-melodic-nodelet-1.9.16/src/nodelet.cpp:202(loadNodelet)] [topics: /rosout] /camera/image_raw -> /camera/depth_registered/image_raw
1598950620.318262322 INFO /camera_base_link [/tmp/binarydeb/ros-melodic-tf2-ros-0.6.5/src/static_transform_broadcaster_program.cpp:142(main)] [topics: /rosout, /tf_static] Spinning until killed publishing /camera_link to /camera_depth_frame
1598950620.347564043 INFO /camera_base_link1 [/tmp/binarydeb/ros-melodic-tf2-ros-0.6.5/src/static_transform_broadcaster_program.cpp:142(main)] [topics: /rosout, /tf_static] Spinning until killed publishing /camera_link to /camera_rgb_frame
1598950620.384738567 INFO /camera_base_link2 [/tmp/binarydeb/ros-melodic-tf2-ros-0.6.5/src/static_transform_broadcaster_program.cpp:142(main)] [topics: /rosout, /tf_static] Spinning until killed publishing /camera_depth_frame to /camera_depth_optical_frame
1598950620.403724830 INFO /camera_base_link3 [/tmp/binarydeb/ros-melodic-tf2-ros-0.6.5/src/static_transform_broadcaster_program.cpp:142(main)] [topics: /rosout, /tf_static] Spinning until killed publishing /camera_rgb_frame to /camera_rgb_optical_frame
1598950792.482361214 INFO /camera/depth_registered_metric [/tmp/binarydeb/ros-melodic-nodelet-1.9.16/src/nodelet.cpp:159(unloadNodelet)] [topics: /rosout] Unloading nodelet /camera/depth_registered_metric from manager camera_nodelet_manager
1598950792.487139665 INFO /camera/depth_registered_hw_metric_rect [/tmp/binarydeb/ros-melodic-nodelet-1.9.16/src/nodelet.cpp:159(unloadNodelet)] [topics: /rosout] Unloading nodelet /camera/depth_registered_hw_metric_rect from manager camera_nodelet_manager
1598950620.044014455 INFO /camera/depth_metric [/tmp/binarydeb/ros-melodic-nodelet-1.9.16/src/nodelet.cpp:202(loadNodelet)] [topics: /rosout] /camera/image -> /camera/depth/image
1598950620.044048510 INFO /camera/depth_metric [/tmp/binarydeb/ros-melodic-nodelet-1.9.16/src/nodelet.cpp:202(loadNodelet)] [topics: /rosout] /camera/image_raw -> /camera/depth/image_raw
1598950792.502985953 INFO /camera/depth_metric [/tmp/binarydeb/ros-melodic-nodelet-1.9.16/src/nodelet.cpp:159(unloadNodelet)] [topics: /rosout] Unloading nodelet /camera/depth_metric from manager camera_nodelet_manager
1598950620.106865051 INFO /camera/depth_registered_rectify_depth [/tmp/binarydeb/ros-melodic-nodelet-1.9.16/src/nodelet.cpp:202(loadNodelet)] [topics: /rosout] /camera/image_mono -> /camera/depth_registered/image_raw
1598950620.106903625 INFO /camera/depth_registered_rectify_depth [/tmp/binarydeb/ros-melodic-nodelet-1.9.16/src/nodelet.cpp:202(loadNodelet)] [topics: /rosout] /camera/image_rect -> /camera/depth_registered/hw_registered/image_rect_raw
1598950792.500107690 INFO /camera/depth_registered_rectify_depth [/tmp/binarydeb/ros-melodic-nodelet-1.9.16/src/nodelet.cpp:159(unloadNodelet)] [topics: /rosout] Unloading nodelet /camera/depth_registered_rectify_depth from manager camera_nodelet_manager
1598950792.501194707 INFO /camera/depth_points [/tmp/binarydeb/ros-melodic-nodelet-1.9.16/src/nodelet.cpp:159(unloadNodelet)] [topics: /rosout] Unloading nodelet /camera/depth_points from manager camera_nodelet_manager
1598950792.499878398 INFO /camera/points_xyzrgb_hw_registered [/tmp/binarydeb/ros-melodic-nodelet-1.9.16/src/nodelet.cpp:159(unloadNodelet)] [topics: /rosout] Unloading nodelet /camera/points_xyzrgb_hw_registered from manager camera_nodelet_manager
1598950619.961924712 INFO /camera/depth_metric_rect [/tmp/binarydeb/ros-melodic-nodelet-1.9.16/src/nodelet.cpp:202(loadNodelet)] [topics: /rosout] /camera/image -> /camera/depth/image_rect
1598950619.962019618 INFO /camera/depth_metric_rect [/tmp/binarydeb/ros-melodic-nodelet-1.9.16/src/nodelet.cpp:202(loadNodelet)] [topics: /rosout] /camera/image_raw -> /camera/depth/image_rect_raw
1598950792.773222390 INFO /camera/depth_metric_rect [/tmp/binarydeb/ros-melodic-nodelet-1.9.16/src/nodelet.cpp:159(unloadNodelet)] [topics: /rosout] Unloading nodelet /camera/depth_metric_rect from manager camera_nodelet_manager
1598950792.778157597 INFO /camera/depth_rectify_depth [/tmp/binarydeb/ros-melodic-nodelet-1.9.16/src/nodelet.cpp:159(unloadNodelet)] [topics: /rosout] Unloading nodelet /camera/depth_rectify_depth from manager camera_nodelet_manager
1598950792.782393965 INFO /camera/rgb_rectify_color [/tmp/binarydeb/ros-melodic-nodelet-1.9.16/src/nodelet.cpp:159(unloadNodelet)] [topics: /rosout] Unloading nodelet /camera/rgb_rectify_color from manager camera_nodelet_manager
1598950792.790557503 INFO /camera/driver [/tmp/binarydeb/ros-melodic-nodelet-1.9.16/src/nodelet.cpp:159(unloadNodelet)] [topics: /rosout, /camera/camera_nodelet_manager/bond] Unloading nodelet /camera/driver from manager camera_nodelet_manager
