[rospy.client][INFO] 2020-09-14 12:33:43,509: init_node, name[/car_driver_node], pid[2946]
[xmlrpc][INFO] 2020-09-14 12:33:43,510: XML-RPC server binding to 0.0.0.0:0
[xmlrpc][INFO] 2020-09-14 12:33:43,512: Started XML-RPC server [http://192.168.43.172:37179/]
[rospy.init][INFO] 2020-09-14 12:33:43,512: ROS Slave URI: [http://192.168.43.172:37179/]
[rospy.impl.masterslave][INFO] 2020-09-14 12:33:43,513: _ready: http://192.168.43.172:37179/
[xmlrpc][INFO] 2020-09-14 12:33:43,514: xml rpc node: starting XML-RPC server
[rospy.registration][INFO] 2020-09-14 12:33:43,516: Registering with master node http://192.168.43.172:11311
[rospy.init][INFO] 2020-09-14 12:33:43,613: registered with master
[rospy.rosout][INFO] 2020-09-14 12:33:43,614: initializing /rosout core topic
[rospy.rosout][INFO] 2020-09-14 12:33:43,621: connected to core topic /rosout
[rospy.simtime][INFO] 2020-09-14 12:33:43,624: /use_sim_time is not set, will not subscribe to simulated time [/clock] topic
[rospy.internal][INFO] 2020-09-14 12:33:43,687: topic[/cmd_vel] adding connection to [http://192.168.43.172:34065/], count 0
[rospy.internal][INFO] 2020-09-14 12:33:43,833: topic[/rosout] adding connection to [/rosout], count 0
[rospy.internal][INFO] 2020-09-14 12:33:43,937: topic[/zxcar/get_vel] adding connection to [/heima_base_node], count 0
[rospy.internal][INFO] 2020-09-14 12:33:43,945: topic[/zxcar/imu] adding connection to [/apply_calib], count 0
[rospy.internal][INFO] 2020-09-14 12:33:43,951: topic[/zxcar/magnetic] adding connection to [/apply_calib], count 0
[rosout][INFO] 2020-09-14 12:34:30,908: cmd_vel:0.0,0.0
[rosout][INFO] 2020-09-14 12:34:31,454: cmd_vel:-0.25,0.128205135465
[rosout][INFO] 2020-09-14 12:34:31,954: cmd_vel:-0.25,0.128205135465
[rosout][INFO] 2020-09-14 12:34:32,445: cmd_vel:-0.25,0.333333343267
[rosout][INFO] 2020-09-14 12:34:32,950: cmd_vel:-0.25,0.333333343267
[rosout][INFO] 2020-09-14 12:34:33,444: cmd_vel:-0.25,0.282051295042
[rosout][INFO] 2020-09-14 12:34:33,949: cmd_vel:-0.25,0.128205135465
[rosout][INFO] 2020-09-14 12:34:34,447: cmd_vel:-0.25,0.17948718369
[rosout][INFO] 2020-09-14 12:34:34,950: cmd_vel:-0.25,0.0769230797887
[rosout][INFO] 2020-09-14 12:34:35,444: cmd_vel:-0.25,0.0256410259753
[rosout][INFO] 2020-09-14 12:34:35,939: cmd_vel:-0.25,-0.0256410259753
[rosout][INFO] 2020-09-14 12:34:36,447: cmd_vel:-0.25,-0.17948718369
[rosout][INFO] 2020-09-14 12:34:36,953: cmd_vel:-0.25,-0.282051295042
[rosout][INFO] 2020-09-14 12:34:37,443: cmd_vel:-0.25,-0.230769231915
[rosout][INFO] 2020-09-14 12:34:37,939: cmd_vel:-0.217027127743,-0.128205135465
[rosout][INFO] 2020-09-14 12:34:38,452: cmd_vel:-0.183003216982,-0.128205135465
[rosout][INFO] 2020-09-14 12:34:38,954: cmd_vel:-0.0458593666553,0.846153855324
[rosout][INFO] 2020-09-14 12:34:39,409: cmd_vel:-0.0,0.0
[rosout][INFO] 2020-09-14 12:34:39,908: cmd_vel:-0.0,0.0
[rosout][INFO] 2020-09-14 12:34:40,408: cmd_vel:0.0,1.0
[rosout][INFO] 2020-09-14 12:34:40,908: cmd_vel:0.0,1.0
[rosout][INFO] 2020-09-14 12:34:41,409: cmd_vel:0.0,1.0
[rosout][INFO] 2020-09-14 12:34:41,908: cmd_vel:0.0,1.0
[rosout][INFO] 2020-09-14 12:34:42,408: cmd_vel:0.0,1.0
[rosout][INFO] 2020-09-14 12:34:42,908: cmd_vel:0.0,1.0
[rosout][INFO] 2020-09-14 12:34:43,408: cmd_vel:0.0,1.0
[rosout][INFO] 2020-09-14 12:34:43,953: cmd_vel:-0.0921052619815,0.128205135465
[rosout][INFO] 2020-09-14 12:34:44,408: cmd_vel:0.0,0.759429533528
[rosout][INFO] 2020-09-14 12:34:44,908: cmd_vel:0.0,0.451473590805
[rosout][INFO] 2020-09-14 12:34:45,409: cmd_vel:0.0,0.123091505233
[rosout][INFO] 2020-09-14 12:34:45,908: cmd_vel:0.0,-0.165872147778
[rosout][INFO] 2020-09-14 12:34:46,408: cmd_vel:0.0,-0.360117142243
[rosout][INFO] 2020-09-14 12:34:46,909: cmd_vel:0.0,0.0
[rosout][INFO] 2020-09-14 12:34:47,409: cmd_vel:0.0,-0.469822368705
[rosout][INFO] 2020-09-14 12:34:47,908: cmd_vel:0.0,-0.468671510137
[rosout][INFO] 2020-09-14 12:34:48,409: cmd_vel:0.0,-0.463064400238
[rosout][INFO] 2020-09-14 12:34:48,921: cmd_vel:0.0,0.0
[rosout][INFO] 2020-09-14 12:34:49,409: cmd_vel:0.0,0.0
[rosout][INFO] 2020-09-14 12:34:49,910: cmd_vel:0.0,0.0
[rosout][INFO] 2020-09-14 12:34:50,410: cmd_vel:0.0,0.0
[rosout][ERROR] 2020-09-14 12:34:50,474: error tail:45
[rosout][INFO] 2020-09-14 12:34:50,909: cmd_vel:0.0,0.0
[rosout][INFO] 2020-09-14 12:34:51,409: cmd_vel:0.0,0.0
[rosout][INFO] 2020-09-14 12:34:51,909: cmd_vel:0.0,0.0
[rosout][INFO] 2020-09-14 12:34:52,409: cmd_vel:0.0,0.0
[rosout][INFO] 2020-09-14 12:34:52,909: cmd_vel:0.0,0.0
[rosout][ERROR] 2020-09-14 12:34:52,973: error tail:250
[rosout][INFO] 2020-09-14 12:34:53,410: cmd_vel:0.0,0.0
[rosout][INFO] 2020-09-14 12:34:53,908: cmd_vel:0.0,0.0
[rosout][INFO] 2020-09-14 12:34:54,409: cmd_vel:0.0,0.0
[rosout][INFO] 2020-09-14 12:34:54,910: cmd_vel:0.0,0.0
[rosout][INFO] 2020-09-14 12:34:55,408: cmd_vel:0.0,0.0
[rosout][INFO] 2020-09-14 12:34:55,908: cmd_vel:0.0,0.0
[rosout][INFO] 2020-09-14 12:34:56,408: cmd_vel:0.0,0.0
[rosout][INFO] 2020-09-14 12:34:56,909: cmd_vel:0.0,0.0
[rosout][INFO] 2020-09-14 12:34:57,950: cmd_vel:-0.25,0.128205135465
[rosout][INFO] 2020-09-14 12:34:58,455: cmd_vel:-0.25,0.128205135465
[rosout][INFO] 2020-09-14 12:34:58,951: cmd_vel:-0.25,0.333333343267
[rosout][INFO] 2020-09-14 12:34:59,453: cmd_vel:-0.25,0.384615391493
[rosout][INFO] 2020-09-14 12:34:59,945: cmd_vel:-0.25,0.435897439718
[rosout][INFO] 2020-09-14 12:35:00,456: cmd_vel:-0.25,0.538461565971
[rosout][INFO] 2020-09-14 12:35:00,946: cmd_vel:-0.215539157391,0.641025662422
[rosout][INFO] 2020-09-14 12:35:01,443: cmd_vel:0.0218283124268,-1.0
[rosout][INFO] 2020-09-14 12:35:01,953: cmd_vel:-0.25,-0.487179487944
[rosout][INFO] 2020-09-14 12:35:02,448: cmd_vel:0.0113416220993,-1.0
[rosout][INFO] 2020-09-14 12:35:02,922: cmd_vel:0.0,0.0
[rosout][INFO] 2020-09-14 12:35:03,422: cmd_vel:0.0,0.0
[rosout][INFO] 2020-09-14 12:35:03,919: cmd_vel:0.0,0.0
[rosout][INFO] 2020-09-14 12:35:04,421: cmd_vel:0.0,0.0
[rosout][INFO] 2020-09-14 12:35:04,917: cmd_vel:0.0,0.0
[rosout][INFO] 2020-09-14 12:35:05,421: cmd_vel:0.0,0.0
[rosout][INFO] 2020-09-14 12:35:05,924: cmd_vel:0.0,0.0
[rosout][INFO] 2020-09-14 12:35:06,419: cmd_vel:0.0,0.0
[rosout][INFO] 2020-09-14 12:35:06,920: cmd_vel:0.0,0.0
[rosout][INFO] 2020-09-14 12:35:07,424: cmd_vel:0.0,0.0
[rosout][INFO] 2020-09-14 12:35:07,923: cmd_vel:0.0,0.0
[rosout][INFO] 2020-09-14 12:35:08,422: cmd_vel:0.0,0.0
[rosout][INFO] 2020-09-14 12:35:08,923: cmd_vel:0.0,0.0
[rosout][INFO] 2020-09-14 12:35:09,417: cmd_vel:0.0,0.0
[rosout][INFO] 2020-09-14 12:35:09,921: cmd_vel:0.0,0.0
[rosout][INFO] 2020-09-14 12:35:10,421: cmd_vel:0.0,0.0
[rosout][INFO] 2020-09-14 12:35:10,927: cmd_vel:0.0,0.0
[rosout][INFO] 2020-09-14 12:35:11,418: cmd_vel:0.0,0.0
[rosout][INFO] 2020-09-14 12:35:11,916: cmd_vel:0.0,0.0
[rosout][INFO] 2020-09-14 12:35:12,424: cmd_vel:0.0,0.0
[rosout][INFO] 2020-09-14 12:35:12,923: cmd_vel:0.0,0.0
[rosout][INFO] 2020-09-14 12:35:13,424: cmd_vel:0.0,0.0
[rosout][INFO] 2020-09-14 12:35:13,921: cmd_vel:0.0,0.0
[rosout][INFO] 2020-09-14 12:35:14,421: cmd_vel:0.0,0.0
[rosout][INFO] 2020-09-14 12:35:14,959: cmd_vel:-0.25,-0.0769230797887
[rosout][INFO] 2020-09-14 12:35:15,422: cmd_vel:0.0,0.0
[rosout][INFO] 2020-09-14 12:35:15,923: cmd_vel:0.0,0.0
[rosout][INFO] 2020-09-14 12:35:16,420: cmd_vel:0.0,0.0
[rosout][INFO] 2020-09-14 12:35:17,423: cmd_vel:0.0,0.0
[rosout][ERROR] 2020-09-14 12:35:17,486: error tail:84
[rosout][INFO] 2020-09-14 12:35:17,920: cmd_vel:0.0,0.0
[rosout][INFO] 2020-09-14 12:35:18,424: cmd_vel:0.0,0.0
[rosout][INFO] 2020-09-14 12:35:18,920: cmd_vel:0.0,0.0
[rosout][INFO] 2020-09-14 12:35:19,418: cmd_vel:0.0,0.0
[rosout][INFO] 2020-09-14 12:35:19,954: cmd_vel:0.421052634716,0.487179487944
[rosout][INFO] 2020-09-14 12:35:20,423: cmd_vel:0.0,0.0
[rosout][INFO] 2020-09-14 12:35:20,920: cmd_vel:0.0,0.0
[rosout][INFO] 2020-09-14 12:35:21,420: cmd_vel:0.0,0.0
[rosout][INFO] 2020-09-14 12:35:21,920: cmd_vel:0.0,0.0
[rosout][INFO] 2020-09-14 12:35:22,421: cmd_vel:0.0,0.0
[rosout][INFO] 2020-09-14 12:35:22,949: cmd_vel:0.223684206605,0.384615391493
[rosout][INFO] 2020-09-14 12:35:23,420: cmd_vel:0.0,0.0
[rosout][INFO] 2020-09-14 12:35:23,923: cmd_vel:0.0,0.0
[rosout][INFO] 2020-09-14 12:35:24,420: cmd_vel:0.0,0.0
[rosout][INFO] 2020-09-14 12:35:24,920: cmd_vel:0.0,0.0
[rosout][INFO] 2020-09-14 12:35:25,417: cmd_vel:0.0,0.0
[rosout][INFO] 2020-09-14 12:35:25,923: cmd_vel:0.0,0.0
[rosout][INFO] 2020-09-14 12:35:26,420: cmd_vel:0.0,0.0
[rosout][INFO] 2020-09-14 12:35:26,923: cmd_vel:0.0,0.0
[rosout][INFO] 2020-09-14 12:35:27,419: cmd_vel:0.0,0.0
[rosout][INFO] 2020-09-14 12:35:27,922: cmd_vel:0.0,0.0
[rosout][INFO] 2020-09-14 12:35:28,423: cmd_vel:0.0,0.0
[rosout][INFO] 2020-09-14 12:35:28,928: cmd_vel:0.0,0.0
[rosout][INFO] 2020-09-14 12:35:29,418: cmd_vel:0.0,0.0
[rosout][INFO] 2020-09-14 12:35:29,919: cmd_vel:0.0,0.0
[rosout][INFO] 2020-09-14 12:35:30,420: cmd_vel:0.0,0.0
[rosout][ERROR] 2020-09-14 12:35:30,489: error tail:255
[rosout][INFO] 2020-09-14 12:35:30,922: cmd_vel:0.0,0.0
[rosout][INFO] 2020-09-14 12:35:31,425: cmd_vel:0.0,0.0
[rosout][INFO] 2020-09-14 12:35:31,921: cmd_vel:0.0,0.0
[rosout][INFO] 2020-09-14 12:35:32,420: cmd_vel:0.0,0.0
[rosout][INFO] 2020-09-14 12:35:32,922: cmd_vel:0.0,0.0
[rosout][INFO] 2020-09-14 12:35:33,419: cmd_vel:0.0,0.0
[rosout][INFO] 2020-09-14 12:35:33,922: cmd_vel:0.0,0.0
[rosout][INFO] 2020-09-14 12:35:34,920: cmd_vel:0.0,0.0
[rosout][INFO] 2020-09-14 12:35:35,419: cmd_vel:0.0,0.0
[rosout][INFO] 2020-09-14 12:35:35,921: cmd_vel:0.0,0.0
[rosout][INFO] 2020-09-14 12:35:36,418: cmd_vel:0.0,0.0
[rosout][INFO] 2020-09-14 12:35:36,922: cmd_vel:0.0,0.0
[rosout][INFO] 2020-09-14 12:35:37,415: cmd_vel:0.0,0.0
[rosout][INFO] 2020-09-14 12:35:37,955: cmd_vel:0.184210523963,0.743589758873
[rosout][INFO] 2020-09-14 12:35:38,426: cmd_vel:0.0,0.0
[rosout][INFO] 2020-09-14 12:35:38,921: cmd_vel:0.0,0.0
[rosout][INFO] 2020-09-14 12:35:39,420: cmd_vel:0.0,0.0
[rosout][INFO] 2020-09-14 12:35:39,916: cmd_vel:0.0,0.0
[rosout][INFO] 2020-09-14 12:35:40,423: cmd_vel:0.0,0.0
[rosout][INFO] 2020-09-14 12:35:40,924: cmd_vel:0.0,0.0
[rosout][INFO] 2020-09-14 12:35:41,423: cmd_vel:0.0,0.0
[rosout][INFO] 2020-09-14 12:35:41,921: cmd_vel:0.0,0.0
[rosout][INFO] 2020-09-14 12:35:42,420: cmd_vel:0.0,0.0
[rosout][INFO] 2020-09-14 12:35:42,923: cmd_vel:0.0,0.0
[rosout][INFO] 2020-09-14 12:35:43,424: cmd_vel:0.0,0.0
[rosout][INFO] 2020-09-14 12:35:43,921: cmd_vel:0.0,0.0
[rosout][INFO] 2020-09-14 12:35:44,419: cmd_vel:0.0,0.0
[rosout][INFO] 2020-09-14 12:35:44,920: cmd_vel:0.0,0.0
[rosout][INFO] 2020-09-14 12:35:45,424: cmd_vel:0.0,0.0
[rosout][INFO] 2020-09-14 12:35:45,922: cmd_vel:0.0,0.0
[rosout][INFO] 2020-09-14 12:35:46,418: cmd_vel:0.0,0.0
[rosout][INFO] 2020-09-14 12:35:46,918: cmd_vel:0.0,0.0
[rosout][INFO] 2020-09-14 12:35:47,419: cmd_vel:0.0,0.0
[rosout][INFO] 2020-09-14 12:35:47,922: cmd_vel:0.0,0.0
[rosout][INFO] 2020-09-14 12:35:48,409: cmd_vel:0.0,0.0
[rosout][INFO] 2020-09-14 12:35:48,425: cmd_vel:0.0,0.0
[rosout][INFO] 2020-09-14 12:35:48,909: cmd_vel:0.0,0.0
[rosout][INFO] 2020-09-14 12:35:48,920: cmd_vel:0.0,0.0
[rosout][INFO] 2020-09-14 12:35:49,409: cmd_vel:0.0,0.0
[rosout][INFO] 2020-09-14 12:35:49,417: cmd_vel:0.0,0.0
[rosout][INFO] 2020-09-14 12:35:49,908: cmd_vel:0.0,0.0
[rosout][INFO] 2020-09-14 12:35:49,922: cmd_vel:0.0,0.0
[rosout][INFO] 2020-09-14 12:35:50,409: cmd_vel:0.0,0.0
[rosout][INFO] 2020-09-14 12:35:50,424: cmd_vel:0.0,0.0
[rosout][INFO] 2020-09-14 12:35:50,910: cmd_vel:0.0,0.0
[rosout][INFO] 2020-09-14 12:35:50,921: cmd_vel:0.0,0.0
[rosout][INFO] 2020-09-14 12:35:51,919: cmd_vel:0.0,0.0
[rosout][INFO] 2020-09-14 12:35:52,421: cmd_vel:0.0,0.0
[rosout][INFO] 2020-09-14 12:35:52,920: cmd_vel:0.0,0.0
[rosout][INFO] 2020-09-14 12:35:53,420: cmd_vel:0.0,0.0
[rosout][INFO] 2020-09-14 12:35:53,920: cmd_vel:0.0,0.0
[rosout][INFO] 2020-09-14 12:35:54,416: cmd_vel:0.0,0.0
[rosout][INFO] 2020-09-14 12:35:54,922: cmd_vel:0.0,0.0
[rosout][INFO] 2020-09-14 12:35:55,420: cmd_vel:0.0,0.0
[rosout][INFO] 2020-09-14 12:35:55,951: cmd_vel:0.065789476037,0.538461565971
[rosout][INFO] 2020-09-14 12:35:56,423: cmd_vel:0.0,0.0
[rosout][INFO] 2020-09-14 12:35:56,918: cmd_vel:0.0,0.0
[rosout][INFO] 2020-09-14 12:35:57,420: cmd_vel:0.0,0.0
[rosout][INFO] 2020-09-14 12:35:57,918: cmd_vel:0.0,0.0
[rosout][INFO] 2020-09-14 12:35:58,421: cmd_vel:0.0,0.0
[rosout][INFO] 2020-09-14 12:35:58,919: cmd_vel:0.0,0.0
[rosout][INFO] 2020-09-14 12:35:59,418: cmd_vel:0.0,0.0
[rosout][INFO] 2020-09-14 12:35:59,921: cmd_vel:0.0,0.0
[rosout][INFO] 2020-09-14 12:36:00,419: cmd_vel:0.0,0.0
[rosout][INFO] 2020-09-14 12:36:00,943: cmd_vel:0.105263158679,0.641025662422
[rosout][INFO] 2020-09-14 12:36:01,421: cmd_vel:0.0,0.0
[rosout][INFO] 2020-09-14 12:36:01,916: cmd_vel:0.0,0.0
[rosout][ERROR] 2020-09-14 12:36:01,979: error tail:254
[rosout][INFO] 2020-09-14 12:36:02,422: cmd_vel:0.0,0.0
[rosout][INFO] 2020-09-14 12:36:02,920: cmd_vel:0.0,0.0
[rosout][INFO] 2020-09-14 12:36:03,419: cmd_vel:0.0,0.0
[rosout][INFO] 2020-09-14 12:36:03,941: cmd_vel:0.0263157896698,0.333333343267
[rosout][INFO] 2020-09-14 12:36:04,442: cmd_vel:0.5,0.641025662422
[rosout][INFO] 2020-09-14 12:36:04,949: cmd_vel:0.184210523963,0.487179487944
[rosout][INFO] 2020-09-14 12:36:05,450: cmd_vel:0.5,0.538461565971
[rosout][ERROR] 2020-09-14 12:36:05,515: error tail:208
[rosout][INFO] 2020-09-14 12:36:05,947: cmd_vel:0.5,0.487179487944
[rosout][INFO] 2020-09-14 12:36:06,456: cmd_vel:0.5,0.487179487944
[rosout][INFO] 2020-09-14 12:36:06,921: cmd_vel:0.0,0.0
[rosout][ERROR] 2020-09-14 12:36:07,423: error tail:119
[rosout][INFO] 2020-09-14 12:36:07,451: cmd_vel:0.5,0.435897439718
[rosout][INFO] 2020-09-14 12:36:07,949: cmd_vel:0.342105269432,0.333333343267
[rosout][INFO] 2020-09-14 12:36:08,448: cmd_vel:0.5,0.333333343267
[rosout][INFO] 2020-09-14 12:36:08,916: cmd_vel:0.0,0.0
[rosout][INFO] 2020-09-14 12:36:09,456: cmd_vel:0.460526317358,0.230769231915
[rosout][INFO] 2020-09-14 12:36:09,948: cmd_vel:0.105263158679,0.17948718369
[rosout][INFO] 2020-09-14 12:36:10,443: cmd_vel:0.460526317358,0.0769230797887
[rosout][INFO] 2020-09-14 12:36:10,953: cmd_vel:0.460526317358,-0.0256410259753
[rosout][ERROR] 2020-09-14 12:36:11,021: error tail:53
[rosout][INFO] 2020-09-14 12:36:11,446: cmd_vel:0.460526317358,-0.0769230797887
[rosout][INFO] 2020-09-14 12:36:11,959: cmd_vel:0.065789476037,-0.0256410259753
[rosout][INFO] 2020-09-14 12:36:12,450: cmd_vel:0.421052634716,-0.128205135465
[rosout][INFO] 2020-09-14 12:36:12,951: cmd_vel:0.105263158679,-0.17948718369
[rosout][INFO] 2020-09-14 12:36:13,452: cmd_vel:0.421052634716,-0.230769231915
[rosout][INFO] 2020-09-14 12:36:13,957: cmd_vel:0.421052634716,-0.333333343267
[rosout][INFO] 2020-09-14 12:36:14,447: cmd_vel:0.381578952074,-0.384615391493
[rosout][INFO] 2020-09-14 12:36:14,938: cmd_vel:-0.0131578948349,-0.435897439718
[rosout][INFO] 2020-09-14 12:36:15,444: cmd_vel:0.30263158679,-0.487179487944
[rosout][INFO] 2020-09-14 12:36:15,947: cmd_vel:0.223684206605,-0.487179487944
[rosout][INFO] 2020-09-14 12:36:16,444: cmd_vel:0.184210523963,-0.641025662422
[rosout][INFO] 2020-09-14 12:36:16,923: cmd_vel:0.0,0.0
[rosout][INFO] 2020-09-14 12:36:17,437: cmd_vel:0.184210523963,-0.743589758873
[rosout][INFO] 2020-09-14 12:36:17,950: cmd_vel:0.184210523963,-0.794871807098
[rosout][INFO] 2020-09-14 12:36:18,446: cmd_vel:0.184210523963,-0.692307710648
[rosout][INFO] 2020-09-14 12:36:18,951: cmd_vel:0.144736841321,-0.692307710648
[rosout][INFO] 2020-09-14 12:36:19,450: cmd_vel:0.0,-0.384615391493
[rosout][INFO] 2020-09-14 12:36:19,921: cmd_vel:0.0,0.0
[rosout][INFO] 2020-09-14 12:36:20,409: cmd_vel:0.0,0.0
[rosout][INFO] 2020-09-14 12:36:20,909: cmd_vel:0.0,0.0
[rosout][INFO] 2020-09-14 12:36:21,409: cmd_vel:0.0,0.0
[rosout][INFO] 2020-09-14 12:36:21,910: cmd_vel:0.0,0.0
[rosout][INFO] 2020-09-14 12:36:22,411: cmd_vel:0.0,0.0
[rosout][INFO] 2020-09-14 12:36:22,909: cmd_vel:0.0,0.0
[rosout][INFO] 2020-09-14 12:36:23,409: cmd_vel:0.0,0.0
[rosout][INFO] 2020-09-14 12:36:23,908: cmd_vel:0.0,0.0
[rosout][INFO] 2020-09-14 12:36:24,410: cmd_vel:0.0,0.0
[rosout][INFO] 2020-09-14 12:36:24,909: cmd_vel:0.0,0.0
[rosout][INFO] 2020-09-14 12:36:25,409: cmd_vel:0.0,0.0
[rosout][INFO] 2020-09-14 12:36:25,909: cmd_vel:0.0,0.0
[rosout][INFO] 2020-09-14 12:36:26,409: cmd_vel:0.0,0.0
[rosout][INFO] 2020-09-14 12:36:26,910: cmd_vel:0.0,0.0
[rosout][INFO] 2020-09-14 12:36:27,411: cmd_vel:0.0,0.0
[rosout][INFO] 2020-09-14 12:36:27,909: cmd_vel:0.0,0.0
[rosout][INFO] 2020-09-14 12:36:28,947: cmd_vel:0.381578952074,-0.743589758873
[rosout][INFO] 2020-09-14 12:36:29,452: cmd_vel:0.381578952074,-0.743589758873
[rosout][INFO] 2020-09-14 12:36:29,940: cmd_vel:0.30263158679,-0.692307710648
[rosout][INFO] 2020-09-14 12:36:30,452: cmd_vel:0.342105269432,-0.641025662422
[rosout][INFO] 2020-09-14 12:36:30,944: cmd_vel:0.30263158679,-0.538461565971
[rosout][INFO] 2020-09-14 12:36:31,444: cmd_vel:0.223684206605,-0.384615391493
[rosout][INFO] 2020-09-14 12:36:31,951: cmd_vel:0.421052634716,-0.435897439718
[rosout][INFO] 2020-09-14 12:36:32,449: cmd_vel:0.381578952074,-0.17948718369
[rosout][INFO] 2020-09-14 12:36:32,947: cmd_vel:0.5,0.0769230797887
[rosout][INFO] 2020-09-14 12:36:33,461: cmd_vel:0.421052634716,0.0769230797887
[rosout][INFO] 2020-09-14 12:36:33,955: cmd_vel:0.5,0.0769230797887
[rosout][INFO] 2020-09-14 12:36:34,453: cmd_vel:0.381578952074,0.128205135465
[rosout][INFO] 2020-09-14 12:36:34,959: cmd_vel:0.421052634716,0.0769230797887
[rosout][ERROR] 2020-09-14 12:36:35,021: error tail:6
[rosout][INFO] 2020-09-14 12:36:35,455: cmd_vel:0.421052634716,0.128205135465
[rosout][INFO] 2020-09-14 12:36:35,953: cmd_vel:0.460526317358,0.17948718369
[rosout][INFO] 2020-09-14 12:36:36,455: cmd_vel:0.421052634716,0.17948718369
[rosout][INFO] 2020-09-14 12:36:36,953: cmd_vel:0.460526317358,0.128205135465
[rosout][INFO] 2020-09-14 12:36:37,460: cmd_vel:0.421052634716,0.17948718369
[rosout][INFO] 2020-09-14 12:36:37,924: cmd_vel:0.0,0.0
[rosout][INFO] 2020-09-14 12:36:38,453: cmd_vel:0.460526317358,0.282051295042
[rosout][INFO] 2020-09-14 12:36:38,953: cmd_vel:0.5,0.282051295042
[rosout][INFO] 2020-09-14 12:36:39,448: cmd_vel:0.460526317358,0.282051295042
[rosout][INFO] 2020-09-14 12:36:39,946: cmd_vel:0.421052634716,0.333333343267
[rosout][INFO] 2020-09-14 12:36:40,449: cmd_vel:0.342105269432,0.435897439718
[rosout][INFO] 2020-09-14 12:36:40,944: cmd_vel:0.30263158679,0.435897439718
[rosout][INFO] 2020-09-14 12:36:41,446: cmd_vel:0.263157904148,0.538461565971
[rosout][INFO] 2020-09-14 12:36:41,951: cmd_vel:0.263157904148,0.692307710648
[rosout][INFO] 2020-09-14 12:36:42,453: cmd_vel:0.263157904148,0.743589758873
[rosout][INFO] 2020-09-14 12:36:42,952: cmd_vel:0.0,0.0
[rosout][INFO] 2020-09-14 12:36:43,449: cmd_vel:0.223684206605,1.0
[rosout][INFO] 2020-09-14 12:36:43,921: cmd_vel:0.0,0.0
[rosout][INFO] 2020-09-14 12:36:44,456: cmd_vel:-0.25,-0.948717951775
[rosout][INFO] 2020-09-14 12:36:44,956: cmd_vel:0.263157904148,0.948717951775
[rosout][INFO] 2020-09-14 12:36:45,449: cmd_vel:0.381578952074,1.0
[rosout][INFO] 2020-09-14 12:36:45,941: cmd_vel:0.0,0.0
[rosout][INFO] 2020-09-14 12:36:46,452: cmd_vel:0.223684206605,0.641025662422
[rosout][INFO] 2020-09-14 12:36:46,953: cmd_vel:0.223684206605,0.487179487944
[rosout][INFO] 2020-09-14 12:36:47,454: cmd_vel:0.144736841321,0.333333343267
[rosout][INFO] 2020-09-14 12:36:47,953: cmd_vel:0.144736841321,0.282051295042
[rosout][INFO] 2020-09-14 12:36:48,454: cmd_vel:0.105263158679,0.17948718369
[rosout][INFO] 2020-09-14 12:36:48,909: cmd_vel:0.0,0.0
[rosout][INFO] 2020-09-14 12:36:49,409: cmd_vel:0.0,-1.0
[rosout][INFO] 2020-09-14 12:36:49,908: cmd_vel:0.0,-1.0
[rosout][INFO] 2020-09-14 12:36:50,408: cmd_vel:0.0,-1.0
[rosout][INFO] 2020-09-14 12:36:50,945: cmd_vel:0.0,0.0
[rosout][INFO] 2020-09-14 12:36:51,409: cmd_vel:0.0,0.0
[rosout][ERROR] 2020-09-14 12:36:51,474: error tail:255
[rosout][INFO] 2020-09-14 12:36:51,914: cmd_vel:0.0,0.0
[rosout][INFO] 2020-09-14 12:36:52,409: cmd_vel:0.0,0.0
[rosout][INFO] 2020-09-14 12:36:52,909: cmd_vel:0.0,0.0
[rosout][INFO] 2020-09-14 12:36:53,410: cmd_vel:0.0,0.0
[rosout][INFO] 2020-09-14 12:36:53,938: cmd_vel:0.0,0.0
[rosout][INFO] 2020-09-14 12:36:54,409: cmd_vel:0.0,0.0
[rosout][INFO] 2020-09-14 12:36:54,909: cmd_vel:0.0,0.0
[rosout][INFO] 2020-09-14 12:36:55,409: cmd_vel:0.0,0.0
[rosout][INFO] 2020-09-14 12:36:55,909: cmd_vel:0.0,0.0
[rosout][INFO] 2020-09-14 12:36:56,414: cmd_vel:0.0,0.0
[rosout][INFO] 2020-09-14 12:36:56,924: cmd_vel:0.0,0.0
[rosout][INFO] 2020-09-14 12:36:57,412: cmd_vel:0.0,0.0
[rosout][INFO] 2020-09-14 12:36:57,909: cmd_vel:0.0,0.0
[rosout][INFO] 2020-09-14 12:36:58,409: cmd_vel:0.0,0.0
[rosout][INFO] 2020-09-14 12:36:58,943: cmd_vel:0.0,0.0
[rosout][INFO] 2020-09-14 12:36:59,408: cmd_vel:0.0,0.0
[rosout][INFO] 2020-09-14 12:36:59,909: cmd_vel:0.0,0.0
[rosout][INFO] 2020-09-14 12:37:00,410: cmd_vel:0.0,0.0
[rosout][INFO] 2020-09-14 12:37:00,910: cmd_vel:0.0,0.0
[rosout][INFO] 2020-09-14 12:37:01,409: cmd_vel:0.0,0.0
[rosout][INFO] 2020-09-14 12:37:01,940: cmd_vel:0.0,0.0
[rosout][INFO] 2020-09-14 12:37:02,410: cmd_vel:0.0,0.0
[rosout][INFO] 2020-09-14 12:37:02,909: cmd_vel:0.0,0.0
[rosout][INFO] 2020-09-14 12:37:03,410: cmd_vel:0.0,0.0
[rosout][INFO] 2020-09-14 12:37:03,910: cmd_vel:0.0,0.0
[rosout][INFO] 2020-09-14 12:37:04,413: cmd_vel:0.0,0.0
[rosout][INFO] 2020-09-14 12:37:04,938: cmd_vel:0.0,0.0
[rosout][ERROR] 2020-09-14 12:37:05,001: error tail:61
[rosout][INFO] 2020-09-14 12:37:05,409: cmd_vel:0.0,0.0
[rosout][INFO] 2020-09-14 12:37:06,411: cmd_vel:0.0,0.0
[rosout][INFO] 2020-09-14 12:37:07,409: cmd_vel:0.0,0.0
[rosout][INFO] 2020-09-14 12:37:07,908: cmd_vel:0.0,0.0
[rosout][INFO] 2020-09-14 12:37:11,525: cmd_vel:0.0,0.0
[rosout][INFO] 2020-09-14 12:37:12,032: cmd_vel:0.0,0.0
[rosout][INFO] 2020-09-14 12:37:12,567: cmd_vel:0.5,0.692307710648
[rosout][INFO] 2020-09-14 12:37:13,041: cmd_vel:0.0,0.0
[rosout][INFO] 2020-09-14 12:37:13,564: cmd_vel:0.5,0.692307710648
[rosout][INFO] 2020-09-14 12:37:14,036: cmd_vel:0.0,0.0
[rosout][INFO] 2020-09-14 12:37:14,558: cmd_vel:0.5,0.589743614197
[rosout][INFO] 2020-09-14 12:37:15,064: cmd_vel:0.5,0.538461565971
[rosout][INFO] 2020-09-14 12:37:15,566: cmd_vel:0.5,0.538461565971
[rosout][INFO] 2020-09-14 12:37:16,035: cmd_vel:0.0,0.0
[rosout][INFO] 2020-09-14 12:37:16,567: cmd_vel:0.5,0.538461565971
[rosout][INFO] 2020-09-14 12:37:17,033: cmd_vel:0.0,0.0
[rosout][INFO] 2020-09-14 12:37:17,566: cmd_vel:0.5,0.487179487944
[rosout][INFO] 2020-09-14 12:37:18,036: cmd_vel:0.0,0.0
[rosout][INFO] 2020-09-14 12:37:18,561: cmd_vel:0.381578952074,0.333333343267
[rosout][INFO] 2020-09-14 12:37:19,038: cmd_vel:0.0,0.0
[rosout][INFO] 2020-09-14 12:37:19,565: cmd_vel:0.30263158679,0.128205135465
[rosout][INFO] 2020-09-14 12:37:20,063: cmd_vel:0.263157904148,0.0769230797887
[rosout][INFO] 2020-09-14 12:37:20,561: cmd_vel:0.223684206605,-0.0256410259753
[rosout][INFO] 2020-09-14 12:37:21,065: cmd_vel:0.184210523963,-0.0769230797887
[rosout][INFO] 2020-09-14 12:37:21,562: cmd_vel:0.144736841321,-0.128205135465
[rosout][INFO] 2020-09-14 12:37:22,037: cmd_vel:0.0,0.0
[rosout][INFO] 2020-09-14 12:37:22,527: cmd_vel:0.0,0.0
[rosout][INFO] 2020-09-14 12:37:23,023: cmd_vel:0.0,0.0
[rosout][INFO] 2020-09-14 12:37:23,524: cmd_vel:0.0,0.0
[rosout][INFO] 2020-09-14 12:37:24,024: cmd_vel:0.0,0.0
[rosout][ERROR] 2020-09-14 12:37:24,091: error tail:0
[rosout][INFO] 2020-09-14 12:37:24,524: cmd_vel:0.0,0.0
[rosout][INFO] 2020-09-14 12:37:25,028: cmd_vel:0.0,0.0
[rosout][INFO] 2020-09-14 12:37:25,523: cmd_vel:0.0,0.0
[rosout][INFO] 2020-09-14 12:37:26,024: cmd_vel:0.0,0.0
[rosout][INFO] 2020-09-14 12:37:26,524: cmd_vel:0.0,0.0
[rosout][INFO] 2020-09-14 12:37:27,023: cmd_vel:0.0,0.0
[rosout][ERROR] 2020-09-14 12:37:27,083: error tail:250
[rosout][INFO] 2020-09-14 12:37:27,530: cmd_vel:0.0,0.0
[rosout][INFO] 2020-09-14 12:37:28,566: cmd_vel:-0.25,-0.641025662422
[rosout][INFO] 2020-09-14 12:37:29,034: cmd_vel:0.0,0.0
[rosout][INFO] 2020-09-14 12:37:29,562: cmd_vel:-0.25,-0.435897439718
[rosout][INFO] 2020-09-14 12:37:30,038: cmd_vel:0.0,0.0
[rosout][INFO] 2020-09-14 12:37:30,568: cmd_vel:-0.25,-0.384615391493
[rosout][INFO] 2020-09-14 12:37:31,071: cmd_vel:-0.25,-0.333333343267
[rosout][INFO] 2020-09-14 12:37:31,561: cmd_vel:-0.25,-0.333333343267
[rosout][INFO] 2020-09-14 12:37:32,033: cmd_vel:0.0,0.0
[rosout][INFO] 2020-09-14 12:37:32,572: cmd_vel:-0.25,-0.0256410259753
[rosout][ERROR] 2020-09-14 12:37:32,639: error tail:0
[rosout][INFO] 2020-09-14 12:37:33,067: cmd_vel:-0.25,0.0256410259753
[rosout][INFO] 2020-09-14 12:37:33,563: cmd_vel:-0.25,0.128205135465
[rosout][INFO] 2020-09-14 12:37:34,032: cmd_vel:0.0,0.0
[rosout][INFO] 2020-09-14 12:37:34,564: cmd_vel:-0.25,0.435897439718
[rosout][INFO] 2020-09-14 12:37:35,038: cmd_vel:0.0,0.0
[rosout][INFO] 2020-09-14 12:37:35,559: cmd_vel:0.0,-1.0
[rosout][INFO] 2020-09-14 12:37:36,034: cmd_vel:0.0,0.0
[rosout][INFO] 2020-09-14 12:37:36,547: cmd_vel:-0.25,0.435897439718
[rosout][INFO] 2020-09-14 12:37:37,034: cmd_vel:0.0,0.0
[rosout][INFO] 2020-09-14 12:37:37,562: cmd_vel:-0.25,0.0256410259753
[rosout][INFO] 2020-09-14 12:37:38,033: cmd_vel:0.0,0.0
[rosout][INFO] 2020-09-14 12:37:38,559: cmd_vel:-0.25,0.0256410259753
[rosout][INFO] 2020-09-14 12:37:39,033: cmd_vel:0.0,0.0
[rosout][INFO] 2020-09-14 12:37:39,550: cmd_vel:-0.25,0.0
[rosout][INFO] 2020-09-14 12:37:40,034: cmd_vel:0.0,0.0
[rosout][ERROR] 2020-09-14 12:37:40,101: error tail:15
[rosout][INFO] 2020-09-14 12:37:40,548: cmd_vel:-0.25,0.0769230797887
[rosout][INFO] 2020-09-14 12:37:41,036: cmd_vel:0.0,0.0
[rosout][INFO] 2020-09-14 12:37:41,553: cmd_vel:-0.210526317358,0.0769230797887
[rosout][INFO] 2020-09-14 12:37:42,056: cmd_vel:-0.210526317358,0.0256410259753
[rosout][INFO] 2020-09-14 12:37:42,555: cmd_vel:-0.173633813858,0.128205135465
[rosout][INFO] 2020-09-14 12:37:43,040: cmd_vel:0.0,0.0
[rosout][INFO] 2020-09-14 12:37:43,562: cmd_vel:-0.0132109746337,-1.0
[rosout][INFO] 2020-09-14 12:37:44,024: cmd_vel:0.0,0.0
[rosout][INFO] 2020-09-14 12:37:44,523: cmd_vel:0.0,-1.0
[rosout][INFO] 2020-09-14 12:37:45,022: cmd_vel:0.0,-1.0
[rosout][INFO] 2020-09-14 12:37:45,523: cmd_vel:0.0,-1.0
[rosout][INFO] 2020-09-14 12:37:46,027: cmd_vel:0.0,0.0
[rosout][INFO] 2020-09-14 12:37:46,523: cmd_vel:0.0,-1.0
[rosout][INFO] 2020-09-14 12:37:47,024: cmd_vel:0.0,0.0
[rosout][INFO] 2020-09-14 12:37:47,523: cmd_vel:0.0,-1.0
[rosout][INFO] 2020-09-14 12:37:48,025: cmd_vel:0.0,0.0
[rosout][INFO] 2020-09-14 12:37:48,524: cmd_vel:0.0,-1.0
[rosout][INFO] 2020-09-14 12:37:49,024: cmd_vel:0.0,0.0
[rosout][INFO] 2020-09-14 12:37:49,533: cmd_vel:0.0,-0.506307922634
[rosout][INFO] 2020-09-14 12:37:50,022: cmd_vel:0.0,-0.304773954249
[rosout][INFO] 2020-09-14 12:37:50,523: cmd_vel:0.0,-0.104157649358
[rosout][INFO] 2020-09-14 12:37:51,022: cmd_vel:0.0,0.0
[rosout][INFO] 2020-09-14 12:37:51,523: cmd_vel:0.0,-0.0
[rosout][INFO] 2020-09-14 12:37:52,022: cmd_vel:0.0,-0.0
[rosout][INFO] 2020-09-14 12:37:52,523: cmd_vel:-0.0,-0.0
[rosout][INFO] 2020-09-14 12:37:53,023: cmd_vel:0.0,0.0
[rosout][INFO] 2020-09-14 12:37:53,522: cmd_vel:0.0,0.45654272639
[rosout][INFO] 2020-09-14 12:37:54,024: cmd_vel:0.0,0.0
[rosout][INFO] 2020-09-14 12:37:54,523: cmd_vel:0.0,0.466230897887
[rosout][ERROR] 2020-09-14 12:37:54,585: error tail:3
[rosout][INFO] 2020-09-14 12:37:55,023: cmd_vel:0.0,0.0
[rosout][INFO] 2020-09-14 12:37:55,523: cmd_vel:0.0,0.0
[rosout][INFO] 2020-09-14 12:37:55,527: cmd_vel:0.0,0.465816357641
[rosout][INFO] 2020-09-14 12:37:56,523: cmd_vel:0.0,0.421414594301
[rosout][INFO] 2020-09-14 12:37:57,024: cmd_vel:0.0,0.0
[rosout][ERROR] 2020-09-14 12:37:57,091: error tail:254
[rosout][INFO] 2020-09-14 12:37:57,522: cmd_vel:0.0,0.221098850815
[rosout][INFO] 2020-09-14 12:37:58,027: cmd_vel:0.0,0.0
[rosout][INFO] 2020-09-14 12:37:58,522: cmd_vel:0.0,0.0
[rosout][INFO] 2020-09-14 12:37:59,022: cmd_vel:0.0,0.0
[rosout][INFO] 2020-09-14 12:37:59,523: cmd_vel:0.0,0.0
[rosout][INFO] 2020-09-14 12:38:58,241: cmd_vel:0.0,0.0
[rosout][INFO] 2020-09-14 12:38:58,790: cmd_vel:-0.25,0.0
[rosout][INFO] 2020-09-14 12:38:59,285: cmd_vel:-0.25,0.0
[rosout][INFO] 2020-09-14 12:38:59,791: cmd_vel:-0.25,-0.743589758873
[rosout][INFO] 2020-09-14 12:39:00,285: cmd_vel:-0.25,-0.0256410259753
[rosout][INFO] 2020-09-14 12:39:00,789: cmd_vel:-0.25,0.0769230797887
[rosout][INFO] 2020-09-14 12:39:01,284: cmd_vel:-0.25,0.0769230797887
[rosout][INFO] 2020-09-14 12:39:01,783: cmd_vel:-0.25,0.128205135465
[rosout][INFO] 2020-09-14 12:39:02,282: cmd_vel:-0.25,0.17948718369
[rosout][INFO] 2020-09-14 12:39:02,788: cmd_vel:-0.25,-0.794871807098
[rosout][INFO] 2020-09-14 12:39:03,265: cmd_vel:-0.25,-0.17948718369
[rosout][INFO] 2020-09-14 12:39:03,772: cmd_vel:-0.25,-0.282051295042
[rosout][INFO] 2020-09-14 12:39:04,264: cmd_vel:-0.25,-0.17948718369
[rosout][INFO] 2020-09-14 12:39:04,776: cmd_vel:-0.25,-0.128205135465
[rosout][INFO] 2020-09-14 12:39:05,278: cmd_vel:-0.25,-0.0256410259753
[rosout][INFO] 2020-09-14 12:39:05,757: cmd_vel:0.0,0.0
[rosout][INFO] 2020-09-14 12:39:06,783: cmd_vel:-0.25,0.128205135465
[rosout][INFO] 2020-09-14 12:39:07,285: cmd_vel:-0.25,0.17948718369
[rosout][INFO] 2020-09-14 12:39:07,782: cmd_vel:-0.25,0.128205135465
[rosout][INFO] 2020-09-14 12:39:08,287: cmd_vel:-0.214289113879,0.17948718369
[rosout][INFO] 2020-09-14 12:39:08,757: cmd_vel:0.0,0.0
[rosout][INFO] 2020-09-14 12:39:09,286: cmd_vel:-0.100760012865,0.948717951775
[rosout][INFO] 2020-09-14 12:39:09,784: cmd_vel:-0.0924679711461,0.948717951775
[rosout][INFO] 2020-09-14 12:39:10,246: cmd_vel:-0.0,0.0
[rosout][INFO] 2020-09-14 12:39:10,745: cmd_vel:-0.0,0.0
[rosout][INFO] 2020-09-14 12:39:11,246: cmd_vel:-0.0,0.0
[rosout][INFO] 2020-09-14 12:39:11,745: cmd_vel:-0.0,0.0
[rosout][INFO] 2020-09-14 12:39:12,245: cmd_vel:-0.0,0.0
[rosout][INFO] 2020-09-14 12:39:12,745: cmd_vel:0.0,1.0
[rosout][INFO] 2020-09-14 12:39:13,247: cmd_vel:0.0,1.0
[rosout][INFO] 2020-09-14 12:39:13,745: cmd_vel:0.0,1.0
[rosout][ERROR] 2020-09-14 12:39:13,810: error tail:236
[rosout][INFO] 2020-09-14 12:39:14,246: cmd_vel:0.0,1.0
[rosout][INFO] 2020-09-14 12:39:14,747: cmd_vel:0.0,1.0
[rosout][INFO] 2020-09-14 12:39:15,245: cmd_vel:0.0,1.0
[rosout][INFO] 2020-09-14 12:39:15,745: cmd_vel:0.0,1.0
[rosout][INFO] 2020-09-14 12:39:16,245: cmd_vel:0.0,0.712740761365
[rosout][INFO] 2020-09-14 12:39:16,745: cmd_vel:0.0,0.312068976939
[rosout][ERROR] 2020-09-14 12:39:16,810: error tail:4
[rosout][INFO] 2020-09-14 12:39:17,246: cmd_vel:0.0,-0.155092904259
[rosout][INFO] 2020-09-14 12:39:17,745: cmd_vel:0.0,-0.453756719252
[rosout][INFO] 2020-09-14 12:39:18,245: cmd_vel:0.0,-0.603786947774
[rosout][INFO] 2020-09-14 12:39:18,745: cmd_vel:0.0,-0.646110725281
[rosout][INFO] 2020-09-14 12:39:19,246: cmd_vel:0.0,-0.640857570475
[rosout][INFO] 2020-09-14 12:39:19,795: cmd_vel:0.30263158679,-0.692307710648
[rosout][INFO] 2020-09-14 12:39:20,246: cmd_vel:0.0,-0.525808617657
[rosout][INFO] 2020-09-14 12:39:20,745: cmd_vel:0.0,-0.309748720794
[rosout][INFO] 2020-09-14 12:39:21,245: cmd_vel:0.0,-0.125082142257
[rosout][INFO] 2020-09-14 12:39:21,745: cmd_vel:0.0,0.0
[rosout][INFO] 2020-09-14 12:39:22,245: cmd_vel:0.0,-0.0
[rosout][INFO] 2020-09-14 12:39:22,784: cmd_vel:0.105263158679,-0.435897439718
[rosout][INFO] 2020-09-14 12:39:23,246: cmd_vel:0.0,-0.0
[rosout][INFO] 2020-09-14 12:39:23,745: cmd_vel:0.0,-0.0
[rosout][INFO] 2020-09-14 12:39:24,247: cmd_vel:0.0,-0.0
[rosout][INFO] 2020-09-14 12:39:24,745: cmd_vel:0.0,0.51975553474
[rosout][INFO] 2020-09-14 12:39:25,246: cmd_vel:0.0,0.544820614763
[rosout][INFO] 2020-09-14 12:39:25,786: cmd_vel:0.263157904148,-0.128205135465
[rosout][INFO] 2020-09-14 12:39:26,245: cmd_vel:0.0,0.527585318832
[rosout][INFO] 2020-09-14 12:39:26,745: cmd_vel:0.0,0.486789649156
[rosout][INFO] 2020-09-14 12:39:27,245: cmd_vel:0.0,0.385755765503
[rosout][INFO] 2020-09-14 12:39:27,745: cmd_vel:0.0,0.268037046883
[rosout][INFO] 2020-09-14 12:39:28,245: cmd_vel:0.0,0.152318722556
[rosout][INFO] 2020-09-14 12:39:28,746: cmd_vel:0.0,0.0
[rosout][INFO] 2020-09-14 12:39:29,245: cmd_vel:0.0,0.0
[rosout][INFO] 2020-09-14 12:39:29,745: cmd_vel:0.0,0.0
[rosout][INFO] 2020-09-14 12:39:30,246: cmd_vel:0.0,-0.111195983882
[rosout][INFO] 2020-09-14 12:39:30,745: cmd_vel:0.0,-0.114482643812
[rosout][INFO] 2020-09-14 12:39:31,245: cmd_vel:0.0,-0.144947017579
[rosout][INFO] 2020-09-14 12:39:31,745: cmd_vel:0.0,-0.139081549544
[rosout][INFO] 2020-09-14 12:39:32,245: cmd_vel:0.0,-0.139297198382
[rosout][INFO] 2020-09-14 12:39:32,745: cmd_vel:0.0,-0.139312040616
[rosout][INFO] 2020-09-14 12:39:33,246: cmd_vel:0.0,-0.139524326983
[rosout][INFO] 2020-09-14 12:39:33,745: cmd_vel:0.0,-0.139749803682
[rosout][INFO] 2020-09-14 12:39:34,245: cmd_vel:0.0,-0.139873085423
[rosout][INFO] 2020-09-14 12:39:34,745: cmd_vel:0.0,-0.137465530379
[rosout][INFO] 2020-09-14 12:39:35,245: cmd_vel:0.0,-0.131867185133
[rosout][INFO] 2020-09-14 12:39:35,745: cmd_vel:0.0,-0.112798883287
[rosout][INFO] 2020-09-14 12:39:36,246: cmd_vel:0.0,0.0
[rosout][INFO] 2020-09-14 12:40:07,126: cmd_vel:0.0,0.0
[rosout][INFO] 2020-09-14 12:40:07,669: cmd_vel:-0.25,0.0769230797887
[rosout][INFO] 2020-09-14 12:40:08,166: cmd_vel:-0.25,0.0769230797887
[rosout][INFO] 2020-09-14 12:40:08,676: cmd_vel:-0.25,0.128205135465
[rosout][INFO] 2020-09-14 12:40:09,154: cmd_vel:-0.25,0.128205135465
[rosout][INFO] 2020-09-14 12:40:09,662: cmd_vel:-0.25,0.230769231915
[rosout][INFO] 2020-09-14 12:40:10,165: cmd_vel:-0.25,0.230769231915
[rosout][INFO] 2020-09-14 12:40:10,667: cmd_vel:-0.25,0.230769231915
[rosout][INFO] 2020-09-14 12:40:11,168: cmd_vel:-0.25,0.230769231915
[rosout][INFO] 2020-09-14 12:40:11,667: cmd_vel:-0.25,0.128205135465
[rosout][INFO] 2020-09-14 12:40:12,159: cmd_vel:-0.25,0.0769230797887
[rosout][INFO] 2020-09-14 12:40:12,670: cmd_vel:-0.25,0.0256410259753
[rosout][INFO] 2020-09-14 12:40:13,168: cmd_vel:-0.25,-0.0256410259753
[rosout][INFO] 2020-09-14 12:40:13,662: cmd_vel:-0.25,-0.0769230797887
[rosout][INFO] 2020-09-14 12:40:14,164: cmd_vel:-0.25,-0.435897439718
[rosout][INFO] 2020-09-14 12:40:14,664: cmd_vel:-0.25,-0.333333343267
[rosout][INFO] 2020-09-14 12:40:15,157: cmd_vel:-0.25,-0.435897439718
[rosout][INFO] 2020-09-14 12:40:15,655: cmd_vel:-0.25,-0.435897439718
[rosout][ERROR] 2020-09-14 12:40:15,716: error tail:74
[rosout][INFO] 2020-09-14 12:40:16,162: cmd_vel:-0.25,-0.538461565971
[rosout][INFO] 2020-09-14 12:40:16,660: cmd_vel:-0.25,-0.435897439718
[rosout][INFO] 2020-09-14 12:40:17,163: cmd_vel:-0.25,-0.333333343267
[rosout][INFO] 2020-09-14 12:40:17,664: cmd_vel:-0.25,-0.230769231915
[rosout][INFO] 2020-09-14 12:40:18,163: cmd_vel:-0.217057615519,-0.128205135465
[rosout][INFO] 2020-09-14 12:40:18,662: cmd_vel:0.0,-1.0
[rosout][INFO] 2020-09-14 12:40:19,126: cmd_vel:0.0,-1.0
[rosout][INFO] 2020-09-14 12:40:19,626: cmd_vel:0.0,-1.0
[rosout][INFO] 2020-09-14 12:40:20,126: cmd_vel:0.0,-1.0
[rosout][INFO] 2020-09-14 12:40:20,627: cmd_vel:0.0,-0.965439959927
[rosout][INFO] 2020-09-14 12:40:21,126: cmd_vel:0.0,-0.56333149944
[rosout][INFO] 2020-09-14 12:40:21,626: cmd_vel:0.0,-0.169016514056
[rosout][INFO] 2020-09-14 12:40:22,126: cmd_vel:0.0,0.168757136649
[rosout][INFO] 2020-09-14 12:40:22,626: cmd_vel:0.0,0.426186446923
[rosout][INFO] 2020-09-14 12:40:23,126: cmd_vel:0.0,0.573344110546
[rosout][INFO] 2020-09-14 12:40:23,627: cmd_vel:0.0,0.518428477706
[rosout][INFO] 2020-09-14 12:40:24,126: cmd_vel:0.0,0.521135869596
[rosout][INFO] 2020-09-14 12:40:24,626: cmd_vel:0.0,0.514647105974
[rosout][INFO] 2020-09-14 12:40:25,126: cmd_vel:0.0,0.475430725441
[rosout][INFO] 2020-09-14 12:40:25,627: cmd_vel:0.0,0.369614018016
[rosout][INFO] 2020-09-14 12:40:26,126: cmd_vel:0.0,0.238346740295
[rosout][INFO] 2020-09-14 12:40:26,626: cmd_vel:0.0,0.0
[rosout][INFO] 2020-09-14 12:40:27,126: cmd_vel:0.0,0.0
[rosout][INFO] 2020-09-14 12:40:27,626: cmd_vel:0.0,0.0
[rosout][INFO] 2020-09-14 12:40:28,126: cmd_vel:0.0,0.0
[rosout][INFO] 2020-09-14 12:40:28,626: cmd_vel:0.0,-0.25064397443
[rosout][ERROR] 2020-09-14 12:40:28,689: error tail:176
[rosout][INFO] 2020-09-14 12:40:29,126: cmd_vel:0.0,-0.272155355028
[rosout][INFO] 2020-09-14 12:40:29,626: cmd_vel:0.0,-0.272541688098
[rosout][INFO] 2020-09-14 12:40:30,126: cmd_vel:0.0,0.0
[rosout][INFO] 2020-09-14 12:40:30,133: cmd_vel:0.0,-0.272406771192
[rosout][INFO] 2020-09-14 12:40:30,626: cmd_vel:0.0,0.0
[rosout][INFO] 2020-09-14 12:40:30,633: cmd_vel:0.0,-0.272285611718
[rosout][INFO] 2020-09-14 12:40:31,626: cmd_vel:0.0,-0.251167285285
[rosout][INFO] 2020-09-14 12:40:32,126: cmd_vel:0.0,-0.188165009525
[rosout][INFO] 2020-09-14 12:40:32,626: cmd_vel:0.0,-0.114083575
[rosout][INFO] 2020-09-14 12:40:33,126: cmd_vel:0.0,0.0
[rosout][INFO] 2020-09-14 12:40:33,626: cmd_vel:0.0,0.0
[rosout][INFO] 2020-09-14 12:40:34,126: cmd_vel:0.0,0.0
[rosout][INFO] 2020-09-14 12:40:46,525: cmd_vel:0.0,0.0
[rosout][INFO] 2020-09-14 12:40:47,066: cmd_vel:-0.0526315793395,0.333333343267
[rosout][INFO] 2020-09-14 12:40:47,573: cmd_vel:-0.25,-0.641025662422
[rosout][INFO] 2020-09-14 12:40:48,035: cmd_vel:0.0,0.0
[rosout][INFO] 2020-09-14 12:40:48,567: cmd_vel:-0.25,-0.538461565971
[rosout][INFO] 2020-09-14 12:40:49,070: cmd_vel:-0.25,-0.538461565971
[rosout][INFO] 2020-09-14 12:40:49,557: cmd_vel:-0.25,-0.538461565971
[rosout][ERROR] 2020-09-14 12:40:49,622: error tail:98
[rosout][INFO] 2020-09-14 12:40:50,031: cmd_vel:0.0,0.0
[rosout][INFO] 2020-09-14 12:40:50,566: cmd_vel:-0.211991026998,-0.384615391493
[rosout][INFO] 2020-09-14 12:40:51,030: cmd_vel:0.0,0.0
[rosout][ERROR] 2020-09-14 12:40:51,092: error tail:180
[rosout][INFO] 2020-09-14 12:40:51,562: cmd_vel:-0.0131578948349,1.0
[rosout][INFO] 2020-09-14 12:40:52,059: cmd_vel:-0.0131578948349,1.0
[rosout][INFO] 2020-09-14 12:40:52,557: cmd_vel:-0.0131578948349,1.0
[rosout][ERROR] 2020-09-14 12:40:52,619: error tail:14
[rosout][INFO] 2020-09-14 12:40:53,034: cmd_vel:0.0,0.0
[rosout][INFO] 2020-09-14 12:40:53,559: cmd_vel:0.0263157896698,1.0
[rosout][INFO] 2020-09-14 12:40:54,039: cmd_vel:0.0,0.0
[rosout][INFO] 2020-09-14 12:40:54,554: cmd_vel:0.065789476037,1.0
[rosout][INFO] 2020-09-14 12:40:55,061: cmd_vel:0.184210523963,1.0
[rosout][ERROR] 2020-09-14 12:40:55,126: error tail:14
[rosout][INFO] 2020-09-14 12:40:55,553: cmd_vel:0.223684206605,1.0
[rosout][ERROR] 2020-09-14 12:40:55,618: error tail:0
[rosout][INFO] 2020-09-14 12:40:56,057: cmd_vel:0.0,0.538461565971
[rosout][INFO] 2020-09-14 12:40:56,569: cmd_vel:0.5,0.948717951775
[rosout][INFO] 2020-09-14 12:40:57,034: cmd_vel:0.0,0.0
[rosout][INFO] 2020-09-14 12:40:57,561: cmd_vel:0.5,0.487179487944
[rosout][INFO] 2020-09-14 12:40:58,060: cmd_vel:0.065789476037,0.282051295042
[rosout][ERROR] 2020-09-14 12:40:58,124: error tail:8
[rosout][INFO] 2020-09-14 12:40:58,559: cmd_vel:0.5,0.17948718369
[rosout][INFO] 2020-09-14 12:40:59,036: cmd_vel:0.0,0.0
[rosout][INFO] 2020-09-14 12:40:59,564: cmd_vel:0.460526317358,-0.17948718369
[rosout][INFO] 2020-09-14 12:41:00,032: cmd_vel:0.0,0.0
[rosout][INFO] 2020-09-14 12:41:00,564: cmd_vel:0.105263158679,-0.282051295042
[rosout][INFO] 2020-09-14 12:41:01,032: cmd_vel:0.0,0.0
[rosout][INFO] 2020-09-14 12:41:01,552: cmd_vel:0.065789476037,-0.333333343267
[rosout][INFO] 2020-09-14 12:41:02,048: cmd_vel:0.0,-0.384615391493
[rosout][INFO] 2020-09-14 12:41:02,552: cmd_vel:0.0263157896698,-0.435897439718
[rosout][INFO] 2020-09-14 12:41:03,053: cmd_vel:0.0263157896698,-0.230769231915
[rosout][INFO] 2020-09-14 12:41:03,547: cmd_vel:0.0263157896698,-0.17948718369
[rosout][INFO] 2020-09-14 12:41:04,049: cmd_vel:0.0,-0.384615391493
[rosout][INFO] 2020-09-14 12:41:04,546: cmd_vel:0.0,-0.282051295042
[rosout][INFO] 2020-09-14 12:41:05,037: cmd_vel:0.0,0.0
[rosout][INFO] 2020-09-14 12:41:05,547: cmd_vel:0.0263157896698,-0.0769230797887
[rosout][INFO] 2020-09-14 12:41:06,032: cmd_vel:0.0,0.0
[rosout][INFO] 2020-09-14 12:41:06,544: cmd_vel:0.0,-0.282051295042
[rosout][INFO] 2020-09-14 12:41:07,034: cmd_vel:0.0,0.0
[rosout][INFO] 2020-09-14 12:41:07,544: cmd_vel:0.0,-0.0769230797887
[rosout][INFO] 2020-09-14 12:41:08,033: cmd_vel:0.0,0.0
[rosout][INFO] 2020-09-14 12:41:08,557: cmd_vel:0.144736841321,-0.0256410259753
[rosout][INFO] 2020-09-14 12:41:09,055: cmd_vel:0.144736841321,0.0
[rosout][INFO] 2020-09-14 12:41:09,553: cmd_vel:0.184210523963,0.435897439718
[rosout][ERROR] 2020-09-14 12:41:09,614: error tail:14
[rosout][INFO] 2020-09-14 12:41:10,036: cmd_vel:0.0,0.0
[rosout][INFO] 2020-09-14 12:41:10,558: cmd_vel:0.105263158679,0.384615391493
[rosout][INFO] 2020-09-14 12:41:11,035: cmd_vel:0.0,0.0
[rosout][INFO] 2020-09-14 12:41:11,561: cmd_vel:0.460526317358,0.282051295042
[rosout][INFO] 2020-09-14 12:41:12,037: cmd_vel:0.0,0.0
[rosout][INFO] 2020-09-14 12:41:12,556: cmd_vel:0.421052634716,0.282051295042
[rosout][INFO] 2020-09-14 12:41:13,032: cmd_vel:0.0,0.0
[rosout][INFO] 2020-09-14 12:41:13,562: cmd_vel:0.381578952074,0.230769231915
[rosout][INFO] 2020-09-14 12:41:14,036: cmd_vel:0.0,0.0
[rosout][INFO] 2020-09-14 12:41:14,555: cmd_vel:0.342105269432,0.17948718369
[rosout][INFO] 2020-09-14 12:41:15,053: cmd_vel:0.30263158679,0.128205135465
[rosout][INFO] 2020-09-14 12:41:15,549: cmd_vel:0.263157904148,0.0769230797887
[rosout][INFO] 2020-09-14 12:41:16,033: cmd_vel:0.0,0.0
[rosout][INFO] 2020-09-14 12:41:20,035: cmd_vel:0.0,0.0
[rosout][INFO] 2020-09-14 12:41:20,556: cmd_vel:0.144736841321,-0.0769230797887
[rosout][INFO] 2020-09-14 12:41:21,032: cmd_vel:0.0,0.0
[rosout][INFO] 2020-09-14 12:41:21,555: cmd_vel:0.105263158679,-0.17948718369
[rosout][INFO] 2020-09-14 12:41:22,034: cmd_vel:0.0,0.0
[rosout][INFO] 2020-09-14 12:41:22,553: cmd_vel:0.105263158679,-0.128205135465
[rosout][INFO] 2020-09-14 12:41:23,042: cmd_vel:0.0,0.0
[rosout][INFO] 2020-09-14 12:41:23,553: cmd_vel:0.065789476037,-0.230769231915
[rosout][INFO] 2020-09-14 12:41:24,022: cmd_vel:0.0,0.0
[rosout][INFO] 2020-09-14 12:41:24,521: cmd_vel:0.0,-0.604460829616
[rosout][INFO] 2020-09-14 12:41:25,021: cmd_vel:0.0,-0.562045858029
[rosout][INFO] 2020-09-14 12:41:25,522: cmd_vel:0.0,-0.4812992248
[rosout][INFO] 2020-09-14 12:41:26,027: cmd_vel:0.0,0.0
[rosout][INFO] 2020-09-14 12:41:26,521: cmd_vel:0.0,-0.260071962691
[rosout][INFO] 2020-09-14 12:41:27,022: cmd_vel:0.0,0.0
[rosout][INFO] 2020-09-14 12:41:27,521: cmd_vel:0.0,0.0
[rosout][INFO] 2020-09-14 12:41:28,021: cmd_vel:0.0,0.0
[rosout][INFO] 2020-09-14 12:41:28,521: cmd_vel:0.0,0.0
[rosout][INFO] 2020-09-14 12:41:55,805: cmd_vel:0.0,0.0
[rosout][INFO] 2020-09-14 12:41:56,343: cmd_vel:-0.25,0.897435903549
[rosout][INFO] 2020-09-14 12:41:56,846: cmd_vel:-0.25,0.897435903549
[rosout][INFO] 2020-09-14 12:41:57,348: cmd_vel:-0.25,0.794871807098
[rosout][ERROR] 2020-09-14 12:41:57,416: error tail:27
[rosout][INFO] 2020-09-14 12:41:57,843: cmd_vel:0.433771818876,-1.0
[rosout][INFO] 2020-09-14 12:41:58,344: cmd_vel:-0.25,-0.17948718369
[rosout][INFO] 2020-09-14 12:41:58,850: cmd_vel:-0.25,-0.128205135465
[rosout][INFO] 2020-09-14 12:41:59,348: cmd_vel:-0.25,-0.128205135465
[rosout][INFO] 2020-09-14 12:41:59,845: cmd_vel:-0.25,-0.230769231915
[rosout][INFO] 2020-09-14 12:42:00,343: cmd_vel:-0.25,0.384615391493
[rosout][INFO] 2020-09-14 12:42:00,853: cmd_vel:0.416321575642,-0.897435903549
[rosout][INFO] 2020-09-14 12:42:01,348: cmd_vel:-0.25,0.384615391493
[rosout][INFO] 2020-09-14 12:42:01,843: cmd_vel:-0.25,0.282051295042
[rosout][INFO] 2020-09-14 12:42:02,344: cmd_vel:-0.25,0.487179487944
[rosout][INFO] 2020-09-14 12:42:02,847: cmd_vel:0.465111136436,-1.0
[rosout][INFO] 2020-09-14 12:42:03,340: cmd_vel:-0.25,0.0769230797887
[rosout][INFO] 2020-09-14 12:42:03,852: cmd_vel:0.381578952074,-1.0
[rosout][INFO] 2020-09-14 12:42:04,346: cmd_vel:-0.25,0.230769231915
[rosout][INFO] 2020-09-14 12:42:04,846: cmd_vel:-0.25,0.435897439718
[rosout][INFO] 2020-09-14 12:42:05,345: cmd_vel:-0.25,0.641025662422
[rosout][INFO] 2020-09-14 12:42:05,849: cmd_vel:0.377955645323,-1.0
[rosout][ERROR] 2020-09-14 12:42:05,914: error tail:113
[rosout][INFO] 2020-09-14 12:42:06,345: cmd_vel:-0.25,0.333333343267
[rosout][INFO] 2020-09-14 12:42:06,847: cmd_vel:0.5,-1.0
[rosout][INFO] 2020-09-14 12:42:07,343: cmd_vel:-0.25,0.435897439718
[rosout][INFO] 2020-09-14 12:42:07,836: cmd_vel:-0.25,0.538461565971
[rosout][INFO] 2020-09-14 12:42:08,345: cmd_vel:0.342105269432,-1.0
[rosout][INFO] 2020-09-14 12:42:08,847: cmd_vel:0.342105269432,-1.0
[rosout][ERROR] 2020-09-14 12:42:08,910: error tail:60
[rosout][INFO] 2020-09-14 12:42:09,343: cmd_vel:-0.25,0.846153855324
[rosout][INFO] 2020-09-14 12:42:09,859: cmd_vel:0.342105269432,-0.487179487944
[rosout][INFO] 2020-09-14 12:42:10,347: cmd_vel:0.5,-1.0
[rosout][INFO] 2020-09-14 12:42:10,856: cmd_vel:0.421052634716,-1.0
[rosout][INFO] 2020-09-14 12:42:11,346: cmd_vel:0.5,-0.948717951775
[rosout][INFO] 2020-09-14 12:42:11,848: cmd_vel:0.421052634716,-0.487179487944
[rosout][INFO] 2020-09-14 12:42:12,349: cmd_vel:0.5,-0.948717951775
[rosout][INFO] 2020-09-14 12:42:12,851: cmd_vel:0.263157904148,-0.435897439718
[rosout][INFO] 2020-09-14 12:42:13,347: cmd_vel:0.5,-1.0
[rosout][INFO] 2020-09-14 12:42:13,853: cmd_vel:0.5,-1.0
[rosout][INFO] 2020-09-14 12:42:14,348: cmd_vel:0.223684206605,-0.846153855324
[rosout][INFO] 2020-09-14 12:42:14,853: cmd_vel:0.263157904148,-0.641025662422
[rosout][INFO] 2020-09-14 12:42:15,327: cmd_vel:-0.25,1.0
[rosout][INFO] 2020-09-14 12:42:15,817: cmd_vel:0.0,0.0
[rosout][INFO] 2020-09-14 12:42:16,308: cmd_vel:0.0,0.0
[rosout][ERROR] 2020-09-14 12:42:16,377: error tail:228
[rosout][INFO] 2020-09-14 12:42:16,849: cmd_vel:0.342105269432,-0.0256410259753
[rosout][INFO] 2020-09-14 12:42:17,334: cmd_vel:0.223684206605,0.230769231915
[rosout][INFO] 2020-09-14 12:42:17,819: cmd_vel:0.0,0.0
[rosout][INFO] 2020-09-14 12:42:18,350: cmd_vel:0.0,0.0
[rosout][INFO] 2020-09-14 12:42:18,860: cmd_vel:0.0,0.0
[rosout][INFO] 2020-09-14 12:42:19,306: cmd_vel:0.0,0.0
[rosout][INFO] 2020-09-14 12:42:19,845: cmd_vel:0.421052634716,0.230769231915
[rosout][INFO] 2020-09-14 12:42:20,346: cmd_vel:0.421052634716,0.282051295042
[rosout][ERROR] 2020-09-14 12:42:20,411: error tail:33
[rosout][INFO] 2020-09-14 12:42:20,846: cmd_vel:0.421052634716,0.333333343267
[rosout][INFO] 2020-09-14 12:42:21,354: cmd_vel:0.421052634716,0.333333343267
[rosout][INFO] 2020-09-14 12:42:21,849: cmd_vel:0.421052634716,0.333333343267
[rosout][INFO] 2020-09-14 12:42:22,363: cmd_vel:0.342105269432,0.384615391493
[rosout][ERROR] 2020-09-14 12:42:22,428: error tail:254
[rosout][INFO] 2020-09-14 12:42:22,820: cmd_vel:0.0,0.0
[rosout][INFO] 2020-09-14 12:42:23,354: cmd_vel:0.30263158679,0.384615391493
[rosout][INFO] 2020-09-14 12:42:23,840: cmd_vel:-0.25,-0.692307710648
[rosout][INFO] 2020-09-14 12:42:24,347: cmd_vel:0.223684206605,0.435897439718
[rosout][INFO] 2020-09-14 12:42:24,855: cmd_vel:0.223684206605,0.384615391493
[rosout][INFO] 2020-09-14 12:42:25,340: cmd_vel:0.184210523963,0.435897439718
[rosout][INFO] 2020-09-14 12:42:25,851: cmd_vel:0.144736841321,0.435897439718
[rosout][ERROR] 2020-09-14 12:42:25,916: error tail:0
[rosout][INFO] 2020-09-14 12:42:26,344: cmd_vel:0.144736841321,0.333333343267
[rosout][INFO] 2020-09-14 12:42:26,854: cmd_vel:0.263157904148,1.0
[rosout][INFO] 2020-09-14 12:42:27,353: cmd_vel:0.105263158679,0.282051295042
[rosout][INFO] 2020-09-14 12:42:27,853: cmd_vel:0.342105269432,0.948717951775
[rosout][INFO] 2020-09-14 12:42:28,307: cmd_vel:0.0,0.0
[rosout][INFO] 2020-09-14 12:42:28,822: cmd_vel:0.0,0.0
[rosout][INFO] 2020-09-14 12:42:29,306: cmd_vel:0.0,0.0
[rosout][INFO] 2020-09-14 12:42:29,805: cmd_vel:0.0,0.0
[rosout][INFO] 2020-09-14 12:42:30,306: cmd_vel:0.0,0.0
[rosout][INFO] 2020-09-14 12:42:30,806: cmd_vel:0.0,0.0
[rosout][INFO] 2020-09-14 12:42:31,306: cmd_vel:0.0,-0.747349585859
[rosout][INFO] 2020-09-14 12:42:31,807: cmd_vel:0.0,-0.730322733323
[rosout][INFO] 2020-09-14 12:42:32,306: cmd_vel:0.0,-0.690868103934
[rosout][INFO] 2020-09-14 12:42:32,854: cmd_vel:0.381578952074,0.692307710648
[rosout][INFO] 2020-09-14 12:42:33,307: cmd_vel:0.0,-0.474342776435
[rosout][INFO] 2020-09-14 12:42:33,853: cmd_vel:0.460526317358,0.948717951775
[rosout][INFO] 2020-09-14 12:42:34,344: cmd_vel:-0.210526317358,0.538461565971
[rosout][INFO] 2020-09-14 12:42:34,852: cmd_vel:-0.210526317358,0.435897439718
[rosout][INFO] 2020-09-14 12:42:35,344: cmd_vel:-0.171052634716,-0.0256410259753
[rosout][INFO] 2020-09-14 12:42:35,859: cmd_vel:-0.171052634716,-0.17948718369
[rosout][INFO] 2020-09-14 12:42:36,345: cmd_vel:-0.171052634716,-0.17948718369
[rosout][INFO] 2020-09-14 12:42:36,851: cmd_vel:0.381578952074,0.897435903549
[rosout][INFO] 2020-09-14 12:42:37,346: cmd_vel:-0.171052634716,0.435897439718
[rosout][INFO] 2020-09-14 12:42:37,851: cmd_vel:0.223684206605,0.743589758873
[rosout][INFO] 2020-09-14 12:42:38,354: cmd_vel:-0.171052634716,-0.846153855324
[rosout][INFO] 2020-09-14 12:42:38,883: cmd_vel:0.5,0.589743614197
[rosout][INFO] 2020-09-14 12:42:39,342: cmd_vel:-0.171052634716,-0.948717951775
[rosout][INFO] 2020-09-14 12:42:39,821: cmd_vel:0.0,0.0
[rosout][INFO] 2020-09-14 12:42:40,341: cmd_vel:-0.171052634716,-0.846153855324
[rosout][INFO] 2020-09-14 12:42:40,844: cmd_vel:-0.171052634716,-0.897435903549
[rosout][INFO] 2020-09-14 12:42:41,338: cmd_vel:-0.171052634716,-0.846153855324
[rosout][INFO] 2020-09-14 12:42:41,846: cmd_vel:-0.210526317358,0.230769231915
[rosout][INFO] 2020-09-14 12:42:42,345: cmd_vel:-0.131578952074,-0.230769231915
[rosout][INFO] 2020-09-14 12:42:42,887: cmd_vel:0.486967712641,0.897435903549
[rosout][INFO] 2020-09-14 12:42:43,305: cmd_vel:0.0,-0.164853911485
[rosout][INFO] 2020-09-14 12:42:43,854: cmd_vel:0.381578952074,0.897435903549
[rosout][INFO] 2020-09-14 12:42:44,305: cmd_vel:0.0,-0.182223420166
[rosout][INFO] 2020-09-14 12:42:44,869: cmd_vel:0.5,0.948717951775
[rosout][INFO] 2020-09-14 12:42:45,305: cmd_vel:0.0,-0.280074473136
[rosout][INFO] 2020-09-14 12:42:45,844: cmd_vel:-0.210526317358,0.384615391493
[rosout][INFO] 2020-09-14 12:42:46,341: cmd_vel:-0.25,0.384615391493
[rosout][INFO] 2020-09-14 12:42:46,851: cmd_vel:-0.25,0.282051295042
[rosout][INFO] 2020-09-14 12:42:47,346: cmd_vel:-0.131578952074,-0.230769231915
[rosout][INFO] 2020-09-14 12:42:47,850: cmd_vel:0.0,0.948717951775
[rosout][INFO] 2020-09-14 12:42:48,348: cmd_vel:0.0,0.846153855324
[rosout][INFO] 2020-09-14 12:42:48,848: cmd_vel:0.421052634716,0.538461565971
[rosout][ERROR] 2020-09-14 12:42:48,917: error tail:6
[rosout][INFO] 2020-09-14 12:42:49,306: cmd_vel:0.0,-1.0
[rosout][INFO] 2020-09-14 12:42:49,849: cmd_vel:0.342105269432,0.282051295042
[rosout][INFO] 2020-09-14 12:42:50,306: cmd_vel:0.0,-1.0
[rosout][INFO] 2020-09-14 12:42:50,854: cmd_vel:0.421052634716,0.230769231915
[rosout][INFO] 2020-09-14 12:42:51,341: cmd_vel:-0.131578952074,-0.641025662422
[rosout][INFO] 2020-09-14 12:42:51,842: cmd_vel:-0.131578952074,-0.384615391493
[rosout][INFO] 2020-09-14 12:42:52,338: cmd_vel:-0.171052634716,-0.282051295042
[rosout][INFO] 2020-09-14 12:42:52,841: cmd_vel:-0.171052634716,-0.230769231915
[rosout][INFO] 2020-09-14 12:42:53,350: cmd_vel:-0.171052634716,-0.0769230797887
[rosout][INFO] 2020-09-14 12:42:53,841: cmd_vel:-0.171052634716,0.0769230797887
[rosout][INFO] 2020-09-14 12:42:54,342: cmd_vel:-0.0131578948349,-1.0
[rosout][INFO] 2020-09-14 12:42:54,817: cmd_vel:0.0,0.0
[rosout][INFO] 2020-09-14 12:42:55,306: cmd_vel:0.0,-0.601720478123
[rosout][INFO] 2020-09-14 12:42:55,850: cmd_vel:0.421052634716,0.794871807098
[rosout][INFO] 2020-09-14 12:42:56,305: cmd_vel:0.0,-0.355508422318
[rosout][INFO] 2020-09-14 12:42:56,844: cmd_vel:0.5,0.897435903549
[rosout][INFO] 2020-09-14 12:42:57,350: cmd_vel:-0.25,0.743589758873
[rosout][INFO] 2020-09-14 12:42:57,851: cmd_vel:-0.210526317358,0.589743614197
[rosout][ERROR] 2020-09-14 12:42:57,914: error tail:255
[rosout][INFO] 2020-09-14 12:42:58,341: cmd_vel:-0.0131578948349,-0.948717951775
[rosout][ERROR] 2020-09-14 12:42:58,785: error tail:25
[rosout][INFO] 2020-09-14 12:42:58,849: cmd_vel:-0.0131578948349,-0.948717951775
[rosout][INFO] 2020-09-14 12:42:59,349: cmd_vel:-0.0131578948349,-0.948717951775
[rosout][INFO] 2020-09-14 12:42:59,842: cmd_vel:-0.0131578948349,-0.948717951775
[rosout][INFO] 2020-09-14 12:43:00,352: cmd_vel:0.0263157896698,-1.0
[rosout][INFO] 2020-09-14 12:43:00,806: cmd_vel:0.0,0.0
[rosout][INFO] 2020-09-14 12:43:01,357: cmd_vel:-0.210526317358,0.897435903549
[rosout][INFO] 2020-09-14 12:43:01,822: cmd_vel:0.0,0.0
[rosout][INFO] 2020-09-14 12:43:02,349: cmd_vel:0.223684206605,-1.0
[rosout][INFO] 2020-09-14 12:43:02,854: cmd_vel:0.263157904148,-1.0
[rosout][INFO] 2020-09-14 12:43:03,351: cmd_vel:0.105263158679,-0.794871807098
[rosout][INFO] 2020-09-14 12:43:03,856: cmd_vel:0.105263158679,-0.743589758873
[rosout][INFO] 2020-09-14 12:43:04,344: cmd_vel:0.144736841321,-0.743589758873
[rosout][INFO] 2020-09-14 12:43:04,855: cmd_vel:0.144736841321,-0.589743614197
[rosout][INFO] 2020-09-14 12:43:05,349: cmd_vel:0.144736841321,-0.487179487944
[rosout][INFO] 2020-09-14 12:43:05,837: cmd_vel:-0.25,0.743589758873
[rosout][INFO] 2020-09-14 12:43:06,348: cmd_vel:0.105263158679,-0.230769231915
[rosout][INFO] 2020-09-14 12:43:06,816: cmd_vel:0.0,0.0
[rosout][INFO] 2020-09-14 12:43:07,342: cmd_vel:0.105263158679,-0.230769231915
[rosout][INFO] 2020-09-14 12:43:07,820: cmd_vel:0.0,0.0
[rosout][INFO] 2020-09-14 12:43:08,339: cmd_vel:0.105263158679,-0.17948718369
[rosout][INFO] 2020-09-14 12:43:08,850: cmd_vel:0.105263158679,-0.17948718369
[rosout][INFO] 2020-09-14 12:43:09,306: cmd_vel:0.0,1.0
[rosout][INFO] 2020-09-14 12:43:09,805: cmd_vel:0.0,1.0
[rosout][INFO] 2020-09-14 12:43:10,306: cmd_vel:0.0,1.0
[rosout][INFO] 2020-09-14 12:43:10,846: cmd_vel:0.184210523963,-1.0
[rosout][INFO] 2020-09-14 12:43:11,305: cmd_vel:0.0,1.0
[rosout][INFO] 2020-09-14 12:43:11,820: cmd_vel:0.0,0.0
[rosout][INFO] 2020-09-14 12:43:12,306: cmd_vel:0.0,1.0
[rosout][INFO] 2020-09-14 12:43:12,849: cmd_vel:-0.25,0.794871807098
[rosout][INFO] 2020-09-14 12:43:13,305: cmd_vel:0.0,1.0
[rosout][INFO] 2020-09-14 12:43:13,806: cmd_vel:0.0,1.0
[rosout][INFO] 2020-09-14 12:43:14,306: cmd_vel:0.0,1.0
[rosout][INFO] 2020-09-14 12:43:14,805: cmd_vel:0.0,0.864542181664
[rosout][INFO] 2020-09-14 12:43:15,306: cmd_vel:0.0,0.439767122166
[rosout][ERROR] 2020-09-14 12:43:15,313: error tail:220
[rosout][INFO] 2020-09-14 12:43:15,806: cmd_vel:0.0,0.116616570201
[rosout][INFO] 2020-09-14 12:43:16,305: cmd_vel:0.0,-0.232142851908
[rosout][INFO] 2020-09-14 12:43:16,856: cmd_vel:0.421052634716,0.794871807098
[rosout][INFO] 2020-09-14 12:43:17,306: cmd_vel:0.0,-0.644885594059
[rosout][INFO] 2020-09-14 12:43:17,816: cmd_vel:0.0,0.0
[rosout][INFO] 2020-09-14 12:43:18,305: cmd_vel:0.0,-0.907811883839
[rosout][INFO] 2020-09-14 12:43:18,805: cmd_vel:0.0,-0.937946583981
[rosout][INFO] 2020-09-14 12:43:19,306: cmd_vel:0.0,-0.878799481065
[rosout][INFO] 2020-09-14 12:43:19,806: cmd_vel:0.0,-0.753435728562
[rosout][INFO] 2020-09-14 12:43:20,306: cmd_vel:0.0,-0.534353054812
[rosout][INFO] 2020-09-14 12:43:20,805: cmd_vel:0.0,-0.271167626401
[rosout][INFO] 2020-09-14 12:43:21,343: cmd_vel:-0.171052634716,0.846153855324
[rosout][INFO] 2020-09-14 12:43:21,840: cmd_vel:-0.25,-1.0
[rosout][INFO] 2020-09-14 12:43:22,347: cmd_vel:-0.210526317358,1.0
[rosout][INFO] 2020-09-14 12:43:22,851: cmd_vel:-0.25,-1.0
[rosout][INFO] 2020-09-14 12:43:23,305: cmd_vel:0.0,0.429707871474
[rosout][INFO] 2020-09-14 12:43:23,841: cmd_vel:-0.25,-0.948717951775
[rosout][INFO] 2020-09-14 12:43:24,346: cmd_vel:0.0964146926999,-0.538461565971
[rosout][INFO] 2020-09-14 12:43:24,848: cmd_vel:0.144736841321,-0.487179487944
[rosout][INFO] 2020-09-14 12:43:25,346: cmd_vel:0.105263158679,-0.384615391493
[rosout][INFO] 2020-09-14 12:43:25,851: cmd_vel:0.105263158679,-0.282051295042
[rosout][INFO] 2020-09-14 12:43:26,352: cmd_vel:0.105263158679,-0.282051295042
[rosout][INFO] 2020-09-14 12:43:26,851: cmd_vel:0.105263158679,-0.230769231915
[rosout][INFO] 2020-09-14 12:43:27,353: cmd_vel:0.105263158679,-0.230769231915
[rosout][INFO] 2020-09-14 12:43:27,806: cmd_vel:0.0,1.0
[rosout][INFO] 2020-09-14 12:43:28,306: cmd_vel:0.0,1.0
[rosout][INFO] 2020-09-14 12:43:28,846: cmd_vel:-0.25,0.333333343267
[rosout][INFO] 2020-09-14 12:43:29,306: cmd_vel:0.0,1.0
[rosout][INFO] 2020-09-14 12:43:29,806: cmd_vel:0.0,1.0
[rosout][INFO] 2020-09-14 12:43:30,307: cmd_vel:0.0,1.0
[rosout][INFO] 2020-09-14 12:43:30,806: cmd_vel:0.0,0.873758666381
[rosout][INFO] 2020-09-14 12:43:31,353: cmd_vel:0.105263158679,-0.948717951775
[rosout][INFO] 2020-09-14 12:43:31,853: cmd_vel:-0.171052634716,-0.897435903549
[rosout][INFO] 2020-09-14 12:43:32,349: cmd_vel:-0.210526317358,0.897435903549
[rosout][INFO] 2020-09-14 12:43:32,820: cmd_vel:0.0,0.0
[rosout][INFO] 2020-09-14 12:43:33,347: cmd_vel:-0.210526317358,0.692307710648
[rosout][INFO] 2020-09-14 12:43:33,816: cmd_vel:0.0,0.0
[rosout][INFO] 2020-09-14 12:43:34,348: cmd_vel:-0.210526317358,0.692307710648
[rosout][INFO] 2020-09-14 12:43:34,806: cmd_vel:0.0,-0.512267662645
[rosout][INFO] 2020-09-14 12:43:35,306: cmd_vel:0.0,-0.681055420028
[rosout][INFO] 2020-09-14 12:43:35,805: cmd_vel:0.0,-0.706789960275
[rosout][INFO] 2020-09-14 12:43:36,307: cmd_vel:0.0,-0.634733378875
[rosout][INFO] 2020-09-14 12:43:36,847: cmd_vel:0.065789476037,0.487179487944
[rosout][INFO] 2020-09-14 12:43:37,306: cmd_vel:0.0,-0.413611466368
[rosout][INFO] 2020-09-14 12:43:37,848: cmd_vel:0.421052634716,0.846153855324
[rosout][INFO] 2020-09-14 12:43:38,305: cmd_vel:0.0,-0.322135187238
[rosout][INFO] 2020-09-14 12:43:38,853: cmd_vel:0.381578952074,0.846153855324
[rosout][INFO] 2020-09-14 12:43:39,306: cmd_vel:0.0,-0.280332833801
[rosout][INFO] 2020-09-14 12:43:39,855: cmd_vel:-0.25,0.641025662422
[rosout][INFO] 2020-09-14 12:43:40,344: cmd_vel:-0.0921052619815,0.948717951775
[rosout][INFO] 2020-09-14 12:43:40,853: cmd_vel:-0.131578952074,0.17948718369
[rosout][INFO] 2020-09-14 12:43:41,351: cmd_vel:-0.25,0.589743614197
[rosout][INFO] 2020-09-14 12:43:41,842: cmd_vel:-0.210526317358,0.487179487944
[rosout][INFO] 2020-09-14 12:43:42,306: cmd_vel:0.0,-0.846330860179
[rosout][INFO] 2020-09-14 12:43:42,815: cmd_vel:0.0,0.0
[rosout][INFO] 2020-09-14 12:43:43,307: cmd_vel:0.0,-1.0
[rosout][INFO] 2020-09-14 12:43:43,806: cmd_vel:0.0,-1.0
[rosout][INFO] 2020-09-14 12:43:44,306: cmd_vel:0.0,-1.0
[rosout][INFO] 2020-09-14 12:43:44,806: cmd_vel:0.0,-0.845638211015
[rosout][INFO] 2020-09-14 12:43:45,307: cmd_vel:0.0,-0.563036284469
[rosout][INFO] 2020-09-14 12:43:45,805: cmd_vel:0.0,-0.264135833448
[rosout][INFO] 2020-09-14 12:43:46,306: cmd_vel:0.0,0.0
[rosout][INFO] 2020-09-14 12:43:46,854: cmd_vel:-0.131578952074,-0.948717951775
[rosout][INFO] 2020-09-14 12:43:47,307: cmd_vel:-0.0,-0.0
[rosout][ERROR] 2020-09-14 12:43:47,370: error tail:206
[rosout][INFO] 2020-09-14 12:43:47,838: cmd_vel:-0.25,-0.846153855324
[rosout][INFO] 2020-09-14 12:43:48,306: cmd_vel:-0.0,-0.0
[rosout][INFO] 2020-09-14 12:43:48,805: cmd_vel:-0.0,-0.0
[rosout][INFO] 2020-09-14 12:43:49,346: cmd_vel:0.105263158679,-0.641025662422
[rosout][INFO] 2020-09-14 12:43:49,853: cmd_vel:0.105263158679,-0.641025662422
[rosout][INFO] 2020-09-14 12:43:50,343: cmd_vel:0.105263158679,-0.589743614197
[rosout][INFO] 2020-09-14 12:43:50,853: cmd_vel:0.105263158679,-0.384615391493
[rosout][INFO] 2020-09-14 12:43:51,346: cmd_vel:0.105263158679,-0.435897439718
[rosout][INFO] 2020-09-14 12:43:51,855: cmd_vel:-0.25,0.846153855324
[rosout][INFO] 2020-09-14 12:43:52,306: cmd_vel:0.0,-0.0
[rosout][INFO] 2020-09-14 12:43:52,847: cmd_vel:-0.25,1.0
[rosout][INFO] 2020-09-14 12:43:53,306: cmd_vel:0.0,1.0
[rosout][INFO] 2020-09-14 12:43:53,843: cmd_vel:0.105263158679,-0.282051295042
[rosout][ERROR] 2020-09-14 12:43:53,911: error tail:0
[rosout][INFO] 2020-09-14 12:43:54,351: cmd_vel:0.105263158679,-0.282051295042
[rosout][INFO] 2020-09-14 12:43:54,859: cmd_vel:0.105263158679,-0.282051295042
[rosout][INFO] 2020-09-14 12:43:55,351: cmd_vel:0.105263158679,-0.384615391493
[rosout][INFO] 2020-09-14 12:43:55,848: cmd_vel:0.105263158679,-0.282051295042
[rosout][INFO] 2020-09-14 12:43:56,307: cmd_vel:0.0,1.0
[rosout][INFO] 2020-09-14 12:43:56,846: cmd_vel:-0.25,0.589743614197
[rosout][INFO] 2020-09-14 12:43:57,306: cmd_vel:0.0,1.0
[rosout][INFO] 2020-09-14 12:43:57,844: cmd_vel:-0.25,0.487179487944
[rosout][INFO] 2020-09-14 12:43:58,306: cmd_vel:0.0,1.0
[rosout][INFO] 2020-09-14 12:43:58,854: cmd_vel:0.105263158679,-0.692307710648
[rosout][INFO] 2020-09-14 12:43:59,343: cmd_vel:0.105263158679,-0.692307710648
[rosout][INFO] 2020-09-14 12:43:59,853: cmd_vel:0.105263158679,-0.846153855324
[rosout][INFO] 2020-09-14 12:44:00,345: cmd_vel:0.144736841321,-0.794871807098
[rosout][INFO] 2020-09-14 12:44:00,846: cmd_vel:0.105263158679,-0.794871807098
[rosout][INFO] 2020-09-14 12:44:01,347: cmd_vel:0.144736841321,-0.692307710648
[rosout][INFO] 2020-09-14 12:44:01,854: cmd_vel:-0.25,0.230769231915
[rosout][ERROR] 2020-09-14 12:44:01,918: error tail:236
[rosout][INFO] 2020-09-14 12:44:02,306: cmd_vel:0.0,1.0
[rosout][INFO] 2020-09-14 12:44:02,840: cmd_vel:-0.25,0.487179487944
[rosout][INFO] 2020-09-14 12:44:03,306: cmd_vel:0.0,1.0
[rosout][INFO] 2020-09-14 12:44:03,856: cmd_vel:0.105263158679,-0.589743614197
[rosout][INFO] 2020-09-14 12:44:04,347: cmd_vel:0.105263158679,-0.641025662422
[rosout][INFO] 2020-09-14 12:44:04,848: cmd_vel:0.105263158679,-0.641025662422
[rosout][INFO] 2020-09-14 12:44:05,347: cmd_vel:0.105263158679,-0.641025662422
[rosout][INFO] 2020-09-14 12:44:05,806: cmd_vel:0.0,1.0
[rosout][INFO] 2020-09-14 12:44:06,306: cmd_vel:0.0,1.0
[rosout][INFO] 2020-09-14 12:44:06,847: cmd_vel:-0.210526317358,0.692307710648
[rosout][INFO] 2020-09-14 12:44:07,307: cmd_vel:0.0,1.0
[rosout][INFO] 2020-09-14 12:44:07,818: cmd_vel:0.0,0.0
[rosout][INFO] 2020-09-14 12:44:08,306: cmd_vel:0.0,1.0
[rosout][INFO] 2020-09-14 12:44:08,806: cmd_vel:0.0,1.0
[rosout][INFO] 2020-09-14 12:44:09,305: cmd_vel:0.0,0.824370964731
[rosout][INFO] 2020-09-14 12:44:09,850: cmd_vel:-0.0921052619815,-0.897435903549
[rosout][INFO] 2020-09-14 12:44:10,306: cmd_vel:0.0,0.135618067997
[rosout][INFO] 2020-09-14 12:44:10,853: cmd_vel:-0.131578952074,-0.692307710648
[rosout][INFO] 2020-09-14 12:44:11,306: cmd_vel:0.0,0.0
[rosout][INFO] 2020-09-14 12:44:11,848: cmd_vel:0.460526317358,1.0
[rosout][INFO] 2020-09-14 12:44:12,306: cmd_vel:0.0,0.0
[rosout][INFO] 2020-09-14 12:44:12,843: cmd_vel:-0.171052634716,0.0769230797887
[rosout][INFO] 2020-09-14 12:44:13,343: cmd_vel:0.0,0.948717951775
[rosout][INFO] 2020-09-14 12:44:13,854: cmd_vel:0.0,0.897435903549
[rosout][INFO] 2020-09-14 12:44:14,354: cmd_vel:-0.0131578948349,0.846153855324
[rosout][INFO] 2020-09-14 12:44:14,853: cmd_vel:0.0,0.794871807098
[rosout][INFO] 2020-09-14 12:44:15,351: cmd_vel:0.0,0.692307710648
[rosout][INFO] 2020-09-14 12:44:15,849: cmd_vel:0.421052634716,0.17948718369
[rosout][INFO] 2020-09-14 12:44:16,351: cmd_vel:0.184210523963,0.948717951775
[rosout][INFO] 2020-09-14 12:44:16,855: cmd_vel:0.342105269432,-0.17948718369
[rosout][INFO] 2020-09-14 12:44:17,344: cmd_vel:0.105263158679,0.538461565971
[rosout][INFO] 2020-09-14 12:44:17,851: cmd_vel:0.105263158679,0.692307710648
[rosout][INFO] 2020-09-14 12:44:18,306: cmd_vel:0.0,0.0
[rosout][INFO] 2020-09-14 12:44:18,805: cmd_vel:0.0,0.0
[rosout][INFO] 2020-09-14 12:44:19,306: cmd_vel:0.0,0.0
[rosout][INFO] 2020-09-14 12:44:19,805: cmd_vel:0.0,0.0
[rosout][INFO] 2020-09-14 12:44:20,306: cmd_vel:0.0,0.0
[rosout][INFO] 2020-09-14 12:44:20,867: cmd_vel:-0.25,0.846153855324
[rosout][INFO] 2020-09-14 12:44:21,306: cmd_vel:-0.0,0.0
[rosout][INFO] 2020-09-14 12:44:21,805: cmd_vel:-0.0,0.0
[rosout][INFO] 2020-09-14 12:44:22,306: cmd_vel:-0.0,0.0
[rosout][INFO] 2020-09-14 12:44:22,806: cmd_vel:-0.0,0.0
[rosout][INFO] 2020-09-14 12:44:23,306: cmd_vel:0.0,1.0
[rosout][INFO] 2020-09-14 12:44:23,805: cmd_vel:0.0,1.0
[rosout][INFO] 2020-09-14 12:44:24,342: cmd_vel:0.105263158679,0.333333343267
[rosout][INFO] 2020-09-14 12:44:24,860: cmd_vel:-0.171052634716,-0.282051295042
[rosout][INFO] 2020-09-14 12:44:25,307: cmd_vel:0.0,1.0
[rosout][INFO] 2020-09-14 12:44:25,861: cmd_vel:-0.171052634716,-0.333333343267
[rosout][INFO] 2020-09-14 12:44:26,350: cmd_vel:0.105263158679,-0.17948718369
[rosout][ERROR] 2020-09-14 12:44:26,415: error tail:50
[rosout][INFO] 2020-09-14 12:44:26,851: cmd_vel:0.144736841321,-0.333333343267
[rosout][INFO] 2020-09-14 12:44:27,347: cmd_vel:0.065789476037,-0.17948718369
[rosout][INFO] 2020-09-14 12:44:27,855: cmd_vel:0.0263157896698,-0.17948718369
[rosout][INFO] 2020-09-14 12:44:28,341: cmd_vel:0.0263157896698,-0.17948718369
[rosout][INFO] 2020-09-14 12:44:28,850: cmd_vel:0.105263158679,-0.282051295042
[rosout][INFO] 2020-09-14 12:44:29,340: cmd_vel:0.105263158679,-0.282051295042
[rosout][INFO] 2020-09-14 12:44:29,848: cmd_vel:-0.25,-0.538461565971
[rosout][INFO] 2020-09-14 12:44:30,307: cmd_vel:0.0,1.0
[rosout][INFO] 2020-09-14 12:44:30,852: cmd_vel:-0.25,-0.589743614197
[rosout][INFO] 2020-09-14 12:44:31,306: cmd_vel:0.0,1.0
[rosout][INFO] 2020-09-14 12:44:31,846: cmd_vel:0.105263158679,-0.230769231915
[rosout][ERROR] 2020-09-14 12:44:31,915: error tail:208
[rosout][INFO] 2020-09-14 12:44:32,345: cmd_vel:0.105263158679,-0.17948718369
[rosout][INFO] 2020-09-14 12:44:32,851: cmd_vel:0.105263158679,-0.17948718369
[rosout][INFO] 2020-09-14 12:44:33,345: cmd_vel:0.105263158679,-0.17948718369
[rosout][INFO] 2020-09-14 12:44:33,853: cmd_vel:0.105263158679,-0.282051295042
[rosout][INFO] 2020-09-14 12:44:34,306: cmd_vel:0.0,1.0
[rosout][INFO] 2020-09-14 12:44:34,845: cmd_vel:-0.25,-0.435897439718
[rosout][INFO] 2020-09-14 12:44:35,306: cmd_vel:0.0,1.0
[rosout][INFO] 2020-09-14 12:44:35,806: cmd_vel:0.0,1.0
[rosout][INFO] 2020-09-14 12:44:36,306: cmd_vel:0.0,0.992856679414
[rosout][INFO] 2020-09-14 12:44:36,805: cmd_vel:0.0,0.757863520456
[rosout][INFO] 2020-09-14 12:44:37,306: cmd_vel:0.0,0.467385138169
[rosout][INFO] 2020-09-14 12:44:37,805: cmd_vel:0.0,0.160755216746
[rosout][INFO] 2020-09-14 12:44:38,306: cmd_vel:0.0,-0.139924891335
[rosout][INFO] 2020-09-14 12:44:38,805: cmd_vel:0.0,-0.189288511455
[rosout][INFO] 2020-09-14 12:44:39,305: cmd_vel:0.0,-0.452488103812
[rosout][INFO] 2020-09-14 12:44:39,847: cmd_vel:0.105263158679,0.435897439718
[rosout][INFO] 2020-09-14 12:44:40,306: cmd_vel:0.0,-0.504491309064
[rosout][INFO] 2020-09-14 12:44:40,806: cmd_vel:0.0,-0.546336948153
[rosout][INFO] 2020-09-14 12:44:41,306: cmd_vel:0.0,-0.545600232533
[rosout][INFO] 2020-09-14 12:44:41,805: cmd_vel:0.0,-0.511519723776
[rosout][INFO] 2020-09-14 12:44:42,307: cmd_vel:0.0,-0.451067065007
[rosout][INFO] 2020-09-14 12:44:42,805: cmd_vel:0.0,-0.14531524355
[rosout][INFO] 2020-09-14 12:44:43,306: cmd_vel:0.0,-0.181097750874
[rosout][INFO] 2020-09-14 12:44:43,852: cmd_vel:0.144736841321,0.794871807098
[rosout][INFO] 2020-09-14 12:44:44,344: cmd_vel:0.144736841321,-0.948717951775
[rosout][INFO] 2020-09-14 12:44:44,856: cmd_vel:-0.131578952074,1.0
[rosout][INFO] 2020-09-14 12:44:45,346: cmd_vel:-0.131578952074,1.0
[rosout][INFO] 2020-09-14 12:44:45,848: cmd_vel:-0.131578952074,0.897435903549
[rosout][INFO] 2020-09-14 12:44:46,343: cmd_vel:-0.131578952074,0.948717951775
[rosout][INFO] 2020-09-14 12:44:46,849: cmd_vel:0.105263158679,-0.897435903549
[rosout][INFO] 2020-09-14 12:44:47,306: cmd_vel:0.0,-0.310936028533
[rosout][INFO] 2020-09-14 12:44:47,850: cmd_vel:0.223684206605,0.692307710648
[rosout][ERROR] 2020-09-14 12:44:47,914: error tail:232
[rosout][INFO] 2020-09-14 12:44:48,306: cmd_vel:0.0,-0.410977184845
[rosout][INFO] 2020-09-14 12:44:48,845: cmd_vel:0.460526317358,0.692307710648
[rosout][INFO] 2020-09-14 12:44:49,350: cmd_vel:-0.131578952074,0.641025662422
[rosout][INFO] 2020-09-14 12:44:49,852: cmd_vel:-0.25,0.435897439718
[rosout][INFO] 2020-09-14 12:44:50,346: cmd_vel:-0.131578952074,0.230769231915
[rosout][INFO] 2020-09-14 12:44:50,855: cmd_vel:-0.171052634716,-0.0769230797887
[rosout][INFO] 2020-09-14 12:44:51,344: cmd_vel:-0.131578952074,-0.0256410259753
[rosout][INFO] 2020-09-14 12:44:51,805: cmd_vel:0.0,-1.0
[rosout][INFO] 2020-09-14 12:44:52,306: cmd_vel:0.0,-1.0
[rosout][INFO] 2020-09-14 12:44:52,840: cmd_vel:0.105263158679,0.17948718369
[rosout][INFO] 2020-09-14 12:44:53,306: cmd_vel:0.0,-1.0
[rosout][INFO] 2020-09-14 12:44:53,805: cmd_vel:0.0,-1.0
[rosout][INFO] 2020-09-14 12:44:54,306: cmd_vel:0.0,-0.824602363408
[rosout][INFO] 2020-09-14 12:44:54,806: cmd_vel:0.0,-0.539065580031
[rosout][INFO] 2020-09-14 12:44:55,306: cmd_vel:0.0,-0.222095288566
[rosout][INFO] 2020-09-14 12:44:55,805: cmd_vel:0.0,0.0
[rosout][INFO] 2020-09-14 12:44:56,307: cmd_vel:0.0,-0.0
[rosout][INFO] 2020-09-14 12:44:56,848: cmd_vel:0.144736841321,0.846153855324
[rosout][INFO] 2020-09-14 12:44:57,306: cmd_vel:0.0,0.573223991603
[rosout][INFO] 2020-09-14 12:44:57,851: cmd_vel:-0.25,-1.0
[rosout][INFO] 2020-09-14 12:44:58,307: cmd_vel:0.0,0.565657712265
[rosout][INFO] 2020-09-14 12:44:58,806: cmd_vel:0.0,0.602192209351
[rosout][INFO] 2020-09-14 12:44:59,306: cmd_vel:0.0,0.585341703983
[rosout][INFO] 2020-09-14 12:44:59,805: cmd_vel:0.0,0.524030077027
[rosout][INFO] 2020-09-14 12:45:00,305: cmd_vel:0.0,0.427328166627
[rosout][INFO] 2020-09-14 12:45:00,854: cmd_vel:0.342105269432,1.0
[rosout][INFO] 2020-09-14 12:45:01,305: cmd_vel:0.0,0.102386388089
[rosout][INFO] 2020-09-14 12:45:01,805: cmd_vel:0.0,0.0
[rosout][INFO] 2020-09-14 12:45:02,340: cmd_vel:-0.131578952074,0.538461565971
[rosout][INFO] 2020-09-14 12:45:02,860: cmd_vel:-0.210526317358,0.538461565971
[rosout][INFO] 2020-09-14 12:45:03,345: cmd_vel:-0.0131578948349,-1.0
[rosout][INFO] 2020-09-14 12:45:03,806: cmd_vel:-0.0,0.0
[rosout][INFO] 2020-09-14 12:45:04,306: cmd_vel:0.0,-0.917305184171
[rosout][INFO] 2020-09-14 12:45:04,805: cmd_vel:0.0,-0.919335070477
[rosout][INFO] 2020-09-14 12:45:05,306: cmd_vel:0.0,-0.84531595316
[rosout][INFO] 2020-09-14 12:45:05,848: cmd_vel:0.144736841321,0.435897439718
[rosout][INFO] 2020-09-14 12:45:06,311: cmd_vel:0.0,-0.504411590947
[rosout][INFO] 2020-09-14 12:45:06,805: cmd_vel:0.0,-0.390231086879
[rosout][INFO] 2020-09-14 12:45:07,307: cmd_vel:0.0,-0.234268388228
[rosout][INFO] 2020-09-14 12:45:07,805: cmd_vel:0.0,0.0
[rosout][INFO] 2020-09-14 12:45:08,306: cmd_vel:0.0,0.0
[rosout][INFO] 2020-09-14 12:45:08,805: cmd_vel:0.0,-0.0
[rosout][INFO] 2020-09-14 12:45:09,306: cmd_vel:0.0,-0.0
[rosout][ERROR] 2020-09-14 12:45:09,376: error tail:242
[rosout][INFO] 2020-09-14 12:45:09,853: cmd_vel:0.381578952074,1.0
[rosout][INFO] 2020-09-14 12:45:10,306: cmd_vel:0.0,0.278994987476
[rosout][INFO] 2020-09-14 12:45:10,854: cmd_vel:0.381578952074,1.0
[rosout][INFO] 2020-09-14 12:45:11,346: cmd_vel:-0.25,1.0
[rosout][INFO] 2020-09-14 12:45:11,853: cmd_vel:-0.25,0.692307710648
[rosout][INFO] 2020-09-14 12:45:12,351: cmd_vel:-0.0131578948349,-0.948717951775
[rosout][INFO] 2020-09-14 12:45:12,841: cmd_vel:-0.171052634716,-0.0256410259753
[rosout][INFO] 2020-09-14 12:45:13,352: cmd_vel:-0.131578952074,-0.128205135465
[rosout][INFO] 2020-09-14 12:45:13,805: cmd_vel:0.0,-0.50873331594
[rosout][INFO] 2020-09-14 12:45:14,307: cmd_vel:0.0,-0.635791334102
[rosout][INFO] 2020-09-14 12:45:14,846: cmd_vel:0.144736841321,0.538461565971
[rosout][INFO] 2020-09-14 12:45:15,306: cmd_vel:0.0,-0.534267136465
[rosout][INFO] 2020-09-14 12:45:15,805: cmd_vel:0.0,-0.532530300271
[rosout][INFO] 2020-09-14 12:45:16,306: cmd_vel:0.0,-0.497150020445
[rosout][INFO] 2020-09-14 12:45:16,805: cmd_vel:0.0,-0.390420730498
[rosout][INFO] 2020-09-14 12:45:17,306: cmd_vel:0.0,-0.240718027482
[rosout][INFO] 2020-09-14 12:45:17,805: cmd_vel:0.0,0.0
[rosout][INFO] 2020-09-14 12:45:18,306: cmd_vel:0.0,0.0
[rosout][INFO] 2020-09-14 12:45:18,853: cmd_vel:0.342105269432,1.0
[rosout][INFO] 2020-09-14 12:45:19,307: cmd_vel:0.0,0.216412022715
[rosout][INFO] 2020-09-14 12:45:19,805: cmd_vel:0.0,0.204232127604
[rosout][INFO] 2020-09-14 12:45:20,306: cmd_vel:0.0,0.17460456737
[rosout][ERROR] 2020-09-14 12:45:20,376: error tail:211
[rosout][INFO] 2020-09-14 12:45:20,849: cmd_vel:0.0,-0.897435903549
[rosout][INFO] 2020-09-14 12:45:21,345: cmd_vel:0.0263157896698,-0.948717951775
[rosout][ERROR] 2020-09-14 12:45:21,411: error tail:239
[rosout][INFO] 2020-09-14 12:45:21,850: cmd_vel:-0.0131578948349,-0.948717951775
[rosout][INFO] 2020-09-14 12:45:22,348: cmd_vel:-0.0921052619815,1.0
[rosout][INFO] 2020-09-14 12:45:22,806: cmd_vel:0.0,0.519421045277
[rosout][INFO] 2020-09-14 12:45:23,345: cmd_vel:-0.171052634716,1.0
[rosout][INFO] 2020-09-14 12:45:23,846: cmd_vel:-0.171052634716,1.0
[rosout][INFO] 2020-09-14 12:45:24,348: cmd_vel:0.0,-0.846153855324
[rosout][INFO] 2020-09-14 12:45:24,806: cmd_vel:0.0,0.146212107723
[rosout][INFO] 2020-09-14 12:45:25,306: cmd_vel:0.0,0.0
[rosout][INFO] 2020-09-14 12:46:16,791: cmd_vel:0.0,0.0
[rosout][INFO] 2020-09-14 12:46:17,334: cmd_vel:-0.25,-0.128205135465
[rosout][INFO] 2020-09-14 12:46:17,841: cmd_vel:-0.25,0.0256410259753
[rosout][INFO] 2020-09-14 12:46:18,336: cmd_vel:-0.25,0.0
[rosout][INFO] 2020-09-14 12:46:18,834: cmd_vel:-0.25,0.0
[rosout][INFO] 2020-09-14 12:46:19,331: cmd_vel:-0.25,-0.0256410259753
[rosout][INFO] 2020-09-14 12:46:19,838: cmd_vel:-0.25,-0.0769230797887
[rosout][INFO] 2020-09-14 12:46:20,340: cmd_vel:-0.25,-0.0769230797887
[rosout][INFO] 2020-09-14 12:46:20,832: cmd_vel:-0.25,-0.0769230797887
[rosout][INFO] 2020-09-14 12:46:21,334: cmd_vel:-0.25,-0.230769231915
[rosout][INFO] 2020-09-14 12:46:21,832: cmd_vel:-0.216745823622,-0.282051295042
[rosout][INFO] 2020-09-14 12:46:22,332: cmd_vel:-0.25,-0.333333343267
[rosout][INFO] 2020-09-14 12:46:22,834: cmd_vel:-0.0139250131324,1.0
[rosout][INFO] 2020-09-14 12:46:23,333: cmd_vel:-0.107689164579,-0.17948718369
[rosout][INFO] 2020-09-14 12:46:23,830: cmd_vel:0.0,0.948717951775
[rosout][INFO] 2020-09-14 12:46:24,327: cmd_vel:0.0263157896698,-1.0
[rosout][INFO] 2020-09-14 12:46:24,806: cmd_vel:0.0,0.0
[rosout][INFO] 2020-09-14 12:46:25,323: cmd_vel:0.065789476037,-1.0
[rosout][ERROR] 2020-09-14 12:46:25,767: error tail:25
[rosout][INFO] 2020-09-14 12:46:25,824: cmd_vel:-0.0131578948349,-0.0256410259753
[rosout][INFO] 2020-09-14 12:46:26,332: cmd_vel:-0.0131578948349,-1.0
[rosout][INFO] 2020-09-14 12:46:26,829: cmd_vel:0.065789476037,-1.0
[rosout][INFO] 2020-09-14 12:46:27,337: cmd_vel:0.0,-0.794871807098
[rosout][INFO] 2020-09-14 12:46:27,825: cmd_vel:0.184210523963,-1.0
[rosout][INFO] 2020-09-14 12:46:28,316: cmd_vel:-0.0131578948349,-0.0256410259753
[rosout][INFO] 2020-09-14 12:46:28,828: cmd_vel:0.5,-0.948717951775
[rosout][INFO] 2020-09-14 12:46:29,329: cmd_vel:0.5,-0.846153855324
[rosout][INFO] 2020-09-14 12:46:29,828: cmd_vel:0.5,-0.743589758873
[rosout][INFO] 2020-09-14 12:46:30,334: cmd_vel:0.5,-0.641025662422
[rosout][INFO] 2020-09-14 12:46:30,834: cmd_vel:0.460526317358,-0.641025662422
[rosout][INFO] 2020-09-14 12:46:31,338: cmd_vel:0.421052634716,-0.692307710648
[rosout][INFO] 2020-09-14 12:46:31,836: cmd_vel:0.381578952074,-0.692307710648
[rosout][INFO] 2020-09-14 12:46:32,335: cmd_vel:0.381578952074,-0.794871807098
[rosout][INFO] 2020-09-14 12:46:32,836: cmd_vel:0.381578952074,-0.897435903549
[rosout][INFO] 2020-09-14 12:46:33,335: cmd_vel:0.421052634716,-0.897435903549
[rosout][ERROR] 2020-09-14 12:46:33,398: error tail:60
[rosout][INFO] 2020-09-14 12:46:33,829: cmd_vel:0.381578952074,-1.0
[rosout][INFO] 2020-09-14 12:46:34,330: cmd_vel:0.30263158679,-1.0
[rosout][INFO] 2020-09-14 12:46:34,826: cmd_vel:-0.25,1.0
[rosout][INFO] 2020-09-14 12:46:35,337: cmd_vel:-0.25,1.0
[rosout][INFO] 2020-09-14 12:46:35,822: cmd_vel:-0.210526317358,1.0
[rosout][INFO] 2020-09-14 12:46:36,314: cmd_vel:0.0,-0.333333343267
[rosout][INFO] 2020-09-14 12:46:36,811: cmd_vel:-0.0131578948349,-0.0769230797887
[rosout][INFO] 2020-09-14 12:46:37,301: cmd_vel:0.0,0.0
[rosout][INFO] 2020-09-14 12:46:39,304: cmd_vel:0.0,0.0
[rosout][INFO] 2020-09-14 12:46:39,804: cmd_vel:0.0,0.0
[rosout][INFO] 2020-09-14 12:46:40,307: cmd_vel:0.0,0.0
[rosout][INFO] 2020-09-14 12:46:40,805: cmd_vel:0.0,0.0
[rosout][INFO] 2020-09-14 12:46:41,306: cmd_vel:0.0,0.0
[rosout][INFO] 2020-09-14 12:46:41,822: cmd_vel:0.263157904148,0.0
[rosout][INFO] 2020-09-14 12:46:42,309: cmd_vel:0.0,0.0
[rosout][INFO] 2020-09-14 12:46:42,807: cmd_vel:0.0,0.0
[rosout][INFO] 2020-09-14 12:46:43,302: cmd_vel:0.0,0.0
[rosout][INFO] 2020-09-14 12:46:43,807: cmd_vel:0.0,0.0
[rosout][INFO] 2020-09-14 12:46:44,304: cmd_vel:0.0,0.0
[rosout][INFO] 2020-09-14 12:46:44,805: cmd_vel:0.0,0.0
[rosout][INFO] 2020-09-14 12:46:45,308: cmd_vel:0.0,0.0
[rosout][INFO] 2020-09-14 12:46:45,805: cmd_vel:0.0,0.0
[rosout][INFO] 2020-09-14 12:46:46,305: cmd_vel:0.0,0.0
[rosout][INFO] 2020-09-14 12:46:46,807: cmd_vel:0.0,0.0
[rosout][INFO] 2020-09-14 12:46:47,304: cmd_vel:0.0,0.0
[rosout][INFO] 2020-09-14 12:46:47,810: cmd_vel:0.0,0.0
[rosout][INFO] 2020-09-14 12:46:48,303: cmd_vel:0.0,0.0
[rosout][INFO] 2020-09-14 12:46:48,804: cmd_vel:0.0,0.0
[rosout][INFO] 2020-09-14 12:46:49,306: cmd_vel:0.0,0.0
[rosout][INFO] 2020-09-14 12:46:49,810: cmd_vel:0.0,0.0
[rosout][INFO] 2020-09-14 12:46:50,307: cmd_vel:0.0,0.0
[rosout][INFO] 2020-09-14 12:46:50,803: cmd_vel:0.0,0.0
[rosout][INFO] 2020-09-14 12:46:51,305: cmd_vel:0.0,0.0
[rosout][INFO] 2020-09-14 12:46:51,804: cmd_vel:0.0,0.0
[rosout][INFO] 2020-09-14 12:46:52,294: cmd_vel:0.0,0.0
[rosout][INFO] 2020-09-14 12:46:52,307: cmd_vel:0.0,0.0
[rosout][INFO] 2020-09-14 12:46:52,794: cmd_vel:0.0,0.0
[rosout][INFO] 2020-09-14 12:46:52,811: cmd_vel:0.0,0.0
[rosout][INFO] 2020-09-14 12:46:53,293: cmd_vel:0.0,0.0
[rosout][INFO] 2020-09-14 12:46:53,301: cmd_vel:0.0,0.0
[rosout][INFO] 2020-09-14 12:46:53,800: cmd_vel:0.0,0.0
[rosout][INFO] 2020-09-14 12:46:53,810: cmd_vel:0.0,0.0
[rosout][INFO] 2020-09-14 12:46:54,294: cmd_vel:0.0,0.0
[rosout][INFO] 2020-09-14 12:46:54,304: cmd_vel:0.0,0.0
[rosout][INFO] 2020-09-14 12:46:54,794: cmd_vel:0.0,0.0
[rosout][INFO] 2020-09-14 12:46:54,808: cmd_vel:0.0,0.0
[rosout][INFO] 2020-09-14 12:46:55,294: cmd_vel:0.0,0.0
[rosout][INFO] 2020-09-14 12:46:55,305: cmd_vel:0.0,0.0
[rosout][ERROR] 2020-09-14 12:46:55,372: error tail:255
[rosout][INFO] 2020-09-14 12:46:55,794: cmd_vel:0.0,0.0
[rosout][INFO] 2020-09-14 12:46:55,806: cmd_vel:0.0,0.0
[rosout][ERROR] 2020-09-14 12:46:55,857: error tail:72
[rosout][INFO] 2020-09-14 12:46:56,295: cmd_vel:0.0,0.0
[rosout][INFO] 2020-09-14 12:46:56,309: cmd_vel:0.0,0.0
[rosout][INFO] 2020-09-14 12:46:56,795: cmd_vel:0.0,0.0
[rosout][INFO] 2020-09-14 12:46:56,808: cmd_vel:0.0,0.0
[rosout][INFO] 2020-09-14 12:46:57,294: cmd_vel:0.0,0.0
[rosout][INFO] 2020-09-14 12:46:57,308: cmd_vel:0.0,0.0
[rosout][INFO] 2020-09-14 12:46:58,306: cmd_vel:0.0,0.0
[rosout][INFO] 2020-09-14 12:46:59,306: cmd_vel:0.0,0.0
[rosout][INFO] 2020-09-14 12:46:59,794: cmd_vel:0.0,0.0
[rosout][INFO] 2020-09-14 12:48:21,252: cmd_vel:0.0,0.0
[rosout][INFO] 2020-09-14 12:48:21,799: cmd_vel:0.144736841321,-0.128205135465
[rosout][INFO] 2020-09-14 12:48:22,300: cmd_vel:0.144736841321,-0.128205135465
[rosout][INFO] 2020-09-14 12:48:22,793: cmd_vel:0.105263158679,-0.128205135465
[rosout][INFO] 2020-09-14 12:48:23,294: cmd_vel:0.105263158679,-0.128205135465
[rosout][INFO] 2020-09-14 12:48:23,791: cmd_vel:0.105263158679,-0.17948718369
[rosout][INFO] 2020-09-14 12:48:24,252: cmd_vel:0.0,-0.547334036683
[rosout][INFO] 2020-09-14 12:48:24,753: cmd_vel:0.0,-0.492483062667
[rosout][INFO] 2020-09-14 12:48:25,252: cmd_vel:0.0,-0.392343334858
[rosout][INFO] 2020-09-14 12:48:25,752: cmd_vel:0.0,-0.264516338673
[rosout][INFO] 2020-09-14 12:48:26,252: cmd_vel:0.0,-0.154288546169
[rosout][INFO] 2020-09-14 12:48:26,753: cmd_vel:0.0,0.0
[rosout][INFO] 2020-09-14 12:48:27,252: cmd_vel:0.0,0.0
[rosout][INFO] 2020-09-14 12:48:27,753: cmd_vel:0.0,-0.0
[rosout][INFO] 2020-09-14 12:48:28,252: cmd_vel:0.0,0.170979049676
[rosout][INFO] 2020-09-14 12:48:28,753: cmd_vel:0.0,0.19579356081
[rosout][INFO] 2020-09-14 12:48:29,252: cmd_vel:0.0,0.230910874436
[rosout][ERROR] 2020-09-14 12:48:29,316: error tail:255
[rosout][INFO] 2020-09-14 12:48:29,752: cmd_vel:0.0,0.230617715544
[rosout][INFO] 2020-09-14 12:48:30,252: cmd_vel:0.0,0.23018871328
[rosout][INFO] 2020-09-14 12:48:30,752: cmd_vel:0.0,0.229136040386
[rosout][INFO] 2020-09-14 12:48:31,252: cmd_vel:0.0,0.225209701017
[rosout][INFO] 2020-09-14 12:48:31,753: cmd_vel:0.0,0.204950891941
[rosout][INFO] 2020-09-14 12:48:32,252: cmd_vel:0.0,0.172315051683
[rosout][INFO] 2020-09-14 12:48:32,752: cmd_vel:0.0,0.114171887032
[rosout][INFO] 2020-09-14 12:48:33,252: cmd_vel:0.0,0.0
[rosout][INFO] 2020-09-14 12:48:33,753: cmd_vel:0.0,0.0
[rosout][INFO] 2020-09-14 12:48:36,687: cmd_vel:0.0,0.0
[rosout][INFO] 2020-09-14 12:48:37,229: cmd_vel:0.223684206605,-0.384615391493
[rosout][INFO] 2020-09-14 12:48:37,734: cmd_vel:0.223684206605,-0.435897439718
[rosout][INFO] 2020-09-14 12:48:38,226: cmd_vel:0.223684206605,-0.435897439718
[rosout][INFO] 2020-09-14 12:48:38,726: cmd_vel:0.184210523963,-0.435897439718
[rosout][INFO] 2020-09-14 12:48:39,222: cmd_vel:0.184210523963,-0.435897439718
[rosout][ERROR] 2020-09-14 12:48:39,283: error tail:245
[rosout][INFO] 2020-09-14 12:48:39,737: cmd_vel:0.144736841321,-0.435897439718
[rosout][INFO] 2020-09-14 12:48:40,226: cmd_vel:0.105263158679,-0.384615391493
[rosout][INFO] 2020-09-14 12:48:40,725: cmd_vel:0.105263158679,-0.230769231915
[rosout][INFO] 2020-09-14 12:48:41,218: cmd_vel:0.065789476037,-0.230769231915
[rosout][INFO] 2020-09-14 12:48:41,715: cmd_vel:0.0263157896698,-0.17948718369
[rosout][INFO] 2020-09-14 12:48:42,208: cmd_vel:-0.0131578948349,0.17948718369
[rosout][INFO] 2020-09-14 12:48:42,698: cmd_vel:-0.0921052619815,0.128205135465
[rosout][INFO] 2020-09-14 12:48:43,203: cmd_vel:0.0,0.0
[rosout][ERROR] 2020-09-14 12:48:43,267: error tail:255
[rosout][INFO] 2020-09-14 12:48:43,703: cmd_vel:0.0,0.0
[rosout][INFO] 2020-09-14 12:48:44,197: cmd_vel:0.0,0.0
[rosout][INFO] 2020-09-14 12:48:44,698: cmd_vel:0.0,0.0
[rosout][INFO] 2020-09-14 12:48:45,198: cmd_vel:0.0,0.0
[rosout][INFO] 2020-09-14 12:48:45,700: cmd_vel:0.0,0.0
[rosout][INFO] 2020-09-14 12:48:46,199: cmd_vel:0.0,0.0
[rosout][INFO] 2020-09-14 12:48:46,699: cmd_vel:0.0,0.0
[rosout][INFO] 2020-09-14 12:48:47,199: cmd_vel:0.0,0.0
[rosout][INFO] 2020-09-14 12:48:47,700: cmd_vel:0.0,0.0
[rosout][INFO] 2020-09-14 12:48:48,203: cmd_vel:0.0,0.0
[rosout][INFO] 2020-09-14 12:48:48,699: cmd_vel:0.0,0.0
[rosout][INFO] 2020-09-14 12:48:49,204: cmd_vel:0.0,0.0
[rosout][INFO] 2020-09-14 12:48:49,700: cmd_vel:0.0,0.0
[rosout][INFO] 2020-09-14 12:48:50,199: cmd_vel:0.0,0.0
[rosout][INFO] 2020-09-14 12:48:50,701: cmd_vel:0.0,0.0
[rosout][ERROR] 2020-09-14 12:48:50,762: error tail:3
[rosout][INFO] 2020-09-14 12:48:51,201: cmd_vel:0.0,0.0
[rosout][INFO] 2020-09-14 12:48:51,703: cmd_vel:0.0,0.0
[rosout][INFO] 2020-09-14 12:48:52,199: cmd_vel:0.0,0.0
[rosout][INFO] 2020-09-14 12:48:52,688: cmd_vel:0.0,0.0
[rosout][INFO] 2020-09-14 12:48:52,701: cmd_vel:0.0,0.0
[rosout][INFO] 2020-09-14 12:48:53,188: cmd_vel:0.0,0.0
[rosout][INFO] 2020-09-14 12:48:53,204: cmd_vel:0.0,0.0
[rosout][INFO] 2020-09-14 12:48:53,688: cmd_vel:0.0,0.0
[rosout][INFO] 2020-09-14 12:48:53,702: cmd_vel:0.0,0.0
[rosout][INFO] 2020-09-14 12:48:54,188: cmd_vel:0.0,0.0
[rosout][INFO] 2020-09-14 12:48:54,201: cmd_vel:0.0,0.0
[rosout][INFO] 2020-09-14 12:48:54,687: cmd_vel:0.0,0.0
[rosout][INFO] 2020-09-14 12:48:54,695: cmd_vel:0.0,0.0
[rosout][INFO] 2020-09-14 12:48:55,187: cmd_vel:0.0,0.0
[rosout][INFO] 2020-09-14 12:48:55,198: cmd_vel:0.0,0.0
[rosout][INFO] 2020-09-14 12:48:55,688: cmd_vel:0.0,0.0
[rosout][INFO] 2020-09-14 12:48:55,703: cmd_vel:0.0,0.0
[rosout][INFO] 2020-09-14 12:48:56,187: cmd_vel:0.0,0.0
[rosout][INFO] 2020-09-14 12:48:56,195: cmd_vel:0.0,0.0
[rosout][ERROR] 2020-09-14 12:48:56,247: error tail:250
[rosout][INFO] 2020-09-14 12:48:56,687: cmd_vel:0.0,0.0
[rosout][INFO] 2020-09-14 12:48:56,700: cmd_vel:0.0,0.0
[rosout][INFO] 2020-09-14 12:48:57,188: cmd_vel:0.0,0.0
[rosout][INFO] 2020-09-14 12:48:57,196: cmd_vel:0.0,0.0
[rosout][INFO] 2020-09-14 12:48:57,687: cmd_vel:0.0,0.0
[rosout][INFO] 2020-09-14 12:48:57,700: cmd_vel:0.0,0.0
[rosout][INFO] 2020-09-14 12:48:58,700: cmd_vel:0.0,0.0
[rosout][INFO] 2020-09-14 12:48:59,198: cmd_vel:0.0,0.0
[rosout][INFO] 2020-09-14 12:48:59,695: cmd_vel:0.0,0.0
[rosout][INFO] 2020-09-14 12:49:00,199: cmd_vel:0.0,0.0
[rosout][INFO] 2020-09-14 12:49:00,700: cmd_vel:0.0,0.0
[rosout][INFO] 2020-09-14 12:49:01,203: cmd_vel:0.0,0.0
[rosout][INFO] 2020-09-14 12:49:01,699: cmd_vel:0.0,0.0
[rosout][INFO] 2020-09-14 12:49:02,197: cmd_vel:0.0,0.0
[rosout][INFO] 2020-09-14 12:49:02,698: cmd_vel:0.0,0.0
[rosout][INFO] 2020-09-14 12:49:03,200: cmd_vel:0.0,0.0
[rosout][INFO] 2020-09-14 12:49:04,199: cmd_vel:0.0,0.0
[rosout][INFO] 2020-09-14 12:49:04,700: cmd_vel:0.0,0.0
[rosout][INFO] 2020-09-14 12:49:05,200: cmd_vel:0.0,0.0
[rosout][ERROR] 2020-09-14 12:49:05,267: error tail:235
[rosout][INFO] 2020-09-14 12:49:05,699: cmd_vel:0.0,0.0
[rosout][INFO] 2020-09-14 12:49:06,202: cmd_vel:0.0,0.0
[rosout][INFO] 2020-09-14 12:49:06,698: cmd_vel:0.0,0.0
[rosout][INFO] 2020-09-14 12:49:07,198: cmd_vel:0.0,0.0
[rosout][INFO] 2020-09-14 12:49:07,702: cmd_vel:0.0,0.0
[rosout][INFO] 2020-09-14 12:49:08,700: cmd_vel:0.0,0.0
[rosout][INFO] 2020-09-14 12:49:09,199: cmd_vel:0.0,0.0
[rosout][INFO] 2020-09-14 12:49:09,702: cmd_vel:0.0,0.0
[rosout][INFO] 2020-09-14 12:49:10,201: cmd_vel:0.0,0.0
[rosout][INFO] 2020-09-14 12:49:10,701: cmd_vel:0.0,0.0
[rosout][INFO] 2020-09-14 12:49:11,199: cmd_vel:0.0,0.0
[rosout][INFO] 2020-09-14 12:49:11,694: cmd_vel:0.0,0.0
[rosout][INFO] 2020-09-14 12:49:12,198: cmd_vel:0.0,0.0
[rosout][INFO] 2020-09-14 12:49:12,701: cmd_vel:0.0,0.0
[rosout][INFO] 2020-09-14 12:49:13,200: cmd_vel:0.0,0.0
[rosout][INFO] 2020-09-14 12:49:13,700: cmd_vel:0.0,0.0
[rosout][INFO] 2020-09-14 12:49:14,196: cmd_vel:0.0,0.0
[rosout][INFO] 2020-09-14 12:49:14,700: cmd_vel:0.0,0.0
[rosout][INFO] 2020-09-14 12:49:15,199: cmd_vel:0.0,0.0
[rosout][INFO] 2020-09-14 12:49:15,700: cmd_vel:0.0,0.0
[rosout][INFO] 2020-09-14 12:49:16,199: cmd_vel:0.0,0.0
[rosout][INFO] 2020-09-14 12:49:16,700: cmd_vel:0.0,0.0
[rosout][INFO] 2020-09-14 12:49:17,200: cmd_vel:0.0,0.0
[rosout][INFO] 2020-09-14 12:49:17,701: cmd_vel:0.0,0.0
[rosout][ERROR] 2020-09-14 12:49:17,707: error tail:156
[rosout][INFO] 2020-09-14 12:49:18,189: cmd_vel:0.0,0.0
[rosout][INFO] 2020-09-14 12:49:18,201: cmd_vel:0.0,0.0
[rosout][INFO] 2020-09-14 12:49:18,691: cmd_vel:0.0,0.0
[rosout][INFO] 2020-09-14 12:49:18,698: cmd_vel:0.0,0.0
[rosout][INFO] 2020-09-14 12:49:19,188: cmd_vel:0.0,0.0
[rosout][INFO] 2020-09-14 12:49:19,201: cmd_vel:0.0,0.0
[rosout][INFO] 2020-09-14 12:49:19,694: cmd_vel:0.0,0.0
[rosout][INFO] 2020-09-14 12:49:19,704: cmd_vel:0.0,0.0
[rosout][INFO] 2020-09-14 12:49:20,188: cmd_vel:0.0,0.0
[rosout][INFO] 2020-09-14 12:49:20,197: cmd_vel:0.0,0.0
[rosout][ERROR] 2020-09-14 12:49:20,252: error tail:132
[rosout][INFO] 2020-09-14 12:49:20,691: cmd_vel:0.0,0.0
[rosout][INFO] 2020-09-14 12:49:20,702: cmd_vel:0.0,0.0
[rosout][INFO] 2020-09-14 12:49:21,188: cmd_vel:0.0,0.0
[rosout][INFO] 2020-09-14 12:49:21,200: cmd_vel:0.0,0.0
[rosout][INFO] 2020-09-14 12:49:21,687: cmd_vel:0.0,0.0
[rosout][INFO] 2020-09-14 12:49:21,701: cmd_vel:0.0,0.0
[rosout][INFO] 2020-09-14 12:49:22,188: cmd_vel:0.0,0.0
[rosout][INFO] 2020-09-14 12:49:22,200: cmd_vel:0.0,0.0
[rosout][INFO] 2020-09-14 12:49:22,687: cmd_vel:0.0,0.0
[rosout][INFO] 2020-09-14 12:49:22,698: cmd_vel:0.0,0.0
[rosout][ERROR] 2020-09-14 12:49:22,750: error tail:0
[rosout][INFO] 2020-09-14 12:49:23,191: cmd_vel:0.0,0.0
[rosout][INFO] 2020-09-14 12:49:23,200: cmd_vel:0.0,0.0
[rosout][INFO] 2020-09-14 12:49:24,202: cmd_vel:0.0,0.0
[rosout][INFO] 2020-09-14 12:49:25,198: cmd_vel:0.0,0.0
[rosout][INFO] 2020-09-14 12:49:25,689: cmd_vel:0.0,0.0
[rospy.internal][INFO] 2020-09-14 12:49:31,928: topic[/zxcar/get_vel] removing connection to /heima_base_node
[rospy.core][INFO] 2020-09-14 12:49:32,021: signal_shutdown [signal-2]
[rospy.internal][INFO] 2020-09-14 12:49:32,078: topic[/rosout] removing connection to /rosout
[rospy.internal][INFO] 2020-09-14 12:49:32,085: topic[/zxcar/imu] removing connection to /apply_calib
[rospy.internal][INFO] 2020-09-14 12:49:32,086: topic[/zxcar/magnetic] removing connection to /apply_calib
[rospy.internal][INFO] 2020-09-14 12:49:32,087: topic[/cmd_vel] removing connection to http://192.168.43.172:34065/
[rospy.internal][WARNING] 2020-09-14 12:49:32,088: Unknown error initiating TCP/IP socket to 192.168.43.172:44247 (http://192.168.43.172:34065/): Traceback (most recent call last):
  File "/opt/ros/melodic/lib/python2.7/dist-packages/rospy/impl/tcpros_base.py", line 562, in connect
    self.read_header()
  File "/opt/ros/melodic/lib/python2.7/dist-packages/rospy/impl/tcpros_base.py", line 657, in read_header
    self._validate_header(read_ros_handshake_header(sock, self.read_buff, self.protocol.buff_size))
  File "/opt/ros/melodic/lib/python2.7/dist-packages/rosgraph/network.py", line 359, in read_ros_handshake_header
    raise ROSHandshakeException("connection from sender terminated before handshake header received. %s bytes were received. Please check sender for additional details."%b.tell())
ROSHandshakeException: connection from sender terminated before handshake header received. 0 bytes were received. Please check sender for additional details.

[rospy.impl.masterslave][INFO] 2020-09-14 12:49:32,090: signal-2
